[0.176s] DEBUG:colcon:Command line arguments: ['/usr/bin/colcon', 'build']
[0.176s] DEBUG:colcon:Parsed command line arguments: Namespace(log_base=None, log_level=None, verb_name='build', build_base='build', install_base='install', merge_install=False, symlink_install=False, test_result_base=None, continue_on_error=False, executor='parallel', parallel_workers=2, event_handlers=None, ignore_user_meta=False, metas=['./colcon.meta'], base_paths=['.'], packages_ignore=None, packages_ignore_regex=None, paths=None, packages_up_to=None, packages_up_to_regex=None, packages_above=None, packages_above_and_dependencies=None, packages_above_depth=None, packages_select_by_dep=None, packages_skip_by_dep=None, packages_skip_up_to=None, packages_select_build_failed=False, packages_skip_build_finished=False, packages_select_test_failures=False, packages_skip_test_passed=False, packages_select=None, packages_skip=None, packages_select_regex=None, packages_skip_regex=None, packages_start=None, packages_end=None, allow_overriding=[], cmake_args=None, cmake_target=None, cmake_target_skip_unavailable=False, cmake_clean_cache=False, cmake_clean_first=False, cmake_force_configure=False, ament_cmake_args=None, catkin_cmake_args=None, catkin_skip_building_tests=False, mixin_files=None, mixin=None, verb_parser=<colcon_mixin.mixin.mixin_argument.MixinArgumentDecorator object at 0x734a674033d0>, verb_extension=<colcon_core.verb.build.BuildVerb object at 0x734a67402f20>, main=<bound method BuildVerb.main of <colcon_core.verb.build.BuildVerb object at 0x734a67402f20>>, mixin_verb=('build',))
[0.346s] Level 1:colcon.colcon_core.package_discovery:discover_packages(colcon_meta) check parameters
[0.346s] Level 1:colcon.colcon_core.package_discovery:discover_packages(recursive) check parameters
[0.347s] Level 1:colcon.colcon_core.package_discovery:discover_packages(ignore) check parameters
[0.347s] Level 1:colcon.colcon_core.package_discovery:discover_packages(path) check parameters
[0.347s] Level 1:colcon.colcon_core.package_discovery:discover_packages(colcon_meta) discover
[0.347s] Level 1:colcon.colcon_core.package_discovery:discover_packages(recursive) discover
[0.347s] INFO:colcon.colcon_core.package_discovery:Crawling recursively for packages in '/home/chiv/ros2_ws'
[0.347s] Level 1:colcon.colcon_core.package_identification:_identify(.) by extensions ['ignore', 'ignore_ament_install']
[0.347s] Level 1:colcon.colcon_core.package_identification:_identify(.) by extension 'ignore'
[0.347s] Level 1:colcon.colcon_core.package_identification:_identify(.) by extension 'ignore_ament_install'
[0.347s] Level 1:colcon.colcon_core.package_identification:_identify(.) by extensions ['colcon_pkg']
[0.347s] Level 1:colcon.colcon_core.package_identification:_identify(.) by extension 'colcon_pkg'
[0.347s] Level 1:colcon.colcon_core.package_identification:_identify(.) by extensions ['colcon_meta']
[0.347s] Level 1:colcon.colcon_core.package_identification:_identify(.) by extension 'colcon_meta'
[0.347s] Level 1:colcon.colcon_core.package_identification:_identify(.) by extensions ['ros']
[0.347s] Level 1:colcon.colcon_core.package_identification:_identify(.) by extension 'ros'
[0.357s] Level 1:colcon.colcon_core.package_identification:_identify(.) by extensions ['cmake', 'python']
[0.357s] Level 1:colcon.colcon_core.package_identification:_identify(.) by extension 'cmake'
[0.357s] Level 1:colcon.colcon_core.package_identification:_identify(.) by extension 'python'
[0.358s] Level 1:colcon.colcon_core.package_identification:_identify(.) by extensions ['python_setup_py']
[0.358s] Level 1:colcon.colcon_core.package_identification:_identify(.) by extension 'python_setup_py'
[0.358s] Level 1:colcon.colcon_core.package_identification:_identify(build) by extensions ['ignore', 'ignore_ament_install']
[0.358s] Level 1:colcon.colcon_core.package_identification:_identify(build) by extension 'ignore'
[0.358s] Level 1:colcon.colcon_core.package_identification:_identify(build) ignored
[0.359s] Level 1:colcon.colcon_core.package_identification:_identify(install) by extensions ['ignore', 'ignore_ament_install']
[0.359s] Level 1:colcon.colcon_core.package_identification:_identify(install) by extension 'ignore'
[0.359s] Level 1:colcon.colcon_core.package_identification:_identify(install) ignored
[0.359s] Level 1:colcon.colcon_core.package_identification:_identify(log) by extensions ['ignore', 'ignore_ament_install']
[0.359s] Level 1:colcon.colcon_core.package_identification:_identify(log) by extension 'ignore'
[0.359s] Level 1:colcon.colcon_core.package_identification:_identify(log) ignored
[0.359s] Level 1:colcon.colcon_core.package_identification:_identify(src) by extensions ['ignore', 'ignore_ament_install']
[0.359s] Level 1:colcon.colcon_core.package_identification:_identify(src) by extension 'ignore'
[0.359s] Level 1:colcon.colcon_core.package_identification:_identify(src) by extension 'ignore_ament_install'
[0.359s] Level 1:colcon.colcon_core.package_identification:_identify(src) by extensions ['colcon_pkg']
[0.359s] Level 1:colcon.colcon_core.package_identification:_identify(src) by extension 'colcon_pkg'
[0.360s] Level 1:colcon.colcon_core.package_identification:_identify(src) by extensions ['colcon_meta']
[0.360s] Level 1:colcon.colcon_core.package_identification:_identify(src) by extension 'colcon_meta'
[0.360s] Level 1:colcon.colcon_core.package_identification:_identify(src) by extensions ['ros']
[0.360s] Level 1:colcon.colcon_core.package_identification:_identify(src) by extension 'ros'
[0.360s] Level 1:colcon.colcon_core.package_identification:_identify(src) by extensions ['cmake', 'python']
[0.360s] Level 1:colcon.colcon_core.package_identification:_identify(src) by extension 'cmake'
[0.360s] Level 1:colcon.colcon_core.package_identification:_identify(src) by extension 'python'
[0.360s] Level 1:colcon.colcon_core.package_identification:_identify(src) by extensions ['python_setup_py']
[0.360s] Level 1:colcon.colcon_core.package_identification:_identify(src) by extension 'python_setup_py'
[0.360s] Level 1:colcon.colcon_core.package_identification:_identify(src/flappy_robot) by extensions ['ignore', 'ignore_ament_install']
[0.360s] Level 1:colcon.colcon_core.package_identification:_identify(src/flappy_robot) by extension 'ignore'
[0.360s] Level 1:colcon.colcon_core.package_identification:_identify(src/flappy_robot) by extension 'ignore_ament_install'
[0.360s] Level 1:colcon.colcon_core.package_identification:_identify(src/flappy_robot) by extensions ['colcon_pkg']
[0.360s] Level 1:colcon.colcon_core.package_identification:_identify(src/flappy_robot) by extension 'colcon_pkg'
[0.360s] Level 1:colcon.colcon_core.package_identification:_identify(src/flappy_robot) by extensions ['colcon_meta']
[0.360s] Level 1:colcon.colcon_core.package_identification:_identify(src/flappy_robot) by extension 'colcon_meta'
[0.360s] Level 1:colcon.colcon_core.package_identification:_identify(src/flappy_robot) by extensions ['ros']
[0.360s] Level 1:colcon.colcon_core.package_identification:_identify(src/flappy_robot) by extension 'ros'
[0.363s] DEBUG:colcon.colcon_core.package_identification:Package 'src/flappy_robot' with type 'ros.ament_python' and name 'flappy_robot'
[0.363s] Level 1:colcon.colcon_core.package_identification:_identify(src/flappy_robot_msgs) by extensions ['ignore', 'ignore_ament_install']
[0.363s] Level 1:colcon.colcon_core.package_identification:_identify(src/flappy_robot_msgs) by extension 'ignore'
[0.363s] Level 1:colcon.colcon_core.package_identification:_identify(src/flappy_robot_msgs) by extension 'ignore_ament_install'
[0.363s] Level 1:colcon.colcon_core.package_identification:_identify(src/flappy_robot_msgs) by extensions ['colcon_pkg']
[0.364s] Level 1:colcon.colcon_core.package_identification:_identify(src/flappy_robot_msgs) by extension 'colcon_pkg'
[0.364s] Level 1:colcon.colcon_core.package_identification:_identify(src/flappy_robot_msgs) by extensions ['colcon_meta']
[0.364s] Level 1:colcon.colcon_core.package_identification:_identify(src/flappy_robot_msgs) by extension 'colcon_meta'
[0.364s] Level 1:colcon.colcon_core.package_identification:_identify(src/flappy_robot_msgs) by extensions ['ros']
[0.364s] Level 1:colcon.colcon_core.package_identification:_identify(src/flappy_robot_msgs) by extension 'ros'
[0.364s] DEBUG:colcon.colcon_core.package_identification:Package 'src/flappy_robot_msgs' with type 'ros.ament_cmake' and name 'flappy_robot_msgs'
[0.364s] Level 1:colcon.colcon_core.package_identification:_identify(src/two_wheeled_robot) by extensions ['ignore', 'ignore_ament_install']
[0.365s] Level 1:colcon.colcon_core.package_identification:_identify(src/two_wheeled_robot) by extension 'ignore'
[0.365s] Level 1:colcon.colcon_core.package_identification:_identify(src/two_wheeled_robot) by extension 'ignore_ament_install'
[0.365s] Level 1:colcon.colcon_core.package_identification:_identify(src/two_wheeled_robot) by extensions ['colcon_pkg']
[0.365s] Level 1:colcon.colcon_core.package_identification:_identify(src/two_wheeled_robot) by extension 'colcon_pkg'
[0.365s] Level 1:colcon.colcon_core.package_identification:_identify(src/two_wheeled_robot) by extensions ['colcon_meta']
[0.365s] Level 1:colcon.colcon_core.package_identification:_identify(src/two_wheeled_robot) by extension 'colcon_meta'
[0.365s] Level 1:colcon.colcon_core.package_identification:_identify(src/two_wheeled_robot) by extensions ['ros']
[0.365s] Level 1:colcon.colcon_core.package_identification:_identify(src/two_wheeled_robot) by extension 'ros'
[0.365s] DEBUG:colcon.colcon_core.package_identification:Package 'src/two_wheeled_robot' with type 'ros.ament_cmake' and name 'two_wheeled_robot'
[0.366s] Level 1:colcon.colcon_core.package_discovery:discover_packages(recursive) using defaults
[0.366s] Level 1:colcon.colcon_core.package_discovery:discover_packages(ignore) discover
[0.366s] Level 1:colcon.colcon_core.package_discovery:discover_packages(ignore) using defaults
[0.366s] Level 1:colcon.colcon_core.package_discovery:discover_packages(path) discover
[0.366s] Level 1:colcon.colcon_core.package_discovery:discover_packages(path) using defaults
[0.392s] Level 1:colcon.colcon_core.package_discovery:discover_packages(prefix_path) check parameters
[0.392s] Level 1:colcon.colcon_core.package_discovery:discover_packages(prefix_path) discover
[0.398s] DEBUG:colcon.colcon_installed_package_information.package_discovery:Found 3 installed packages in /home/chiv/ros2_ws/install
[0.402s] DEBUG:colcon.colcon_installed_package_information.package_discovery:Found 12 installed packages in /home/chiv/turtlebot3_ws/install
[0.403s] DEBUG:colcon.colcon_installed_package_information.package_discovery:Found 285 installed packages in /opt/ros/humble
[0.404s] Level 1:colcon.colcon_core.package_discovery:discover_packages(prefix_path) using defaults
[0.459s] Level 5:colcon.colcon_core.verb:set package 'flappy_robot_msgs' build argument 'cmake_args' from command line to 'None'
[0.459s] Level 5:colcon.colcon_core.verb:set package 'flappy_robot_msgs' build argument 'cmake_target' from command line to 'None'
[0.459s] Level 5:colcon.colcon_core.verb:set package 'flappy_robot_msgs' build argument 'cmake_target_skip_unavailable' from command line to 'False'
[0.459s] Level 5:colcon.colcon_core.verb:set package 'flappy_robot_msgs' build argument 'cmake_clean_cache' from command line to 'False'
[0.459s] Level 5:colcon.colcon_core.verb:set package 'flappy_robot_msgs' build argument 'cmake_clean_first' from command line to 'False'
[0.459s] Level 5:colcon.colcon_core.verb:set package 'flappy_robot_msgs' build argument 'cmake_force_configure' from command line to 'False'
[0.459s] Level 5:colcon.colcon_core.verb:set package 'flappy_robot_msgs' build argument 'ament_cmake_args' from command line to 'None'
[0.459s] Level 5:colcon.colcon_core.verb:set package 'flappy_robot_msgs' build argument 'catkin_cmake_args' from command line to 'None'
[0.459s] Level 5:colcon.colcon_core.verb:set package 'flappy_robot_msgs' build argument 'catkin_skip_building_tests' from command line to 'False'
[0.459s] DEBUG:colcon.colcon_core.verb:Building package 'flappy_robot_msgs' with the following arguments: {'ament_cmake_args': None, 'build_base': '/home/chiv/ros2_ws/build/flappy_robot_msgs', 'catkin_cmake_args': None, 'catkin_skip_building_tests': False, 'cmake_args': None, 'cmake_clean_cache': False, 'cmake_clean_first': False, 'cmake_force_configure': False, 'cmake_target': None, 'cmake_target_skip_unavailable': False, 'install_base': '/home/chiv/ros2_ws/install/flappy_robot_msgs', 'merge_install': False, 'path': '/home/chiv/ros2_ws/src/flappy_robot_msgs', 'symlink_install': False, 'test_result_base': None}
[0.459s] Level 5:colcon.colcon_core.verb:set package 'two_wheeled_robot' build argument 'cmake_args' from command line to 'None'
[0.459s] Level 5:colcon.colcon_core.verb:set package 'two_wheeled_robot' build argument 'cmake_target' from command line to 'None'
[0.459s] Level 5:colcon.colcon_core.verb:set package 'two_wheeled_robot' build argument 'cmake_target_skip_unavailable' from command line to 'False'
[0.459s] Level 5:colcon.colcon_core.verb:set package 'two_wheeled_robot' build argument 'cmake_clean_cache' from command line to 'False'
[0.459s] Level 5:colcon.colcon_core.verb:set package 'two_wheeled_robot' build argument 'cmake_clean_first' from command line to 'False'
[0.459s] Level 5:colcon.colcon_core.verb:set package 'two_wheeled_robot' build argument 'cmake_force_configure' from command line to 'False'
[0.459s] Level 5:colcon.colcon_core.verb:set package 'two_wheeled_robot' build argument 'ament_cmake_args' from command line to 'None'
[0.460s] Level 5:colcon.colcon_core.verb:set package 'two_wheeled_robot' build argument 'catkin_cmake_args' from command line to 'None'
[0.460s] Level 5:colcon.colcon_core.verb:set package 'two_wheeled_robot' build argument 'catkin_skip_building_tests' from command line to 'False'
[0.460s] DEBUG:colcon.colcon_core.verb:Building package 'two_wheeled_robot' with the following arguments: {'ament_cmake_args': None, 'build_base': '/home/chiv/ros2_ws/build/two_wheeled_robot', 'catkin_cmake_args': None, 'catkin_skip_building_tests': False, 'cmake_args': None, 'cmake_clean_cache': False, 'cmake_clean_first': False, 'cmake_force_configure': False, 'cmake_target': None, 'cmake_target_skip_unavailable': False, 'install_base': '/home/chiv/ros2_ws/install/two_wheeled_robot', 'merge_install': False, 'path': '/home/chiv/ros2_ws/src/two_wheeled_robot', 'symlink_install': False, 'test_result_base': None}
[0.460s] Level 5:colcon.colcon_core.verb:set package 'flappy_robot' build argument 'cmake_args' from command line to 'None'
[0.460s] Level 5:colcon.colcon_core.verb:set package 'flappy_robot' build argument 'cmake_target' from command line to 'None'
[0.460s] Level 5:colcon.colcon_core.verb:set package 'flappy_robot' build argument 'cmake_target_skip_unavailable' from command line to 'False'
[0.460s] Level 5:colcon.colcon_core.verb:set package 'flappy_robot' build argument 'cmake_clean_cache' from command line to 'False'
[0.460s] Level 5:colcon.colcon_core.verb:set package 'flappy_robot' build argument 'cmake_clean_first' from command line to 'False'
[0.460s] Level 5:colcon.colcon_core.verb:set package 'flappy_robot' build argument 'cmake_force_configure' from command line to 'False'
[0.460s] Level 5:colcon.colcon_core.verb:set package 'flappy_robot' build argument 'ament_cmake_args' from command line to 'None'
[0.460s] Level 5:colcon.colcon_core.verb:set package 'flappy_robot' build argument 'catkin_cmake_args' from command line to 'None'
[0.460s] Level 5:colcon.colcon_core.verb:set package 'flappy_robot' build argument 'catkin_skip_building_tests' from command line to 'False'
[0.460s] DEBUG:colcon.colcon_core.verb:Building package 'flappy_robot' with the following arguments: {'ament_cmake_args': None, 'build_base': '/home/chiv/ros2_ws/build/flappy_robot', 'catkin_cmake_args': None, 'catkin_skip_building_tests': False, 'cmake_args': None, 'cmake_clean_cache': False, 'cmake_clean_first': False, 'cmake_force_configure': False, 'cmake_target': None, 'cmake_target_skip_unavailable': False, 'install_base': '/home/chiv/ros2_ws/install/flappy_robot', 'merge_install': False, 'path': '/home/chiv/ros2_ws/src/flappy_robot', 'symlink_install': False, 'test_result_base': None}
[0.460s] INFO:colcon.colcon_core.executor:Executing jobs using 'parallel' executor
[0.461s] DEBUG:colcon.colcon_parallel_executor.executor.parallel:run_until_complete
[0.461s] INFO:colcon.colcon_ros.task.ament_cmake.build:Building ROS package in '/home/chiv/ros2_ws/src/flappy_robot_msgs' with build type 'ament_cmake'
[0.461s] INFO:colcon.colcon_cmake.task.cmake.build:Building CMake package in '/home/chiv/ros2_ws/src/flappy_robot_msgs'
[0.465s] INFO:colcon.colcon_core.plugin_system:Skipping extension 'colcon_core.shell.bat': Not used on non-Windows systems
[0.465s] INFO:colcon.colcon_core.shell:Skip shell extension 'powershell' for command environment: Not usable outside of PowerShell
[0.465s] DEBUG:colcon.colcon_core.shell:Skip shell extension 'dsv' for command environment
[0.467s] INFO:colcon.colcon_ros.task.ament_cmake.build:Building ROS package in '/home/chiv/ros2_ws/src/two_wheeled_robot' with build type 'ament_cmake'
[0.467s] INFO:colcon.colcon_cmake.task.cmake.build:Building CMake package in '/home/chiv/ros2_ws/src/two_wheeled_robot'
[0.468s] INFO:colcon.colcon_core.shell:Skip shell extension 'powershell' for command environment: Not usable outside of PowerShell
[0.468s] DEBUG:colcon.colcon_core.shell:Skip shell extension 'dsv' for command environment
[0.478s] DEBUG:colcon.colcon_core.event_handler.log_command:Invoking command in '/home/chiv/ros2_ws/build/flappy_robot_msgs': CMAKE_PREFIX_PATH=${CMAKE_PREFIX_PATH}:/home/chiv/ros2_ws/install/flappy_robot:/home/chiv/turtlebot3_ws/install/turtlebot3_teleop:/home/chiv/turtlebot3_ws/install/turtlebot3_example:/opt/ros/humble /usr/bin/cmake --build /home/chiv/ros2_ws/build/flappy_robot_msgs -- -j2 -l2
[0.482s] DEBUG:colcon.colcon_core.event_handler.log_command:Invoking command in '/home/chiv/ros2_ws/build/two_wheeled_robot': CMAKE_PREFIX_PATH=${CMAKE_PREFIX_PATH}:/home/chiv/ros2_ws/install/flappy_robot:/home/chiv/turtlebot3_ws/install/turtlebot3_teleop:/home/chiv/turtlebot3_ws/install/turtlebot3_example:/opt/ros/humble /usr/bin/cmake --build /home/chiv/ros2_ws/build/two_wheeled_robot -- -j2 -l2
[0.534s] DEBUG:colcon.colcon_core.event_handler.log_command:Invoked command in '/home/chiv/ros2_ws/build/two_wheeled_robot' returned '0': CMAKE_PREFIX_PATH=${CMAKE_PREFIX_PATH}:/home/chiv/ros2_ws/install/flappy_robot:/home/chiv/turtlebot3_ws/install/turtlebot3_teleop:/home/chiv/turtlebot3_ws/install/turtlebot3_example:/opt/ros/humble /usr/bin/cmake --build /home/chiv/ros2_ws/build/two_wheeled_robot -- -j2 -l2
[0.554s] DEBUG:colcon.colcon_core.event_handler.log_command:Invoking command in '/home/chiv/ros2_ws/build/two_wheeled_robot': CMAKE_PREFIX_PATH=${CMAKE_PREFIX_PATH}:/home/chiv/ros2_ws/install/flappy_robot:/home/chiv/turtlebot3_ws/install/turtlebot3_teleop:/home/chiv/turtlebot3_ws/install/turtlebot3_example:/opt/ros/humble /usr/bin/cmake --install /home/chiv/ros2_ws/build/two_wheeled_robot
[0.570s] Level 1:colcon.colcon_core.environment:create_environment_scripts_only(two_wheeled_robot)
[0.575s] DEBUG:colcon.colcon_core.event_handler.log_command:Invoked command in '/home/chiv/ros2_ws/build/two_wheeled_robot' returned '0': CMAKE_PREFIX_PATH=${CMAKE_PREFIX_PATH}:/home/chiv/ros2_ws/install/flappy_robot:/home/chiv/turtlebot3_ws/install/turtlebot3_teleop:/home/chiv/turtlebot3_ws/install/turtlebot3_example:/opt/ros/humble /usr/bin/cmake --install /home/chiv/ros2_ws/build/two_wheeled_robot
[0.577s] Level 1:colcon.colcon_core.environment:checking '/home/chiv/ros2_ws/install/two_wheeled_robot' for CMake module files
[0.578s] Level 1:colcon.colcon_core.environment:checking '/home/chiv/ros2_ws/install/two_wheeled_robot' for CMake config files
[0.580s] Level 1:colcon.colcon_core.shell:create_environment_hook('two_wheeled_robot', 'cmake_prefix_path')
[0.580s] INFO:colcon.colcon_core.shell:Creating environment hook '/home/chiv/ros2_ws/install/two_wheeled_robot/share/two_wheeled_robot/hook/cmake_prefix_path.ps1'
[0.581s] INFO:colcon.colcon_core.shell:Creating environment descriptor '/home/chiv/ros2_ws/install/two_wheeled_robot/share/two_wheeled_robot/hook/cmake_prefix_path.dsv'
[0.581s] INFO:colcon.colcon_core.shell:Creating environment hook '/home/chiv/ros2_ws/install/two_wheeled_robot/share/two_wheeled_robot/hook/cmake_prefix_path.sh'
[0.582s] Level 1:colcon.colcon_core.environment:checking '/home/chiv/ros2_ws/install/two_wheeled_robot/bin'
[0.582s] Level 1:colcon.colcon_core.environment:checking '/home/chiv/ros2_ws/install/two_wheeled_robot/lib/pkgconfig/two_wheeled_robot.pc'
[0.582s] Level 1:colcon.colcon_core.environment:checking '/home/chiv/ros2_ws/install/two_wheeled_robot/lib/python3.10/site-packages'
[0.583s] Level 1:colcon.colcon_core.environment:checking '/home/chiv/ros2_ws/install/two_wheeled_robot/bin'
[0.583s] INFO:colcon.colcon_core.shell:Creating package script '/home/chiv/ros2_ws/install/two_wheeled_robot/share/two_wheeled_robot/package.ps1'
[0.584s] INFO:colcon.colcon_core.shell:Creating package descriptor '/home/chiv/ros2_ws/install/two_wheeled_robot/share/two_wheeled_robot/package.dsv'
[0.584s] INFO:colcon.colcon_core.shell:Creating package script '/home/chiv/ros2_ws/install/two_wheeled_robot/share/two_wheeled_robot/package.sh'
[0.585s] INFO:colcon.colcon_core.shell:Creating package script '/home/chiv/ros2_ws/install/two_wheeled_robot/share/two_wheeled_robot/package.bash'
[0.586s] INFO:colcon.colcon_core.shell:Creating package script '/home/chiv/ros2_ws/install/two_wheeled_robot/share/two_wheeled_robot/package.zsh'
[0.587s] Level 1:colcon.colcon_core.environment:create_file_with_runtime_dependencies(/home/chiv/ros2_ws/install/two_wheeled_robot/share/colcon-core/packages/two_wheeled_robot)
[0.587s] Level 1:colcon.colcon_core.environment:create_environment_scripts_only(two_wheeled_robot)
[0.587s] Level 1:colcon.colcon_core.environment:checking '/home/chiv/ros2_ws/install/two_wheeled_robot' for CMake module files
[0.587s] Level 1:colcon.colcon_core.environment:checking '/home/chiv/ros2_ws/install/two_wheeled_robot' for CMake config files
[0.588s] Level 1:colcon.colcon_core.shell:create_environment_hook('two_wheeled_robot', 'cmake_prefix_path')
[0.588s] INFO:colcon.colcon_core.shell:Creating environment hook '/home/chiv/ros2_ws/install/two_wheeled_robot/share/two_wheeled_robot/hook/cmake_prefix_path.ps1'
[0.588s] INFO:colcon.colcon_core.shell:Creating environment descriptor '/home/chiv/ros2_ws/install/two_wheeled_robot/share/two_wheeled_robot/hook/cmake_prefix_path.dsv'
[0.589s] INFO:colcon.colcon_core.shell:Creating environment hook '/home/chiv/ros2_ws/install/two_wheeled_robot/share/two_wheeled_robot/hook/cmake_prefix_path.sh'
[0.589s] Level 1:colcon.colcon_core.environment:checking '/home/chiv/ros2_ws/install/two_wheeled_robot/bin'
[0.589s] Level 1:colcon.colcon_core.environment:checking '/home/chiv/ros2_ws/install/two_wheeled_robot/lib/pkgconfig/two_wheeled_robot.pc'
[0.589s] Level 1:colcon.colcon_core.environment:checking '/home/chiv/ros2_ws/install/two_wheeled_robot/lib/python3.10/site-packages'
[0.590s] Level 1:colcon.colcon_core.environment:checking '/home/chiv/ros2_ws/install/two_wheeled_robot/bin'
[0.590s] INFO:colcon.colcon_core.shell:Creating package script '/home/chiv/ros2_ws/install/two_wheeled_robot/share/two_wheeled_robot/package.ps1'
[0.591s] INFO:colcon.colcon_core.shell:Creating package descriptor '/home/chiv/ros2_ws/install/two_wheeled_robot/share/two_wheeled_robot/package.dsv'
[0.591s] INFO:colcon.colcon_core.shell:Creating package script '/home/chiv/ros2_ws/install/two_wheeled_robot/share/two_wheeled_robot/package.sh'
[0.592s] INFO:colcon.colcon_core.shell:Creating package script '/home/chiv/ros2_ws/install/two_wheeled_robot/share/two_wheeled_robot/package.bash'
[0.593s] INFO:colcon.colcon_core.shell:Creating package script '/home/chiv/ros2_ws/install/two_wheeled_robot/share/two_wheeled_robot/package.zsh'
[0.593s] Level 1:colcon.colcon_core.environment:create_file_with_runtime_dependencies(/home/chiv/ros2_ws/install/two_wheeled_robot/share/colcon-core/packages/two_wheeled_robot)
[0.880s] DEBUG:colcon.colcon_core.event_handler.log_command:Invoked command in '/home/chiv/ros2_ws/build/flappy_robot_msgs' returned '0': CMAKE_PREFIX_PATH=${CMAKE_PREFIX_PATH}:/home/chiv/ros2_ws/install/flappy_robot:/home/chiv/turtlebot3_ws/install/turtlebot3_teleop:/home/chiv/turtlebot3_ws/install/turtlebot3_example:/opt/ros/humble /usr/bin/cmake --build /home/chiv/ros2_ws/build/flappy_robot_msgs -- -j2 -l2
[0.882s] DEBUG:colcon.colcon_core.event_handler.log_command:Invoking command in '/home/chiv/ros2_ws/build/flappy_robot_msgs': CMAKE_PREFIX_PATH=${CMAKE_PREFIX_PATH}:/home/chiv/ros2_ws/install/flappy_robot:/home/chiv/turtlebot3_ws/install/turtlebot3_teleop:/home/chiv/turtlebot3_ws/install/turtlebot3_example:/opt/ros/humble /usr/bin/cmake --install /home/chiv/ros2_ws/build/flappy_robot_msgs
[0.938s] Level 1:colcon.colcon_core.environment:create_environment_scripts_only(flappy_robot_msgs)
[0.938s] Level 1:colcon.colcon_core.environment:checking '/home/chiv/ros2_ws/install/flappy_robot_msgs' for CMake module files
[0.938s] DEBUG:colcon.colcon_core.event_handler.log_command:Invoked command in '/home/chiv/ros2_ws/build/flappy_robot_msgs' returned '0': CMAKE_PREFIX_PATH=${CMAKE_PREFIX_PATH}:/home/chiv/ros2_ws/install/flappy_robot:/home/chiv/turtlebot3_ws/install/turtlebot3_teleop:/home/chiv/turtlebot3_ws/install/turtlebot3_example:/opt/ros/humble /usr/bin/cmake --install /home/chiv/ros2_ws/build/flappy_robot_msgs
[0.939s] Level 1:colcon.colcon_core.environment:checking '/home/chiv/ros2_ws/install/flappy_robot_msgs' for CMake config files
[0.940s] Level 1:colcon.colcon_core.shell:create_environment_hook('flappy_robot_msgs', 'cmake_prefix_path')
[0.940s] INFO:colcon.colcon_core.shell:Creating environment hook '/home/chiv/ros2_ws/install/flappy_robot_msgs/share/flappy_robot_msgs/hook/cmake_prefix_path.ps1'
[0.941s] INFO:colcon.colcon_core.shell:Creating environment descriptor '/home/chiv/ros2_ws/install/flappy_robot_msgs/share/flappy_robot_msgs/hook/cmake_prefix_path.dsv'
[0.941s] INFO:colcon.colcon_core.shell:Creating environment hook '/home/chiv/ros2_ws/install/flappy_robot_msgs/share/flappy_robot_msgs/hook/cmake_prefix_path.sh'
[0.942s] Level 1:colcon.colcon_core.environment:checking '/home/chiv/ros2_ws/install/flappy_robot_msgs/lib'
[0.942s] Level 1:colcon.colcon_core.shell:create_environment_hook('flappy_robot_msgs', 'ld_library_path_lib')
[0.942s] INFO:colcon.colcon_core.shell:Creating environment hook '/home/chiv/ros2_ws/install/flappy_robot_msgs/share/flappy_robot_msgs/hook/ld_library_path_lib.ps1'
[0.943s] INFO:colcon.colcon_core.shell:Creating environment descriptor '/home/chiv/ros2_ws/install/flappy_robot_msgs/share/flappy_robot_msgs/hook/ld_library_path_lib.dsv'
[0.943s] INFO:colcon.colcon_core.shell:Creating environment hook '/home/chiv/ros2_ws/install/flappy_robot_msgs/share/flappy_robot_msgs/hook/ld_library_path_lib.sh'
[0.944s] Level 1:colcon.colcon_core.environment:checking '/home/chiv/ros2_ws/install/flappy_robot_msgs/bin'
[0.944s] Level 1:colcon.colcon_core.environment:checking '/home/chiv/ros2_ws/install/flappy_robot_msgs/lib/pkgconfig/flappy_robot_msgs.pc'
[0.944s] Level 1:colcon.colcon_core.environment:checking '/home/chiv/ros2_ws/install/flappy_robot_msgs/lib/python3.10/site-packages'
[0.944s] Level 1:colcon.colcon_core.environment:checking '/home/chiv/ros2_ws/install/flappy_robot_msgs/bin'
[0.944s] INFO:colcon.colcon_core.shell:Creating package script '/home/chiv/ros2_ws/install/flappy_robot_msgs/share/flappy_robot_msgs/package.ps1'
[0.945s] INFO:colcon.colcon_core.shell:Creating package descriptor '/home/chiv/ros2_ws/install/flappy_robot_msgs/share/flappy_robot_msgs/package.dsv'
[0.946s] INFO:colcon.colcon_core.shell:Creating package script '/home/chiv/ros2_ws/install/flappy_robot_msgs/share/flappy_robot_msgs/package.sh'
[0.946s] INFO:colcon.colcon_core.shell:Creating package script '/home/chiv/ros2_ws/install/flappy_robot_msgs/share/flappy_robot_msgs/package.bash'
[0.947s] INFO:colcon.colcon_core.shell:Creating package script '/home/chiv/ros2_ws/install/flappy_robot_msgs/share/flappy_robot_msgs/package.zsh'
[0.947s] Level 1:colcon.colcon_core.environment:create_file_with_runtime_dependencies(/home/chiv/ros2_ws/install/flappy_robot_msgs/share/colcon-core/packages/flappy_robot_msgs)
[0.948s] Level 1:colcon.colcon_core.environment:create_environment_scripts_only(flappy_robot_msgs)
[0.948s] Level 1:colcon.colcon_core.environment:checking '/home/chiv/ros2_ws/install/flappy_robot_msgs' for CMake module files
[0.949s] Level 1:colcon.colcon_core.environment:checking '/home/chiv/ros2_ws/install/flappy_robot_msgs' for CMake config files
[0.949s] Level 1:colcon.colcon_core.shell:create_environment_hook('flappy_robot_msgs', 'cmake_prefix_path')
[0.949s] INFO:colcon.colcon_core.shell:Creating environment hook '/home/chiv/ros2_ws/install/flappy_robot_msgs/share/flappy_robot_msgs/hook/cmake_prefix_path.ps1'
[0.950s] INFO:colcon.colcon_core.shell:Creating environment descriptor '/home/chiv/ros2_ws/install/flappy_robot_msgs/share/flappy_robot_msgs/hook/cmake_prefix_path.dsv'
[0.951s] INFO:colcon.colcon_core.shell:Creating environment hook '/home/chiv/ros2_ws/install/flappy_robot_msgs/share/flappy_robot_msgs/hook/cmake_prefix_path.sh'
[0.951s] Level 1:colcon.colcon_core.environment:checking '/home/chiv/ros2_ws/install/flappy_robot_msgs/lib'
[0.951s] Level 1:colcon.colcon_core.shell:create_environment_hook('flappy_robot_msgs', 'ld_library_path_lib')
[0.951s] INFO:colcon.colcon_core.shell:Creating environment hook '/home/chiv/ros2_ws/install/flappy_robot_msgs/share/flappy_robot_msgs/hook/ld_library_path_lib.ps1'
[0.952s] INFO:colcon.colcon_core.shell:Creating environment descriptor '/home/chiv/ros2_ws/install/flappy_robot_msgs/share/flappy_robot_msgs/hook/ld_library_path_lib.dsv'
[0.952s] INFO:colcon.colcon_core.shell:Creating environment hook '/home/chiv/ros2_ws/install/flappy_robot_msgs/share/flappy_robot_msgs/hook/ld_library_path_lib.sh'
[0.953s] Level 1:colcon.colcon_core.environment:checking '/home/chiv/ros2_ws/install/flappy_robot_msgs/bin'
[0.953s] Level 1:colcon.colcon_core.environment:checking '/home/chiv/ros2_ws/install/flappy_robot_msgs/lib/pkgconfig/flappy_robot_msgs.pc'
[0.953s] Level 1:colcon.colcon_core.environment:checking '/home/chiv/ros2_ws/install/flappy_robot_msgs/lib/python3.10/site-packages'
[0.953s] Level 1:colcon.colcon_core.environment:checking '/home/chiv/ros2_ws/install/flappy_robot_msgs/bin'
[0.953s] INFO:colcon.colcon_core.shell:Creating package script '/home/chiv/ros2_ws/install/flappy_robot_msgs/share/flappy_robot_msgs/package.ps1'
[0.954s] INFO:colcon.colcon_core.shell:Creating package descriptor '/home/chiv/ros2_ws/install/flappy_robot_msgs/share/flappy_robot_msgs/package.dsv'
[0.955s] INFO:colcon.colcon_core.shell:Creating package script '/home/chiv/ros2_ws/install/flappy_robot_msgs/share/flappy_robot_msgs/package.sh'
[0.955s] INFO:colcon.colcon_core.shell:Creating package script '/home/chiv/ros2_ws/install/flappy_robot_msgs/share/flappy_robot_msgs/package.bash'
[0.956s] INFO:colcon.colcon_core.shell:Creating package script '/home/chiv/ros2_ws/install/flappy_robot_msgs/share/flappy_robot_msgs/package.zsh'
[0.956s] Level 1:colcon.colcon_core.environment:create_file_with_runtime_dependencies(/home/chiv/ros2_ws/install/flappy_robot_msgs/share/colcon-core/packages/flappy_robot_msgs)
[0.957s] INFO:colcon.colcon_ros.task.ament_python.build:Building ROS package in '/home/chiv/ros2_ws/src/flappy_robot' with build type 'ament_python'
[0.957s] Level 1:colcon.colcon_core.shell:create_environment_hook('flappy_robot', 'ament_prefix_path')
[0.957s] INFO:colcon.colcon_core.shell:Creating environment hook '/home/chiv/ros2_ws/install/flappy_robot/share/flappy_robot/hook/ament_prefix_path.ps1'
[0.958s] INFO:colcon.colcon_core.shell:Creating environment descriptor '/home/chiv/ros2_ws/install/flappy_robot/share/flappy_robot/hook/ament_prefix_path.dsv'
[0.958s] INFO:colcon.colcon_core.shell:Creating environment hook '/home/chiv/ros2_ws/install/flappy_robot/share/flappy_robot/hook/ament_prefix_path.sh'
[0.959s] INFO:colcon.colcon_core.shell:Skip shell extension 'powershell' for command environment: Not usable outside of PowerShell
[0.959s] DEBUG:colcon.colcon_core.shell:Skip shell extension 'dsv' for command environment
[1.132s] INFO:colcon.colcon_core.task.python.build:Building Python package in '/home/chiv/ros2_ws/src/flappy_robot'
[1.133s] INFO:colcon.colcon_core.shell:Skip shell extension 'powershell' for command environment: Not usable outside of PowerShell
[1.133s] DEBUG:colcon.colcon_core.shell:Skip shell extension 'dsv' for command environment
[1.347s] DEBUG:colcon.colcon_core.event_handler.log_command:Invoking command in '/home/chiv/ros2_ws/src/flappy_robot': CMAKE_PREFIX_PATH=/home/chiv/ros2_ws/install/flappy_robot_msgs:/home/chiv/ros2_ws/install/two_wheeled_robot:/home/chiv/turtlebot3_ws/install/turtlebot3:/home/chiv/turtlebot3_ws/install/turtlebot3_bringup:/home/chiv/turtlebot3_ws/install/turtlebot3_node:/home/chiv/turtlebot3_ws/install/turtlebot3_navigation2:/home/chiv/turtlebot3_ws/install/turtlebot3_msgs:/home/chiv/turtlebot3_ws/install/turtlebot3_description:/home/chiv/turtlebot3_ws/install/turtlebot3_cartographer:/home/chiv/turtlebot3_ws/install/dynamixel_sdk_examples:/home/chiv/turtlebot3_ws/install/dynamixel_sdk_custom_interfaces:/home/chiv/turtlebot3_ws/install/dynamixel_sdk PYTHONPATH=/home/chiv/ros2_ws/build/flappy_robot/prefix_override:/usr/lib/python3/dist-packages/colcon_core/task/python/colcon_distutils_commands:/home/chiv/ros2_ws/install/flappy_robot/lib/python3.10/site-packages:${PYTHONPATH} /usr/bin/python3 -W ignore:setup.py install is deprecated -W ignore:easy_install command is deprecated setup.py egg_info --egg-base ../../build/flappy_robot build --build-base /home/chiv/ros2_ws/build/flappy_robot/build install --record /home/chiv/ros2_ws/build/flappy_robot/install.log --single-version-externally-managed install_data
[1.518s] Level 1:colcon.colcon_core.environment:checking '/home/chiv/ros2_ws/install/flappy_robot' for CMake module files
[1.519s] DEBUG:colcon.colcon_core.event_handler.log_command:Invoked command in '/home/chiv/ros2_ws/src/flappy_robot' returned '0': CMAKE_PREFIX_PATH=/home/chiv/ros2_ws/install/flappy_robot_msgs:/home/chiv/ros2_ws/install/two_wheeled_robot:/home/chiv/turtlebot3_ws/install/turtlebot3:/home/chiv/turtlebot3_ws/install/turtlebot3_bringup:/home/chiv/turtlebot3_ws/install/turtlebot3_node:/home/chiv/turtlebot3_ws/install/turtlebot3_navigation2:/home/chiv/turtlebot3_ws/install/turtlebot3_msgs:/home/chiv/turtlebot3_ws/install/turtlebot3_description:/home/chiv/turtlebot3_ws/install/turtlebot3_cartographer:/home/chiv/turtlebot3_ws/install/dynamixel_sdk_examples:/home/chiv/turtlebot3_ws/install/dynamixel_sdk_custom_interfaces:/home/chiv/turtlebot3_ws/install/dynamixel_sdk PYTHONPATH=/home/chiv/ros2_ws/build/flappy_robot/prefix_override:/usr/lib/python3/dist-packages/colcon_core/task/python/colcon_distutils_commands:/home/chiv/ros2_ws/install/flappy_robot/lib/python3.10/site-packages:${PYTHONPATH} /usr/bin/python3 -W ignore:setup.py install is deprecated -W ignore:easy_install command is deprecated setup.py egg_info --egg-base ../../build/flappy_robot build --build-base /home/chiv/ros2_ws/build/flappy_robot/build install --record /home/chiv/ros2_ws/build/flappy_robot/install.log --single-version-externally-managed install_data
[1.519s] Level 1:colcon.colcon_core.environment:checking '/home/chiv/ros2_ws/install/flappy_robot' for CMake config files
[1.521s] Level 1:colcon.colcon_core.environment:checking '/home/chiv/ros2_ws/install/flappy_robot/lib'
[1.521s] Level 1:colcon.colcon_core.environment:checking '/home/chiv/ros2_ws/install/flappy_robot/bin'
[1.521s] Level 1:colcon.colcon_core.environment:checking '/home/chiv/ros2_ws/install/flappy_robot/lib/pkgconfig/flappy_robot.pc'
[1.521s] Level 1:colcon.colcon_core.environment:checking '/home/chiv/ros2_ws/install/flappy_robot/lib/python3.10/site-packages'
[1.521s] Level 1:colcon.colcon_core.shell:create_environment_hook('flappy_robot', 'pythonpath')
[1.521s] INFO:colcon.colcon_core.shell:Creating environment hook '/home/chiv/ros2_ws/install/flappy_robot/share/flappy_robot/hook/pythonpath.ps1'
[1.522s] INFO:colcon.colcon_core.shell:Creating environment descriptor '/home/chiv/ros2_ws/install/flappy_robot/share/flappy_robot/hook/pythonpath.dsv'
[1.522s] INFO:colcon.colcon_core.shell:Creating environment hook '/home/chiv/ros2_ws/install/flappy_robot/share/flappy_robot/hook/pythonpath.sh'
[1.523s] Level 1:colcon.colcon_core.environment:checking '/home/chiv/ros2_ws/install/flappy_robot/bin'
[1.523s] Level 1:colcon.colcon_core.environment:create_environment_scripts_only(flappy_robot)
[1.523s] INFO:colcon.colcon_core.shell:Creating package script '/home/chiv/ros2_ws/install/flappy_robot/share/flappy_robot/package.ps1'
[1.523s] INFO:colcon.colcon_core.shell:Creating package descriptor '/home/chiv/ros2_ws/install/flappy_robot/share/flappy_robot/package.dsv'
[1.524s] INFO:colcon.colcon_core.shell:Creating package script '/home/chiv/ros2_ws/install/flappy_robot/share/flappy_robot/package.sh'
[1.524s] INFO:colcon.colcon_core.shell:Creating package script '/home/chiv/ros2_ws/install/flappy_robot/share/flappy_robot/package.bash'
[1.524s] INFO:colcon.colcon_core.shell:Creating package script '/home/chiv/ros2_ws/install/flappy_robot/share/flappy_robot/package.zsh'
[1.525s] Level 1:colcon.colcon_core.environment:create_file_with_runtime_dependencies(/home/chiv/ros2_ws/install/flappy_robot/share/colcon-core/packages/flappy_robot)
[1.525s] DEBUG:colcon.colcon_parallel_executor.executor.parallel:closing loop
[1.525s] DEBUG:colcon.colcon_parallel_executor.executor.parallel:loop closed
[1.525s] DEBUG:colcon.colcon_parallel_executor.executor.parallel:run_until_complete finished with '0'
[1.525s] DEBUG:colcon.colcon_core.event_reactor:joining thread
[1.532s] INFO:colcon.colcon_core.plugin_system:Skipping extension 'colcon_notification.desktop_notification.terminal_notifier': Not used on non-Darwin systems
[1.533s] INFO:colcon.colcon_core.plugin_system:Skipping extension 'colcon_notification.desktop_notification.win32': Not used on non-Windows systems
[1.533s] INFO:colcon.colcon_notification.desktop_notification:Sending desktop notification using 'notify2'
[1.542s] DEBUG:colcon.colcon_core.event_reactor:joined thread
[1.543s] INFO:colcon.colcon_core.shell:Creating prefix script '/home/chiv/ros2_ws/install/local_setup.ps1'
[1.544s] INFO:colcon.colcon_core.shell:Creating prefix util module '/home/chiv/ros2_ws/install/_local_setup_util_ps1.py'
[1.544s] INFO:colcon.colcon_core.shell:Creating prefix chain script '/home/chiv/ros2_ws/install/setup.ps1'
[1.546s] INFO:colcon.colcon_core.shell:Creating prefix script '/home/chiv/ros2_ws/install/local_setup.sh'
[1.546s] INFO:colcon.colcon_core.shell:Creating prefix util module '/home/chiv/ros2_ws/install/_local_setup_util_sh.py'
[1.547s] INFO:colcon.colcon_core.shell:Creating prefix chain script '/home/chiv/ros2_ws/install/setup.sh'
[1.549s] INFO:colcon.colcon_core.shell:Creating prefix script '/home/chiv/ros2_ws/install/local_setup.bash'
[1.549s] INFO:colcon.colcon_core.shell:Creating prefix chain script '/home/chiv/ros2_ws/install/setup.bash'
[1.551s] INFO:colcon.colcon_core.shell:Creating prefix script '/home/chiv/ros2_ws/install/local_setup.zsh'
[1.551s] INFO:colcon.colcon_core.shell:Creating prefix chain script '/home/chiv/ros2_ws/install/setup.zsh'
