[0.270s] DEBUG:colcon:Command line arguments: ['/usr/bin/colcon', 'build']
[0.271s] DEBUG:colcon:Parsed command line arguments: Namespace(log_base=None, log_level=None, verb_name='build', build_base='build', install_base='install', merge_install=False, symlink_install=False, test_result_base=None, continue_on_error=False, executor='parallel', parallel_workers=4, event_handlers=None, ignore_user_meta=False, metas=['./colcon.meta'], base_paths=['.'], packages_ignore=None, packages_ignore_regex=None, paths=None, packages_up_to=None, packages_up_to_regex=None, packages_above=None, packages_above_and_dependencies=None, packages_above_depth=None, packages_select_by_dep=None, packages_skip_by_dep=None, packages_skip_up_to=None, packages_select_build_failed=False, packages_skip_build_finished=False, packages_select_test_failures=False, packages_skip_test_passed=False, packages_select=None, packages_skip=None, packages_select_regex=None, packages_skip_regex=None, packages_start=None, packages_end=None, allow_overriding=[], cmake_args=None, cmake_target=None, cmake_target_skip_unavailable=False, cmake_clean_cache=False, cmake_clean_first=False, cmake_force_configure=False, ament_cmake_args=None, catkin_cmake_args=None, catkin_skip_building_tests=False, mixin_files=None, mixin=None, verb_parser=<colcon_mixin.mixin.mixin_argument.MixinArgumentDecorator object at 0x78d60a8cf100>, verb_extension=<colcon_core.verb.build.BuildVerb object at 0x78d60a8ceb00>, main=<bound method BuildVerb.main of <colcon_core.verb.build.BuildVerb object at 0x78d60a8ceb00>>, mixin_verb=('build',))
[0.485s] Level 1:colcon.colcon_core.package_discovery:discover_packages(colcon_meta) check parameters
[0.485s] Level 1:colcon.colcon_core.package_discovery:discover_packages(recursive) check parameters
[0.485s] Level 1:colcon.colcon_core.package_discovery:discover_packages(ignore) check parameters
[0.485s] Level 1:colcon.colcon_core.package_discovery:discover_packages(path) check parameters
[0.485s] Level 1:colcon.colcon_core.package_discovery:discover_packages(colcon_meta) discover
[0.485s] Level 1:colcon.colcon_core.package_discovery:discover_packages(recursive) discover
[0.485s] INFO:colcon.colcon_core.package_discovery:Crawling recursively for packages in '/home/lyda/ros2_ws'
[0.485s] Level 1:colcon.colcon_core.package_identification:_identify(.) by extensions ['ignore', 'ignore_ament_install']
[0.485s] Level 1:colcon.colcon_core.package_identification:_identify(.) by extension 'ignore'
[0.485s] Level 1:colcon.colcon_core.package_identification:_identify(.) by extension 'ignore_ament_install'
[0.485s] Level 1:colcon.colcon_core.package_identification:_identify(.) by extensions ['colcon_pkg']
[0.485s] Level 1:colcon.colcon_core.package_identification:_identify(.) by extension 'colcon_pkg'
[0.485s] Level 1:colcon.colcon_core.package_identification:_identify(.) by extensions ['colcon_meta']
[0.485s] Level 1:colcon.colcon_core.package_identification:_identify(.) by extension 'colcon_meta'
[0.485s] Level 1:colcon.colcon_core.package_identification:_identify(.) by extensions ['ros']
[0.485s] Level 1:colcon.colcon_core.package_identification:_identify(.) by extension 'ros'
[0.494s] Level 1:colcon.colcon_core.package_identification:_identify(.) by extensions ['cmake', 'python']
[0.494s] Level 1:colcon.colcon_core.package_identification:_identify(.) by extension 'cmake'
[0.494s] Level 1:colcon.colcon_core.package_identification:_identify(.) by extension 'python'
[0.494s] Level 1:colcon.colcon_core.package_identification:_identify(.) by extensions ['python_setup_py']
[0.494s] Level 1:colcon.colcon_core.package_identification:_identify(.) by extension 'python_setup_py'
[0.494s] Level 1:colcon.colcon_core.package_identification:_identify(build) by extensions ['ignore', 'ignore_ament_install']
[0.494s] Level 1:colcon.colcon_core.package_identification:_identify(build) by extension 'ignore'
[0.494s] Level 1:colcon.colcon_core.package_identification:_identify(build) ignored
[0.494s] Level 1:colcon.colcon_core.package_identification:_identify(install) by extensions ['ignore', 'ignore_ament_install']
[0.494s] Level 1:colcon.colcon_core.package_identification:_identify(install) by extension 'ignore'
[0.494s] Level 1:colcon.colcon_core.package_identification:_identify(install) ignored
[0.494s] Level 1:colcon.colcon_core.package_identification:_identify(log) by extensions ['ignore', 'ignore_ament_install']
[0.494s] Level 1:colcon.colcon_core.package_identification:_identify(log) by extension 'ignore'
[0.494s] Level 1:colcon.colcon_core.package_identification:_identify(log) ignored
[0.494s] Level 1:colcon.colcon_core.package_identification:_identify(src) by extensions ['ignore', 'ignore_ament_install']
[0.494s] Level 1:colcon.colcon_core.package_identification:_identify(src) by extension 'ignore'
[0.494s] Level 1:colcon.colcon_core.package_identification:_identify(src) by extension 'ignore_ament_install'
[0.494s] Level 1:colcon.colcon_core.package_identification:_identify(src) by extensions ['colcon_pkg']
[0.494s] Level 1:colcon.colcon_core.package_identification:_identify(src) by extension 'colcon_pkg'
[0.495s] Level 1:colcon.colcon_core.package_identification:_identify(src) by extensions ['colcon_meta']
[0.495s] Level 1:colcon.colcon_core.package_identification:_identify(src) by extension 'colcon_meta'
[0.495s] Level 1:colcon.colcon_core.package_identification:_identify(src) by extensions ['ros']
[0.495s] Level 1:colcon.colcon_core.package_identification:_identify(src) by extension 'ros'
[0.495s] Level 1:colcon.colcon_core.package_identification:_identify(src) by extensions ['cmake', 'python']
[0.495s] Level 1:colcon.colcon_core.package_identification:_identify(src) by extension 'cmake'
[0.495s] Level 1:colcon.colcon_core.package_identification:_identify(src) by extension 'python'
[0.495s] Level 1:colcon.colcon_core.package_identification:_identify(src) by extensions ['python_setup_py']
[0.495s] Level 1:colcon.colcon_core.package_identification:_identify(src) by extension 'python_setup_py'
[0.495s] Level 1:colcon.colcon_core.package_identification:_identify(src/flappy_robot) by extensions ['ignore', 'ignore_ament_install']
[0.495s] Level 1:colcon.colcon_core.package_identification:_identify(src/flappy_robot) by extension 'ignore'
[0.495s] Level 1:colcon.colcon_core.package_identification:_identify(src/flappy_robot) by extension 'ignore_ament_install'
[0.495s] Level 1:colcon.colcon_core.package_identification:_identify(src/flappy_robot) by extensions ['colcon_pkg']
[0.495s] Level 1:colcon.colcon_core.package_identification:_identify(src/flappy_robot) by extension 'colcon_pkg'
[0.495s] Level 1:colcon.colcon_core.package_identification:_identify(src/flappy_robot) by extensions ['colcon_meta']
[0.495s] Level 1:colcon.colcon_core.package_identification:_identify(src/flappy_robot) by extension 'colcon_meta'
[0.495s] Level 1:colcon.colcon_core.package_identification:_identify(src/flappy_robot) by extensions ['ros']
[0.495s] Level 1:colcon.colcon_core.package_identification:_identify(src/flappy_robot) by extension 'ros'
[0.497s] DEBUG:colcon.colcon_core.package_identification:Package 'src/flappy_robot' with type 'ros.ament_python' and name 'flappy_robot'
[0.497s] Level 1:colcon.colcon_core.package_identification:_identify(src/flappy_robot_msgs) by extensions ['ignore', 'ignore_ament_install']
[0.497s] Level 1:colcon.colcon_core.package_identification:_identify(src/flappy_robot_msgs) by extension 'ignore'
[0.498s] Level 1:colcon.colcon_core.package_identification:_identify(src/flappy_robot_msgs) by extension 'ignore_ament_install'
[0.498s] Level 1:colcon.colcon_core.package_identification:_identify(src/flappy_robot_msgs) by extensions ['colcon_pkg']
[0.498s] Level 1:colcon.colcon_core.package_identification:_identify(src/flappy_robot_msgs) by extension 'colcon_pkg'
[0.498s] Level 1:colcon.colcon_core.package_identification:_identify(src/flappy_robot_msgs) by extensions ['colcon_meta']
[0.498s] Level 1:colcon.colcon_core.package_identification:_identify(src/flappy_robot_msgs) by extension 'colcon_meta'
[0.498s] Level 1:colcon.colcon_core.package_identification:_identify(src/flappy_robot_msgs) by extensions ['ros']
[0.498s] Level 1:colcon.colcon_core.package_identification:_identify(src/flappy_robot_msgs) by extension 'ros'
[0.498s] DEBUG:colcon.colcon_core.package_identification:Package 'src/flappy_robot_msgs' with type 'ros.ament_cmake' and name 'flappy_robot_msgs'
[0.498s] Level 1:colcon.colcon_core.package_identification:_identify(src/two_wheeled_robot) by extensions ['ignore', 'ignore_ament_install']
[0.498s] Level 1:colcon.colcon_core.package_identification:_identify(src/two_wheeled_robot) by extension 'ignore'
[0.498s] Level 1:colcon.colcon_core.package_identification:_identify(src/two_wheeled_robot) by extension 'ignore_ament_install'
[0.498s] Level 1:colcon.colcon_core.package_identification:_identify(src/two_wheeled_robot) by extensions ['colcon_pkg']
[0.498s] Level 1:colcon.colcon_core.package_identification:_identify(src/two_wheeled_robot) by extension 'colcon_pkg'
[0.498s] Level 1:colcon.colcon_core.package_identification:_identify(src/two_wheeled_robot) by extensions ['colcon_meta']
[0.499s] Level 1:colcon.colcon_core.package_identification:_identify(src/two_wheeled_robot) by extension 'colcon_meta'
[0.499s] Level 1:colcon.colcon_core.package_identification:_identify(src/two_wheeled_robot) by extensions ['ros']
[0.499s] Level 1:colcon.colcon_core.package_identification:_identify(src/two_wheeled_robot) by extension 'ros'
[0.499s] DEBUG:colcon.colcon_core.package_identification:Package 'src/two_wheeled_robot' with type 'ros.ament_cmake' and name 'two_wheeled_robot'
[0.499s] Level 1:colcon.colcon_core.package_discovery:discover_packages(recursive) using defaults
[0.499s] Level 1:colcon.colcon_core.package_discovery:discover_packages(ignore) discover
[0.499s] Level 1:colcon.colcon_core.package_discovery:discover_packages(ignore) using defaults
[0.499s] Level 1:colcon.colcon_core.package_discovery:discover_packages(path) discover
[0.499s] Level 1:colcon.colcon_core.package_discovery:discover_packages(path) using defaults
[0.525s] Level 1:colcon.colcon_core.package_discovery:discover_packages(prefix_path) check parameters
[0.525s] Level 1:colcon.colcon_core.package_discovery:discover_packages(prefix_path) discover
[0.529s] DEBUG:colcon.colcon_installed_package_information.package_discovery:Found 3 installed packages in /home/lyda/ros2_ws/install
[0.529s] DEBUG:colcon.colcon_installed_package_information.package_discovery:Found 3 installed packages in /home/lyda/dev_ws/install
[0.530s] DEBUG:colcon.colcon_installed_package_information.package_discovery:Found 344 installed packages in /opt/ros/humble
[0.531s] Level 1:colcon.colcon_core.package_discovery:discover_packages(prefix_path) using defaults
[0.555s] Level 5:colcon.colcon_core.verb:set package 'flappy_robot_msgs' build argument 'cmake_args' from command line to 'None'
[0.555s] Level 5:colcon.colcon_core.verb:set package 'flappy_robot_msgs' build argument 'cmake_target' from command line to 'None'
[0.555s] Level 5:colcon.colcon_core.verb:set package 'flappy_robot_msgs' build argument 'cmake_target_skip_unavailable' from command line to 'False'
[0.555s] Level 5:colcon.colcon_core.verb:set package 'flappy_robot_msgs' build argument 'cmake_clean_cache' from command line to 'False'
[0.555s] Level 5:colcon.colcon_core.verb:set package 'flappy_robot_msgs' build argument 'cmake_clean_first' from command line to 'False'
[0.555s] Level 5:colcon.colcon_core.verb:set package 'flappy_robot_msgs' build argument 'cmake_force_configure' from command line to 'False'
[0.555s] Level 5:colcon.colcon_core.verb:set package 'flappy_robot_msgs' build argument 'ament_cmake_args' from command line to 'None'
[0.555s] Level 5:colcon.colcon_core.verb:set package 'flappy_robot_msgs' build argument 'catkin_cmake_args' from command line to 'None'
[0.555s] Level 5:colcon.colcon_core.verb:set package 'flappy_robot_msgs' build argument 'catkin_skip_building_tests' from command line to 'False'
[0.555s] DEBUG:colcon.colcon_core.verb:Building package 'flappy_robot_msgs' with the following arguments: {'ament_cmake_args': None, 'build_base': '/home/lyda/ros2_ws/build/flappy_robot_msgs', 'catkin_cmake_args': None, 'catkin_skip_building_tests': False, 'cmake_args': None, 'cmake_clean_cache': False, 'cmake_clean_first': False, 'cmake_force_configure': False, 'cmake_target': None, 'cmake_target_skip_unavailable': False, 'install_base': '/home/lyda/ros2_ws/install/flappy_robot_msgs', 'merge_install': False, 'path': '/home/lyda/ros2_ws/src/flappy_robot_msgs', 'symlink_install': False, 'test_result_base': None}
[0.555s] Level 5:colcon.colcon_core.verb:set package 'two_wheeled_robot' build argument 'cmake_args' from command line to 'None'
[0.555s] Level 5:colcon.colcon_core.verb:set package 'two_wheeled_robot' build argument 'cmake_target' from command line to 'None'
[0.555s] Level 5:colcon.colcon_core.verb:set package 'two_wheeled_robot' build argument 'cmake_target_skip_unavailable' from command line to 'False'
[0.555s] Level 5:colcon.colcon_core.verb:set package 'two_wheeled_robot' build argument 'cmake_clean_cache' from command line to 'False'
[0.555s] Level 5:colcon.colcon_core.verb:set package 'two_wheeled_robot' build argument 'cmake_clean_first' from command line to 'False'
[0.555s] Level 5:colcon.colcon_core.verb:set package 'two_wheeled_robot' build argument 'cmake_force_configure' from command line to 'False'
[0.555s] Level 5:colcon.colcon_core.verb:set package 'two_wheeled_robot' build argument 'ament_cmake_args' from command line to 'None'
[0.555s] Level 5:colcon.colcon_core.verb:set package 'two_wheeled_robot' build argument 'catkin_cmake_args' from command line to 'None'
[0.555s] Level 5:colcon.colcon_core.verb:set package 'two_wheeled_robot' build argument 'catkin_skip_building_tests' from command line to 'False'
[0.555s] DEBUG:colcon.colcon_core.verb:Building package 'two_wheeled_robot' with the following arguments: {'ament_cmake_args': None, 'build_base': '/home/lyda/ros2_ws/build/two_wheeled_robot', 'catkin_cmake_args': None, 'catkin_skip_building_tests': False, 'cmake_args': None, 'cmake_clean_cache': False, 'cmake_clean_first': False, 'cmake_force_configure': False, 'cmake_target': None, 'cmake_target_skip_unavailable': False, 'install_base': '/home/lyda/ros2_ws/install/two_wheeled_robot', 'merge_install': False, 'path': '/home/lyda/ros2_ws/src/two_wheeled_robot', 'symlink_install': False, 'test_result_base': None}
[0.555s] Level 5:colcon.colcon_core.verb:set package 'flappy_robot' build argument 'cmake_args' from command line to 'None'
[0.555s] Level 5:colcon.colcon_core.verb:set package 'flappy_robot' build argument 'cmake_target' from command line to 'None'
[0.555s] Level 5:colcon.colcon_core.verb:set package 'flappy_robot' build argument 'cmake_target_skip_unavailable' from command line to 'False'
[0.555s] Level 5:colcon.colcon_core.verb:set package 'flappy_robot' build argument 'cmake_clean_cache' from command line to 'False'
[0.555s] Level 5:colcon.colcon_core.verb:set package 'flappy_robot' build argument 'cmake_clean_first' from command line to 'False'
[0.555s] Level 5:colcon.colcon_core.verb:set package 'flappy_robot' build argument 'cmake_force_configure' from command line to 'False'
[0.555s] Level 5:colcon.colcon_core.verb:set package 'flappy_robot' build argument 'ament_cmake_args' from command line to 'None'
[0.555s] Level 5:colcon.colcon_core.verb:set package 'flappy_robot' build argument 'catkin_cmake_args' from command line to 'None'
[0.555s] Level 5:colcon.colcon_core.verb:set package 'flappy_robot' build argument 'catkin_skip_building_tests' from command line to 'False'
[0.555s] DEBUG:colcon.colcon_core.verb:Building package 'flappy_robot' with the following arguments: {'ament_cmake_args': None, 'build_base': '/home/lyda/ros2_ws/build/flappy_robot', 'catkin_cmake_args': None, 'catkin_skip_building_tests': False, 'cmake_args': None, 'cmake_clean_cache': False, 'cmake_clean_first': False, 'cmake_force_configure': False, 'cmake_target': None, 'cmake_target_skip_unavailable': False, 'install_base': '/home/lyda/ros2_ws/install/flappy_robot', 'merge_install': False, 'path': '/home/lyda/ros2_ws/src/flappy_robot', 'symlink_install': False, 'test_result_base': None}
[0.556s] INFO:colcon.colcon_core.executor:Executing jobs using 'parallel' executor
[0.556s] DEBUG:colcon.colcon_parallel_executor.executor.parallel:run_until_complete
[0.557s] INFO:colcon.colcon_ros.task.ament_cmake.build:Building ROS package in '/home/lyda/ros2_ws/src/flappy_robot_msgs' with build type 'ament_cmake'
[0.557s] INFO:colcon.colcon_cmake.task.cmake.build:Building CMake package in '/home/lyda/ros2_ws/src/flappy_robot_msgs'
[0.563s] INFO:colcon.colcon_core.plugin_system:Skipping extension 'colcon_core.shell.bat': Not used on non-Windows systems
[0.563s] INFO:colcon.colcon_core.shell:Skip shell extension 'powershell' for command environment: Not usable outside of PowerShell
[0.563s] DEBUG:colcon.colcon_core.shell:Skip shell extension 'dsv' for command environment
[0.565s] INFO:colcon.colcon_ros.task.ament_cmake.build:Building ROS package in '/home/lyda/ros2_ws/src/two_wheeled_robot' with build type 'ament_cmake'
[0.565s] INFO:colcon.colcon_cmake.task.cmake.build:Building CMake package in '/home/lyda/ros2_ws/src/two_wheeled_robot'
[0.566s] INFO:colcon.colcon_core.shell:Skip shell extension 'powershell' for command environment: Not usable outside of PowerShell
[0.566s] DEBUG:colcon.colcon_core.shell:Skip shell extension 'dsv' for command environment
[0.571s] DEBUG:colcon.colcon_core.event_handler.log_command:Invoking command in '/home/lyda/ros2_ws/build/flappy_robot_msgs': CMAKE_PREFIX_PATH=${CMAKE_PREFIX_PATH}:/home/lyda/ros2_ws/install/flappy_robot:/home/lyda/dev_ws/install/my_package_py:/opt/ros/humble /usr/bin/cmake --build /home/lyda/ros2_ws/build/flappy_robot_msgs -- -j4 -l4
[0.574s] DEBUG:colcon.colcon_core.event_handler.log_command:Invoking command in '/home/lyda/ros2_ws/build/two_wheeled_robot': CMAKE_PREFIX_PATH=${CMAKE_PREFIX_PATH}:/home/lyda/ros2_ws/install/flappy_robot:/home/lyda/dev_ws/install/my_package_py:/opt/ros/humble /usr/bin/cmake --build /home/lyda/ros2_ws/build/two_wheeled_robot -- -j4 -l4
[0.641s] DEBUG:colcon.colcon_core.event_handler.log_command:Invoked command in '/home/lyda/ros2_ws/build/two_wheeled_robot' returned '0': CMAKE_PREFIX_PATH=${CMAKE_PREFIX_PATH}:/home/lyda/ros2_ws/install/flappy_robot:/home/lyda/dev_ws/install/my_package_py:/opt/ros/humble /usr/bin/cmake --build /home/lyda/ros2_ws/build/two_wheeled_robot -- -j4 -l4
[0.649s] DEBUG:colcon.colcon_core.event_handler.log_command:Invoking command in '/home/lyda/ros2_ws/build/two_wheeled_robot': CMAKE_PREFIX_PATH=${CMAKE_PREFIX_PATH}:/home/lyda/ros2_ws/install/flappy_robot:/home/lyda/dev_ws/install/my_package_py:/opt/ros/humble /usr/bin/cmake --install /home/lyda/ros2_ws/build/two_wheeled_robot
[0.658s] Level 1:colcon.colcon_core.environment:create_environment_scripts_only(two_wheeled_robot)
[0.659s] DEBUG:colcon.colcon_core.event_handler.log_command:Invoked command in '/home/lyda/ros2_ws/build/two_wheeled_robot' returned '0': CMAKE_PREFIX_PATH=${CMAKE_PREFIX_PATH}:/home/lyda/ros2_ws/install/flappy_robot:/home/lyda/dev_ws/install/my_package_py:/opt/ros/humble /usr/bin/cmake --install /home/lyda/ros2_ws/build/two_wheeled_robot
[0.667s] Level 1:colcon.colcon_core.environment:checking '/home/lyda/ros2_ws/install/two_wheeled_robot' for CMake module files
[0.668s] Level 1:colcon.colcon_core.environment:checking '/home/lyda/ros2_ws/install/two_wheeled_robot' for CMake config files
[0.668s] Level 1:colcon.colcon_core.shell:create_environment_hook('two_wheeled_robot', 'cmake_prefix_path')
[0.668s] INFO:colcon.colcon_core.shell:Creating environment hook '/home/lyda/ros2_ws/install/two_wheeled_robot/share/two_wheeled_robot/hook/cmake_prefix_path.ps1'
[0.669s] INFO:colcon.colcon_core.shell:Creating environment descriptor '/home/lyda/ros2_ws/install/two_wheeled_robot/share/two_wheeled_robot/hook/cmake_prefix_path.dsv'
[0.670s] INFO:colcon.colcon_core.shell:Creating environment hook '/home/lyda/ros2_ws/install/two_wheeled_robot/share/two_wheeled_robot/hook/cmake_prefix_path.sh'
[0.671s] Level 1:colcon.colcon_core.environment:checking '/home/lyda/ros2_ws/install/two_wheeled_robot/bin'
[0.671s] Level 1:colcon.colcon_core.environment:checking '/home/lyda/ros2_ws/install/two_wheeled_robot/lib/pkgconfig/two_wheeled_robot.pc'
[0.671s] Level 1:colcon.colcon_core.environment:checking '/home/lyda/ros2_ws/install/two_wheeled_robot/lib/python3.10/site-packages'
[0.671s] Level 1:colcon.colcon_core.environment:checking '/home/lyda/ros2_ws/install/two_wheeled_robot/bin'
[0.671s] INFO:colcon.colcon_core.shell:Creating package script '/home/lyda/ros2_ws/install/two_wheeled_robot/share/two_wheeled_robot/package.ps1'
[0.672s] INFO:colcon.colcon_core.shell:Creating package descriptor '/home/lyda/ros2_ws/install/two_wheeled_robot/share/two_wheeled_robot/package.dsv'
[0.673s] INFO:colcon.colcon_core.shell:Creating package script '/home/lyda/ros2_ws/install/two_wheeled_robot/share/two_wheeled_robot/package.sh'
[0.674s] INFO:colcon.colcon_core.shell:Creating package script '/home/lyda/ros2_ws/install/two_wheeled_robot/share/two_wheeled_robot/package.bash'
[0.675s] INFO:colcon.colcon_core.shell:Creating package script '/home/lyda/ros2_ws/install/two_wheeled_robot/share/two_wheeled_robot/package.zsh'
[0.676s] Level 1:colcon.colcon_core.environment:create_file_with_runtime_dependencies(/home/lyda/ros2_ws/install/two_wheeled_robot/share/colcon-core/packages/two_wheeled_robot)
[0.676s] Level 1:colcon.colcon_core.environment:create_environment_scripts_only(two_wheeled_robot)
[0.676s] Level 1:colcon.colcon_core.environment:checking '/home/lyda/ros2_ws/install/two_wheeled_robot' for CMake module files
[0.676s] Level 1:colcon.colcon_core.environment:checking '/home/lyda/ros2_ws/install/two_wheeled_robot' for CMake config files
[0.677s] Level 1:colcon.colcon_core.shell:create_environment_hook('two_wheeled_robot', 'cmake_prefix_path')
[0.677s] INFO:colcon.colcon_core.shell:Creating environment hook '/home/lyda/ros2_ws/install/two_wheeled_robot/share/two_wheeled_robot/hook/cmake_prefix_path.ps1'
[0.677s] INFO:colcon.colcon_core.shell:Creating environment descriptor '/home/lyda/ros2_ws/install/two_wheeled_robot/share/two_wheeled_robot/hook/cmake_prefix_path.dsv'
[0.677s] INFO:colcon.colcon_core.shell:Creating environment hook '/home/lyda/ros2_ws/install/two_wheeled_robot/share/two_wheeled_robot/hook/cmake_prefix_path.sh'
[0.678s] Level 1:colcon.colcon_core.environment:checking '/home/lyda/ros2_ws/install/two_wheeled_robot/bin'
[0.678s] Level 1:colcon.colcon_core.environment:checking '/home/lyda/ros2_ws/install/two_wheeled_robot/lib/pkgconfig/two_wheeled_robot.pc'
[0.678s] Level 1:colcon.colcon_core.environment:checking '/home/lyda/ros2_ws/install/two_wheeled_robot/lib/python3.10/site-packages'
[0.678s] Level 1:colcon.colcon_core.environment:checking '/home/lyda/ros2_ws/install/two_wheeled_robot/bin'
[0.678s] INFO:colcon.colcon_core.shell:Creating package script '/home/lyda/ros2_ws/install/two_wheeled_robot/share/two_wheeled_robot/package.ps1'
[0.678s] INFO:colcon.colcon_core.shell:Creating package descriptor '/home/lyda/ros2_ws/install/two_wheeled_robot/share/two_wheeled_robot/package.dsv'
[0.679s] INFO:colcon.colcon_core.shell:Creating package script '/home/lyda/ros2_ws/install/two_wheeled_robot/share/two_wheeled_robot/package.sh'
[0.679s] INFO:colcon.colcon_core.shell:Creating package script '/home/lyda/ros2_ws/install/two_wheeled_robot/share/two_wheeled_robot/package.bash'
[0.679s] INFO:colcon.colcon_core.shell:Creating package script '/home/lyda/ros2_ws/install/two_wheeled_robot/share/two_wheeled_robot/package.zsh'
[0.680s] Level 1:colcon.colcon_core.environment:create_file_with_runtime_dependencies(/home/lyda/ros2_ws/install/two_wheeled_robot/share/colcon-core/packages/two_wheeled_robot)
[0.858s] DEBUG:colcon.colcon_core.event_handler.log_command:Invoked command in '/home/lyda/ros2_ws/build/flappy_robot_msgs' returned '0': CMAKE_PREFIX_PATH=${CMAKE_PREFIX_PATH}:/home/lyda/ros2_ws/install/flappy_robot:/home/lyda/dev_ws/install/my_package_py:/opt/ros/humble /usr/bin/cmake --build /home/lyda/ros2_ws/build/flappy_robot_msgs -- -j4 -l4
[0.860s] DEBUG:colcon.colcon_core.event_handler.log_command:Invoking command in '/home/lyda/ros2_ws/build/flappy_robot_msgs': CMAKE_PREFIX_PATH=${CMAKE_PREFIX_PATH}:/home/lyda/ros2_ws/install/flappy_robot:/home/lyda/dev_ws/install/my_package_py:/opt/ros/humble /usr/bin/cmake --install /home/lyda/ros2_ws/build/flappy_robot_msgs
[0.896s] Level 1:colcon.colcon_core.environment:create_environment_scripts_only(flappy_robot_msgs)
[0.897s] Level 1:colcon.colcon_core.environment:checking '/home/lyda/ros2_ws/install/flappy_robot_msgs' for CMake module files
[0.897s] DEBUG:colcon.colcon_core.event_handler.log_command:Invoked command in '/home/lyda/ros2_ws/build/flappy_robot_msgs' returned '0': CMAKE_PREFIX_PATH=${CMAKE_PREFIX_PATH}:/home/lyda/ros2_ws/install/flappy_robot:/home/lyda/dev_ws/install/my_package_py:/opt/ros/humble /usr/bin/cmake --install /home/lyda/ros2_ws/build/flappy_robot_msgs
[0.897s] Level 1:colcon.colcon_core.environment:checking '/home/lyda/ros2_ws/install/flappy_robot_msgs' for CMake config files
[0.897s] Level 1:colcon.colcon_core.shell:create_environment_hook('flappy_robot_msgs', 'cmake_prefix_path')
[0.898s] INFO:colcon.colcon_core.shell:Creating environment hook '/home/lyda/ros2_ws/install/flappy_robot_msgs/share/flappy_robot_msgs/hook/cmake_prefix_path.ps1'
[0.898s] INFO:colcon.colcon_core.shell:Creating environment descriptor '/home/lyda/ros2_ws/install/flappy_robot_msgs/share/flappy_robot_msgs/hook/cmake_prefix_path.dsv'
[0.898s] INFO:colcon.colcon_core.shell:Creating environment hook '/home/lyda/ros2_ws/install/flappy_robot_msgs/share/flappy_robot_msgs/hook/cmake_prefix_path.sh'
[0.899s] Level 1:colcon.colcon_core.environment:checking '/home/lyda/ros2_ws/install/flappy_robot_msgs/lib'
[0.899s] Level 1:colcon.colcon_core.shell:create_environment_hook('flappy_robot_msgs', 'ld_library_path_lib')
[0.899s] INFO:colcon.colcon_core.shell:Creating environment hook '/home/lyda/ros2_ws/install/flappy_robot_msgs/share/flappy_robot_msgs/hook/ld_library_path_lib.ps1'
[0.899s] INFO:colcon.colcon_core.shell:Creating environment descriptor '/home/lyda/ros2_ws/install/flappy_robot_msgs/share/flappy_robot_msgs/hook/ld_library_path_lib.dsv'
[0.899s] INFO:colcon.colcon_core.shell:Creating environment hook '/home/lyda/ros2_ws/install/flappy_robot_msgs/share/flappy_robot_msgs/hook/ld_library_path_lib.sh'
[0.899s] Level 1:colcon.colcon_core.environment:checking '/home/lyda/ros2_ws/install/flappy_robot_msgs/bin'
[0.900s] Level 1:colcon.colcon_core.environment:checking '/home/lyda/ros2_ws/install/flappy_robot_msgs/lib/pkgconfig/flappy_robot_msgs.pc'
[0.900s] Level 1:colcon.colcon_core.environment:checking '/home/lyda/ros2_ws/install/flappy_robot_msgs/lib/python3.10/site-packages'
[0.900s] Level 1:colcon.colcon_core.environment:checking '/home/lyda/ros2_ws/install/flappy_robot_msgs/bin'
[0.900s] INFO:colcon.colcon_core.shell:Creating package script '/home/lyda/ros2_ws/install/flappy_robot_msgs/share/flappy_robot_msgs/package.ps1'
[0.900s] INFO:colcon.colcon_core.shell:Creating package descriptor '/home/lyda/ros2_ws/install/flappy_robot_msgs/share/flappy_robot_msgs/package.dsv'
[0.901s] INFO:colcon.colcon_core.shell:Creating package script '/home/lyda/ros2_ws/install/flappy_robot_msgs/share/flappy_robot_msgs/package.sh'
[0.901s] INFO:colcon.colcon_core.shell:Creating package script '/home/lyda/ros2_ws/install/flappy_robot_msgs/share/flappy_robot_msgs/package.bash'
[0.901s] INFO:colcon.colcon_core.shell:Creating package script '/home/lyda/ros2_ws/install/flappy_robot_msgs/share/flappy_robot_msgs/package.zsh'
[0.901s] Level 1:colcon.colcon_core.environment:create_file_with_runtime_dependencies(/home/lyda/ros2_ws/install/flappy_robot_msgs/share/colcon-core/packages/flappy_robot_msgs)
[0.902s] Level 1:colcon.colcon_core.environment:create_environment_scripts_only(flappy_robot_msgs)
[0.902s] Level 1:colcon.colcon_core.environment:checking '/home/lyda/ros2_ws/install/flappy_robot_msgs' for CMake module files
[0.902s] Level 1:colcon.colcon_core.environment:checking '/home/lyda/ros2_ws/install/flappy_robot_msgs' for CMake config files
[0.902s] Level 1:colcon.colcon_core.shell:create_environment_hook('flappy_robot_msgs', 'cmake_prefix_path')
[0.902s] INFO:colcon.colcon_core.shell:Creating environment hook '/home/lyda/ros2_ws/install/flappy_robot_msgs/share/flappy_robot_msgs/hook/cmake_prefix_path.ps1'
[0.902s] INFO:colcon.colcon_core.shell:Creating environment descriptor '/home/lyda/ros2_ws/install/flappy_robot_msgs/share/flappy_robot_msgs/hook/cmake_prefix_path.dsv'
[0.903s] INFO:colcon.colcon_core.shell:Creating environment hook '/home/lyda/ros2_ws/install/flappy_robot_msgs/share/flappy_robot_msgs/hook/cmake_prefix_path.sh'
[0.903s] Level 1:colcon.colcon_core.environment:checking '/home/lyda/ros2_ws/install/flappy_robot_msgs/lib'
[0.903s] Level 1:colcon.colcon_core.shell:create_environment_hook('flappy_robot_msgs', 'ld_library_path_lib')
[0.903s] INFO:colcon.colcon_core.shell:Creating environment hook '/home/lyda/ros2_ws/install/flappy_robot_msgs/share/flappy_robot_msgs/hook/ld_library_path_lib.ps1'
[0.903s] INFO:colcon.colcon_core.shell:Creating environment descriptor '/home/lyda/ros2_ws/install/flappy_robot_msgs/share/flappy_robot_msgs/hook/ld_library_path_lib.dsv'
[0.903s] INFO:colcon.colcon_core.shell:Creating environment hook '/home/lyda/ros2_ws/install/flappy_robot_msgs/share/flappy_robot_msgs/hook/ld_library_path_lib.sh'
[0.904s] Level 1:colcon.colcon_core.environment:checking '/home/lyda/ros2_ws/install/flappy_robot_msgs/bin'
[0.904s] Level 1:colcon.colcon_core.environment:checking '/home/lyda/ros2_ws/install/flappy_robot_msgs/lib/pkgconfig/flappy_robot_msgs.pc'
[0.904s] Level 1:colcon.colcon_core.environment:checking '/home/lyda/ros2_ws/install/flappy_robot_msgs/lib/python3.10/site-packages'
[0.904s] Level 1:colcon.colcon_core.environment:checking '/home/lyda/ros2_ws/install/flappy_robot_msgs/bin'
[0.904s] INFO:colcon.colcon_core.shell:Creating package script '/home/lyda/ros2_ws/install/flappy_robot_msgs/share/flappy_robot_msgs/package.ps1'
[0.904s] INFO:colcon.colcon_core.shell:Creating package descriptor '/home/lyda/ros2_ws/install/flappy_robot_msgs/share/flappy_robot_msgs/package.dsv'
[0.905s] INFO:colcon.colcon_core.shell:Creating package script '/home/lyda/ros2_ws/install/flappy_robot_msgs/share/flappy_robot_msgs/package.sh'
[0.905s] INFO:colcon.colcon_core.shell:Creating package script '/home/lyda/ros2_ws/install/flappy_robot_msgs/share/flappy_robot_msgs/package.bash'
[0.905s] INFO:colcon.colcon_core.shell:Creating package script '/home/lyda/ros2_ws/install/flappy_robot_msgs/share/flappy_robot_msgs/package.zsh'
[0.905s] Level 1:colcon.colcon_core.environment:create_file_with_runtime_dependencies(/home/lyda/ros2_ws/install/flappy_robot_msgs/share/colcon-core/packages/flappy_robot_msgs)
[0.906s] INFO:colcon.colcon_ros.task.ament_python.build:Building ROS package in '/home/lyda/ros2_ws/src/flappy_robot' with build type 'ament_python'
[0.906s] Level 1:colcon.colcon_core.shell:create_environment_hook('flappy_robot', 'ament_prefix_path')
[0.906s] INFO:colcon.colcon_core.shell:Creating environment hook '/home/lyda/ros2_ws/install/flappy_robot/share/flappy_robot/hook/ament_prefix_path.ps1'
[0.906s] INFO:colcon.colcon_core.shell:Creating environment descriptor '/home/lyda/ros2_ws/install/flappy_robot/share/flappy_robot/hook/ament_prefix_path.dsv'
[0.907s] INFO:colcon.colcon_core.shell:Creating environment hook '/home/lyda/ros2_ws/install/flappy_robot/share/flappy_robot/hook/ament_prefix_path.sh'
[0.907s] INFO:colcon.colcon_core.shell:Skip shell extension 'powershell' for command environment: Not usable outside of PowerShell
[0.907s] DEBUG:colcon.colcon_core.shell:Skip shell extension 'dsv' for command environment
[1.056s] INFO:colcon.colcon_core.task.python.build:Building Python package in '/home/lyda/ros2_ws/src/flappy_robot'
[1.056s] INFO:colcon.colcon_core.shell:Skip shell extension 'powershell' for command environment: Not usable outside of PowerShell
[1.056s] DEBUG:colcon.colcon_core.shell:Skip shell extension 'dsv' for command environment
[1.282s] DEBUG:colcon.colcon_core.task.python.build:Available setuptools commands: bdist_dumb, check, bdist, egg_info, build_ext, alias, easy_install, build, sdist, upload_docs, develop, saveopts, bdist_egg, upload, build_py, register, clean, install_data, install_egg_info, build_clib, install_headers, symlink_data, setopt, dist_info, rotate, build_scripts, install_scripts, bdist_rpm, install, test, bdist_wheel, install_lib
[1.284s] DEBUG:colcon.colcon_core.event_handler.log_command:Invoking command in '/home/lyda/ros2_ws/src/flappy_robot': CMAKE_PREFIX_PATH=/home/lyda/ros2_ws/install/flappy_robot_msgs:/home/lyda/ros2_ws/install/two_wheeled_robot:/home/lyda/dev_ws/install/two_wheeled_robot:/home/lyda/dev_ws/install/my_package_cpp PYTHONPATH=/home/lyda/ros2_ws/build/flappy_robot/prefix_override:/usr/lib/python3/dist-packages/colcon_core/task/python/colcon_distutils_commands:/home/lyda/ros2_ws/install/flappy_robot/lib/python3.10/site-packages:${PYTHONPATH} /usr/bin/python3 -W ignore:setup.py install is deprecated -W ignore:easy_install command is deprecated setup.py egg_info --egg-base ../../build/flappy_robot build --build-base /home/lyda/ros2_ws/build/flappy_robot/build install --record /home/lyda/ros2_ws/build/flappy_robot/install.log --install-scripts $base/lib/flappy_robot --single-version-externally-managed install_data
[1.419s] Level 1:colcon.colcon_core.environment:checking '/home/lyda/ros2_ws/install/flappy_robot' for CMake module files
[1.420s] DEBUG:colcon.colcon_core.event_handler.log_command:Invoked command in '/home/lyda/ros2_ws/src/flappy_robot' returned '0': CMAKE_PREFIX_PATH=/home/lyda/ros2_ws/install/flappy_robot_msgs:/home/lyda/ros2_ws/install/two_wheeled_robot:/home/lyda/dev_ws/install/two_wheeled_robot:/home/lyda/dev_ws/install/my_package_cpp PYTHONPATH=/home/lyda/ros2_ws/build/flappy_robot/prefix_override:/usr/lib/python3/dist-packages/colcon_core/task/python/colcon_distutils_commands:/home/lyda/ros2_ws/install/flappy_robot/lib/python3.10/site-packages:${PYTHONPATH} /usr/bin/python3 -W ignore:setup.py install is deprecated -W ignore:easy_install command is deprecated setup.py egg_info --egg-base ../../build/flappy_robot build --build-base /home/lyda/ros2_ws/build/flappy_robot/build install --record /home/lyda/ros2_ws/build/flappy_robot/install.log --install-scripts $base/lib/flappy_robot --single-version-externally-managed install_data
[1.420s] Level 1:colcon.colcon_core.environment:checking '/home/lyda/ros2_ws/install/flappy_robot' for CMake config files
[1.420s] Level 1:colcon.colcon_core.environment:checking '/home/lyda/ros2_ws/install/flappy_robot/lib'
[1.421s] Level 1:colcon.colcon_core.environment:checking '/home/lyda/ros2_ws/install/flappy_robot/bin'
[1.421s] Level 1:colcon.colcon_core.environment:checking '/home/lyda/ros2_ws/install/flappy_robot/lib/pkgconfig/flappy_robot.pc'
[1.421s] Level 1:colcon.colcon_core.environment:checking '/home/lyda/ros2_ws/install/flappy_robot/lib/python3.10/site-packages'
[1.421s] Level 1:colcon.colcon_core.shell:create_environment_hook('flappy_robot', 'pythonpath')
[1.421s] INFO:colcon.colcon_core.shell:Creating environment hook '/home/lyda/ros2_ws/install/flappy_robot/share/flappy_robot/hook/pythonpath.ps1'
[1.421s] INFO:colcon.colcon_core.shell:Creating environment descriptor '/home/lyda/ros2_ws/install/flappy_robot/share/flappy_robot/hook/pythonpath.dsv'
[1.421s] INFO:colcon.colcon_core.shell:Creating environment hook '/home/lyda/ros2_ws/install/flappy_robot/share/flappy_robot/hook/pythonpath.sh'
[1.422s] Level 1:colcon.colcon_core.environment:checking '/home/lyda/ros2_ws/install/flappy_robot/bin'
[1.422s] Level 1:colcon.colcon_core.environment:create_environment_scripts_only(flappy_robot)
[1.422s] INFO:colcon.colcon_core.shell:Creating package script '/home/lyda/ros2_ws/install/flappy_robot/share/flappy_robot/package.ps1'
[1.422s] INFO:colcon.colcon_core.shell:Creating package descriptor '/home/lyda/ros2_ws/install/flappy_robot/share/flappy_robot/package.dsv'
[1.423s] INFO:colcon.colcon_core.shell:Creating package script '/home/lyda/ros2_ws/install/flappy_robot/share/flappy_robot/package.sh'
[1.423s] INFO:colcon.colcon_core.shell:Creating package script '/home/lyda/ros2_ws/install/flappy_robot/share/flappy_robot/package.bash'
[1.423s] INFO:colcon.colcon_core.shell:Creating package script '/home/lyda/ros2_ws/install/flappy_robot/share/flappy_robot/package.zsh'
[1.423s] Level 1:colcon.colcon_core.environment:create_file_with_runtime_dependencies(/home/lyda/ros2_ws/install/flappy_robot/share/colcon-core/packages/flappy_robot)
[1.424s] DEBUG:colcon.colcon_parallel_executor.executor.parallel:closing loop
[1.424s] DEBUG:colcon.colcon_parallel_executor.executor.parallel:loop closed
[1.424s] DEBUG:colcon.colcon_parallel_executor.executor.parallel:run_until_complete finished with '0'
[1.424s] DEBUG:colcon.colcon_core.event_reactor:joining thread
[1.430s] INFO:colcon.colcon_core.plugin_system:Skipping extension 'colcon_notification.desktop_notification.terminal_notifier': Not used on non-Darwin systems
[1.430s] INFO:colcon.colcon_core.plugin_system:Skipping extension 'colcon_notification.desktop_notification.win32': Not used on non-Windows systems
[1.430s] INFO:colcon.colcon_notification.desktop_notification:Sending desktop notification using 'notify2'
[1.444s] DEBUG:colcon.colcon_core.event_reactor:joined thread
[1.444s] INFO:colcon.colcon_core.shell:Creating prefix script '/home/lyda/ros2_ws/install/local_setup.ps1'
[1.445s] INFO:colcon.colcon_core.shell:Creating prefix util module '/home/lyda/ros2_ws/install/_local_setup_util_ps1.py'
[1.446s] INFO:colcon.colcon_core.shell:Creating prefix chain script '/home/lyda/ros2_ws/install/setup.ps1'
[1.448s] INFO:colcon.colcon_core.shell:Creating prefix script '/home/lyda/ros2_ws/install/local_setup.sh'
[1.448s] INFO:colcon.colcon_core.shell:Creating prefix util module '/home/lyda/ros2_ws/install/_local_setup_util_sh.py'
[1.449s] INFO:colcon.colcon_core.shell:Creating prefix chain script '/home/lyda/ros2_ws/install/setup.sh'
[1.450s] INFO:colcon.colcon_core.shell:Creating prefix script '/home/lyda/ros2_ws/install/local_setup.bash'
[1.450s] INFO:colcon.colcon_core.shell:Creating prefix chain script '/home/lyda/ros2_ws/install/setup.bash'
[1.451s] INFO:colcon.colcon_core.shell:Creating prefix script '/home/lyda/ros2_ws/install/local_setup.zsh'
[1.452s] INFO:colcon.colcon_core.shell:Creating prefix chain script '/home/lyda/ros2_ws/install/setup.zsh'
