[0.060s] DEBUG:colcon:Command line arguments: ['/usr/bin/colcon', 'build']
[0.060s] DEBUG:colcon:Parsed command line arguments: Namespace(log_base=None, log_level=None, verb_name='build', build_base='build', install_base='install', merge_install=False, symlink_install=False, test_result_base=None, continue_on_error=False, executor='parallel', parallel_workers=4, event_handlers=None, ignore_user_meta=False, metas=['./colcon.meta'], base_paths=['.'], packages_ignore=None, packages_ignore_regex=None, paths=None, packages_up_to=None, packages_up_to_regex=None, packages_above=None, packages_above_and_dependencies=None, packages_above_depth=None, packages_select_by_dep=None, packages_skip_by_dep=None, packages_skip_up_to=None, packages_select_build_failed=False, packages_skip_build_finished=False, packages_select_test_failures=False, packages_skip_test_passed=False, packages_select=None, packages_skip=None, packages_select_regex=None, packages_skip_regex=None, packages_start=None, packages_end=None, allow_overriding=[], cmake_args=None, cmake_target=None, cmake_target_skip_unavailable=False, cmake_clean_cache=False, cmake_clean_first=False, cmake_force_configure=False, ament_cmake_args=None, catkin_cmake_args=None, catkin_skip_building_tests=False, mixin_files=None, mixin=None, verb_parser=<colcon_mixin.mixin.mixin_argument.MixinArgumentDecorator object at 0x74605ec670a0>, verb_extension=<colcon_core.verb.build.BuildVerb object at 0x74605ec66aa0>, main=<bound method BuildVerb.main of <colcon_core.verb.build.BuildVerb object at 0x74605ec66aa0>>, mixin_verb=('build',))
[0.149s] Level 1:colcon.colcon_core.package_discovery:discover_packages(colcon_meta) check parameters
[0.149s] Level 1:colcon.colcon_core.package_discovery:discover_packages(recursive) check parameters
[0.149s] Level 1:colcon.colcon_core.package_discovery:discover_packages(ignore) check parameters
[0.149s] Level 1:colcon.colcon_core.package_discovery:discover_packages(path) check parameters
[0.149s] Level 1:colcon.colcon_core.package_discovery:discover_packages(colcon_meta) discover
[0.149s] Level 1:colcon.colcon_core.package_discovery:discover_packages(recursive) discover
[0.149s] INFO:colcon.colcon_core.package_discovery:Crawling recursively for packages in '/home/lyda/ros2_ws'
[0.149s] Level 1:colcon.colcon_core.package_identification:_identify(.) by extensions ['ignore', 'ignore_ament_install']
[0.149s] Level 1:colcon.colcon_core.package_identification:_identify(.) by extension 'ignore'
[0.149s] Level 1:colcon.colcon_core.package_identification:_identify(.) by extension 'ignore_ament_install'
[0.149s] Level 1:colcon.colcon_core.package_identification:_identify(.) by extensions ['colcon_pkg']
[0.149s] Level 1:colcon.colcon_core.package_identification:_identify(.) by extension 'colcon_pkg'
[0.149s] Level 1:colcon.colcon_core.package_identification:_identify(.) by extensions ['colcon_meta']
[0.149s] Level 1:colcon.colcon_core.package_identification:_identify(.) by extension 'colcon_meta'
[0.149s] Level 1:colcon.colcon_core.package_identification:_identify(.) by extensions ['ros']
[0.149s] Level 1:colcon.colcon_core.package_identification:_identify(.) by extension 'ros'
[0.155s] Level 1:colcon.colcon_core.package_identification:_identify(.) by extensions ['cmake', 'python']
[0.156s] Level 1:colcon.colcon_core.package_identification:_identify(.) by extension 'cmake'
[0.156s] Level 1:colcon.colcon_core.package_identification:_identify(.) by extension 'python'
[0.156s] Level 1:colcon.colcon_core.package_identification:_identify(.) by extensions ['python_setup_py']
[0.156s] Level 1:colcon.colcon_core.package_identification:_identify(.) by extension 'python_setup_py'
[0.156s] Level 1:colcon.colcon_core.package_identification:_identify(build) by extensions ['ignore', 'ignore_ament_install']
[0.156s] Level 1:colcon.colcon_core.package_identification:_identify(build) by extension 'ignore'
[0.156s] Level 1:colcon.colcon_core.package_identification:_identify(build) ignored
[0.156s] Level 1:colcon.colcon_core.package_identification:_identify(install) by extensions ['ignore', 'ignore_ament_install']
[0.156s] Level 1:colcon.colcon_core.package_identification:_identify(install) by extension 'ignore'
[0.156s] Level 1:colcon.colcon_core.package_identification:_identify(install) ignored
[0.156s] Level 1:colcon.colcon_core.package_identification:_identify(log) by extensions ['ignore', 'ignore_ament_install']
[0.156s] Level 1:colcon.colcon_core.package_identification:_identify(log) by extension 'ignore'
[0.156s] Level 1:colcon.colcon_core.package_identification:_identify(log) ignored
[0.156s] Level 1:colcon.colcon_core.package_identification:_identify(src) by extensions ['ignore', 'ignore_ament_install']
[0.157s] Level 1:colcon.colcon_core.package_identification:_identify(src) by extension 'ignore'
[0.157s] Level 1:colcon.colcon_core.package_identification:_identify(src) by extension 'ignore_ament_install'
[0.157s] Level 1:colcon.colcon_core.package_identification:_identify(src) by extensions ['colcon_pkg']
[0.157s] Level 1:colcon.colcon_core.package_identification:_identify(src) by extension 'colcon_pkg'
[0.157s] Level 1:colcon.colcon_core.package_identification:_identify(src) by extensions ['colcon_meta']
[0.157s] Level 1:colcon.colcon_core.package_identification:_identify(src) by extension 'colcon_meta'
[0.157s] Level 1:colcon.colcon_core.package_identification:_identify(src) by extensions ['ros']
[0.157s] Level 1:colcon.colcon_core.package_identification:_identify(src) by extension 'ros'
[0.157s] Level 1:colcon.colcon_core.package_identification:_identify(src) by extensions ['cmake', 'python']
[0.157s] Level 1:colcon.colcon_core.package_identification:_identify(src) by extension 'cmake'
[0.157s] Level 1:colcon.colcon_core.package_identification:_identify(src) by extension 'python'
[0.157s] Level 1:colcon.colcon_core.package_identification:_identify(src) by extensions ['python_setup_py']
[0.157s] Level 1:colcon.colcon_core.package_identification:_identify(src) by extension 'python_setup_py'
[0.157s] Level 1:colcon.colcon_core.package_identification:_identify(src/flappy_robot) by extensions ['ignore', 'ignore_ament_install']
[0.157s] Level 1:colcon.colcon_core.package_identification:_identify(src/flappy_robot) by extension 'ignore'
[0.157s] Level 1:colcon.colcon_core.package_identification:_identify(src/flappy_robot) by extension 'ignore_ament_install'
[0.157s] Level 1:colcon.colcon_core.package_identification:_identify(src/flappy_robot) by extensions ['colcon_pkg']
[0.157s] Level 1:colcon.colcon_core.package_identification:_identify(src/flappy_robot) by extension 'colcon_pkg'
[0.157s] Level 1:colcon.colcon_core.package_identification:_identify(src/flappy_robot) by extensions ['colcon_meta']
[0.157s] Level 1:colcon.colcon_core.package_identification:_identify(src/flappy_robot) by extension 'colcon_meta'
[0.157s] Level 1:colcon.colcon_core.package_identification:_identify(src/flappy_robot) by extensions ['ros']
[0.157s] Level 1:colcon.colcon_core.package_identification:_identify(src/flappy_robot) by extension 'ros'
[0.159s] DEBUG:colcon.colcon_core.package_identification:Package 'src/flappy_robot' with type 'ros.ament_python' and name 'flappy_robot'
[0.159s] Level 1:colcon.colcon_core.package_identification:_identify(src/flappy_robot_msgs) by extensions ['ignore', 'ignore_ament_install']
[0.159s] Level 1:colcon.colcon_core.package_identification:_identify(src/flappy_robot_msgs) by extension 'ignore'
[0.159s] Level 1:colcon.colcon_core.package_identification:_identify(src/flappy_robot_msgs) by extension 'ignore_ament_install'
[0.159s] Level 1:colcon.colcon_core.package_identification:_identify(src/flappy_robot_msgs) by extensions ['colcon_pkg']
[0.159s] Level 1:colcon.colcon_core.package_identification:_identify(src/flappy_robot_msgs) by extension 'colcon_pkg'
[0.159s] Level 1:colcon.colcon_core.package_identification:_identify(src/flappy_robot_msgs) by extensions ['colcon_meta']
[0.160s] Level 1:colcon.colcon_core.package_identification:_identify(src/flappy_robot_msgs) by extension 'colcon_meta'
[0.160s] Level 1:colcon.colcon_core.package_identification:_identify(src/flappy_robot_msgs) by extensions ['ros']
[0.160s] Level 1:colcon.colcon_core.package_identification:_identify(src/flappy_robot_msgs) by extension 'ros'
[0.160s] DEBUG:colcon.colcon_core.package_identification:Package 'src/flappy_robot_msgs' with type 'ros.ament_cmake' and name 'flappy_robot_msgs'
[0.160s] Level 1:colcon.colcon_core.package_identification:_identify(src/two_wheeled_robot) by extensions ['ignore', 'ignore_ament_install']
[0.160s] Level 1:colcon.colcon_core.package_identification:_identify(src/two_wheeled_robot) by extension 'ignore'
[0.160s] Level 1:colcon.colcon_core.package_identification:_identify(src/two_wheeled_robot) by extension 'ignore_ament_install'
[0.160s] Level 1:colcon.colcon_core.package_identification:_identify(src/two_wheeled_robot) by extensions ['colcon_pkg']
[0.160s] Level 1:colcon.colcon_core.package_identification:_identify(src/two_wheeled_robot) by extension 'colcon_pkg'
[0.160s] Level 1:colcon.colcon_core.package_identification:_identify(src/two_wheeled_robot) by extensions ['colcon_meta']
[0.160s] Level 1:colcon.colcon_core.package_identification:_identify(src/two_wheeled_robot) by extension 'colcon_meta'
[0.160s] Level 1:colcon.colcon_core.package_identification:_identify(src/two_wheeled_robot) by extensions ['ros']
[0.160s] Level 1:colcon.colcon_core.package_identification:_identify(src/two_wheeled_robot) by extension 'ros'
[0.161s] DEBUG:colcon.colcon_core.package_identification:Package 'src/two_wheeled_robot' with type 'ros.ament_cmake' and name 'two_wheeled_robot'
[0.161s] Level 1:colcon.colcon_core.package_discovery:discover_packages(recursive) using defaults
[0.161s] Level 1:colcon.colcon_core.package_discovery:discover_packages(ignore) discover
[0.161s] Level 1:colcon.colcon_core.package_discovery:discover_packages(ignore) using defaults
[0.161s] Level 1:colcon.colcon_core.package_discovery:discover_packages(path) discover
[0.161s] Level 1:colcon.colcon_core.package_discovery:discover_packages(path) using defaults
[0.179s] Level 1:colcon.colcon_core.package_discovery:discover_packages(prefix_path) check parameters
[0.179s] Level 1:colcon.colcon_core.package_discovery:discover_packages(prefix_path) discover
[0.180s] DEBUG:colcon.colcon_installed_package_information.package_discovery:Found 3 installed packages in /home/lyda/ros2_ws/install
[0.181s] DEBUG:colcon.colcon_installed_package_information.package_discovery:Found 3 installed packages in /home/lyda/dev_ws/install
[0.181s] DEBUG:colcon.colcon_installed_package_information.package_discovery:Found 344 installed packages in /opt/ros/humble
[0.182s] Level 1:colcon.colcon_core.package_discovery:discover_packages(prefix_path) using defaults
[0.206s] Level 5:colcon.colcon_core.verb:set package 'flappy_robot_msgs' build argument 'cmake_args' from command line to 'None'
[0.206s] Level 5:colcon.colcon_core.verb:set package 'flappy_robot_msgs' build argument 'cmake_target' from command line to 'None'
[0.206s] Level 5:colcon.colcon_core.verb:set package 'flappy_robot_msgs' build argument 'cmake_target_skip_unavailable' from command line to 'False'
[0.206s] Level 5:colcon.colcon_core.verb:set package 'flappy_robot_msgs' build argument 'cmake_clean_cache' from command line to 'False'
[0.206s] Level 5:colcon.colcon_core.verb:set package 'flappy_robot_msgs' build argument 'cmake_clean_first' from command line to 'False'
[0.207s] Level 5:colcon.colcon_core.verb:set package 'flappy_robot_msgs' build argument 'cmake_force_configure' from command line to 'False'
[0.207s] Level 5:colcon.colcon_core.verb:set package 'flappy_robot_msgs' build argument 'ament_cmake_args' from command line to 'None'
[0.207s] Level 5:colcon.colcon_core.verb:set package 'flappy_robot_msgs' build argument 'catkin_cmake_args' from command line to 'None'
[0.207s] Level 5:colcon.colcon_core.verb:set package 'flappy_robot_msgs' build argument 'catkin_skip_building_tests' from command line to 'False'
[0.207s] DEBUG:colcon.colcon_core.verb:Building package 'flappy_robot_msgs' with the following arguments: {'ament_cmake_args': None, 'build_base': '/home/lyda/ros2_ws/build/flappy_robot_msgs', 'catkin_cmake_args': None, 'catkin_skip_building_tests': False, 'cmake_args': None, 'cmake_clean_cache': False, 'cmake_clean_first': False, 'cmake_force_configure': False, 'cmake_target': None, 'cmake_target_skip_unavailable': False, 'install_base': '/home/lyda/ros2_ws/install/flappy_robot_msgs', 'merge_install': False, 'path': '/home/lyda/ros2_ws/src/flappy_robot_msgs', 'symlink_install': False, 'test_result_base': None}
[0.207s] Level 5:colcon.colcon_core.verb:set package 'two_wheeled_robot' build argument 'cmake_args' from command line to 'None'
[0.207s] Level 5:colcon.colcon_core.verb:set package 'two_wheeled_robot' build argument 'cmake_target' from command line to 'None'
[0.207s] Level 5:colcon.colcon_core.verb:set package 'two_wheeled_robot' build argument 'cmake_target_skip_unavailable' from command line to 'False'
[0.207s] Level 5:colcon.colcon_core.verb:set package 'two_wheeled_robot' build argument 'cmake_clean_cache' from command line to 'False'
[0.207s] Level 5:colcon.colcon_core.verb:set package 'two_wheeled_robot' build argument 'cmake_clean_first' from command line to 'False'
[0.207s] Level 5:colcon.colcon_core.verb:set package 'two_wheeled_robot' build argument 'cmake_force_configure' from command line to 'False'
[0.207s] Level 5:colcon.colcon_core.verb:set package 'two_wheeled_robot' build argument 'ament_cmake_args' from command line to 'None'
[0.207s] Level 5:colcon.colcon_core.verb:set package 'two_wheeled_robot' build argument 'catkin_cmake_args' from command line to 'None'
[0.207s] Level 5:colcon.colcon_core.verb:set package 'two_wheeled_robot' build argument 'catkin_skip_building_tests' from command line to 'False'
[0.207s] DEBUG:colcon.colcon_core.verb:Building package 'two_wheeled_robot' with the following arguments: {'ament_cmake_args': None, 'build_base': '/home/lyda/ros2_ws/build/two_wheeled_robot', 'catkin_cmake_args': None, 'catkin_skip_building_tests': False, 'cmake_args': None, 'cmake_clean_cache': False, 'cmake_clean_first': False, 'cmake_force_configure': False, 'cmake_target': None, 'cmake_target_skip_unavailable': False, 'install_base': '/home/lyda/ros2_ws/install/two_wheeled_robot', 'merge_install': False, 'path': '/home/lyda/ros2_ws/src/two_wheeled_robot', 'symlink_install': False, 'test_result_base': None}
[0.208s] Level 5:colcon.colcon_core.verb:set package 'flappy_robot' build argument 'cmake_args' from command line to 'None'
[0.208s] Level 5:colcon.colcon_core.verb:set package 'flappy_robot' build argument 'cmake_target' from command line to 'None'
[0.208s] Level 5:colcon.colcon_core.verb:set package 'flappy_robot' build argument 'cmake_target_skip_unavailable' from command line to 'False'
[0.208s] Level 5:colcon.colcon_core.verb:set package 'flappy_robot' build argument 'cmake_clean_cache' from command line to 'False'
[0.208s] Level 5:colcon.colcon_core.verb:set package 'flappy_robot' build argument 'cmake_clean_first' from command line to 'False'
[0.208s] Level 5:colcon.colcon_core.verb:set package 'flappy_robot' build argument 'cmake_force_configure' from command line to 'False'
[0.208s] Level 5:colcon.colcon_core.verb:set package 'flappy_robot' build argument 'ament_cmake_args' from command line to 'None'
[0.208s] Level 5:colcon.colcon_core.verb:set package 'flappy_robot' build argument 'catkin_cmake_args' from command line to 'None'
[0.208s] Level 5:colcon.colcon_core.verb:set package 'flappy_robot' build argument 'catkin_skip_building_tests' from command line to 'False'
[0.208s] DEBUG:colcon.colcon_core.verb:Building package 'flappy_robot' with the following arguments: {'ament_cmake_args': None, 'build_base': '/home/lyda/ros2_ws/build/flappy_robot', 'catkin_cmake_args': None, 'catkin_skip_building_tests': False, 'cmake_args': None, 'cmake_clean_cache': False, 'cmake_clean_first': False, 'cmake_force_configure': False, 'cmake_target': None, 'cmake_target_skip_unavailable': False, 'install_base': '/home/lyda/ros2_ws/install/flappy_robot', 'merge_install': False, 'path': '/home/lyda/ros2_ws/src/flappy_robot', 'symlink_install': False, 'test_result_base': None}
[0.208s] INFO:colcon.colcon_core.executor:Executing jobs using 'parallel' executor
[0.209s] DEBUG:colcon.colcon_parallel_executor.executor.parallel:run_until_complete
[0.209s] INFO:colcon.colcon_ros.task.ament_cmake.build:Building ROS package in '/home/lyda/ros2_ws/src/flappy_robot_msgs' with build type 'ament_cmake'
[0.210s] INFO:colcon.colcon_cmake.task.cmake.build:Building CMake package in '/home/lyda/ros2_ws/src/flappy_robot_msgs'
[0.211s] INFO:colcon.colcon_core.plugin_system:Skipping extension 'colcon_core.shell.bat': Not used on non-Windows systems
[0.211s] INFO:colcon.colcon_core.shell:Skip shell extension 'powershell' for command environment: Not usable outside of PowerShell
[0.211s] DEBUG:colcon.colcon_core.shell:Skip shell extension 'dsv' for command environment
[0.214s] INFO:colcon.colcon_ros.task.ament_cmake.build:Building ROS package in '/home/lyda/ros2_ws/src/two_wheeled_robot' with build type 'ament_cmake'
[0.215s] INFO:colcon.colcon_cmake.task.cmake.build:Building CMake package in '/home/lyda/ros2_ws/src/two_wheeled_robot'
[0.215s] INFO:colcon.colcon_core.shell:Skip shell extension 'powershell' for command environment: Not usable outside of PowerShell
[0.215s] DEBUG:colcon.colcon_core.shell:Skip shell extension 'dsv' for command environment
[0.221s] DEBUG:colcon.colcon_core.event_handler.log_command:Invoking command in '/home/lyda/ros2_ws/build/flappy_robot_msgs': CMAKE_PREFIX_PATH=${CMAKE_PREFIX_PATH}:/home/lyda/ros2_ws/install/flappy_robot:/home/lyda/dev_ws/install/my_package_py:/opt/ros/humble /usr/bin/cmake --build /home/lyda/ros2_ws/build/flappy_robot_msgs -- -j4 -l4
[0.225s] DEBUG:colcon.colcon_core.event_handler.log_command:Invoking command in '/home/lyda/ros2_ws/build/two_wheeled_robot': CMAKE_PREFIX_PATH=${CMAKE_PREFIX_PATH}:/home/lyda/ros2_ws/install/flappy_robot:/home/lyda/dev_ws/install/my_package_py:/opt/ros/humble /usr/bin/cmake --build /home/lyda/ros2_ws/build/two_wheeled_robot -- -j4 -l4
[0.257s] DEBUG:colcon.colcon_core.event_handler.log_command:Invoked command in '/home/lyda/ros2_ws/build/two_wheeled_robot' returned '0': CMAKE_PREFIX_PATH=${CMAKE_PREFIX_PATH}:/home/lyda/ros2_ws/install/flappy_robot:/home/lyda/dev_ws/install/my_package_py:/opt/ros/humble /usr/bin/cmake --build /home/lyda/ros2_ws/build/two_wheeled_robot -- -j4 -l4
[0.263s] DEBUG:colcon.colcon_core.event_handler.log_command:Invoking command in '/home/lyda/ros2_ws/build/two_wheeled_robot': CMAKE_PREFIX_PATH=${CMAKE_PREFIX_PATH}:/home/lyda/ros2_ws/install/flappy_robot:/home/lyda/dev_ws/install/my_package_py:/opt/ros/humble /usr/bin/cmake --install /home/lyda/ros2_ws/build/two_wheeled_robot
[0.272s] Level 1:colcon.colcon_core.environment:create_environment_scripts_only(two_wheeled_robot)
[0.273s] Level 1:colcon.colcon_core.environment:checking '/home/lyda/ros2_ws/install/two_wheeled_robot' for CMake module files
[0.273s] Level 1:colcon.colcon_core.environment:checking '/home/lyda/ros2_ws/install/two_wheeled_robot' for CMake config files
[0.273s] Level 1:colcon.colcon_core.shell:create_environment_hook('two_wheeled_robot', 'cmake_prefix_path')
[0.274s] INFO:colcon.colcon_core.shell:Creating environment hook '/home/lyda/ros2_ws/install/two_wheeled_robot/share/two_wheeled_robot/hook/cmake_prefix_path.ps1'
[0.274s] INFO:colcon.colcon_core.shell:Creating environment descriptor '/home/lyda/ros2_ws/install/two_wheeled_robot/share/two_wheeled_robot/hook/cmake_prefix_path.dsv'
[0.275s] INFO:colcon.colcon_core.shell:Creating environment hook '/home/lyda/ros2_ws/install/two_wheeled_robot/share/two_wheeled_robot/hook/cmake_prefix_path.sh'
[0.275s] Level 1:colcon.colcon_core.environment:checking '/home/lyda/ros2_ws/install/two_wheeled_robot/bin'
[0.275s] Level 1:colcon.colcon_core.environment:checking '/home/lyda/ros2_ws/install/two_wheeled_robot/lib/pkgconfig/two_wheeled_robot.pc'
[0.276s] Level 1:colcon.colcon_core.environment:checking '/home/lyda/ros2_ws/install/two_wheeled_robot/lib/python3.10/site-packages'
[0.276s] Level 1:colcon.colcon_core.environment:checking '/home/lyda/ros2_ws/install/two_wheeled_robot/bin'
[0.276s] INFO:colcon.colcon_core.shell:Creating package script '/home/lyda/ros2_ws/install/two_wheeled_robot/share/two_wheeled_robot/package.ps1'
[0.277s] INFO:colcon.colcon_core.shell:Creating package descriptor '/home/lyda/ros2_ws/install/two_wheeled_robot/share/two_wheeled_robot/package.dsv'
[0.277s] INFO:colcon.colcon_core.shell:Creating package script '/home/lyda/ros2_ws/install/two_wheeled_robot/share/two_wheeled_robot/package.sh'
[0.278s] INFO:colcon.colcon_core.shell:Creating package script '/home/lyda/ros2_ws/install/two_wheeled_robot/share/two_wheeled_robot/package.bash'
[0.278s] INFO:colcon.colcon_core.shell:Creating package script '/home/lyda/ros2_ws/install/two_wheeled_robot/share/two_wheeled_robot/package.zsh'
[0.279s] Level 1:colcon.colcon_core.environment:create_file_with_runtime_dependencies(/home/lyda/ros2_ws/install/two_wheeled_robot/share/colcon-core/packages/two_wheeled_robot)
[0.279s] DEBUG:colcon.colcon_core.event_handler.log_command:Invoked command in '/home/lyda/ros2_ws/build/two_wheeled_robot' returned '0': CMAKE_PREFIX_PATH=${CMAKE_PREFIX_PATH}:/home/lyda/ros2_ws/install/flappy_robot:/home/lyda/dev_ws/install/my_package_py:/opt/ros/humble /usr/bin/cmake --install /home/lyda/ros2_ws/build/two_wheeled_robot
[0.279s] Level 1:colcon.colcon_core.environment:create_environment_scripts_only(two_wheeled_robot)
[0.280s] Level 1:colcon.colcon_core.environment:checking '/home/lyda/ros2_ws/install/two_wheeled_robot' for CMake module files
[0.280s] Level 1:colcon.colcon_core.environment:checking '/home/lyda/ros2_ws/install/two_wheeled_robot' for CMake config files
[0.280s] Level 1:colcon.colcon_core.shell:create_environment_hook('two_wheeled_robot', 'cmake_prefix_path')
[0.280s] INFO:colcon.colcon_core.shell:Creating environment hook '/home/lyda/ros2_ws/install/two_wheeled_robot/share/two_wheeled_robot/hook/cmake_prefix_path.ps1'
[0.280s] INFO:colcon.colcon_core.shell:Creating environment descriptor '/home/lyda/ros2_ws/install/two_wheeled_robot/share/two_wheeled_robot/hook/cmake_prefix_path.dsv'
[0.281s] INFO:colcon.colcon_core.shell:Creating environment hook '/home/lyda/ros2_ws/install/two_wheeled_robot/share/two_wheeled_robot/hook/cmake_prefix_path.sh'
[0.281s] Level 1:colcon.colcon_core.environment:checking '/home/lyda/ros2_ws/install/two_wheeled_robot/bin'
[0.282s] Level 1:colcon.colcon_core.environment:checking '/home/lyda/ros2_ws/install/two_wheeled_robot/lib/pkgconfig/two_wheeled_robot.pc'
[0.282s] Level 1:colcon.colcon_core.environment:checking '/home/lyda/ros2_ws/install/two_wheeled_robot/lib/python3.10/site-packages'
[0.282s] Level 1:colcon.colcon_core.environment:checking '/home/lyda/ros2_ws/install/two_wheeled_robot/bin'
[0.282s] INFO:colcon.colcon_core.shell:Creating package script '/home/lyda/ros2_ws/install/two_wheeled_robot/share/two_wheeled_robot/package.ps1'
[0.282s] INFO:colcon.colcon_core.shell:Creating package descriptor '/home/lyda/ros2_ws/install/two_wheeled_robot/share/two_wheeled_robot/package.dsv'
[0.283s] INFO:colcon.colcon_core.shell:Creating package script '/home/lyda/ros2_ws/install/two_wheeled_robot/share/two_wheeled_robot/package.sh'
[0.283s] INFO:colcon.colcon_core.shell:Creating package script '/home/lyda/ros2_ws/install/two_wheeled_robot/share/two_wheeled_robot/package.bash'
[0.284s] INFO:colcon.colcon_core.shell:Creating package script '/home/lyda/ros2_ws/install/two_wheeled_robot/share/two_wheeled_robot/package.zsh'
[0.284s] Level 1:colcon.colcon_core.environment:create_file_with_runtime_dependencies(/home/lyda/ros2_ws/install/two_wheeled_robot/share/colcon-core/packages/two_wheeled_robot)
[0.429s] DEBUG:colcon.colcon_core.event_handler.log_command:Invoked command in '/home/lyda/ros2_ws/build/flappy_robot_msgs' returned '0': CMAKE_PREFIX_PATH=${CMAKE_PREFIX_PATH}:/home/lyda/ros2_ws/install/flappy_robot:/home/lyda/dev_ws/install/my_package_py:/opt/ros/humble /usr/bin/cmake --build /home/lyda/ros2_ws/build/flappy_robot_msgs -- -j4 -l4
[0.430s] DEBUG:colcon.colcon_core.event_handler.log_command:Invoking command in '/home/lyda/ros2_ws/build/flappy_robot_msgs': CMAKE_PREFIX_PATH=${CMAKE_PREFIX_PATH}:/home/lyda/ros2_ws/install/flappy_robot:/home/lyda/dev_ws/install/my_package_py:/opt/ros/humble /usr/bin/cmake --install /home/lyda/ros2_ws/build/flappy_robot_msgs
[0.460s] Level 1:colcon.colcon_core.environment:create_environment_scripts_only(flappy_robot_msgs)
[0.460s] Level 1:colcon.colcon_core.environment:checking '/home/lyda/ros2_ws/install/flappy_robot_msgs' for CMake module files
[0.460s] DEBUG:colcon.colcon_core.event_handler.log_command:Invoked command in '/home/lyda/ros2_ws/build/flappy_robot_msgs' returned '0': CMAKE_PREFIX_PATH=${CMAKE_PREFIX_PATH}:/home/lyda/ros2_ws/install/flappy_robot:/home/lyda/dev_ws/install/my_package_py:/opt/ros/humble /usr/bin/cmake --install /home/lyda/ros2_ws/build/flappy_robot_msgs
[0.461s] Level 1:colcon.colcon_core.environment:checking '/home/lyda/ros2_ws/install/flappy_robot_msgs' for CMake config files
[0.461s] Level 1:colcon.colcon_core.shell:create_environment_hook('flappy_robot_msgs', 'cmake_prefix_path')
[0.461s] INFO:colcon.colcon_core.shell:Creating environment hook '/home/lyda/ros2_ws/install/flappy_robot_msgs/share/flappy_robot_msgs/hook/cmake_prefix_path.ps1'
[0.461s] INFO:colcon.colcon_core.shell:Creating environment descriptor '/home/lyda/ros2_ws/install/flappy_robot_msgs/share/flappy_robot_msgs/hook/cmake_prefix_path.dsv'
[0.462s] INFO:colcon.colcon_core.shell:Creating environment hook '/home/lyda/ros2_ws/install/flappy_robot_msgs/share/flappy_robot_msgs/hook/cmake_prefix_path.sh'
[0.462s] Level 1:colcon.colcon_core.environment:checking '/home/lyda/ros2_ws/install/flappy_robot_msgs/lib'
[0.462s] Level 1:colcon.colcon_core.shell:create_environment_hook('flappy_robot_msgs', 'ld_library_path_lib')
[0.462s] INFO:colcon.colcon_core.shell:Creating environment hook '/home/lyda/ros2_ws/install/flappy_robot_msgs/share/flappy_robot_msgs/hook/ld_library_path_lib.ps1'
[0.462s] INFO:colcon.colcon_core.shell:Creating environment descriptor '/home/lyda/ros2_ws/install/flappy_robot_msgs/share/flappy_robot_msgs/hook/ld_library_path_lib.dsv'
[0.463s] INFO:colcon.colcon_core.shell:Creating environment hook '/home/lyda/ros2_ws/install/flappy_robot_msgs/share/flappy_robot_msgs/hook/ld_library_path_lib.sh'
[0.463s] Level 1:colcon.colcon_core.environment:checking '/home/lyda/ros2_ws/install/flappy_robot_msgs/bin'
[0.463s] Level 1:colcon.colcon_core.environment:checking '/home/lyda/ros2_ws/install/flappy_robot_msgs/lib/pkgconfig/flappy_robot_msgs.pc'
[0.463s] Level 1:colcon.colcon_core.environment:checking '/home/lyda/ros2_ws/install/flappy_robot_msgs/lib/python3.10/site-packages'
[0.463s] Level 1:colcon.colcon_core.environment:checking '/home/lyda/ros2_ws/install/flappy_robot_msgs/bin'
[0.464s] INFO:colcon.colcon_core.shell:Creating package script '/home/lyda/ros2_ws/install/flappy_robot_msgs/share/flappy_robot_msgs/package.ps1'
[0.464s] INFO:colcon.colcon_core.shell:Creating package descriptor '/home/lyda/ros2_ws/install/flappy_robot_msgs/share/flappy_robot_msgs/package.dsv'
[0.464s] INFO:colcon.colcon_core.shell:Creating package script '/home/lyda/ros2_ws/install/flappy_robot_msgs/share/flappy_robot_msgs/package.sh'
[0.465s] INFO:colcon.colcon_core.shell:Creating package script '/home/lyda/ros2_ws/install/flappy_robot_msgs/share/flappy_robot_msgs/package.bash'
[0.465s] INFO:colcon.colcon_core.shell:Creating package script '/home/lyda/ros2_ws/install/flappy_robot_msgs/share/flappy_robot_msgs/package.zsh'
[0.466s] Level 1:colcon.colcon_core.environment:create_file_with_runtime_dependencies(/home/lyda/ros2_ws/install/flappy_robot_msgs/share/colcon-core/packages/flappy_robot_msgs)
[0.466s] Level 1:colcon.colcon_core.environment:create_environment_scripts_only(flappy_robot_msgs)
[0.466s] Level 1:colcon.colcon_core.environment:checking '/home/lyda/ros2_ws/install/flappy_robot_msgs' for CMake module files
[0.466s] Level 1:colcon.colcon_core.environment:checking '/home/lyda/ros2_ws/install/flappy_robot_msgs' for CMake config files
[0.467s] Level 1:colcon.colcon_core.shell:create_environment_hook('flappy_robot_msgs', 'cmake_prefix_path')
[0.467s] INFO:colcon.colcon_core.shell:Creating environment hook '/home/lyda/ros2_ws/install/flappy_robot_msgs/share/flappy_robot_msgs/hook/cmake_prefix_path.ps1'
[0.467s] INFO:colcon.colcon_core.shell:Creating environment descriptor '/home/lyda/ros2_ws/install/flappy_robot_msgs/share/flappy_robot_msgs/hook/cmake_prefix_path.dsv'
[0.467s] INFO:colcon.colcon_core.shell:Creating environment hook '/home/lyda/ros2_ws/install/flappy_robot_msgs/share/flappy_robot_msgs/hook/cmake_prefix_path.sh'
[0.468s] Level 1:colcon.colcon_core.environment:checking '/home/lyda/ros2_ws/install/flappy_robot_msgs/lib'
[0.468s] Level 1:colcon.colcon_core.shell:create_environment_hook('flappy_robot_msgs', 'ld_library_path_lib')
[0.468s] INFO:colcon.colcon_core.shell:Creating environment hook '/home/lyda/ros2_ws/install/flappy_robot_msgs/share/flappy_robot_msgs/hook/ld_library_path_lib.ps1'
[0.468s] INFO:colcon.colcon_core.shell:Creating environment descriptor '/home/lyda/ros2_ws/install/flappy_robot_msgs/share/flappy_robot_msgs/hook/ld_library_path_lib.dsv'
[0.469s] INFO:colcon.colcon_core.shell:Creating environment hook '/home/lyda/ros2_ws/install/flappy_robot_msgs/share/flappy_robot_msgs/hook/ld_library_path_lib.sh'
[0.469s] Level 1:colcon.colcon_core.environment:checking '/home/lyda/ros2_ws/install/flappy_robot_msgs/bin'
[0.469s] Level 1:colcon.colcon_core.environment:checking '/home/lyda/ros2_ws/install/flappy_robot_msgs/lib/pkgconfig/flappy_robot_msgs.pc'
[0.469s] Level 1:colcon.colcon_core.environment:checking '/home/lyda/ros2_ws/install/flappy_robot_msgs/lib/python3.10/site-packages'
[0.470s] Level 1:colcon.colcon_core.environment:checking '/home/lyda/ros2_ws/install/flappy_robot_msgs/bin'
[0.470s] INFO:colcon.colcon_core.shell:Creating package script '/home/lyda/ros2_ws/install/flappy_robot_msgs/share/flappy_robot_msgs/package.ps1'
[0.470s] INFO:colcon.colcon_core.shell:Creating package descriptor '/home/lyda/ros2_ws/install/flappy_robot_msgs/share/flappy_robot_msgs/package.dsv'
[0.471s] INFO:colcon.colcon_core.shell:Creating package script '/home/lyda/ros2_ws/install/flappy_robot_msgs/share/flappy_robot_msgs/package.sh'
[0.471s] INFO:colcon.colcon_core.shell:Creating package script '/home/lyda/ros2_ws/install/flappy_robot_msgs/share/flappy_robot_msgs/package.bash'
[0.471s] INFO:colcon.colcon_core.shell:Creating package script '/home/lyda/ros2_ws/install/flappy_robot_msgs/share/flappy_robot_msgs/package.zsh'
[0.472s] Level 1:colcon.colcon_core.environment:create_file_with_runtime_dependencies(/home/lyda/ros2_ws/install/flappy_robot_msgs/share/colcon-core/packages/flappy_robot_msgs)
[0.472s] INFO:colcon.colcon_ros.task.ament_python.build:Building ROS package in '/home/lyda/ros2_ws/src/flappy_robot' with build type 'ament_python'
[0.472s] Level 1:colcon.colcon_core.shell:create_environment_hook('flappy_robot', 'ament_prefix_path')
[0.472s] INFO:colcon.colcon_core.shell:Creating environment hook '/home/lyda/ros2_ws/install/flappy_robot/share/flappy_robot/hook/ament_prefix_path.ps1'
[0.473s] INFO:colcon.colcon_core.shell:Creating environment descriptor '/home/lyda/ros2_ws/install/flappy_robot/share/flappy_robot/hook/ament_prefix_path.dsv'
[0.473s] INFO:colcon.colcon_core.shell:Creating environment hook '/home/lyda/ros2_ws/install/flappy_robot/share/flappy_robot/hook/ament_prefix_path.sh'
[0.474s] INFO:colcon.colcon_core.shell:Skip shell extension 'powershell' for command environment: Not usable outside of PowerShell
[0.474s] DEBUG:colcon.colcon_core.shell:Skip shell extension 'dsv' for command environment
[0.596s] INFO:colcon.colcon_core.task.python.build:Building Python package in '/home/lyda/ros2_ws/src/flappy_robot'
[0.597s] INFO:colcon.colcon_core.shell:Skip shell extension 'powershell' for command environment: Not usable outside of PowerShell
[0.597s] DEBUG:colcon.colcon_core.shell:Skip shell extension 'dsv' for command environment
[0.763s] DEBUG:colcon.colcon_core.task.python.build:Available setuptools commands: build_ext, bdist_rpm, symlink_data, develop, test, install_scripts, check, sdist, bdist_wheel, build_py, install_data, alias, install_lib, clean, upload_docs, install, easy_install, dist_info, build, register, egg_info, build_clib, upload, install_headers, setopt, saveopts, bdist_dumb, bdist, rotate, bdist_egg, build_scripts, install_egg_info
[0.765s] DEBUG:colcon.colcon_core.event_handler.log_command:Invoking command in '/home/lyda/ros2_ws/src/flappy_robot': CMAKE_PREFIX_PATH=/home/lyda/ros2_ws/install/flappy_robot_msgs:/home/lyda/ros2_ws/install/two_wheeled_robot:/home/lyda/dev_ws/install/two_wheeled_robot:/home/lyda/dev_ws/install/my_package_cpp PYTHONPATH=/home/lyda/ros2_ws/build/flappy_robot/prefix_override:/usr/lib/python3/dist-packages/colcon_core/task/python/colcon_distutils_commands:/home/lyda/ros2_ws/install/flappy_robot/lib/python3.10/site-packages:${PYTHONPATH} /usr/bin/python3 -W ignore:setup.py install is deprecated -W ignore:easy_install command is deprecated setup.py egg_info --egg-base ../../build/flappy_robot build --build-base /home/lyda/ros2_ws/build/flappy_robot/build install --record /home/lyda/ros2_ws/build/flappy_robot/install.log --install-scripts $base/lib/flappy_robot --single-version-externally-managed install_data
[0.898s] Level 1:colcon.colcon_core.environment:checking '/home/lyda/ros2_ws/install/flappy_robot' for CMake module files
[0.899s] DEBUG:colcon.colcon_core.event_handler.log_command:Invoked command in '/home/lyda/ros2_ws/src/flappy_robot' returned '0': CMAKE_PREFIX_PATH=/home/lyda/ros2_ws/install/flappy_robot_msgs:/home/lyda/ros2_ws/install/two_wheeled_robot:/home/lyda/dev_ws/install/two_wheeled_robot:/home/lyda/dev_ws/install/my_package_cpp PYTHONPATH=/home/lyda/ros2_ws/build/flappy_robot/prefix_override:/usr/lib/python3/dist-packages/colcon_core/task/python/colcon_distutils_commands:/home/lyda/ros2_ws/install/flappy_robot/lib/python3.10/site-packages:${PYTHONPATH} /usr/bin/python3 -W ignore:setup.py install is deprecated -W ignore:easy_install command is deprecated setup.py egg_info --egg-base ../../build/flappy_robot build --build-base /home/lyda/ros2_ws/build/flappy_robot/build install --record /home/lyda/ros2_ws/build/flappy_robot/install.log --install-scripts $base/lib/flappy_robot --single-version-externally-managed install_data
[0.899s] Level 1:colcon.colcon_core.environment:checking '/home/lyda/ros2_ws/install/flappy_robot' for CMake config files
[0.899s] Level 1:colcon.colcon_core.environment:checking '/home/lyda/ros2_ws/install/flappy_robot/lib'
[0.899s] Level 1:colcon.colcon_core.environment:checking '/home/lyda/ros2_ws/install/flappy_robot/bin'
[0.899s] Level 1:colcon.colcon_core.environment:checking '/home/lyda/ros2_ws/install/flappy_robot/lib/pkgconfig/flappy_robot.pc'
[0.899s] Level 1:colcon.colcon_core.environment:checking '/home/lyda/ros2_ws/install/flappy_robot/lib/python3.10/site-packages'
[0.899s] Level 1:colcon.colcon_core.shell:create_environment_hook('flappy_robot', 'pythonpath')
[0.900s] INFO:colcon.colcon_core.shell:Creating environment hook '/home/lyda/ros2_ws/install/flappy_robot/share/flappy_robot/hook/pythonpath.ps1'
[0.900s] INFO:colcon.colcon_core.shell:Creating environment descriptor '/home/lyda/ros2_ws/install/flappy_robot/share/flappy_robot/hook/pythonpath.dsv'
[0.900s] INFO:colcon.colcon_core.shell:Creating environment hook '/home/lyda/ros2_ws/install/flappy_robot/share/flappy_robot/hook/pythonpath.sh'
[0.901s] Level 1:colcon.colcon_core.environment:checking '/home/lyda/ros2_ws/install/flappy_robot/bin'
[0.901s] Level 1:colcon.colcon_core.environment:create_environment_scripts_only(flappy_robot)
[0.901s] INFO:colcon.colcon_core.shell:Creating package script '/home/lyda/ros2_ws/install/flappy_robot/share/flappy_robot/package.ps1'
[0.901s] INFO:colcon.colcon_core.shell:Creating package descriptor '/home/lyda/ros2_ws/install/flappy_robot/share/flappy_robot/package.dsv'
[0.902s] INFO:colcon.colcon_core.shell:Creating package script '/home/lyda/ros2_ws/install/flappy_robot/share/flappy_robot/package.sh'
[0.902s] INFO:colcon.colcon_core.shell:Creating package script '/home/lyda/ros2_ws/install/flappy_robot/share/flappy_robot/package.bash'
[0.902s] INFO:colcon.colcon_core.shell:Creating package script '/home/lyda/ros2_ws/install/flappy_robot/share/flappy_robot/package.zsh'
[0.903s] Level 1:colcon.colcon_core.environment:create_file_with_runtime_dependencies(/home/lyda/ros2_ws/install/flappy_robot/share/colcon-core/packages/flappy_robot)
[0.903s] DEBUG:colcon.colcon_parallel_executor.executor.parallel:closing loop
[0.903s] DEBUG:colcon.colcon_parallel_executor.executor.parallel:loop closed
[0.903s] DEBUG:colcon.colcon_parallel_executor.executor.parallel:run_until_complete finished with '0'
[0.903s] DEBUG:colcon.colcon_core.event_reactor:joining thread
[0.907s] INFO:colcon.colcon_core.plugin_system:Skipping extension 'colcon_notification.desktop_notification.terminal_notifier': Not used on non-Darwin systems
[0.907s] INFO:colcon.colcon_core.plugin_system:Skipping extension 'colcon_notification.desktop_notification.win32': Not used on non-Windows systems
[0.907s] INFO:colcon.colcon_notification.desktop_notification:Sending desktop notification using 'notify2'
[0.915s] DEBUG:colcon.colcon_core.event_reactor:joined thread
[0.915s] INFO:colcon.colcon_core.shell:Creating prefix script '/home/lyda/ros2_ws/install/local_setup.ps1'
[0.916s] INFO:colcon.colcon_core.shell:Creating prefix util module '/home/lyda/ros2_ws/install/_local_setup_util_ps1.py'
[0.917s] INFO:colcon.colcon_core.shell:Creating prefix chain script '/home/lyda/ros2_ws/install/setup.ps1'
[0.918s] INFO:colcon.colcon_core.shell:Creating prefix script '/home/lyda/ros2_ws/install/local_setup.sh'
[0.918s] INFO:colcon.colcon_core.shell:Creating prefix util module '/home/lyda/ros2_ws/install/_local_setup_util_sh.py'
[0.918s] INFO:colcon.colcon_core.shell:Creating prefix chain script '/home/lyda/ros2_ws/install/setup.sh'
[0.919s] INFO:colcon.colcon_core.shell:Creating prefix script '/home/lyda/ros2_ws/install/local_setup.bash'
[0.919s] INFO:colcon.colcon_core.shell:Creating prefix chain script '/home/lyda/ros2_ws/install/setup.bash'
[0.920s] INFO:colcon.colcon_core.shell:Creating prefix script '/home/lyda/ros2_ws/install/local_setup.zsh'
[0.920s] INFO:colcon.colcon_core.shell:Creating prefix chain script '/home/lyda/ros2_ws/install/setup.zsh'
