[0.504s] Invoking command in '/home/chiv/ros2_ws/src/flappy_robot': AMENT_PREFIX_PATH=/home/chiv/ros2_ws/install/flappy_robot_msgs:${AMENT_PREFIX_PATH} CMAKE_PREFIX_PATH=/home/chiv/ros2_ws/install/flappy_robot_msgs LD_LIBRARY_PATH=/home/chiv/ros2_ws/install/flappy_robot_msgs/lib:${LD_LIBRARY_PATH} PYTHONPATH=/home/chiv/ros2_ws/build/flappy_robot/prefix_override:/usr/lib/python3/dist-packages/colcon_core/task/python/colcon_distutils_commands:/home/chiv/ros2_ws/install/flappy_robot/lib/python3.10/site-packages:/home/chiv/ros2_ws/install/flappy_robot_msgs/lib/python3.12/site-packages:${PYTHONPATH} /usr/bin/python3 -W ignore:setup.py install is deprecated -W ignore:easy_install command is deprecated setup.py egg_info --egg-base ../../build/flappy_robot build --build-base /home/chiv/ros2_ws/build/flappy_robot/build install --record /home/chiv/ros2_ws/build/flappy_robot/install.log --single-version-externally-managed install_data
[0.660s] running egg_info
[0.660s] writing ../../build/flappy_robot/flappy_robot.egg-info/PKG-INFO
[0.662s] writing dependency_links to ../../build/flappy_robot/flappy_robot.egg-info/dependency_links.txt
[0.662s] writing entry points to ../../build/flappy_robot/flappy_robot.egg-info/entry_points.txt
[0.662s] writing requirements to ../../build/flappy_robot/flappy_robot.egg-info/requires.txt
[0.662s] writing top-level names to ../../build/flappy_robot/flappy_robot.egg-info/top_level.txt
[0.662s] reading manifest file '../../build/flappy_robot/flappy_robot.egg-info/SOURCES.txt'
[0.663s] writing manifest file '../../build/flappy_robot/flappy_robot.egg-info/SOURCES.txt'
[0.664s] running build
[0.664s] running build_py
[0.664s] running install
[0.664s] running install_lib
[0.664s] creating /home/chiv/ros2_ws/install/flappy_robot/lib/python3.10/site-packages/flappy_robot
[0.665s] copying /home/chiv/ros2_ws/build/flappy_robot/build/lib/flappy_robot/visualization.py -> /home/chiv/ros2_ws/install/flappy_robot/lib/python3.10/site-packages/flappy_robot
[0.665s] copying /home/chiv/ros2_ws/build/flappy_robot/build/lib/flappy_robot/game_window.py -> /home/chiv/ros2_ws/install/flappy_robot/lib/python3.10/site-packages/flappy_robot
[0.665s] copying /home/chiv/ros2_ws/build/flappy_robot/build/lib/flappy_robot/__init__.py -> /home/chiv/ros2_ws/install/flappy_robot/lib/python3.10/site-packages/flappy_robot
[0.665s] copying /home/chiv/ros2_ws/build/flappy_robot/build/lib/flappy_robot/game_logic.py -> /home/chiv/ros2_ws/install/flappy_robot/lib/python3.10/site-packages/flappy_robot
[0.666s] copying /home/chiv/ros2_ws/build/flappy_robot/build/lib/flappy_robot/keyboard_controller.py -> /home/chiv/ros2_ws/install/flappy_robot/lib/python3.10/site-packages/flappy_robot
[0.668s] byte-compiling /home/chiv/ros2_ws/install/flappy_robot/lib/python3.10/site-packages/flappy_robot/visualization.py to visualization.cpython-310.pyc
[0.668s] byte-compiling /home/chiv/ros2_ws/install/flappy_robot/lib/python3.10/site-packages/flappy_robot/game_window.py to game_window.cpython-310.pyc
[0.668s] byte-compiling /home/chiv/ros2_ws/install/flappy_robot/lib/python3.10/site-packages/flappy_robot/__init__.py to __init__.cpython-310.pyc
[0.669s] byte-compiling /home/chiv/ros2_ws/install/flappy_robot/lib/python3.10/site-packages/flappy_robot/game_logic.py to game_logic.cpython-310.pyc
[0.669s] byte-compiling /home/chiv/ros2_ws/install/flappy_robot/lib/python3.10/site-packages/flappy_robot/keyboard_controller.py to keyboard_controller.cpython-310.pyc
[0.669s] running install_data
[0.669s] running install_egg_info
[0.670s] Copying ../../build/flappy_robot/flappy_robot.egg-info to /home/chiv/ros2_ws/install/flappy_robot/lib/python3.10/site-packages/flappy_robot-0.0.1-py3.10.egg-info
[0.671s] running install_scripts
[0.686s] Installing game_logic script to /home/chiv/ros2_ws/install/flappy_robot/lib/flappy_robot
[0.686s] Installing game_window script to /home/chiv/ros2_ws/install/flappy_robot/lib/flappy_robot
[0.686s] Installing keyboard_controller script to /home/chiv/ros2_ws/install/flappy_robot/lib/flappy_robot
[0.686s] Installing visualization script to /home/chiv/ros2_ws/install/flappy_robot/lib/flappy_robot
[0.686s] writing list of installed files to '/home/chiv/ros2_ws/build/flappy_robot/install.log'
[0.704s] Invoked command in '/home/chiv/ros2_ws/src/flappy_robot' returned '0': AMENT_PREFIX_PATH=/home/chiv/ros2_ws/install/flappy_robot_msgs:${AMENT_PREFIX_PATH} CMAKE_PREFIX_PATH=/home/chiv/ros2_ws/install/flappy_robot_msgs LD_LIBRARY_PATH=/home/chiv/ros2_ws/install/flappy_robot_msgs/lib:${LD_LIBRARY_PATH} PYTHONPATH=/home/chiv/ros2_ws/build/flappy_robot/prefix_override:/usr/lib/python3/dist-packages/colcon_core/task/python/colcon_distutils_commands:/home/chiv/ros2_ws/install/flappy_robot/lib/python3.10/site-packages:/home/chiv/ros2_ws/install/flappy_robot_msgs/lib/python3.12/site-packages:${PYTHONPATH} /usr/bin/python3 -W ignore:setup.py install is deprecated -W ignore:easy_install command is deprecated setup.py egg_info --egg-base ../../build/flappy_robot build --build-base /home/chiv/ros2_ws/build/flappy_robot/build install --record /home/chiv/ros2_ws/build/flappy_robot/install.log --single-version-externally-managed install_data
