[0.009s] Invoking command in '/home/lyda/ros2_ws/build/flappy_robot_msgs': CMAKE_PREFIX_PATH=${CMAKE_PREFIX_PATH}:/home/lyda/ros2_ws/install/flappy_robot:/home/lyda/dev_ws/install/my_package_py:/opt/ros/humble /usr/bin/cmake --build /home/lyda/ros2_ws/build/flappy_robot_msgs -- -j4 -l4
[0.058s] [  9%] Built target flappy_robot_msgs__rosidl_generator_c
[0.059s] [ 12%] Built target flappy_robot_msgs__rs
[0.064s] [ 15%] Built target flappy_robot_msgs__cpp
[0.066s] [ 15%] Built target ament_cmake_python_copy_flappy_robot_msgs
[0.076s] [ 25%] Built target flappy_robot_msgs__rosidl_typesupport_fastrtps_c
[0.080s] [ 34%] Built target flappy_robot_msgs__rosidl_typesupport_c
[0.084s] [ 43%] Built target flappy_robot_msgs__rosidl_typesupport_introspection_c
[0.085s] [ 53%] Built target flappy_robot_msgs__rosidl_typesupport_fastrtps_cpp
[0.105s] [ 71%] Built target flappy_robot_msgs__rosidl_typesupport_introspection_cpp
[0.105s] [ 68%] Built target flappy_robot_msgs__rosidl_typesupport_cpp
[0.123s] [ 71%] Built target flappy_robot_msgs
[0.140s] [ 75%] Built target flappy_robot_msgs__py
[0.158s] [ 81%] Built target flappy_robot_msgs__rosidl_generator_py
[0.175s] [ 87%] Built target flappy_robot_msgs__rosidl_typesupport_introspection_c__pyext
[0.176s] [ 93%] Built target flappy_robot_msgs__rosidl_typesupport_fastrtps_c__pyext
[0.176s] [100%] Built target flappy_robot_msgs__rosidl_typesupport_c__pyext
[0.211s] running egg_info
[0.211s] writing flappy_robot_msgs.egg-info/PKG-INFO
[0.212s] writing dependency_links to flappy_robot_msgs.egg-info/dependency_links.txt
[0.212s] writing top-level names to flappy_robot_msgs.egg-info/top_level.txt
[0.213s] reading manifest file 'flappy_robot_msgs.egg-info/SOURCES.txt'
[0.214s] writing manifest file 'flappy_robot_msgs.egg-info/SOURCES.txt'
[0.230s] [100%] Built target ament_cmake_python_build_flappy_robot_msgs_egg
[0.239s] Invoked command in '/home/lyda/ros2_ws/build/flappy_robot_msgs' returned '0': CMAKE_PREFIX_PATH=${CMAKE_PREFIX_PATH}:/home/lyda/ros2_ws/install/flappy_robot:/home/lyda/dev_ws/install/my_package_py:/opt/ros/humble /usr/bin/cmake --build /home/lyda/ros2_ws/build/flappy_robot_msgs -- -j4 -l4
[0.240s] Invoking command in '/home/lyda/ros2_ws/build/flappy_robot_msgs': CMAKE_PREFIX_PATH=${CMAKE_PREFIX_PATH}:/home/lyda/ros2_ws/install/flappy_robot:/home/lyda/dev_ws/install/my_package_py:/opt/ros/humble /usr/bin/cmake --install /home/lyda/ros2_ws/build/flappy_robot_msgs
[0.244s] -- Install configuration: ""
[0.245s] -- Up-to-date: /home/lyda/ros2_ws/install/flappy_robot_msgs/share/ament_index/resource_index/rosidl_interfaces/flappy_robot_msgs
[0.245s] -- Up-to-date: /home/lyda/ros2_ws/install/flappy_robot_msgs/include/flappy_robot_msgs/flappy_robot_msgs
[0.245s] -- Up-to-date: /home/lyda/ros2_ws/install/flappy_robot_msgs/include/flappy_robot_msgs/flappy_robot_msgs/msg
[0.245s] -- Up-to-date: /home/lyda/ros2_ws/install/flappy_robot_msgs/include/flappy_robot_msgs/flappy_robot_msgs/msg/flappy_status.h
[0.245s] -- Up-to-date: /home/lyda/ros2_ws/install/flappy_robot_msgs/include/flappy_robot_msgs/flappy_robot_msgs/msg/detail
[0.245s] -- Up-to-date: /home/lyda/ros2_ws/install/flappy_robot_msgs/include/flappy_robot_msgs/flappy_robot_msgs/msg/detail/flappy_status__functions.h
[0.245s] -- Up-to-date: /home/lyda/ros2_ws/install/flappy_robot_msgs/include/flappy_robot_msgs/flappy_robot_msgs/msg/detail/flappy_status__functions.c
[0.245s] -- Up-to-date: /home/lyda/ros2_ws/install/flappy_robot_msgs/include/flappy_robot_msgs/flappy_robot_msgs/msg/detail/flappy_status__struct.h
[0.245s] -- Up-to-date: /home/lyda/ros2_ws/install/flappy_robot_msgs/include/flappy_robot_msgs/flappy_robot_msgs/msg/detail/flappy_status__type_support.h
[0.245s] -- Up-to-date: /home/lyda/ros2_ws/install/flappy_robot_msgs/include/flappy_robot_msgs/flappy_robot_msgs/msg/rosidl_generator_c__visibility_control.h
[0.245s] -- Up-to-date: /home/lyda/ros2_ws/install/flappy_robot_msgs/share/flappy_robot_msgs/environment/library_path.sh
[0.245s] -- Up-to-date: /home/lyda/ros2_ws/install/flappy_robot_msgs/share/flappy_robot_msgs/environment/library_path.dsv
[0.245s] -- Up-to-date: /home/lyda/ros2_ws/install/flappy_robot_msgs/lib/libflappy_robot_msgs__rosidl_generator_c.so
[0.245s] -- Up-to-date: /home/lyda/ros2_ws/install/flappy_robot_msgs/include/flappy_robot_msgs/flappy_robot_msgs
[0.246s] -- Up-to-date: /home/lyda/ros2_ws/install/flappy_robot_msgs/include/flappy_robot_msgs/flappy_robot_msgs/msg
[0.246s] -- Up-to-date: /home/lyda/ros2_ws/install/flappy_robot_msgs/include/flappy_robot_msgs/flappy_robot_msgs/msg/detail
[0.246s] -- Up-to-date: /home/lyda/ros2_ws/install/flappy_robot_msgs/include/flappy_robot_msgs/flappy_robot_msgs/msg/detail/flappy_status__rosidl_typesupport_fastrtps_c.h
[0.246s] -- Up-to-date: /home/lyda/ros2_ws/install/flappy_robot_msgs/include/flappy_robot_msgs/flappy_robot_msgs/msg/rosidl_typesupport_fastrtps_c__visibility_control.h
[0.246s] -- Up-to-date: /home/lyda/ros2_ws/install/flappy_robot_msgs/lib/libflappy_robot_msgs__rosidl_typesupport_fastrtps_c.so
[0.246s] -- Up-to-date: /home/lyda/ros2_ws/install/flappy_robot_msgs/include/flappy_robot_msgs/flappy_robot_msgs
[0.246s] -- Up-to-date: /home/lyda/ros2_ws/install/flappy_robot_msgs/include/flappy_robot_msgs/flappy_robot_msgs/msg
[0.246s] -- Up-to-date: /home/lyda/ros2_ws/install/flappy_robot_msgs/include/flappy_robot_msgs/flappy_robot_msgs/msg/detail
[0.246s] -- Up-to-date: /home/lyda/ros2_ws/install/flappy_robot_msgs/include/flappy_robot_msgs/flappy_robot_msgs/msg/detail/flappy_status__rosidl_typesupport_introspection_c.h
[0.246s] -- Up-to-date: /home/lyda/ros2_ws/install/flappy_robot_msgs/include/flappy_robot_msgs/flappy_robot_msgs/msg/detail/flappy_status__type_support.c
[0.246s] -- Up-to-date: /home/lyda/ros2_ws/install/flappy_robot_msgs/include/flappy_robot_msgs/flappy_robot_msgs/msg/rosidl_typesupport_introspection_c__visibility_control.h
[0.246s] -- Up-to-date: /home/lyda/ros2_ws/install/flappy_robot_msgs/lib/libflappy_robot_msgs__rosidl_typesupport_introspection_c.so
[0.247s] -- Up-to-date: /home/lyda/ros2_ws/install/flappy_robot_msgs/lib/libflappy_robot_msgs__rosidl_typesupport_c.so
[0.247s] -- Up-to-date: /home/lyda/ros2_ws/install/flappy_robot_msgs/include/flappy_robot_msgs/flappy_robot_msgs
[0.247s] -- Up-to-date: /home/lyda/ros2_ws/install/flappy_robot_msgs/include/flappy_robot_msgs/flappy_robot_msgs/msg
[0.247s] -- Up-to-date: /home/lyda/ros2_ws/install/flappy_robot_msgs/include/flappy_robot_msgs/flappy_robot_msgs/msg/rosidl_generator_cpp__visibility_control.hpp
[0.247s] -- Up-to-date: /home/lyda/ros2_ws/install/flappy_robot_msgs/include/flappy_robot_msgs/flappy_robot_msgs/msg/detail
[0.247s] -- Up-to-date: /home/lyda/ros2_ws/install/flappy_robot_msgs/include/flappy_robot_msgs/flappy_robot_msgs/msg/detail/flappy_status__traits.hpp
[0.247s] -- Up-to-date: /home/lyda/ros2_ws/install/flappy_robot_msgs/include/flappy_robot_msgs/flappy_robot_msgs/msg/detail/flappy_status__struct.hpp
[0.247s] -- Up-to-date: /home/lyda/ros2_ws/install/flappy_robot_msgs/include/flappy_robot_msgs/flappy_robot_msgs/msg/detail/flappy_status__builder.hpp
[0.247s] -- Up-to-date: /home/lyda/ros2_ws/install/flappy_robot_msgs/include/flappy_robot_msgs/flappy_robot_msgs/msg/detail/flappy_status__type_support.hpp
[0.247s] -- Up-to-date: /home/lyda/ros2_ws/install/flappy_robot_msgs/include/flappy_robot_msgs/flappy_robot_msgs/msg/flappy_status.hpp
[0.247s] -- Up-to-date: /home/lyda/ros2_ws/install/flappy_robot_msgs/include/flappy_robot_msgs/flappy_robot_msgs
[0.247s] -- Up-to-date: /home/lyda/ros2_ws/install/flappy_robot_msgs/include/flappy_robot_msgs/flappy_robot_msgs/msg
[0.247s] -- Up-to-date: /home/lyda/ros2_ws/install/flappy_robot_msgs/include/flappy_robot_msgs/flappy_robot_msgs/msg/detail
[0.247s] -- Up-to-date: /home/lyda/ros2_ws/install/flappy_robot_msgs/include/flappy_robot_msgs/flappy_robot_msgs/msg/detail/flappy_status__rosidl_typesupport_fastrtps_cpp.hpp
[0.247s] -- Up-to-date: /home/lyda/ros2_ws/install/flappy_robot_msgs/include/flappy_robot_msgs/flappy_robot_msgs/msg/detail/dds_fastrtps
[0.247s] -- Up-to-date: /home/lyda/ros2_ws/install/flappy_robot_msgs/include/flappy_robot_msgs/flappy_robot_msgs/msg/rosidl_typesupport_fastrtps_cpp__visibility_control.h
[0.247s] -- Up-to-date: /home/lyda/ros2_ws/install/flappy_robot_msgs/lib/libflappy_robot_msgs__rosidl_typesupport_fastrtps_cpp.so
[0.248s] -- Up-to-date: /home/lyda/ros2_ws/install/flappy_robot_msgs/include/flappy_robot_msgs/flappy_robot_msgs
[0.248s] -- Up-to-date: /home/lyda/ros2_ws/install/flappy_robot_msgs/include/flappy_robot_msgs/flappy_robot_msgs/msg
[0.248s] -- Up-to-date: /home/lyda/ros2_ws/install/flappy_robot_msgs/include/flappy_robot_msgs/flappy_robot_msgs/msg/detail
[0.248s] -- Up-to-date: /home/lyda/ros2_ws/install/flappy_robot_msgs/include/flappy_robot_msgs/flappy_robot_msgs/msg/detail/flappy_status__type_support.cpp
[0.248s] -- Up-to-date: /home/lyda/ros2_ws/install/flappy_robot_msgs/include/flappy_robot_msgs/flappy_robot_msgs/msg/detail/flappy_status__rosidl_typesupport_introspection_cpp.hpp
[0.248s] -- Up-to-date: /home/lyda/ros2_ws/install/flappy_robot_msgs/lib/libflappy_robot_msgs__rosidl_typesupport_introspection_cpp.so
[0.248s] -- Up-to-date: /home/lyda/ros2_ws/install/flappy_robot_msgs/lib/libflappy_robot_msgs__rosidl_typesupport_cpp.so
[0.248s] -- Up-to-date: /home/lyda/ros2_ws/install/flappy_robot_msgs/share/flappy_robot_msgs/environment/pythonpath.sh
[0.248s] -- Up-to-date: /home/lyda/ros2_ws/install/flappy_robot_msgs/share/flappy_robot_msgs/environment/pythonpath.dsv
[0.248s] -- Up-to-date: /home/lyda/ros2_ws/install/flappy_robot_msgs/local/lib/python3.10/dist-packages/flappy_robot_msgs-0.0.1-py3.10.egg-info
[0.248s] -- Installing: /home/lyda/ros2_ws/install/flappy_robot_msgs/local/lib/python3.10/dist-packages/flappy_robot_msgs-0.0.1-py3.10.egg-info/dependency_links.txt
[0.248s] -- Installing: /home/lyda/ros2_ws/install/flappy_robot_msgs/local/lib/python3.10/dist-packages/flappy_robot_msgs-0.0.1-py3.10.egg-info/PKG-INFO
[0.248s] -- Installing: /home/lyda/ros2_ws/install/flappy_robot_msgs/local/lib/python3.10/dist-packages/flappy_robot_msgs-0.0.1-py3.10.egg-info/SOURCES.txt
[0.249s] -- Installing: /home/lyda/ros2_ws/install/flappy_robot_msgs/local/lib/python3.10/dist-packages/flappy_robot_msgs-0.0.1-py3.10.egg-info/top_level.txt
[0.249s] -- Up-to-date: /home/lyda/ros2_ws/install/flappy_robot_msgs/local/lib/python3.10/dist-packages/flappy_robot_msgs
[0.249s] -- Up-to-date: /home/lyda/ros2_ws/install/flappy_robot_msgs/local/lib/python3.10/dist-packages/flappy_robot_msgs/flappy_robot_msgs_s__rosidl_typesupport_fastrtps_c.cpython-310-x86_64-linux-gnu.so
[0.249s] -- Up-to-date: /home/lyda/ros2_ws/install/flappy_robot_msgs/local/lib/python3.10/dist-packages/flappy_robot_msgs/flappy_robot_msgs_s__rosidl_typesupport_introspection_c.cpython-310-x86_64-linux-gnu.so
[0.249s] -- Up-to-date: /home/lyda/ros2_ws/install/flappy_robot_msgs/local/lib/python3.10/dist-packages/flappy_robot_msgs/libflappy_robot_msgs__rosidl_generator_py.so
[0.249s] -- Up-to-date: /home/lyda/ros2_ws/install/flappy_robot_msgs/local/lib/python3.10/dist-packages/flappy_robot_msgs/msg
[0.249s] -- Up-to-date: /home/lyda/ros2_ws/install/flappy_robot_msgs/local/lib/python3.10/dist-packages/flappy_robot_msgs/msg/_flappy_status_s.c
[0.249s] -- Up-to-date: /home/lyda/ros2_ws/install/flappy_robot_msgs/local/lib/python3.10/dist-packages/flappy_robot_msgs/msg/_flappy_status.py
[0.249s] -- Up-to-date: /home/lyda/ros2_ws/install/flappy_robot_msgs/local/lib/python3.10/dist-packages/flappy_robot_msgs/msg/__init__.py
[0.249s] -- Up-to-date: /home/lyda/ros2_ws/install/flappy_robot_msgs/local/lib/python3.10/dist-packages/flappy_robot_msgs/flappy_robot_msgs_s__rosidl_typesupport_c.cpython-310-x86_64-linux-gnu.so
[0.249s] -- Up-to-date: /home/lyda/ros2_ws/install/flappy_robot_msgs/local/lib/python3.10/dist-packages/flappy_robot_msgs/_flappy_robot_msgs_s.ep.rosidl_typesupport_c.c
[0.249s] -- Up-to-date: /home/lyda/ros2_ws/install/flappy_robot_msgs/local/lib/python3.10/dist-packages/flappy_robot_msgs/__init__.py
[0.249s] -- Up-to-date: /home/lyda/ros2_ws/install/flappy_robot_msgs/local/lib/python3.10/dist-packages/flappy_robot_msgs/_flappy_robot_msgs_s.ep.rosidl_typesupport_introspection_c.c
[0.249s] -- Up-to-date: /home/lyda/ros2_ws/install/flappy_robot_msgs/local/lib/python3.10/dist-packages/flappy_robot_msgs/_flappy_robot_msgs_s.ep.rosidl_typesupport_fastrtps_c.c
[0.267s] Listing '/home/lyda/ros2_ws/install/flappy_robot_msgs/local/lib/python3.10/dist-packages/flappy_robot_msgs'...
[0.267s] Listing '/home/lyda/ros2_ws/install/flappy_robot_msgs/local/lib/python3.10/dist-packages/flappy_robot_msgs/msg'...
[0.270s] -- Up-to-date: /home/lyda/ros2_ws/install/flappy_robot_msgs/local/lib/python3.10/dist-packages/flappy_robot_msgs/flappy_robot_msgs_s__rosidl_typesupport_fastrtps_c.cpython-310-x86_64-linux-gnu.so
[0.270s] -- Up-to-date: /home/lyda/ros2_ws/install/flappy_robot_msgs/local/lib/python3.10/dist-packages/flappy_robot_msgs/flappy_robot_msgs_s__rosidl_typesupport_introspection_c.cpython-310-x86_64-linux-gnu.so
[0.270s] -- Up-to-date: /home/lyda/ros2_ws/install/flappy_robot_msgs/local/lib/python3.10/dist-packages/flappy_robot_msgs/flappy_robot_msgs_s__rosidl_typesupport_c.cpython-310-x86_64-linux-gnu.so
[0.270s] -- Up-to-date: /home/lyda/ros2_ws/install/flappy_robot_msgs/lib/libflappy_robot_msgs__rosidl_generator_py.so
[0.270s] -- Up-to-date: /home/lyda/ros2_ws/install/flappy_robot_msgs/share/ament_index/resource_index/rust_packages/flappy_robot_msgs
[0.271s] -- Up-to-date: /home/lyda/ros2_ws/install/flappy_robot_msgs/share/flappy_robot_msgs/rust
[0.271s] -- Up-to-date: /home/lyda/ros2_ws/install/flappy_robot_msgs/share/flappy_robot_msgs/rust/build.rs
[0.271s] -- Up-to-date: /home/lyda/ros2_ws/install/flappy_robot_msgs/share/flappy_robot_msgs/rust/src
[0.271s] -- Up-to-date: /home/lyda/ros2_ws/install/flappy_robot_msgs/share/flappy_robot_msgs/rust/src/msg
[0.271s] -- Up-to-date: /home/lyda/ros2_ws/install/flappy_robot_msgs/share/flappy_robot_msgs/rust/src/msg/rmw.rs
[0.271s] -- Up-to-date: /home/lyda/ros2_ws/install/flappy_robot_msgs/share/flappy_robot_msgs/rust/src/lib.rs
[0.271s] -- Up-to-date: /home/lyda/ros2_ws/install/flappy_robot_msgs/share/flappy_robot_msgs/rust/src/msg.rs
[0.271s] -- Up-to-date: /home/lyda/ros2_ws/install/flappy_robot_msgs/share/flappy_robot_msgs/rust/Cargo.toml
[0.271s] -- Up-to-date: /home/lyda/ros2_ws/install/flappy_robot_msgs/share/flappy_robot_msgs/msg/FlappyStatus.idl
[0.271s] -- Up-to-date: /home/lyda/ros2_ws/install/flappy_robot_msgs/share/flappy_robot_msgs/msg/FlappyStatus.msg
[0.271s] -- Up-to-date: /home/lyda/ros2_ws/install/flappy_robot_msgs/share/ament_index/resource_index/package_run_dependencies/flappy_robot_msgs
[0.271s] -- Up-to-date: /home/lyda/ros2_ws/install/flappy_robot_msgs/share/ament_index/resource_index/parent_prefix_path/flappy_robot_msgs
[0.271s] -- Up-to-date: /home/lyda/ros2_ws/install/flappy_robot_msgs/share/flappy_robot_msgs/environment/ament_prefix_path.sh
[0.271s] -- Up-to-date: /home/lyda/ros2_ws/install/flappy_robot_msgs/share/flappy_robot_msgs/environment/ament_prefix_path.dsv
[0.271s] -- Up-to-date: /home/lyda/ros2_ws/install/flappy_robot_msgs/share/flappy_robot_msgs/environment/path.sh
[0.271s] -- Up-to-date: /home/lyda/ros2_ws/install/flappy_robot_msgs/share/flappy_robot_msgs/environment/path.dsv
[0.271s] -- Up-to-date: /home/lyda/ros2_ws/install/flappy_robot_msgs/share/flappy_robot_msgs/local_setup.bash
[0.271s] -- Up-to-date: /home/lyda/ros2_ws/install/flappy_robot_msgs/share/flappy_robot_msgs/local_setup.sh
[0.271s] -- Up-to-date: /home/lyda/ros2_ws/install/flappy_robot_msgs/share/flappy_robot_msgs/local_setup.zsh
[0.271s] -- Up-to-date: /home/lyda/ros2_ws/install/flappy_robot_msgs/share/flappy_robot_msgs/local_setup.dsv
[0.271s] -- Installing: /home/lyda/ros2_ws/install/flappy_robot_msgs/share/flappy_robot_msgs/package.dsv
[0.271s] -- Up-to-date: /home/lyda/ros2_ws/install/flappy_robot_msgs/share/ament_index/resource_index/packages/flappy_robot_msgs
[0.271s] -- Up-to-date: /home/lyda/ros2_ws/install/flappy_robot_msgs/share/flappy_robot_msgs/cmake/export_flappy_robot_msgs__rosidl_generator_cExport.cmake
[0.271s] -- Up-to-date: /home/lyda/ros2_ws/install/flappy_robot_msgs/share/flappy_robot_msgs/cmake/export_flappy_robot_msgs__rosidl_generator_cExport-noconfig.cmake
[0.272s] -- Up-to-date: /home/lyda/ros2_ws/install/flappy_robot_msgs/share/flappy_robot_msgs/cmake/export_flappy_robot_msgs__rosidl_typesupport_fastrtps_cExport.cmake
[0.272s] -- Up-to-date: /home/lyda/ros2_ws/install/flappy_robot_msgs/share/flappy_robot_msgs/cmake/export_flappy_robot_msgs__rosidl_typesupport_fastrtps_cExport-noconfig.cmake
[0.272s] -- Up-to-date: /home/lyda/ros2_ws/install/flappy_robot_msgs/share/flappy_robot_msgs/cmake/flappy_robot_msgs__rosidl_typesupport_introspection_cExport.cmake
[0.272s] -- Up-to-date: /home/lyda/ros2_ws/install/flappy_robot_msgs/share/flappy_robot_msgs/cmake/flappy_robot_msgs__rosidl_typesupport_introspection_cExport-noconfig.cmake
[0.272s] -- Up-to-date: /home/lyda/ros2_ws/install/flappy_robot_msgs/share/flappy_robot_msgs/cmake/flappy_robot_msgs__rosidl_typesupport_cExport.cmake
[0.272s] -- Up-to-date: /home/lyda/ros2_ws/install/flappy_robot_msgs/share/flappy_robot_msgs/cmake/flappy_robot_msgs__rosidl_typesupport_cExport-noconfig.cmake
[0.272s] -- Up-to-date: /home/lyda/ros2_ws/install/flappy_robot_msgs/share/flappy_robot_msgs/cmake/export_flappy_robot_msgs__rosidl_generator_cppExport.cmake
[0.272s] -- Up-to-date: /home/lyda/ros2_ws/install/flappy_robot_msgs/share/flappy_robot_msgs/cmake/export_flappy_robot_msgs__rosidl_typesupport_fastrtps_cppExport.cmake
[0.272s] -- Up-to-date: /home/lyda/ros2_ws/install/flappy_robot_msgs/share/flappy_robot_msgs/cmake/export_flappy_robot_msgs__rosidl_typesupport_fastrtps_cppExport-noconfig.cmake
[0.272s] -- Up-to-date: /home/lyda/ros2_ws/install/flappy_robot_msgs/share/flappy_robot_msgs/cmake/flappy_robot_msgs__rosidl_typesupport_introspection_cppExport.cmake
[0.272s] -- Up-to-date: /home/lyda/ros2_ws/install/flappy_robot_msgs/share/flappy_robot_msgs/cmake/flappy_robot_msgs__rosidl_typesupport_introspection_cppExport-noconfig.cmake
[0.272s] -- Up-to-date: /home/lyda/ros2_ws/install/flappy_robot_msgs/share/flappy_robot_msgs/cmake/flappy_robot_msgs__rosidl_typesupport_cppExport.cmake
[0.272s] -- Up-to-date: /home/lyda/ros2_ws/install/flappy_robot_msgs/share/flappy_robot_msgs/cmake/flappy_robot_msgs__rosidl_typesupport_cppExport-noconfig.cmake
[0.272s] -- Up-to-date: /home/lyda/ros2_ws/install/flappy_robot_msgs/share/flappy_robot_msgs/cmake/export_flappy_robot_msgs__rosidl_generator_pyExport.cmake
[0.272s] -- Up-to-date: /home/lyda/ros2_ws/install/flappy_robot_msgs/share/flappy_robot_msgs/cmake/export_flappy_robot_msgs__rosidl_generator_pyExport-noconfig.cmake
[0.272s] -- Up-to-date: /home/lyda/ros2_ws/install/flappy_robot_msgs/share/flappy_robot_msgs/cmake/rosidl_cmake-extras.cmake
[0.272s] -- Up-to-date: /home/lyda/ros2_ws/install/flappy_robot_msgs/share/flappy_robot_msgs/cmake/ament_cmake_export_include_directories-extras.cmake
[0.272s] -- Up-to-date: /home/lyda/ros2_ws/install/flappy_robot_msgs/share/flappy_robot_msgs/cmake/ament_cmake_export_libraries-extras.cmake
[0.273s] -- Up-to-date: /home/lyda/ros2_ws/install/flappy_robot_msgs/share/flappy_robot_msgs/cmake/ament_cmake_export_targets-extras.cmake
[0.273s] -- Up-to-date: /home/lyda/ros2_ws/install/flappy_robot_msgs/share/flappy_robot_msgs/cmake/rosidl_cmake_export_typesupport_targets-extras.cmake
[0.273s] -- Up-to-date: /home/lyda/ros2_ws/install/flappy_robot_msgs/share/flappy_robot_msgs/cmake/ament_cmake_export_dependencies-extras.cmake
[0.273s] -- Up-to-date: /home/lyda/ros2_ws/install/flappy_robot_msgs/share/flappy_robot_msgs/cmake/rosidl_cmake_export_typesupport_libraries-extras.cmake
[0.273s] -- Up-to-date: /home/lyda/ros2_ws/install/flappy_robot_msgs/share/flappy_robot_msgs/cmake/flappy_robot_msgsConfig.cmake
[0.273s] -- Up-to-date: /home/lyda/ros2_ws/install/flappy_robot_msgs/share/flappy_robot_msgs/cmake/flappy_robot_msgsConfig-version.cmake
[0.273s] -- Up-to-date: /home/lyda/ros2_ws/install/flappy_robot_msgs/share/flappy_robot_msgs/package.xml
[0.275s] Invoked command in '/home/lyda/ros2_ws/build/flappy_robot_msgs' returned '0': CMAKE_PREFIX_PATH=${CMAKE_PREFIX_PATH}:/home/lyda/ros2_ws/install/flappy_robot:/home/lyda/dev_ws/install/my_package_py:/opt/ros/humble /usr/bin/cmake --install /home/lyda/ros2_ws/build/flappy_robot_msgs
