running egg_info
writing ../../build/flappy_robot/flappy_robot.egg-info/PKG-INFO
writing dependency_links to ../../build/flappy_robot/flappy_robot.egg-info/dependency_links.txt
writing entry points to ../../build/flappy_robot/flappy_robot.egg-info/entry_points.txt
writing requirements to ../../build/flappy_robot/flappy_robot.egg-info/requires.txt
writing top-level names to ../../build/flappy_robot/flappy_robot.egg-info/top_level.txt
reading manifest file '../../build/flappy_robot/flappy_robot.egg-info/SOURCES.txt'
writing manifest file '../../build/flappy_robot/flappy_robot.egg-info/SOURCES.txt'
running build
running build_py
copying flappy_robot/game_window.py -> /home/chiv/ros2_ws/build/flappy_robot/build/lib/flappy_robot
running install
running install_lib
copying /home/chiv/ros2_ws/build/flappy_robot/build/lib/flappy_robot/game_window.py -> /home/chiv/ros2_ws/install/flappy_robot/lib/python3.12/site-packages/flappy_robot
byte-compiling /home/chiv/ros2_ws/install/flappy_robot/lib/python3.12/site-packages/flappy_robot/game_window.py to game_window.cpython-312.pyc
running install_data
running install_egg_info
removing '/home/chiv/ros2_ws/install/flappy_robot/lib/python3.12/site-packages/flappy_robot-0.0.1-py3.12.egg-info' (and everything under it)
Copying ../../build/flappy_robot/flappy_robot.egg-info to /home/chiv/ros2_ws/install/flappy_robot/lib/python3.12/site-packages/flappy_robot-0.0.1-py3.12.egg-info
running install_scripts
Installing game_logic script to /home/chiv/ros2_ws/install/flappy_robot/lib/flappy_robot
Installing game_window script to /home/chiv/ros2_ws/install/flappy_robot/lib/flappy_robot
Installing keyboard_controller script to /home/chiv/ros2_ws/install/flappy_robot/lib/flappy_robot
Installing visualization script to /home/chiv/ros2_ws/install/flappy_robot/lib/flappy_robot
writing list of installed files to '/home/chiv/ros2_ws/build/flappy_robot/install.log'
