[0.891s] Invoking command in '/home/chiv/ros2_ws/src/flappy_robot': DEBUGINFOD_URLS=https://debuginfod.ubuntu.com PYTHONPATH=/home/chiv/ros2_ws/build/flappy_robot/prefix_override:/usr/lib/python3/dist-packages/colcon_core/task/python/colcon_distutils_commands:/home/chiv/ros2_ws/install/flappy_robot/lib/python3.12/site-packages:${PYTHONPATH} /usr/bin/python3 -W ignore:setup.py install is deprecated -W ignore:easy_install command is deprecated setup.py egg_info --egg-base ../../build/flappy_robot build --build-base /home/chiv/ros2_ws/build/flappy_robot/build install --record /home/chiv/ros2_ws/build/flappy_robot/install.log --single-version-externally-managed install_data
[1.185s] running egg_info
[1.201s] writing ../../build/flappy_robot/flappy_robot.egg-info/PKG-INFO
[1.201s] writing dependency_links to ../../build/flappy_robot/flappy_robot.egg-info/dependency_links.txt
[1.202s] writing entry points to ../../build/flappy_robot/flappy_robot.egg-info/entry_points.txt
[1.203s] writing requirements to ../../build/flappy_robot/flappy_robot.egg-info/requires.txt
[1.203s] writing top-level names to ../../build/flappy_robot/flappy_robot.egg-info/top_level.txt
[1.241s] reading manifest file '../../build/flappy_robot/flappy_robot.egg-info/SOURCES.txt'
[1.243s] writing manifest file '../../build/flappy_robot/flappy_robot.egg-info/SOURCES.txt'
[1.243s] running build
[1.243s] running build_py
[1.244s] copying flappy_robot/game_window.py -> /home/chiv/ros2_ws/build/flappy_robot/build/lib/flappy_robot
[1.244s] running install
[1.252s] running install_lib
[1.271s] copying /home/chiv/ros2_ws/build/flappy_robot/build/lib/flappy_robot/game_window.py -> /home/chiv/ros2_ws/install/flappy_robot/lib/python3.12/site-packages/flappy_robot
[1.272s] byte-compiling /home/chiv/ros2_ws/install/flappy_robot/lib/python3.12/site-packages/flappy_robot/game_window.py to game_window.cpython-312.pyc
[1.275s] running install_data
[1.276s] running install_egg_info
[1.297s] removing '/home/chiv/ros2_ws/install/flappy_robot/lib/python3.12/site-packages/flappy_robot-0.0.1-py3.12.egg-info' (and everything under it)
[1.297s] Copying ../../build/flappy_robot/flappy_robot.egg-info to /home/chiv/ros2_ws/install/flappy_robot/lib/python3.12/site-packages/flappy_robot-0.0.1-py3.12.egg-info
[1.298s] running install_scripts
[1.437s] Installing game_logic script to /home/chiv/ros2_ws/install/flappy_robot/lib/flappy_robot
[1.438s] Installing game_window script to /home/chiv/ros2_ws/install/flappy_robot/lib/flappy_robot
[1.438s] Installing keyboard_controller script to /home/chiv/ros2_ws/install/flappy_robot/lib/flappy_robot
[1.438s] Installing visualization script to /home/chiv/ros2_ws/install/flappy_robot/lib/flappy_robot
[1.439s] writing list of installed files to '/home/chiv/ros2_ws/build/flappy_robot/install.log'
[1.470s] Invoked command in '/home/chiv/ros2_ws/src/flappy_robot' returned '0': DEBUGINFOD_URLS=https://debuginfod.ubuntu.com PYTHONPATH=/home/chiv/ros2_ws/build/flappy_robot/prefix_override:/usr/lib/python3/dist-packages/colcon_core/task/python/colcon_distutils_commands:/home/chiv/ros2_ws/install/flappy_robot/lib/python3.12/site-packages:${PYTHONPATH} /usr/bin/python3 -W ignore:setup.py install is deprecated -W ignore:easy_install command is deprecated setup.py egg_info --egg-base ../../build/flappy_robot build --build-base /home/chiv/ros2_ws/build/flappy_robot/build install --record /home/chiv/ros2_ws/build/flappy_robot/install.log --single-version-externally-managed install_data
