[0.009s] Invoking command in '/home/lyda/ros2_ws/build/flappy_robot_msgs': CMAKE_PREFIX_PATH=${CMAKE_PREFIX_PATH}:/home/lyda/ros2_ws/install/flappy_robot:/home/lyda/dev_ws/install/my_package_py:/opt/ros/humble /usr/bin/cmake --build /home/lyda/ros2_ws/build/flappy_robot_msgs -- -j4 -l4
[0.034s] -- Found ament_cmake: 1.3.14 (/opt/ros/humble/share/ament_cmake/cmake)
[0.138s] -- Found rosidl_default_generators: 1.2.1 (/opt/ros/humble/share/rosidl_default_generators/cmake)
[0.142s] -- Using all available rosidl_typesupport_c: rosidl_typesupport_fastrtps_c;rosidl_typesupport_introspection_c
[0.146s] -- Found rosidl_adapter: 3.1.9 (/opt/ros/humble/share/rosidl_adapter/cmake)
[0.185s] -- Using all available rosidl_typesupport_cpp: rosidl_typesupport_fastrtps_cpp;rosidl_typesupport_introspection_cpp
[0.358s] -- Found ament_cmake_ros: 0.10.0 (/opt/ros/humble/share/ament_cmake_ros/cmake)
[0.464s] -- Using all available rosidl_typesupport_c: rosidl_typesupport_fastrtps_c;rosidl_typesupport_introspection_c
[0.601s] -- Using all available rosidl_typesupport_cpp: rosidl_typesupport_fastrtps_cpp;rosidl_typesupport_introspection_cpp
[0.615s] -- Found python_cmake_module: 0.10.0 (/opt/ros/humble/share/python_cmake_module/cmake)
[0.630s] -- Using PYTHON_EXECUTABLE: /usr/bin/python3
[0.630s] -- Using PYTHON_INCLUDE_DIRS: /usr/include/python3.10
[0.630s] -- Using PYTHON_LIBRARIES: /usr/lib/x86_64-linux-gnu/libpython3.10.so
[0.683s] -- Configuring done
[0.702s] -- Generating done
[0.709s] -- Build files have been written to: /home/lyda/ros2_ws/build/flappy_robot_msgs
[0.725s] [  3%] [34m[1mGenerating C code for ROS interfaces[0m
[0.732s] [  6%] [34m[1mGenerating C++ code for ROS interfaces[0m
[0.733s] [  9%] [34m[1mGenerating Rust code for ROS interfaces[0m
[0.737s] [  9%] Built target ament_cmake_python_copy_flappy_robot_msgs
[0.862s] [35m[1mConsolidate compiler generated dependencies of target flappy_robot_msgs__rosidl_generator_c[0m
[0.866s] [  9%] Built target flappy_robot_msgs__cpp
[0.869s] running egg_info
[0.869s] [ 12%] [32mBuilding C object CMakeFiles/flappy_robot_msgs__rosidl_generator_c.dir/rosidl_generator_c/flappy_robot_msgs/msg/detail/flappy_status__functions.c.o[0m
[0.870s] [ 12%] Built target flappy_robot_msgs__rs
[0.870s] writing flappy_robot_msgs.egg-info/PKG-INFO
[0.870s] writing dependency_links to flappy_robot_msgs.egg-info/dependency_links.txt
[0.870s] writing top-level names to flappy_robot_msgs.egg-info/top_level.txt
[0.872s] reading manifest file 'flappy_robot_msgs.egg-info/SOURCES.txt'
[0.873s] writing manifest file 'flappy_robot_msgs.egg-info/SOURCES.txt'
[0.875s] [35m[1mConsolidate compiler generated dependencies of target flappy_robot_msgs__rosidl_typesupport_cpp[0m
[0.878s] [35m[1mConsolidate compiler generated dependencies of target flappy_robot_msgs__rosidl_typesupport_fastrtps_cpp[0m
[0.883s] [ 15%] [32mBuilding CXX object CMakeFiles/flappy_robot_msgs__rosidl_typesupport_cpp.dir/rosidl_typesupport_cpp/flappy_robot_msgs/msg/flappy_status__type_support.cpp.o[0m
[0.887s] [ 18%] [32mBuilding CXX object CMakeFiles/flappy_robot_msgs__rosidl_typesupport_fastrtps_cpp.dir/rosidl_typesupport_fastrtps_cpp/flappy_robot_msgs/msg/detail/dds_fastrtps/flappy_status__type_support.cpp.o[0m
[0.890s] [ 18%] Built target ament_cmake_python_build_flappy_robot_msgs_egg
[0.898s] [ 21%] [34m[1mGenerating C++ introspection for ROS interfaces[0m
[0.987s] [ 25%] [32m[1mLinking C shared library libflappy_robot_msgs__rosidl_generator_c.so[0m
[1.014s] [35m[1mConsolidate compiler generated dependencies of target flappy_robot_msgs__rosidl_typesupport_introspection_cpp[0m
[1.025s] [ 28%] [32mBuilding CXX object CMakeFiles/flappy_robot_msgs__rosidl_typesupport_introspection_cpp.dir/rosidl_typesupport_introspection_cpp/flappy_robot_msgs/msg/detail/flappy_status__type_support.cpp.o[0m
[1.029s] [ 28%] Built target flappy_robot_msgs__rosidl_generator_c
[1.039s] [35m[1mConsolidate compiler generated dependencies of target flappy_robot_msgs__rosidl_typesupport_fastrtps_c[0m
[1.049s] [ 31%] [32mBuilding CXX object CMakeFiles/flappy_robot_msgs__rosidl_typesupport_fastrtps_c.dir/rosidl_typesupport_fastrtps_c/flappy_robot_msgs/msg/detail/flappy_status__type_support_c.cpp.o[0m
[1.221s] [ 34%] [32m[1mLinking CXX shared library libflappy_robot_msgs__rosidl_typesupport_cpp.so[0m
[1.247s] [ 37%] Built target flappy_robot_msgs__rosidl_typesupport_cpp
[1.255s] [ 40%] [34m[1mGenerating C introspection for ROS interfaces[0m
[1.353s] [ 43%] [32m[1mLinking CXX shared library libflappy_robot_msgs__rosidl_typesupport_fastrtps_c.so[0m
[1.361s] [ 46%] [32m[1mLinking CXX shared library libflappy_robot_msgs__rosidl_typesupport_fastrtps_cpp.so[0m
[1.364s] [35m[1mConsolidate compiler generated dependencies of target flappy_robot_msgs__rosidl_typesupport_introspection_c[0m
[1.374s] [ 50%] [32mBuilding C object CMakeFiles/flappy_robot_msgs__rosidl_typesupport_introspection_c.dir/rosidl_typesupport_introspection_c/flappy_robot_msgs/msg/detail/flappy_status__type_support.c.o[0m
[1.399s] [ 56%] [32m[1mLinking CXX shared library libflappy_robot_msgs__rosidl_typesupport_introspection_cpp.so[0m
[1.399s] [ 56%] Built target flappy_robot_msgs__rosidl_typesupport_fastrtps_c
[1.399s] [ 59%] [32m[1mLinking C shared library libflappy_robot_msgs__rosidl_typesupport_introspection_c.so[0m
[1.407s] [35m[1mConsolidate compiler generated dependencies of target flappy_robot_msgs__rosidl_typesupport_c[0m
[1.408s] [ 62%] Built target flappy_robot_msgs__rosidl_typesupport_fastrtps_cpp
[1.415s] [ 65%] [32mBuilding CXX object CMakeFiles/flappy_robot_msgs__rosidl_typesupport_c.dir/rosidl_typesupport_c/flappy_robot_msgs/msg/flappy_status__type_support.cpp.o[0m
[1.423s] [ 65%] Built target flappy_robot_msgs__rosidl_typesupport_introspection_c
[1.440s] [ 68%] [32m[1mLinking CXX shared library libflappy_robot_msgs__rosidl_typesupport_c.so[0m
[1.450s] [ 68%] Built target flappy_robot_msgs__rosidl_typesupport_introspection_cpp
[1.468s] [ 71%] Built target flappy_robot_msgs__rosidl_typesupport_c
[1.482s] [ 71%] Built target flappy_robot_msgs
[1.495s] [ 75%] [34m[1mGenerating Python code for ROS interfaces[0m
[1.640s] [ 75%] Built target flappy_robot_msgs__py
[1.648s] [35m[1mConsolidate compiler generated dependencies of target flappy_robot_msgs__rosidl_generator_py[0m
[1.657s] [ 78%] [32mBuilding C object CMakeFiles/flappy_robot_msgs__rosidl_generator_py.dir/rosidl_generator_py/flappy_robot_msgs/msg/_flappy_status_s.c.o[0m
[1.759s] [ 81%] [32m[1mLinking C shared library rosidl_generator_py/flappy_robot_msgs/libflappy_robot_msgs__rosidl_generator_py.so[0m
[1.787s] [ 81%] Built target flappy_robot_msgs__rosidl_generator_py
[1.795s] [35m[1mConsolidate compiler generated dependencies of target flappy_robot_msgs__rosidl_typesupport_fastrtps_c__pyext[0m
[1.795s] [35m[1mConsolidate compiler generated dependencies of target flappy_robot_msgs__rosidl_typesupport_introspection_c__pyext[0m
[1.796s] [35m[1mConsolidate compiler generated dependencies of target flappy_robot_msgs__rosidl_typesupport_c__pyext[0m
[1.804s] [ 90%] [32mBuilding C object CMakeFiles/flappy_robot_msgs__rosidl_typesupport_c__pyext.dir/rosidl_generator_py/flappy_robot_msgs/_flappy_robot_msgs_s.ep.rosidl_typesupport_c.c.o[0m
[1.804s] [ 90%] [32mBuilding C object CMakeFiles/flappy_robot_msgs__rosidl_typesupport_fastrtps_c__pyext.dir/rosidl_generator_py/flappy_robot_msgs/_flappy_robot_msgs_s.ep.rosidl_typesupport_fastrtps_c.c.o[0m
[1.804s] [ 90%] [32mBuilding C object CMakeFiles/flappy_robot_msgs__rosidl_typesupport_introspection_c__pyext.dir/rosidl_generator_py/flappy_robot_msgs/_flappy_robot_msgs_s.ep.rosidl_typesupport_introspection_c.c.o[0m
[1.857s] [100%] [32m[1mLinking C shared library rosidl_generator_py/flappy_robot_msgs/flappy_robot_msgs_s__rosidl_typesupport_introspection_c.cpython-310-x86_64-linux-gnu.so[0m
[1.857s] [100%] [32m[1mLinking C shared library rosidl_generator_py/flappy_robot_msgs/flappy_robot_msgs_s__rosidl_typesupport_fastrtps_c.cpython-310-x86_64-linux-gnu.so[0m
[1.857s] [100%] [32m[1mLinking C shared library rosidl_generator_py/flappy_robot_msgs/flappy_robot_msgs_s__rosidl_typesupport_c.cpython-310-x86_64-linux-gnu.so[0m
[1.880s] [100%] Built target flappy_robot_msgs__rosidl_typesupport_fastrtps_c__pyext
[1.880s] [100%] Built target flappy_robot_msgs__rosidl_typesupport_c__pyext
[1.881s] [100%] Built target flappy_robot_msgs__rosidl_typesupport_introspection_c__pyext
[1.888s] Invoked command in '/home/lyda/ros2_ws/build/flappy_robot_msgs' returned '0': CMAKE_PREFIX_PATH=${CMAKE_PREFIX_PATH}:/home/lyda/ros2_ws/install/flappy_robot:/home/lyda/dev_ws/install/my_package_py:/opt/ros/humble /usr/bin/cmake --build /home/lyda/ros2_ws/build/flappy_robot_msgs -- -j4 -l4
[1.889s] Invoking command in '/home/lyda/ros2_ws/build/flappy_robot_msgs': CMAKE_PREFIX_PATH=${CMAKE_PREFIX_PATH}:/home/lyda/ros2_ws/install/flappy_robot:/home/lyda/dev_ws/install/my_package_py:/opt/ros/humble /usr/bin/cmake --install /home/lyda/ros2_ws/build/flappy_robot_msgs
[1.894s] -- Install configuration: ""
[1.894s] -- Up-to-date: /home/lyda/ros2_ws/install/flappy_robot_msgs/share/ament_index/resource_index/rosidl_interfaces/flappy_robot_msgs
[1.894s] -- Up-to-date: /home/lyda/ros2_ws/install/flappy_robot_msgs/include/flappy_robot_msgs/flappy_robot_msgs
[1.895s] -- Up-to-date: /home/lyda/ros2_ws/install/flappy_robot_msgs/include/flappy_robot_msgs/flappy_robot_msgs/msg
[1.895s] -- Installing: /home/lyda/ros2_ws/install/flappy_robot_msgs/include/flappy_robot_msgs/flappy_robot_msgs/msg/flappy_status.h
[1.895s] -- Up-to-date: /home/lyda/ros2_ws/install/flappy_robot_msgs/include/flappy_robot_msgs/flappy_robot_msgs/msg/detail
[1.895s] -- Installing: /home/lyda/ros2_ws/install/flappy_robot_msgs/include/flappy_robot_msgs/flappy_robot_msgs/msg/detail/flappy_status__functions.h
[1.895s] -- Installing: /home/lyda/ros2_ws/install/flappy_robot_msgs/include/flappy_robot_msgs/flappy_robot_msgs/msg/detail/flappy_status__functions.c
[1.895s] -- Installing: /home/lyda/ros2_ws/install/flappy_robot_msgs/include/flappy_robot_msgs/flappy_robot_msgs/msg/detail/flappy_status__struct.h
[1.895s] -- Installing: /home/lyda/ros2_ws/install/flappy_robot_msgs/include/flappy_robot_msgs/flappy_robot_msgs/msg/detail/flappy_status__type_support.h
[1.895s] -- Up-to-date: /home/lyda/ros2_ws/install/flappy_robot_msgs/include/flappy_robot_msgs/flappy_robot_msgs/msg/rosidl_generator_c__visibility_control.h
[1.895s] -- Up-to-date: /home/lyda/ros2_ws/install/flappy_robot_msgs/share/flappy_robot_msgs/environment/library_path.sh
[1.895s] -- Installing: /home/lyda/ros2_ws/install/flappy_robot_msgs/share/flappy_robot_msgs/environment/library_path.dsv
[1.895s] -- Installing: /home/lyda/ros2_ws/install/flappy_robot_msgs/lib/libflappy_robot_msgs__rosidl_generator_c.so
[1.895s] -- Set runtime path of "/home/lyda/ros2_ws/install/flappy_robot_msgs/lib/libflappy_robot_msgs__rosidl_generator_c.so" to ""
[1.895s] -- Up-to-date: /home/lyda/ros2_ws/install/flappy_robot_msgs/include/flappy_robot_msgs/flappy_robot_msgs
[1.895s] -- Up-to-date: /home/lyda/ros2_ws/install/flappy_robot_msgs/include/flappy_robot_msgs/flappy_robot_msgs/msg
[1.895s] -- Up-to-date: /home/lyda/ros2_ws/install/flappy_robot_msgs/include/flappy_robot_msgs/flappy_robot_msgs/msg/detail
[1.895s] -- Up-to-date: /home/lyda/ros2_ws/install/flappy_robot_msgs/include/flappy_robot_msgs/flappy_robot_msgs/msg/detail/flappy_status__rosidl_typesupport_fastrtps_c.h
[1.895s] -- Up-to-date: /home/lyda/ros2_ws/install/flappy_robot_msgs/include/flappy_robot_msgs/flappy_robot_msgs/msg/rosidl_typesupport_fastrtps_c__visibility_control.h
[1.895s] -- Installing: /home/lyda/ros2_ws/install/flappy_robot_msgs/lib/libflappy_robot_msgs__rosidl_typesupport_fastrtps_c.so
[1.896s] -- Set runtime path of "/home/lyda/ros2_ws/install/flappy_robot_msgs/lib/libflappy_robot_msgs__rosidl_typesupport_fastrtps_c.so" to ""
[1.896s] -- Up-to-date: /home/lyda/ros2_ws/install/flappy_robot_msgs/include/flappy_robot_msgs/flappy_robot_msgs
[1.896s] -- Up-to-date: /home/lyda/ros2_ws/install/flappy_robot_msgs/include/flappy_robot_msgs/flappy_robot_msgs/msg
[1.896s] -- Up-to-date: /home/lyda/ros2_ws/install/flappy_robot_msgs/include/flappy_robot_msgs/flappy_robot_msgs/msg/detail
[1.896s] -- Installing: /home/lyda/ros2_ws/install/flappy_robot_msgs/include/flappy_robot_msgs/flappy_robot_msgs/msg/detail/flappy_status__rosidl_typesupport_introspection_c.h
[1.896s] -- Installing: /home/lyda/ros2_ws/install/flappy_robot_msgs/include/flappy_robot_msgs/flappy_robot_msgs/msg/detail/flappy_status__type_support.c
[1.896s] -- Up-to-date: /home/lyda/ros2_ws/install/flappy_robot_msgs/include/flappy_robot_msgs/flappy_robot_msgs/msg/rosidl_typesupport_introspection_c__visibility_control.h
[1.896s] -- Installing: /home/lyda/ros2_ws/install/flappy_robot_msgs/lib/libflappy_robot_msgs__rosidl_typesupport_introspection_c.so
[1.896s] -- Set runtime path of "/home/lyda/ros2_ws/install/flappy_robot_msgs/lib/libflappy_robot_msgs__rosidl_typesupport_introspection_c.so" to ""
[1.896s] -- Installing: /home/lyda/ros2_ws/install/flappy_robot_msgs/lib/libflappy_robot_msgs__rosidl_typesupport_c.so
[1.896s] -- Set runtime path of "/home/lyda/ros2_ws/install/flappy_robot_msgs/lib/libflappy_robot_msgs__rosidl_typesupport_c.so" to ""
[1.896s] -- Up-to-date: /home/lyda/ros2_ws/install/flappy_robot_msgs/include/flappy_robot_msgs/flappy_robot_msgs
[1.896s] -- Up-to-date: /home/lyda/ros2_ws/install/flappy_robot_msgs/include/flappy_robot_msgs/flappy_robot_msgs/msg
[1.896s] -- Up-to-date: /home/lyda/ros2_ws/install/flappy_robot_msgs/include/flappy_robot_msgs/flappy_robot_msgs/msg/rosidl_generator_cpp__visibility_control.hpp
[1.896s] -- Up-to-date: /home/lyda/ros2_ws/install/flappy_robot_msgs/include/flappy_robot_msgs/flappy_robot_msgs/msg/detail
[1.897s] -- Installing: /home/lyda/ros2_ws/install/flappy_robot_msgs/include/flappy_robot_msgs/flappy_robot_msgs/msg/detail/flappy_status__traits.hpp
[1.897s] -- Installing: /home/lyda/ros2_ws/install/flappy_robot_msgs/include/flappy_robot_msgs/flappy_robot_msgs/msg/detail/flappy_status__struct.hpp
[1.897s] -- Installing: /home/lyda/ros2_ws/install/flappy_robot_msgs/include/flappy_robot_msgs/flappy_robot_msgs/msg/detail/flappy_status__builder.hpp
[1.897s] -- Installing: /home/lyda/ros2_ws/install/flappy_robot_msgs/include/flappy_robot_msgs/flappy_robot_msgs/msg/detail/flappy_status__type_support.hpp
[1.897s] -- Installing: /home/lyda/ros2_ws/install/flappy_robot_msgs/include/flappy_robot_msgs/flappy_robot_msgs/msg/flappy_status.hpp
[1.897s] -- Up-to-date: /home/lyda/ros2_ws/install/flappy_robot_msgs/include/flappy_robot_msgs/flappy_robot_msgs
[1.897s] -- Up-to-date: /home/lyda/ros2_ws/install/flappy_robot_msgs/include/flappy_robot_msgs/flappy_robot_msgs/msg
[1.897s] -- Up-to-date: /home/lyda/ros2_ws/install/flappy_robot_msgs/include/flappy_robot_msgs/flappy_robot_msgs/msg/detail
[1.897s] -- Up-to-date: /home/lyda/ros2_ws/install/flappy_robot_msgs/include/flappy_robot_msgs/flappy_robot_msgs/msg/detail/flappy_status__rosidl_typesupport_fastrtps_cpp.hpp
[1.897s] -- Up-to-date: /home/lyda/ros2_ws/install/flappy_robot_msgs/include/flappy_robot_msgs/flappy_robot_msgs/msg/detail/dds_fastrtps
[1.897s] -- Up-to-date: /home/lyda/ros2_ws/install/flappy_robot_msgs/include/flappy_robot_msgs/flappy_robot_msgs/msg/rosidl_typesupport_fastrtps_cpp__visibility_control.h
[1.897s] -- Installing: /home/lyda/ros2_ws/install/flappy_robot_msgs/lib/libflappy_robot_msgs__rosidl_typesupport_fastrtps_cpp.so
[1.897s] -- Set runtime path of "/home/lyda/ros2_ws/install/flappy_robot_msgs/lib/libflappy_robot_msgs__rosidl_typesupport_fastrtps_cpp.so" to ""
[1.897s] -- Up-to-date: /home/lyda/ros2_ws/install/flappy_robot_msgs/include/flappy_robot_msgs/flappy_robot_msgs
[1.897s] -- Up-to-date: /home/lyda/ros2_ws/install/flappy_robot_msgs/include/flappy_robot_msgs/flappy_robot_msgs/msg
[1.897s] -- Up-to-date: /home/lyda/ros2_ws/install/flappy_robot_msgs/include/flappy_robot_msgs/flappy_robot_msgs/msg/detail
[1.897s] -- Installing: /home/lyda/ros2_ws/install/flappy_robot_msgs/include/flappy_robot_msgs/flappy_robot_msgs/msg/detail/flappy_status__type_support.cpp
[1.897s] -- Installing: /home/lyda/ros2_ws/install/flappy_robot_msgs/include/flappy_robot_msgs/flappy_robot_msgs/msg/detail/flappy_status__rosidl_typesupport_introspection_cpp.hpp
[1.897s] -- Installing: /home/lyda/ros2_ws/install/flappy_robot_msgs/lib/libflappy_robot_msgs__rosidl_typesupport_introspection_cpp.so
[1.898s] -- Set runtime path of "/home/lyda/ros2_ws/install/flappy_robot_msgs/lib/libflappy_robot_msgs__rosidl_typesupport_introspection_cpp.so" to ""
[1.898s] -- Installing: /home/lyda/ros2_ws/install/flappy_robot_msgs/lib/libflappy_robot_msgs__rosidl_typesupport_cpp.so
[1.898s] -- Set runtime path of "/home/lyda/ros2_ws/install/flappy_robot_msgs/lib/libflappy_robot_msgs__rosidl_typesupport_cpp.so" to ""
[1.898s] -- Up-to-date: /home/lyda/ros2_ws/install/flappy_robot_msgs/share/flappy_robot_msgs/environment/pythonpath.sh
[1.898s] -- Installing: /home/lyda/ros2_ws/install/flappy_robot_msgs/share/flappy_robot_msgs/environment/pythonpath.dsv
[1.898s] -- Up-to-date: /home/lyda/ros2_ws/install/flappy_robot_msgs/local/lib/python3.10/dist-packages/flappy_robot_msgs-0.0.1-py3.10.egg-info
[1.898s] -- Installing: /home/lyda/ros2_ws/install/flappy_robot_msgs/local/lib/python3.10/dist-packages/flappy_robot_msgs-0.0.1-py3.10.egg-info/dependency_links.txt
[1.898s] -- Installing: /home/lyda/ros2_ws/install/flappy_robot_msgs/local/lib/python3.10/dist-packages/flappy_robot_msgs-0.0.1-py3.10.egg-info/PKG-INFO
[1.898s] -- Installing: /home/lyda/ros2_ws/install/flappy_robot_msgs/local/lib/python3.10/dist-packages/flappy_robot_msgs-0.0.1-py3.10.egg-info/SOURCES.txt
[1.898s] -- Installing: /home/lyda/ros2_ws/install/flappy_robot_msgs/local/lib/python3.10/dist-packages/flappy_robot_msgs-0.0.1-py3.10.egg-info/top_level.txt
[1.898s] -- Up-to-date: /home/lyda/ros2_ws/install/flappy_robot_msgs/local/lib/python3.10/dist-packages/flappy_robot_msgs
[1.898s] -- Installing: /home/lyda/ros2_ws/install/flappy_robot_msgs/local/lib/python3.10/dist-packages/flappy_robot_msgs/flappy_robot_msgs_s__rosidl_typesupport_fastrtps_c.cpython-310-x86_64-linux-gnu.so
[1.898s] -- Installing: /home/lyda/ros2_ws/install/flappy_robot_msgs/local/lib/python3.10/dist-packages/flappy_robot_msgs/flappy_robot_msgs_s__rosidl_typesupport_introspection_c.cpython-310-x86_64-linux-gnu.so
[1.898s] -- Installing: /home/lyda/ros2_ws/install/flappy_robot_msgs/local/lib/python3.10/dist-packages/flappy_robot_msgs/libflappy_robot_msgs__rosidl_generator_py.so
[1.898s] -- Up-to-date: /home/lyda/ros2_ws/install/flappy_robot_msgs/local/lib/python3.10/dist-packages/flappy_robot_msgs/msg
[1.898s] -- Installing: /home/lyda/ros2_ws/install/flappy_robot_msgs/local/lib/python3.10/dist-packages/flappy_robot_msgs/msg/_flappy_status_s.c
[1.898s] -- Installing: /home/lyda/ros2_ws/install/flappy_robot_msgs/local/lib/python3.10/dist-packages/flappy_robot_msgs/msg/_flappy_status.py
[1.899s] -- Installing: /home/lyda/ros2_ws/install/flappy_robot_msgs/local/lib/python3.10/dist-packages/flappy_robot_msgs/msg/__init__.py
[1.899s] -- Installing: /home/lyda/ros2_ws/install/flappy_robot_msgs/local/lib/python3.10/dist-packages/flappy_robot_msgs/flappy_robot_msgs_s__rosidl_typesupport_c.cpython-310-x86_64-linux-gnu.so
[1.899s] -- Installing: /home/lyda/ros2_ws/install/flappy_robot_msgs/local/lib/python3.10/dist-packages/flappy_robot_msgs/_flappy_robot_msgs_s.ep.rosidl_typesupport_c.c
[1.899s] -- Installing: /home/lyda/ros2_ws/install/flappy_robot_msgs/local/lib/python3.10/dist-packages/flappy_robot_msgs/__init__.py
[1.899s] -- Installing: /home/lyda/ros2_ws/install/flappy_robot_msgs/local/lib/python3.10/dist-packages/flappy_robot_msgs/_flappy_robot_msgs_s.ep.rosidl_typesupport_introspection_c.c
[1.899s] -- Installing: /home/lyda/ros2_ws/install/flappy_robot_msgs/local/lib/python3.10/dist-packages/flappy_robot_msgs/_flappy_robot_msgs_s.ep.rosidl_typesupport_fastrtps_c.c
[1.917s] Listing '/home/lyda/ros2_ws/install/flappy_robot_msgs/local/lib/python3.10/dist-packages/flappy_robot_msgs'...
[1.917s] Compiling '/home/lyda/ros2_ws/install/flappy_robot_msgs/local/lib/python3.10/dist-packages/flappy_robot_msgs/__init__.py'...
[1.917s] Listing '/home/lyda/ros2_ws/install/flappy_robot_msgs/local/lib/python3.10/dist-packages/flappy_robot_msgs/msg'...
[1.917s] Compiling '/home/lyda/ros2_ws/install/flappy_robot_msgs/local/lib/python3.10/dist-packages/flappy_robot_msgs/msg/__init__.py'...
[1.917s] Compiling '/home/lyda/ros2_ws/install/flappy_robot_msgs/local/lib/python3.10/dist-packages/flappy_robot_msgs/msg/_flappy_status.py'...
[1.920s] -- Installing: /home/lyda/ros2_ws/install/flappy_robot_msgs/local/lib/python3.10/dist-packages/flappy_robot_msgs/flappy_robot_msgs_s__rosidl_typesupport_fastrtps_c.cpython-310-x86_64-linux-gnu.so
[1.920s] -- Set runtime path of "/home/lyda/ros2_ws/install/flappy_robot_msgs/local/lib/python3.10/dist-packages/flappy_robot_msgs/flappy_robot_msgs_s__rosidl_typesupport_fastrtps_c.cpython-310-x86_64-linux-gnu.so" to ""
[1.920s] -- Installing: /home/lyda/ros2_ws/install/flappy_robot_msgs/local/lib/python3.10/dist-packages/flappy_robot_msgs/flappy_robot_msgs_s__rosidl_typesupport_introspection_c.cpython-310-x86_64-linux-gnu.so
[1.920s] -- Set runtime path of "/home/lyda/ros2_ws/install/flappy_robot_msgs/local/lib/python3.10/dist-packages/flappy_robot_msgs/flappy_robot_msgs_s__rosidl_typesupport_introspection_c.cpython-310-x86_64-linux-gnu.so" to ""
[1.920s] -- Installing: /home/lyda/ros2_ws/install/flappy_robot_msgs/local/lib/python3.10/dist-packages/flappy_robot_msgs/flappy_robot_msgs_s__rosidl_typesupport_c.cpython-310-x86_64-linux-gnu.so
[1.920s] -- Set runtime path of "/home/lyda/ros2_ws/install/flappy_robot_msgs/local/lib/python3.10/dist-packages/flappy_robot_msgs/flappy_robot_msgs_s__rosidl_typesupport_c.cpython-310-x86_64-linux-gnu.so" to ""
[1.921s] -- Installing: /home/lyda/ros2_ws/install/flappy_robot_msgs/lib/libflappy_robot_msgs__rosidl_generator_py.so
[1.921s] -- Set runtime path of "/home/lyda/ros2_ws/install/flappy_robot_msgs/lib/libflappy_robot_msgs__rosidl_generator_py.so" to ""
[1.921s] -- Up-to-date: /home/lyda/ros2_ws/install/flappy_robot_msgs/share/ament_index/resource_index/rust_packages/flappy_robot_msgs
[1.921s] -- Up-to-date: /home/lyda/ros2_ws/install/flappy_robot_msgs/share/flappy_robot_msgs/rust
[1.921s] -- Installing: /home/lyda/ros2_ws/install/flappy_robot_msgs/share/flappy_robot_msgs/rust/build.rs
[1.921s] -- Up-to-date: /home/lyda/ros2_ws/install/flappy_robot_msgs/share/flappy_robot_msgs/rust/src
[1.921s] -- Up-to-date: /home/lyda/ros2_ws/install/flappy_robot_msgs/share/flappy_robot_msgs/rust/src/msg
[1.921s] -- Installing: /home/lyda/ros2_ws/install/flappy_robot_msgs/share/flappy_robot_msgs/rust/src/msg/rmw.rs
[1.921s] -- Installing: /home/lyda/ros2_ws/install/flappy_robot_msgs/share/flappy_robot_msgs/rust/src/lib.rs
[1.921s] -- Installing: /home/lyda/ros2_ws/install/flappy_robot_msgs/share/flappy_robot_msgs/rust/src/msg.rs
[1.921s] -- Installing: /home/lyda/ros2_ws/install/flappy_robot_msgs/share/flappy_robot_msgs/rust/Cargo.toml
[1.921s] -- Up-to-date: /home/lyda/ros2_ws/install/flappy_robot_msgs/share/flappy_robot_msgs/msg/FlappyStatus.idl
[1.921s] -- Installing: /home/lyda/ros2_ws/install/flappy_robot_msgs/share/flappy_robot_msgs/msg/FlappyStatus.msg
[1.921s] -- Up-to-date: /home/lyda/ros2_ws/install/flappy_robot_msgs/share/ament_index/resource_index/package_run_dependencies/flappy_robot_msgs
[1.921s] -- Installing: /home/lyda/ros2_ws/install/flappy_robot_msgs/share/ament_index/resource_index/parent_prefix_path/flappy_robot_msgs
[1.921s] -- Up-to-date: /home/lyda/ros2_ws/install/flappy_robot_msgs/share/flappy_robot_msgs/environment/ament_prefix_path.sh
[1.921s] -- Installing: /home/lyda/ros2_ws/install/flappy_robot_msgs/share/flappy_robot_msgs/environment/ament_prefix_path.dsv
[1.921s] -- Up-to-date: /home/lyda/ros2_ws/install/flappy_robot_msgs/share/flappy_robot_msgs/environment/path.sh
[1.921s] -- Installing: /home/lyda/ros2_ws/install/flappy_robot_msgs/share/flappy_robot_msgs/environment/path.dsv
[1.921s] -- Up-to-date: /home/lyda/ros2_ws/install/flappy_robot_msgs/share/flappy_robot_msgs/local_setup.bash
[1.921s] -- Up-to-date: /home/lyda/ros2_ws/install/flappy_robot_msgs/share/flappy_robot_msgs/local_setup.sh
[1.922s] -- Up-to-date: /home/lyda/ros2_ws/install/flappy_robot_msgs/share/flappy_robot_msgs/local_setup.zsh
[1.922s] -- Installing: /home/lyda/ros2_ws/install/flappy_robot_msgs/share/flappy_robot_msgs/local_setup.dsv
[1.922s] -- Installing: /home/lyda/ros2_ws/install/flappy_robot_msgs/share/flappy_robot_msgs/package.dsv
[1.922s] -- Up-to-date: /home/lyda/ros2_ws/install/flappy_robot_msgs/share/ament_index/resource_index/packages/flappy_robot_msgs
[1.922s] -- Installing: /home/lyda/ros2_ws/install/flappy_robot_msgs/share/flappy_robot_msgs/cmake/export_flappy_robot_msgs__rosidl_generator_cExport.cmake
[1.922s] -- Installing: /home/lyda/ros2_ws/install/flappy_robot_msgs/share/flappy_robot_msgs/cmake/export_flappy_robot_msgs__rosidl_generator_cExport-noconfig.cmake
[1.922s] -- Installing: /home/lyda/ros2_ws/install/flappy_robot_msgs/share/flappy_robot_msgs/cmake/export_flappy_robot_msgs__rosidl_typesupport_fastrtps_cExport.cmake
[1.922s] -- Installing: /home/lyda/ros2_ws/install/flappy_robot_msgs/share/flappy_robot_msgs/cmake/export_flappy_robot_msgs__rosidl_typesupport_fastrtps_cExport-noconfig.cmake
[1.922s] -- Installing: /home/lyda/ros2_ws/install/flappy_robot_msgs/share/flappy_robot_msgs/cmake/flappy_robot_msgs__rosidl_typesupport_introspection_cExport.cmake
[1.922s] -- Installing: /home/lyda/ros2_ws/install/flappy_robot_msgs/share/flappy_robot_msgs/cmake/flappy_robot_msgs__rosidl_typesupport_introspection_cExport-noconfig.cmake
[1.922s] -- Installing: /home/lyda/ros2_ws/install/flappy_robot_msgs/share/flappy_robot_msgs/cmake/flappy_robot_msgs__rosidl_typesupport_cExport.cmake
[1.922s] -- Installing: /home/lyda/ros2_ws/install/flappy_robot_msgs/share/flappy_robot_msgs/cmake/flappy_robot_msgs__rosidl_typesupport_cExport-noconfig.cmake
[1.922s] -- Installing: /home/lyda/ros2_ws/install/flappy_robot_msgs/share/flappy_robot_msgs/cmake/export_flappy_robot_msgs__rosidl_generator_cppExport.cmake
[1.922s] -- Installing: /home/lyda/ros2_ws/install/flappy_robot_msgs/share/flappy_robot_msgs/cmake/export_flappy_robot_msgs__rosidl_typesupport_fastrtps_cppExport.cmake
[1.922s] -- Installing: /home/lyda/ros2_ws/install/flappy_robot_msgs/share/flappy_robot_msgs/cmake/export_flappy_robot_msgs__rosidl_typesupport_fastrtps_cppExport-noconfig.cmake
[1.922s] -- Installing: /home/lyda/ros2_ws/install/flappy_robot_msgs/share/flappy_robot_msgs/cmake/flappy_robot_msgs__rosidl_typesupport_introspection_cppExport.cmake
[1.922s] -- Installing: /home/lyda/ros2_ws/install/flappy_robot_msgs/share/flappy_robot_msgs/cmake/flappy_robot_msgs__rosidl_typesupport_introspection_cppExport-noconfig.cmake
[1.922s] -- Installing: /home/lyda/ros2_ws/install/flappy_robot_msgs/share/flappy_robot_msgs/cmake/flappy_robot_msgs__rosidl_typesupport_cppExport.cmake
[1.923s] -- Installing: /home/lyda/ros2_ws/install/flappy_robot_msgs/share/flappy_robot_msgs/cmake/flappy_robot_msgs__rosidl_typesupport_cppExport-noconfig.cmake
[1.923s] -- Installing: /home/lyda/ros2_ws/install/flappy_robot_msgs/share/flappy_robot_msgs/cmake/export_flappy_robot_msgs__rosidl_generator_pyExport.cmake
[1.923s] -- Installing: /home/lyda/ros2_ws/install/flappy_robot_msgs/share/flappy_robot_msgs/cmake/export_flappy_robot_msgs__rosidl_generator_pyExport-noconfig.cmake
[1.923s] -- Up-to-date: /home/lyda/ros2_ws/install/flappy_robot_msgs/share/flappy_robot_msgs/cmake/rosidl_cmake-extras.cmake
[1.923s] -- Up-to-date: /home/lyda/ros2_ws/install/flappy_robot_msgs/share/flappy_robot_msgs/cmake/ament_cmake_export_include_directories-extras.cmake
[1.923s] -- Up-to-date: /home/lyda/ros2_ws/install/flappy_robot_msgs/share/flappy_robot_msgs/cmake/ament_cmake_export_libraries-extras.cmake
[1.923s] -- Up-to-date: /home/lyda/ros2_ws/install/flappy_robot_msgs/share/flappy_robot_msgs/cmake/ament_cmake_export_targets-extras.cmake
[1.923s] -- Up-to-date: /home/lyda/ros2_ws/install/flappy_robot_msgs/share/flappy_robot_msgs/cmake/rosidl_cmake_export_typesupport_targets-extras.cmake
[1.923s] -- Up-to-date: /home/lyda/ros2_ws/install/flappy_robot_msgs/share/flappy_robot_msgs/cmake/ament_cmake_export_dependencies-extras.cmake
[1.923s] -- Up-to-date: /home/lyda/ros2_ws/install/flappy_robot_msgs/share/flappy_robot_msgs/cmake/rosidl_cmake_export_typesupport_libraries-extras.cmake
[1.923s] -- Installing: /home/lyda/ros2_ws/install/flappy_robot_msgs/share/flappy_robot_msgs/cmake/rosidl_cmake_aggregate_target-extras.cmake
[1.923s] -- Installing: /home/lyda/ros2_ws/install/flappy_robot_msgs/share/flappy_robot_msgs/cmake/flappy_robot_msgsConfig.cmake
[1.923s] -- Up-to-date: /home/lyda/ros2_ws/install/flappy_robot_msgs/share/flappy_robot_msgs/cmake/flappy_robot_msgsConfig-version.cmake
[1.923s] -- Installing: /home/lyda/ros2_ws/install/flappy_robot_msgs/share/flappy_robot_msgs/package.xml
[1.926s] Invoked command in '/home/lyda/ros2_ws/build/flappy_robot_msgs' returned '0': CMAKE_PREFIX_PATH=${CMAKE_PREFIX_PATH}:/home/lyda/ros2_ws/install/flappy_robot:/home/lyda/dev_ws/install/my_package_py:/opt/ros/humble /usr/bin/cmake --install /home/lyda/ros2_ws/build/flappy_robot_msgs
