[0.623s] Invoking command in '/home/chiv/ros2_ws/src/flappy_robot': DEBUGINFOD_URLS=https://debuginfod.ubuntu.com PYTHONPATH=/home/chiv/ros2_ws/build/flappy_robot/prefix_override:/usr/lib/python3/dist-packages/colcon_core/task/python/colcon_distutils_commands:/home/chiv/ros2_ws/install/flappy_robot/lib/python3.12/site-packages:/home/chiv/ros2_ws/install/flappy_robot_msgs/lib/python3.12/site-packages:/home/chiv/ros2_ws/install/flappy_robot/lib/python3.12/site-packages:/opt/ros/jazzy/lib/python3.12/site-packages /usr/bin/python3 -W ignore:setup.py install is deprecated -W ignore:easy_install command is deprecated setup.py egg_info --egg-base ../../build/flappy_robot build --build-base /home/chiv/ros2_ws/build/flappy_robot/build install --record /home/chiv/ros2_ws/build/flappy_robot/install.log --single-version-externally-managed install_data
[0.773s] running egg_info
[0.781s] writing ../../build/flappy_robot/flappy_robot.egg-info/PKG-INFO
[0.781s] writing dependency_links to ../../build/flappy_robot/flappy_robot.egg-info/dependency_links.txt
[0.781s] writing entry points to ../../build/flappy_robot/flappy_robot.egg-info/entry_points.txt
[0.781s] writing requirements to ../../build/flappy_robot/flappy_robot.egg-info/requires.txt
[0.781s] writing top-level names to ../../build/flappy_robot/flappy_robot.egg-info/top_level.txt
[0.802s] reading manifest file '../../build/flappy_robot/flappy_robot.egg-info/SOURCES.txt'
[0.803s] writing manifest file '../../build/flappy_robot/flappy_robot.egg-info/SOURCES.txt'
[0.804s] running build
[0.804s] running build_py
[0.804s] copying flappy_robot/game_logic.py -> /home/chiv/ros2_ws/build/flappy_robot/build/lib/flappy_robot
[0.804s] running install
[0.807s] running install_lib
[0.816s] copying /home/chiv/ros2_ws/build/flappy_robot/build/lib/flappy_robot/game_logic.py -> /home/chiv/ros2_ws/install/flappy_robot/lib/python3.12/site-packages/flappy_robot
[0.817s] byte-compiling /home/chiv/ros2_ws/install/flappy_robot/lib/python3.12/site-packages/flappy_robot/game_logic.py to game_logic.cpython-312.pyc
[0.818s] running install_data
[0.818s] running install_egg_info
[0.830s] removing '/home/chiv/ros2_ws/install/flappy_robot/lib/python3.12/site-packages/flappy_robot-0.0.1-py3.12.egg-info' (and everything under it)
[0.830s] Copying ../../build/flappy_robot/flappy_robot.egg-info to /home/chiv/ros2_ws/install/flappy_robot/lib/python3.12/site-packages/flappy_robot-0.0.1-py3.12.egg-info
[0.831s] running install_scripts
[0.912s] Installing game_logic script to /home/chiv/ros2_ws/install/flappy_robot/lib/flappy_robot
[0.912s] Installing keyboard_controller script to /home/chiv/ros2_ws/install/flappy_robot/lib/flappy_robot
[0.912s] Installing visualization script to /home/chiv/ros2_ws/install/flappy_robot/lib/flappy_robot
[0.912s] writing list of installed files to '/home/chiv/ros2_ws/build/flappy_robot/install.log'
[0.940s] Invoked command in '/home/chiv/ros2_ws/src/flappy_robot' returned '0': DEBUGINFOD_URLS=https://debuginfod.ubuntu.com PYTHONPATH=/home/chiv/ros2_ws/build/flappy_robot/prefix_override:/usr/lib/python3/dist-packages/colcon_core/task/python/colcon_distutils_commands:/home/chiv/ros2_ws/install/flappy_robot/lib/python3.12/site-packages:/home/chiv/ros2_ws/install/flappy_robot_msgs/lib/python3.12/site-packages:/home/chiv/ros2_ws/install/flappy_robot/lib/python3.12/site-packages:/opt/ros/jazzy/lib/python3.12/site-packages /usr/bin/python3 -W ignore:setup.py install is deprecated -W ignore:easy_install command is deprecated setup.py egg_info --egg-base ../../build/flappy_robot build --build-base /home/chiv/ros2_ws/build/flappy_robot/build install --record /home/chiv/ros2_ws/build/flappy_robot/install.log --single-version-externally-managed install_data
