[0.007s] Invoking command in '/home/lyda/ros2_ws/build/two_wheeled_robot': CMAKE_PREFIX_PATH=${CMAKE_PREFIX_PATH}:/home/lyda/dev_ws/install/my_package_py:/home/lyda/ros2_ws/install/flappy_robot:/opt/ros/humble /usr/bin/cmake /home/lyda/ros2_ws/src/two_wheeled_robot -DCMAKE_INSTALL_PREFIX=/home/lyda/ros2_ws/install/two_wheeled_robot
[0.130s] -- The C compiler identification is GNU 11.4.0
[0.220s] -- The CXX compiler identification is GNU 11.4.0
[0.233s] -- Detecting C compiler ABI info
[0.290s] -- Detecting C compiler ABI info - done
[0.290s] -- Check for working C compiler: /usr/bin/cc - skipped
[0.291s] -- Detecting C compile features
[0.292s] -- Detecting C compile features - done
[0.294s] -- Detecting CXX compiler ABI info
[0.352s] -- Detecting CXX compiler ABI info - done
[0.356s] -- Check for working CXX compiler: /usr/bin/c++ - skipped
[0.356s] -- Detecting CXX compile features
[0.356s] -- Detecting CXX compile features - done
[0.364s] -- Found ament_cmake: 1.3.14 (/opt/ros/humble/share/ament_cmake/cmake)
[0.461s] -- Found Python3: /usr/bin/python3 (found version "3.10.12") found components: Interpreter 
[0.581s] -- Configuring done
[0.583s] -- Generating done
[0.583s] -- Build files have been written to: /home/lyda/ros2_ws/build/two_wheeled_robot
[0.587s] Invoked command in '/home/lyda/ros2_ws/build/two_wheeled_robot' returned '0': CMAKE_PREFIX_PATH=${CMAKE_PREFIX_PATH}:/home/lyda/dev_ws/install/my_package_py:/home/lyda/ros2_ws/install/flappy_robot:/opt/ros/humble /usr/bin/cmake /home/lyda/ros2_ws/src/two_wheeled_robot -DCMAKE_INSTALL_PREFIX=/home/lyda/ros2_ws/install/two_wheeled_robot
[0.587s] Invoking command in '/home/lyda/ros2_ws/build/two_wheeled_robot': CMAKE_PREFIX_PATH=${CMAKE_PREFIX_PATH}:/home/lyda/dev_ws/install/my_package_py:/home/lyda/ros2_ws/install/flappy_robot:/opt/ros/humble /usr/bin/cmake --build /home/lyda/ros2_ws/build/two_wheeled_robot -- -j4 -l4
[0.614s] Invoked command in '/home/lyda/ros2_ws/build/two_wheeled_robot' returned '0': CMAKE_PREFIX_PATH=${CMAKE_PREFIX_PATH}:/home/lyda/dev_ws/install/my_package_py:/home/lyda/ros2_ws/install/flappy_robot:/opt/ros/humble /usr/bin/cmake --build /home/lyda/ros2_ws/build/two_wheeled_robot -- -j4 -l4
[0.620s] Invoking command in '/home/lyda/ros2_ws/build/two_wheeled_robot': CMAKE_PREFIX_PATH=${CMAKE_PREFIX_PATH}:/home/lyda/dev_ws/install/my_package_py:/home/lyda/ros2_ws/install/flappy_robot:/opt/ros/humble /usr/bin/cmake --install /home/lyda/ros2_ws/build/two_wheeled_robot
[0.624s] -- Install configuration: ""
[0.625s] -- Installing: /home/lyda/ros2_ws/install/two_wheeled_robot/share/two_wheeled_robot/launch
[0.625s] -- Installing: /home/lyda/ros2_ws/install/two_wheeled_robot/share/two_wheeled_robot/launch/load_world_into_gazebo.launch.py
[0.626s] -- Installing: /home/lyda/ros2_ws/install/two_wheeled_robot/share/two_wheeled_robot/launch/two_wheeled_robot.launch.py
[0.626s] -- Installing: /home/lyda/ros2_ws/install/two_wheeled_robot/share/two_wheeled_robot/meshes
[0.626s] -- Installing: /home/lyda/ros2_ws/install/two_wheeled_robot/share/two_wheeled_robot/meshes/robot_base.stl
[0.626s] -- Installing: /home/lyda/ros2_ws/install/two_wheeled_robot/share/two_wheeled_robot/rviz
[0.626s] -- Installing: /home/lyda/ros2_ws/install/two_wheeled_robot/share/two_wheeled_robot/rviz/rviz_basic_settings.rviz
[0.626s] -- Installing: /home/lyda/ros2_ws/install/two_wheeled_robot/share/two_wheeled_robot/urdf
[0.626s] -- Installing: /home/lyda/ros2_ws/install/two_wheeled_robot/share/two_wheeled_robot/urdf/two_wheeled_robot.urdf
[0.626s] -- Installing: /home/lyda/ros2_ws/install/two_wheeled_robot/share/two_wheeled_robot/worlds
[0.626s] -- Installing: /home/lyda/ros2_ws/install/two_wheeled_robot/share/two_wheeled_robot/worlds/cafe.world
[0.626s] -- Installing: /home/lyda/ros2_ws/install/two_wheeled_robot/share/ament_index/resource_index/package_run_dependencies/two_wheeled_robot
[0.626s] -- Installing: /home/lyda/ros2_ws/install/two_wheeled_robot/share/ament_index/resource_index/parent_prefix_path/two_wheeled_robot
[0.626s] -- Installing: /home/lyda/ros2_ws/install/two_wheeled_robot/share/two_wheeled_robot/environment/ament_prefix_path.sh
[0.626s] -- Installing: /home/lyda/ros2_ws/install/two_wheeled_robot/share/two_wheeled_robot/environment/ament_prefix_path.dsv
[0.626s] -- Installing: /home/lyda/ros2_ws/install/two_wheeled_robot/share/two_wheeled_robot/environment/path.sh
[0.626s] -- Installing: /home/lyda/ros2_ws/install/two_wheeled_robot/share/two_wheeled_robot/environment/path.dsv
[0.626s] -- Installing: /home/lyda/ros2_ws/install/two_wheeled_robot/share/two_wheeled_robot/local_setup.bash
[0.626s] -- Installing: /home/lyda/ros2_ws/install/two_wheeled_robot/share/two_wheeled_robot/local_setup.sh
[0.626s] -- Installing: /home/lyda/ros2_ws/install/two_wheeled_robot/share/two_wheeled_robot/local_setup.zsh
[0.626s] -- Installing: /home/lyda/ros2_ws/install/two_wheeled_robot/share/two_wheeled_robot/local_setup.dsv
[0.626s] -- Installing: /home/lyda/ros2_ws/install/two_wheeled_robot/share/two_wheeled_robot/package.dsv
[0.626s] -- Installing: /home/lyda/ros2_ws/install/two_wheeled_robot/share/ament_index/resource_index/packages/two_wheeled_robot
[0.626s] -- Installing: /home/lyda/ros2_ws/install/two_wheeled_robot/share/two_wheeled_robot/cmake/two_wheeled_robotConfig.cmake
[0.626s] -- Installing: /home/lyda/ros2_ws/install/two_wheeled_robot/share/two_wheeled_robot/cmake/two_wheeled_robotConfig-version.cmake
[0.626s] -- Installing: /home/lyda/ros2_ws/install/two_wheeled_robot/share/two_wheeled_robot/package.xml
[0.628s] Invoked command in '/home/lyda/ros2_ws/build/two_wheeled_robot' returned '0': CMAKE_PREFIX_PATH=${CMAKE_PREFIX_PATH}:/home/lyda/dev_ws/install/my_package_py:/home/lyda/ros2_ws/install/flappy_robot:/opt/ros/humble /usr/bin/cmake --install /home/lyda/ros2_ws/build/two_wheeled_robot
