[0.423s] Invoking command in '/home/chiv/ros2_ws/src/flappy_robot': CMAKE_PREFIX_PATH=/home/chiv/ros2_ws/install/flappy_robot_msgs:/home/chiv/turtlebot3_ws/install/turtlebot3:/home/chiv/turtlebot3_ws/install/turtlebot3_bringup:/home/chiv/turtlebot3_ws/install/turtlebot3_node:/home/chiv/turtlebot3_ws/install/turtlebot3_navigation2:/home/chiv/turtlebot3_ws/install/turtlebot3_msgs:/home/chiv/turtlebot3_ws/install/turtlebot3_description:/home/chiv/turtlebot3_ws/install/turtlebot3_cartographer:/home/chiv/turtlebot3_ws/install/dynamixel_sdk_examples:/home/chiv/turtlebot3_ws/install/dynamixel_sdk_custom_interfaces:/home/chiv/turtlebot3_ws/install/dynamixel_sdk:/home/chiv/ros2_ws/install/two_wheeled_robot LD_LIBRARY_PATH=/home/chiv/ros2_ws/install/flappy_robot_msgs/lib:/home/chiv/turtlebot3_ws/install/turtlebot3_msgs/lib:/home/chiv/turtlebot3_ws/install/dynamixel_sdk_custom_interfaces/lib:/home/chiv/turtlebot3_ws/install/dynamixel_sdk/lib:/usr/lib/x86_64-linux-gnu/gazebo-11/plugins:/opt/ros/humble/opt/rviz_ogre_vendor/lib:/opt/ros/humble/lib/x86_64-linux-gnu:/opt/ros/humble/lib PYTHONPATH=/home/chiv/ros2_ws/build/flappy_robot/prefix_override:/usr/lib/python3/dist-packages/colcon_core/task/python/colcon_distutils_commands:/home/chiv/ros2_ws/install/flappy_robot/lib/python3.10/site-packages:${PYTHONPATH} /usr/bin/python3 -W ignore:setup.py install is deprecated -W ignore:easy_install command is deprecated setup.py egg_info --egg-base ../../build/flappy_robot build --build-base /home/chiv/ros2_ws/build/flappy_robot/build install --record /home/chiv/ros2_ws/build/flappy_robot/install.log --single-version-externally-managed install_data
[0.558s] running egg_info
[0.559s] writing ../../build/flappy_robot/flappy_robot.egg-info/PKG-INFO
[0.561s] writing dependency_links to ../../build/flappy_robot/flappy_robot.egg-info/dependency_links.txt
[0.562s] writing entry points to ../../build/flappy_robot/flappy_robot.egg-info/entry_points.txt
[0.562s] writing requirements to ../../build/flappy_robot/flappy_robot.egg-info/requires.txt
[0.562s] writing top-level names to ../../build/flappy_robot/flappy_robot.egg-info/top_level.txt
[0.564s] reading manifest file '../../build/flappy_robot/flappy_robot.egg-info/SOURCES.txt'
[0.565s] writing manifest file '../../build/flappy_robot/flappy_robot.egg-info/SOURCES.txt'
[0.565s] running build
[0.565s] running build_py
[0.566s] copying flappy_robot/visualization.py -> /home/chiv/ros2_ws/build/flappy_robot/build/lib/flappy_robot
[0.566s] copying flappy_robot/game_window.py -> /home/chiv/ros2_ws/build/flappy_robot/build/lib/flappy_robot
[0.566s] copying flappy_robot/__init__.py -> /home/chiv/ros2_ws/build/flappy_robot/build/lib/flappy_robot
[0.566s] copying flappy_robot/game_logic.py -> /home/chiv/ros2_ws/build/flappy_robot/build/lib/flappy_robot
[0.566s] copying flappy_robot/keyboard_controller.py -> /home/chiv/ros2_ws/build/flappy_robot/build/lib/flappy_robot
[0.566s] running install
[0.567s] running install_lib
[0.569s] copying /home/chiv/ros2_ws/build/flappy_robot/build/lib/flappy_robot/visualization.py -> /home/chiv/ros2_ws/install/flappy_robot/lib/python3.10/site-packages/flappy_robot
[0.569s] copying /home/chiv/ros2_ws/build/flappy_robot/build/lib/flappy_robot/game_window.py -> /home/chiv/ros2_ws/install/flappy_robot/lib/python3.10/site-packages/flappy_robot
[0.569s] copying /home/chiv/ros2_ws/build/flappy_robot/build/lib/flappy_robot/__init__.py -> /home/chiv/ros2_ws/install/flappy_robot/lib/python3.10/site-packages/flappy_robot
[0.569s] copying /home/chiv/ros2_ws/build/flappy_robot/build/lib/flappy_robot/game_logic.py -> /home/chiv/ros2_ws/install/flappy_robot/lib/python3.10/site-packages/flappy_robot
[0.569s] copying /home/chiv/ros2_ws/build/flappy_robot/build/lib/flappy_robot/keyboard_controller.py -> /home/chiv/ros2_ws/install/flappy_robot/lib/python3.10/site-packages/flappy_robot
[0.569s] byte-compiling /home/chiv/ros2_ws/install/flappy_robot/lib/python3.10/site-packages/flappy_robot/visualization.py to visualization.cpython-310.pyc
[0.569s] byte-compiling /home/chiv/ros2_ws/install/flappy_robot/lib/python3.10/site-packages/flappy_robot/game_window.py to game_window.cpython-310.pyc
[0.570s] byte-compiling /home/chiv/ros2_ws/install/flappy_robot/lib/python3.10/site-packages/flappy_robot/__init__.py to __init__.cpython-310.pyc
[0.571s] byte-compiling /home/chiv/ros2_ws/install/flappy_robot/lib/python3.10/site-packages/flappy_robot/game_logic.py to game_logic.cpython-310.pyc
[0.571s] byte-compiling /home/chiv/ros2_ws/install/flappy_robot/lib/python3.10/site-packages/flappy_robot/keyboard_controller.py to keyboard_controller.cpython-310.pyc
[0.571s] running install_data
[0.572s] copying resource/flappy_robot -> /home/chiv/ros2_ws/install/flappy_robot/share/ament_index/resource_index/packages
[0.572s] copying package.xml -> /home/chiv/ros2_ws/install/flappy_robot/share/flappy_robot
[0.572s] copying launch/flappy.launch.py -> /home/chiv/ros2_ws/install/flappy_robot/share/flappy_robot/launch
[0.572s] running install_egg_info
[0.573s] removing '/home/chiv/ros2_ws/install/flappy_robot/lib/python3.10/site-packages/flappy_robot-0.0.1-py3.10.egg-info' (and everything under it)
[0.574s] Copying ../../build/flappy_robot/flappy_robot.egg-info to /home/chiv/ros2_ws/install/flappy_robot/lib/python3.10/site-packages/flappy_robot-0.0.1-py3.10.egg-info
[0.574s] running install_scripts
[0.587s] Installing game_logic script to /home/chiv/ros2_ws/install/flappy_robot/lib/flappy_robot
[0.588s] Installing game_window script to /home/chiv/ros2_ws/install/flappy_robot/lib/flappy_robot
[0.588s] Installing keyboard_controller script to /home/chiv/ros2_ws/install/flappy_robot/lib/flappy_robot
[0.588s] Installing visualization script to /home/chiv/ros2_ws/install/flappy_robot/lib/flappy_robot
[0.588s] writing list of installed files to '/home/chiv/ros2_ws/build/flappy_robot/install.log'
[0.602s] Invoked command in '/home/chiv/ros2_ws/src/flappy_robot' returned '0': CMAKE_PREFIX_PATH=/home/chiv/ros2_ws/install/flappy_robot_msgs:/home/chiv/turtlebot3_ws/install/turtlebot3:/home/chiv/turtlebot3_ws/install/turtlebot3_bringup:/home/chiv/turtlebot3_ws/install/turtlebot3_node:/home/chiv/turtlebot3_ws/install/turtlebot3_navigation2:/home/chiv/turtlebot3_ws/install/turtlebot3_msgs:/home/chiv/turtlebot3_ws/install/turtlebot3_description:/home/chiv/turtlebot3_ws/install/turtlebot3_cartographer:/home/chiv/turtlebot3_ws/install/dynamixel_sdk_examples:/home/chiv/turtlebot3_ws/install/dynamixel_sdk_custom_interfaces:/home/chiv/turtlebot3_ws/install/dynamixel_sdk:/home/chiv/ros2_ws/install/two_wheeled_robot LD_LIBRARY_PATH=/home/chiv/ros2_ws/install/flappy_robot_msgs/lib:/home/chiv/turtlebot3_ws/install/turtlebot3_msgs/lib:/home/chiv/turtlebot3_ws/install/dynamixel_sdk_custom_interfaces/lib:/home/chiv/turtlebot3_ws/install/dynamixel_sdk/lib:/usr/lib/x86_64-linux-gnu/gazebo-11/plugins:/opt/ros/humble/opt/rviz_ogre_vendor/lib:/opt/ros/humble/lib/x86_64-linux-gnu:/opt/ros/humble/lib PYTHONPATH=/home/chiv/ros2_ws/build/flappy_robot/prefix_override:/usr/lib/python3/dist-packages/colcon_core/task/python/colcon_distutils_commands:/home/chiv/ros2_ws/install/flappy_robot/lib/python3.10/site-packages:${PYTHONPATH} /usr/bin/python3 -W ignore:setup.py install is deprecated -W ignore:easy_install command is deprecated setup.py egg_info --egg-base ../../build/flappy_robot build --build-base /home/chiv/ros2_ws/build/flappy_robot/build install --record /home/chiv/ros2_ws/build/flappy_robot/install.log --single-version-externally-managed install_data
