running egg_info
creating ../../build/flappy_robot/flappy_robot.egg-info
writing ../../build/flappy_robot/flappy_robot.egg-info/PKG-INFO
writing dependency_links to ../../build/flappy_robot/flappy_robot.egg-info/dependency_links.txt
writing entry points to ../../build/flappy_robot/flappy_robot.egg-info/entry_points.txt
writing requirements to ../../build/flappy_robot/flappy_robot.egg-info/requires.txt
writing top-level names to ../../build/flappy_robot/flappy_robot.egg-info/top_level.txt
writing manifest file '../../build/flappy_robot/flappy_robot.egg-info/SOURCES.txt'
reading manifest file '../../build/flappy_robot/flappy_robot.egg-info/SOURCES.txt'
writing manifest file '../../build/flappy_robot/flappy_robot.egg-info/SOURCES.txt'
running build
running build_py
creating /home/chiv/ros2_ws/build/flappy_robot/build
creating /home/chiv/ros2_ws/build/flappy_robot/build/lib
creating /home/chiv/ros2_ws/build/flappy_robot/build/lib/flappy_robot
copying flappy_robot/game_logic.py -> /home/chiv/ros2_ws/build/flappy_robot/build/lib/flappy_robot
copying flappy_robot/__init__.py -> /home/chiv/ros2_ws/build/flappy_robot/build/lib/flappy_robot
copying flappy_robot/keyboard_controller.py -> /home/chiv/ros2_ws/build/flappy_robot/build/lib/flappy_robot
copying flappy_robot/visualization.py -> /home/chiv/ros2_ws/build/flappy_robot/build/lib/flappy_robot
running install
running install_lib
creating /home/chiv/ros2_ws/install/flappy_robot/lib/python3.12/site-packages/flappy_robot
copying /home/chiv/ros2_ws/build/flappy_robot/build/lib/flappy_robot/game_logic.py -> /home/chiv/ros2_ws/install/flappy_robot/lib/python3.12/site-packages/flappy_robot
copying /home/chiv/ros2_ws/build/flappy_robot/build/lib/flappy_robot/__init__.py -> /home/chiv/ros2_ws/install/flappy_robot/lib/python3.12/site-packages/flappy_robot
copying /home/chiv/ros2_ws/build/flappy_robot/build/lib/flappy_robot/keyboard_controller.py -> /home/chiv/ros2_ws/install/flappy_robot/lib/python3.12/site-packages/flappy_robot
copying /home/chiv/ros2_ws/build/flappy_robot/build/lib/flappy_robot/visualization.py -> /home/chiv/ros2_ws/install/flappy_robot/lib/python3.12/site-packages/flappy_robot
byte-compiling /home/chiv/ros2_ws/install/flappy_robot/lib/python3.12/site-packages/flappy_robot/game_logic.py to game_logic.cpython-312.pyc
byte-compiling /home/chiv/ros2_ws/install/flappy_robot/lib/python3.12/site-packages/flappy_robot/__init__.py to __init__.cpython-312.pyc
byte-compiling /home/chiv/ros2_ws/install/flappy_robot/lib/python3.12/site-packages/flappy_robot/keyboard_controller.py to keyboard_controller.cpython-312.pyc
byte-compiling /home/chiv/ros2_ws/install/flappy_robot/lib/python3.12/site-packages/flappy_robot/visualization.py to visualization.cpython-312.pyc
running install_data
creating /home/chiv/ros2_ws/install/flappy_robot/share/ament_index
creating /home/chiv/ros2_ws/install/flappy_robot/share/ament_index/resource_index
creating /home/chiv/ros2_ws/install/flappy_robot/share/ament_index/resource_index/packages
copying resource/flappy_robot -> /home/chiv/ros2_ws/install/flappy_robot/share/ament_index/resource_index/packages
copying package.xml -> /home/chiv/ros2_ws/install/flappy_robot/share/flappy_robot
creating /home/chiv/ros2_ws/install/flappy_robot/share/flappy_robot/launch
copying launch/flappy.launch.py -> /home/chiv/ros2_ws/install/flappy_robot/share/flappy_robot/launch
creating /home/chiv/ros2_ws/install/flappy_robot/share/flappy_robot/msg
copying msg/FlappyStatus.msg -> /home/chiv/ros2_ws/install/flappy_robot/share/flappy_robot/msg
running install_egg_info
Copying ../../build/flappy_robot/flappy_robot.egg-info to /home/chiv/ros2_ws/install/flappy_robot/lib/python3.12/site-packages/flappy_robot-0.0.1-py3.12.egg-info
running install_scripts
Installing game_logic script to /home/chiv/ros2_ws/install/flappy_robot/lib/flappy_robot
Installing keyboard_controller script to /home/chiv/ros2_ws/install/flappy_robot/lib/flappy_robot
Installing visualization script to /home/chiv/ros2_ws/install/flappy_robot/lib/flappy_robot
writing list of installed files to '/home/chiv/ros2_ws/build/flappy_robot/install.log'
