[0.473s] Invoking command in '/home/chiv/ros2_ws/src/flappy_robot': AMENT_PREFIX_PATH=/home/chiv/ros2_ws/install/flappy_robot_msgs:${AMENT_PREFIX_PATH} CMAKE_PREFIX_PATH=/home/chiv/ros2_ws/install/flappy_robot_msgs:${CMAKE_PREFIX_PATH} DEBUGINFOD_URLS=https://debuginfod.ubuntu.com LD_LIBRARY_PATH=/home/chiv/ros2_ws/install/flappy_robot_msgs/lib:${LD_LIBRARY_PATH} PYTHONPATH=/home/chiv/ros2_ws/build/flappy_robot/prefix_override:/usr/lib/python3/dist-packages/colcon_core/task/python/colcon_distutils_commands:/home/chiv/ros2_ws/install/flappy_robot/lib/python3.12/site-packages:/home/chiv/ros2_ws/install/flappy_robot_msgs/lib/python3.12/site-packages:${PYTHONPATH} /usr/bin/python3 -W ignore:setup.py install is deprecated -W ignore:easy_install command is deprecated setup.py egg_info --egg-base ../../build/flappy_robot build --build-base /home/chiv/ros2_ws/build/flappy_robot/build install --record /home/chiv/ros2_ws/build/flappy_robot/install.log --single-version-externally-managed install_data
[0.612s] running egg_info
[0.612s] creating ../../build/flappy_robot/flappy_robot.egg-info
[0.621s] writing ../../build/flappy_robot/flappy_robot.egg-info/PKG-INFO
[0.621s] writing dependency_links to ../../build/flappy_robot/flappy_robot.egg-info/dependency_links.txt
[0.621s] writing entry points to ../../build/flappy_robot/flappy_robot.egg-info/entry_points.txt
[0.621s] writing requirements to ../../build/flappy_robot/flappy_robot.egg-info/requires.txt
[0.621s] writing top-level names to ../../build/flappy_robot/flappy_robot.egg-info/top_level.txt
[0.621s] writing manifest file '../../build/flappy_robot/flappy_robot.egg-info/SOURCES.txt'
[0.639s] reading manifest file '../../build/flappy_robot/flappy_robot.egg-info/SOURCES.txt'
[0.639s] writing manifest file '../../build/flappy_robot/flappy_robot.egg-info/SOURCES.txt'
[0.639s] running build
[0.639s] running build_py
[0.639s] creating /home/chiv/ros2_ws/build/flappy_robot/build
[0.639s] creating /home/chiv/ros2_ws/build/flappy_robot/build/lib
[0.639s] creating /home/chiv/ros2_ws/build/flappy_robot/build/lib/flappy_robot
[0.639s] copying flappy_robot/game_logic.py -> /home/chiv/ros2_ws/build/flappy_robot/build/lib/flappy_robot
[0.639s] copying flappy_robot/__init__.py -> /home/chiv/ros2_ws/build/flappy_robot/build/lib/flappy_robot
[0.639s] copying flappy_robot/keyboard_controller.py -> /home/chiv/ros2_ws/build/flappy_robot/build/lib/flappy_robot
[0.640s] copying flappy_robot/visualization.py -> /home/chiv/ros2_ws/build/flappy_robot/build/lib/flappy_robot
[0.641s] running install
[0.643s] running install_lib
[0.652s] creating /home/chiv/ros2_ws/install/flappy_robot/lib/python3.12/site-packages/flappy_robot
[0.652s] copying /home/chiv/ros2_ws/build/flappy_robot/build/lib/flappy_robot/game_logic.py -> /home/chiv/ros2_ws/install/flappy_robot/lib/python3.12/site-packages/flappy_robot
[0.652s] copying /home/chiv/ros2_ws/build/flappy_robot/build/lib/flappy_robot/__init__.py -> /home/chiv/ros2_ws/install/flappy_robot/lib/python3.12/site-packages/flappy_robot
[0.652s] copying /home/chiv/ros2_ws/build/flappy_robot/build/lib/flappy_robot/keyboard_controller.py -> /home/chiv/ros2_ws/install/flappy_robot/lib/python3.12/site-packages/flappy_robot
[0.652s] copying /home/chiv/ros2_ws/build/flappy_robot/build/lib/flappy_robot/visualization.py -> /home/chiv/ros2_ws/install/flappy_robot/lib/python3.12/site-packages/flappy_robot
[0.653s] byte-compiling /home/chiv/ros2_ws/install/flappy_robot/lib/python3.12/site-packages/flappy_robot/game_logic.py to game_logic.cpython-312.pyc
[0.654s] byte-compiling /home/chiv/ros2_ws/install/flappy_robot/lib/python3.12/site-packages/flappy_robot/__init__.py to __init__.cpython-312.pyc
[0.654s] byte-compiling /home/chiv/ros2_ws/install/flappy_robot/lib/python3.12/site-packages/flappy_robot/keyboard_controller.py to keyboard_controller.cpython-312.pyc
[0.655s] byte-compiling /home/chiv/ros2_ws/install/flappy_robot/lib/python3.12/site-packages/flappy_robot/visualization.py to visualization.cpython-312.pyc
[0.655s] running install_data
[0.655s] creating /home/chiv/ros2_ws/install/flappy_robot/share/ament_index
[0.655s] creating /home/chiv/ros2_ws/install/flappy_robot/share/ament_index/resource_index
[0.655s] creating /home/chiv/ros2_ws/install/flappy_robot/share/ament_index/resource_index/packages
[0.655s] copying resource/flappy_robot -> /home/chiv/ros2_ws/install/flappy_robot/share/ament_index/resource_index/packages
[0.655s] copying package.xml -> /home/chiv/ros2_ws/install/flappy_robot/share/flappy_robot
[0.656s] creating /home/chiv/ros2_ws/install/flappy_robot/share/flappy_robot/launch
[0.656s] copying launch/flappy.launch.py -> /home/chiv/ros2_ws/install/flappy_robot/share/flappy_robot/launch
[0.656s] creating /home/chiv/ros2_ws/install/flappy_robot/share/flappy_robot/msg
[0.656s] copying msg/FlappyStatus.msg -> /home/chiv/ros2_ws/install/flappy_robot/share/flappy_robot/msg
[0.656s] running install_egg_info
[0.665s] Copying ../../build/flappy_robot/flappy_robot.egg-info to /home/chiv/ros2_ws/install/flappy_robot/lib/python3.12/site-packages/flappy_robot-0.0.1-py3.12.egg-info
[0.665s] running install_scripts
[0.734s] Installing game_logic script to /home/chiv/ros2_ws/install/flappy_robot/lib/flappy_robot
[0.734s] Installing keyboard_controller script to /home/chiv/ros2_ws/install/flappy_robot/lib/flappy_robot
[0.734s] Installing visualization script to /home/chiv/ros2_ws/install/flappy_robot/lib/flappy_robot
[0.734s] writing list of installed files to '/home/chiv/ros2_ws/build/flappy_robot/install.log'
[0.750s] Invoked command in '/home/chiv/ros2_ws/src/flappy_robot' returned '0': AMENT_PREFIX_PATH=/home/chiv/ros2_ws/install/flappy_robot_msgs:${AMENT_PREFIX_PATH} CMAKE_PREFIX_PATH=/home/chiv/ros2_ws/install/flappy_robot_msgs:${CMAKE_PREFIX_PATH} DEBUGINFOD_URLS=https://debuginfod.ubuntu.com LD_LIBRARY_PATH=/home/chiv/ros2_ws/install/flappy_robot_msgs/lib:${LD_LIBRARY_PATH} PYTHONPATH=/home/chiv/ros2_ws/build/flappy_robot/prefix_override:/usr/lib/python3/dist-packages/colcon_core/task/python/colcon_distutils_commands:/home/chiv/ros2_ws/install/flappy_robot/lib/python3.12/site-packages:/home/chiv/ros2_ws/install/flappy_robot_msgs/lib/python3.12/site-packages:${PYTHONPATH} /usr/bin/python3 -W ignore:setup.py install is deprecated -W ignore:easy_install command is deprecated setup.py egg_info --egg-base ../../build/flappy_robot build --build-base /home/chiv/ros2_ws/build/flappy_robot/build install --record /home/chiv/ros2_ws/build/flappy_robot/install.log --single-version-externally-managed install_data
