[0.070s] DEBUG:colcon:Command line arguments: ['/usr/bin/colcon', 'build']
[0.070s] DEBUG:colcon:Parsed command line arguments: Namespace(log_base=None, log_level=None, verb_name='build', build_base='build', install_base='install', merge_install=False, symlink_install=False, test_result_base=None, continue_on_error=False, executor='parallel', parallel_workers=2, event_handlers=None, ignore_user_meta=False, metas=['./colcon.meta'], base_paths=['.'], packages_ignore=None, packages_ignore_regex=None, paths=None, packages_up_to=None, packages_up_to_regex=None, packages_above=None, packages_above_and_dependencies=None, packages_above_depth=None, packages_select_by_dep=None, packages_skip_by_dep=None, packages_skip_up_to=None, packages_select_build_failed=False, packages_skip_build_finished=False, packages_select_test_failures=False, packages_skip_test_passed=False, packages_select=None, packages_skip=None, packages_select_regex=None, packages_skip_regex=None, packages_start=None, packages_end=None, allow_overriding=[], cmake_args=None, cmake_target=None, cmake_target_skip_unavailable=False, cmake_clean_cache=False, cmake_clean_first=False, cmake_force_configure=False, ament_cmake_args=None, catkin_cmake_args=None, catkin_skip_building_tests=False, mixin_files=None, mixin=None, verb_parser=<colcon_mixin.mixin.mixin_argument.MixinArgumentDecorator object at 0x7dcd8d7673d0>, verb_extension=<colcon_core.verb.build.BuildVerb object at 0x7dcd8d766f20>, main=<bound method BuildVerb.main of <colcon_core.verb.build.BuildVerb object at 0x7dcd8d766f20>>, mixin_verb=('build',))
[0.163s] Level 1:colcon.colcon_core.package_discovery:discover_packages(colcon_meta) check parameters
[0.163s] Level 1:colcon.colcon_core.package_discovery:discover_packages(recursive) check parameters
[0.163s] Level 1:colcon.colcon_core.package_discovery:discover_packages(ignore) check parameters
[0.163s] Level 1:colcon.colcon_core.package_discovery:discover_packages(path) check parameters
[0.163s] Level 1:colcon.colcon_core.package_discovery:discover_packages(colcon_meta) discover
[0.163s] Level 1:colcon.colcon_core.package_discovery:discover_packages(recursive) discover
[0.163s] INFO:colcon.colcon_core.package_discovery:Crawling recursively for packages in '/home/chiv/ros2_ws'
[0.163s] Level 1:colcon.colcon_core.package_identification:_identify(.) by extensions ['ignore', 'ignore_ament_install']
[0.163s] Level 1:colcon.colcon_core.package_identification:_identify(.) by extension 'ignore'
[0.163s] Level 1:colcon.colcon_core.package_identification:_identify(.) by extension 'ignore_ament_install'
[0.163s] Level 1:colcon.colcon_core.package_identification:_identify(.) by extensions ['colcon_pkg']
[0.163s] Level 1:colcon.colcon_core.package_identification:_identify(.) by extension 'colcon_pkg'
[0.163s] Level 1:colcon.colcon_core.package_identification:_identify(.) by extensions ['colcon_meta']
[0.163s] Level 1:colcon.colcon_core.package_identification:_identify(.) by extension 'colcon_meta'
[0.163s] Level 1:colcon.colcon_core.package_identification:_identify(.) by extensions ['ros']
[0.163s] Level 1:colcon.colcon_core.package_identification:_identify(.) by extension 'ros'
[0.169s] Level 1:colcon.colcon_core.package_identification:_identify(.) by extensions ['cmake', 'python']
[0.170s] Level 1:colcon.colcon_core.package_identification:_identify(.) by extension 'cmake'
[0.170s] Level 1:colcon.colcon_core.package_identification:_identify(.) by extension 'python'
[0.170s] Level 1:colcon.colcon_core.package_identification:_identify(.) by extensions ['python_setup_py']
[0.170s] Level 1:colcon.colcon_core.package_identification:_identify(.) by extension 'python_setup_py'
[0.170s] Level 1:colcon.colcon_core.package_identification:_identify(build) by extensions ['ignore', 'ignore_ament_install']
[0.170s] Level 1:colcon.colcon_core.package_identification:_identify(build) by extension 'ignore'
[0.170s] Level 1:colcon.colcon_core.package_identification:_identify(build) ignored
[0.170s] Level 1:colcon.colcon_core.package_identification:_identify(install) by extensions ['ignore', 'ignore_ament_install']
[0.170s] Level 1:colcon.colcon_core.package_identification:_identify(install) by extension 'ignore'
[0.170s] Level 1:colcon.colcon_core.package_identification:_identify(install) ignored
[0.170s] Level 1:colcon.colcon_core.package_identification:_identify(log) by extensions ['ignore', 'ignore_ament_install']
[0.170s] Level 1:colcon.colcon_core.package_identification:_identify(log) by extension 'ignore'
[0.170s] Level 1:colcon.colcon_core.package_identification:_identify(log) ignored
[0.170s] Level 1:colcon.colcon_core.package_identification:_identify(src) by extensions ['ignore', 'ignore_ament_install']
[0.170s] Level 1:colcon.colcon_core.package_identification:_identify(src) by extension 'ignore'
[0.171s] Level 1:colcon.colcon_core.package_identification:_identify(src) by extension 'ignore_ament_install'
[0.171s] Level 1:colcon.colcon_core.package_identification:_identify(src) by extensions ['colcon_pkg']
[0.171s] Level 1:colcon.colcon_core.package_identification:_identify(src) by extension 'colcon_pkg'
[0.171s] Level 1:colcon.colcon_core.package_identification:_identify(src) by extensions ['colcon_meta']
[0.171s] Level 1:colcon.colcon_core.package_identification:_identify(src) by extension 'colcon_meta'
[0.171s] Level 1:colcon.colcon_core.package_identification:_identify(src) by extensions ['ros']
[0.171s] Level 1:colcon.colcon_core.package_identification:_identify(src) by extension 'ros'
[0.171s] Level 1:colcon.colcon_core.package_identification:_identify(src) by extensions ['cmake', 'python']
[0.171s] Level 1:colcon.colcon_core.package_identification:_identify(src) by extension 'cmake'
[0.171s] Level 1:colcon.colcon_core.package_identification:_identify(src) by extension 'python'
[0.171s] Level 1:colcon.colcon_core.package_identification:_identify(src) by extensions ['python_setup_py']
[0.171s] Level 1:colcon.colcon_core.package_identification:_identify(src) by extension 'python_setup_py'
[0.171s] Level 1:colcon.colcon_core.package_identification:_identify(src/flappy_robot) by extensions ['ignore', 'ignore_ament_install']
[0.171s] Level 1:colcon.colcon_core.package_identification:_identify(src/flappy_robot) by extension 'ignore'
[0.171s] Level 1:colcon.colcon_core.package_identification:_identify(src/flappy_robot) by extension 'ignore_ament_install'
[0.171s] Level 1:colcon.colcon_core.package_identification:_identify(src/flappy_robot) by extensions ['colcon_pkg']
[0.171s] Level 1:colcon.colcon_core.package_identification:_identify(src/flappy_robot) by extension 'colcon_pkg'
[0.171s] Level 1:colcon.colcon_core.package_identification:_identify(src/flappy_robot) by extensions ['colcon_meta']
[0.171s] Level 1:colcon.colcon_core.package_identification:_identify(src/flappy_robot) by extension 'colcon_meta'
[0.171s] Level 1:colcon.colcon_core.package_identification:_identify(src/flappy_robot) by extensions ['ros']
[0.171s] Level 1:colcon.colcon_core.package_identification:_identify(src/flappy_robot) by extension 'ros'
[0.172s] DEBUG:colcon.colcon_core.package_identification:Package 'src/flappy_robot' with type 'ros.ament_python' and name 'flappy_robot'
[0.172s] Level 1:colcon.colcon_core.package_identification:_identify(src/flappy_robot_msgs) by extensions ['ignore', 'ignore_ament_install']
[0.172s] Level 1:colcon.colcon_core.package_identification:_identify(src/flappy_robot_msgs) by extension 'ignore'
[0.173s] Level 1:colcon.colcon_core.package_identification:_identify(src/flappy_robot_msgs) by extension 'ignore_ament_install'
[0.173s] Level 1:colcon.colcon_core.package_identification:_identify(src/flappy_robot_msgs) by extensions ['colcon_pkg']
[0.173s] Level 1:colcon.colcon_core.package_identification:_identify(src/flappy_robot_msgs) by extension 'colcon_pkg'
[0.173s] Level 1:colcon.colcon_core.package_identification:_identify(src/flappy_robot_msgs) by extensions ['colcon_meta']
[0.173s] Level 1:colcon.colcon_core.package_identification:_identify(src/flappy_robot_msgs) by extension 'colcon_meta'
[0.173s] Level 1:colcon.colcon_core.package_identification:_identify(src/flappy_robot_msgs) by extensions ['ros']
[0.173s] Level 1:colcon.colcon_core.package_identification:_identify(src/flappy_robot_msgs) by extension 'ros'
[0.173s] DEBUG:colcon.colcon_core.package_identification:Package 'src/flappy_robot_msgs' with type 'ros.ament_cmake' and name 'flappy_robot_msgs'
[0.173s] Level 1:colcon.colcon_core.package_identification:_identify(src/two_wheeled_robot) by extensions ['ignore', 'ignore_ament_install']
[0.173s] Level 1:colcon.colcon_core.package_identification:_identify(src/two_wheeled_robot) by extension 'ignore'
[0.173s] Level 1:colcon.colcon_core.package_identification:_identify(src/two_wheeled_robot) by extension 'ignore_ament_install'
[0.173s] Level 1:colcon.colcon_core.package_identification:_identify(src/two_wheeled_robot) by extensions ['colcon_pkg']
[0.173s] Level 1:colcon.colcon_core.package_identification:_identify(src/two_wheeled_robot) by extension 'colcon_pkg'
[0.173s] Level 1:colcon.colcon_core.package_identification:_identify(src/two_wheeled_robot) by extensions ['colcon_meta']
[0.173s] Level 1:colcon.colcon_core.package_identification:_identify(src/two_wheeled_robot) by extension 'colcon_meta'
[0.173s] Level 1:colcon.colcon_core.package_identification:_identify(src/two_wheeled_robot) by extensions ['ros']
[0.173s] Level 1:colcon.colcon_core.package_identification:_identify(src/two_wheeled_robot) by extension 'ros'
[0.174s] DEBUG:colcon.colcon_core.package_identification:Package 'src/two_wheeled_robot' with type 'ros.ament_cmake' and name 'two_wheeled_robot'
[0.174s] Level 1:colcon.colcon_core.package_discovery:discover_packages(recursive) using defaults
[0.174s] Level 1:colcon.colcon_core.package_discovery:discover_packages(ignore) discover
[0.174s] Level 1:colcon.colcon_core.package_discovery:discover_packages(ignore) using defaults
[0.174s] Level 1:colcon.colcon_core.package_discovery:discover_packages(path) discover
[0.174s] Level 1:colcon.colcon_core.package_discovery:discover_packages(path) using defaults
[0.192s] Level 1:colcon.colcon_core.package_discovery:discover_packages(prefix_path) check parameters
[0.192s] Level 1:colcon.colcon_core.package_discovery:discover_packages(prefix_path) discover
[0.193s] DEBUG:colcon.colcon_installed_package_information.package_discovery:Found 3 installed packages in /home/chiv/ros2_ws/install
[0.194s] DEBUG:colcon.colcon_installed_package_information.package_discovery:Found 12 installed packages in /home/chiv/turtlebot3_ws/install
[0.194s] DEBUG:colcon.colcon_installed_package_information.package_discovery:Found 285 installed packages in /opt/ros/humble
[0.195s] Level 1:colcon.colcon_core.package_discovery:discover_packages(prefix_path) using defaults
[0.217s] Level 5:colcon.colcon_core.verb:set package 'flappy_robot_msgs' build argument 'cmake_args' from command line to 'None'
[0.217s] Level 5:colcon.colcon_core.verb:set package 'flappy_robot_msgs' build argument 'cmake_target' from command line to 'None'
[0.217s] Level 5:colcon.colcon_core.verb:set package 'flappy_robot_msgs' build argument 'cmake_target_skip_unavailable' from command line to 'False'
[0.217s] Level 5:colcon.colcon_core.verb:set package 'flappy_robot_msgs' build argument 'cmake_clean_cache' from command line to 'False'
[0.217s] Level 5:colcon.colcon_core.verb:set package 'flappy_robot_msgs' build argument 'cmake_clean_first' from command line to 'False'
[0.217s] Level 5:colcon.colcon_core.verb:set package 'flappy_robot_msgs' build argument 'cmake_force_configure' from command line to 'False'
[0.217s] Level 5:colcon.colcon_core.verb:set package 'flappy_robot_msgs' build argument 'ament_cmake_args' from command line to 'None'
[0.217s] Level 5:colcon.colcon_core.verb:set package 'flappy_robot_msgs' build argument 'catkin_cmake_args' from command line to 'None'
[0.217s] Level 5:colcon.colcon_core.verb:set package 'flappy_robot_msgs' build argument 'catkin_skip_building_tests' from command line to 'False'
[0.217s] DEBUG:colcon.colcon_core.verb:Building package 'flappy_robot_msgs' with the following arguments: {'ament_cmake_args': None, 'build_base': '/home/chiv/ros2_ws/build/flappy_robot_msgs', 'catkin_cmake_args': None, 'catkin_skip_building_tests': False, 'cmake_args': None, 'cmake_clean_cache': False, 'cmake_clean_first': False, 'cmake_force_configure': False, 'cmake_target': None, 'cmake_target_skip_unavailable': False, 'install_base': '/home/chiv/ros2_ws/install/flappy_robot_msgs', 'merge_install': False, 'path': '/home/chiv/ros2_ws/src/flappy_robot_msgs', 'symlink_install': False, 'test_result_base': None}
[0.217s] Level 5:colcon.colcon_core.verb:set package 'two_wheeled_robot' build argument 'cmake_args' from command line to 'None'
[0.217s] Level 5:colcon.colcon_core.verb:set package 'two_wheeled_robot' build argument 'cmake_target' from command line to 'None'
[0.217s] Level 5:colcon.colcon_core.verb:set package 'two_wheeled_robot' build argument 'cmake_target_skip_unavailable' from command line to 'False'
[0.217s] Level 5:colcon.colcon_core.verb:set package 'two_wheeled_robot' build argument 'cmake_clean_cache' from command line to 'False'
[0.217s] Level 5:colcon.colcon_core.verb:set package 'two_wheeled_robot' build argument 'cmake_clean_first' from command line to 'False'
[0.217s] Level 5:colcon.colcon_core.verb:set package 'two_wheeled_robot' build argument 'cmake_force_configure' from command line to 'False'
[0.217s] Level 5:colcon.colcon_core.verb:set package 'two_wheeled_robot' build argument 'ament_cmake_args' from command line to 'None'
[0.217s] Level 5:colcon.colcon_core.verb:set package 'two_wheeled_robot' build argument 'catkin_cmake_args' from command line to 'None'
[0.217s] Level 5:colcon.colcon_core.verb:set package 'two_wheeled_robot' build argument 'catkin_skip_building_tests' from command line to 'False'
[0.217s] DEBUG:colcon.colcon_core.verb:Building package 'two_wheeled_robot' with the following arguments: {'ament_cmake_args': None, 'build_base': '/home/chiv/ros2_ws/build/two_wheeled_robot', 'catkin_cmake_args': None, 'catkin_skip_building_tests': False, 'cmake_args': None, 'cmake_clean_cache': False, 'cmake_clean_first': False, 'cmake_force_configure': False, 'cmake_target': None, 'cmake_target_skip_unavailable': False, 'install_base': '/home/chiv/ros2_ws/install/two_wheeled_robot', 'merge_install': False, 'path': '/home/chiv/ros2_ws/src/two_wheeled_robot', 'symlink_install': False, 'test_result_base': None}
[0.217s] Level 5:colcon.colcon_core.verb:set package 'flappy_robot' build argument 'cmake_args' from command line to 'None'
[0.217s] Level 5:colcon.colcon_core.verb:set package 'flappy_robot' build argument 'cmake_target' from command line to 'None'
[0.217s] Level 5:colcon.colcon_core.verb:set package 'flappy_robot' build argument 'cmake_target_skip_unavailable' from command line to 'False'
[0.217s] Level 5:colcon.colcon_core.verb:set package 'flappy_robot' build argument 'cmake_clean_cache' from command line to 'False'
[0.217s] Level 5:colcon.colcon_core.verb:set package 'flappy_robot' build argument 'cmake_clean_first' from command line to 'False'
[0.217s] Level 5:colcon.colcon_core.verb:set package 'flappy_robot' build argument 'cmake_force_configure' from command line to 'False'
[0.217s] Level 5:colcon.colcon_core.verb:set package 'flappy_robot' build argument 'ament_cmake_args' from command line to 'None'
[0.218s] Level 5:colcon.colcon_core.verb:set package 'flappy_robot' build argument 'catkin_cmake_args' from command line to 'None'
[0.218s] Level 5:colcon.colcon_core.verb:set package 'flappy_robot' build argument 'catkin_skip_building_tests' from command line to 'False'
[0.218s] DEBUG:colcon.colcon_core.verb:Building package 'flappy_robot' with the following arguments: {'ament_cmake_args': None, 'build_base': '/home/chiv/ros2_ws/build/flappy_robot', 'catkin_cmake_args': None, 'catkin_skip_building_tests': False, 'cmake_args': None, 'cmake_clean_cache': False, 'cmake_clean_first': False, 'cmake_force_configure': False, 'cmake_target': None, 'cmake_target_skip_unavailable': False, 'install_base': '/home/chiv/ros2_ws/install/flappy_robot', 'merge_install': False, 'path': '/home/chiv/ros2_ws/src/flappy_robot', 'symlink_install': False, 'test_result_base': None}
[0.218s] INFO:colcon.colcon_core.executor:Executing jobs using 'parallel' executor
[0.218s] DEBUG:colcon.colcon_parallel_executor.executor.parallel:run_until_complete
[0.218s] INFO:colcon.colcon_ros.task.ament_cmake.build:Building ROS package in '/home/chiv/ros2_ws/src/flappy_robot_msgs' with build type 'ament_cmake'
[0.218s] INFO:colcon.colcon_cmake.task.cmake.build:Building CMake package in '/home/chiv/ros2_ws/src/flappy_robot_msgs'
[0.220s] INFO:colcon.colcon_core.plugin_system:Skipping extension 'colcon_core.shell.bat': Not used on non-Windows systems
[0.220s] INFO:colcon.colcon_core.shell:Skip shell extension 'powershell' for command environment: Not usable outside of PowerShell
[0.220s] DEBUG:colcon.colcon_core.shell:Skip shell extension 'dsv' for command environment
[0.223s] INFO:colcon.colcon_ros.task.ament_cmake.build:Building ROS package in '/home/chiv/ros2_ws/src/two_wheeled_robot' with build type 'ament_cmake'
[0.223s] INFO:colcon.colcon_cmake.task.cmake.build:Building CMake package in '/home/chiv/ros2_ws/src/two_wheeled_robot'
[0.223s] INFO:colcon.colcon_core.shell:Skip shell extension 'powershell' for command environment: Not usable outside of PowerShell
[0.223s] DEBUG:colcon.colcon_core.shell:Skip shell extension 'dsv' for command environment
[0.228s] DEBUG:colcon.colcon_core.event_handler.log_command:Invoking command in '/home/chiv/ros2_ws/build/flappy_robot_msgs': CMAKE_PREFIX_PATH=${CMAKE_PREFIX_PATH}:/home/chiv/ros2_ws/install/flappy_robot:/home/chiv/turtlebot3_ws/install/turtlebot3_teleop:/home/chiv/turtlebot3_ws/install/turtlebot3_example:/opt/ros/humble /usr/bin/cmake --build /home/chiv/ros2_ws/build/flappy_robot_msgs -- -j2 -l2
[0.234s] DEBUG:colcon.colcon_core.event_handler.log_command:Invoking command in '/home/chiv/ros2_ws/build/two_wheeled_robot': CMAKE_PREFIX_PATH=${CMAKE_PREFIX_PATH}:/home/chiv/ros2_ws/install/flappy_robot:/home/chiv/turtlebot3_ws/install/turtlebot3_teleop:/home/chiv/turtlebot3_ws/install/turtlebot3_example:/opt/ros/humble /usr/bin/cmake --build /home/chiv/ros2_ws/build/two_wheeled_robot -- -j2 -l2
[0.277s] DEBUG:colcon.colcon_core.event_handler.log_command:Invoked command in '/home/chiv/ros2_ws/build/two_wheeled_robot' returned '0': CMAKE_PREFIX_PATH=${CMAKE_PREFIX_PATH}:/home/chiv/ros2_ws/install/flappy_robot:/home/chiv/turtlebot3_ws/install/turtlebot3_teleop:/home/chiv/turtlebot3_ws/install/turtlebot3_example:/opt/ros/humble /usr/bin/cmake --build /home/chiv/ros2_ws/build/two_wheeled_robot -- -j2 -l2
[0.288s] DEBUG:colcon.colcon_core.event_handler.log_command:Invoking command in '/home/chiv/ros2_ws/build/two_wheeled_robot': CMAKE_PREFIX_PATH=${CMAKE_PREFIX_PATH}:/home/chiv/ros2_ws/install/flappy_robot:/home/chiv/turtlebot3_ws/install/turtlebot3_teleop:/home/chiv/turtlebot3_ws/install/turtlebot3_example:/opt/ros/humble /usr/bin/cmake --install /home/chiv/ros2_ws/build/two_wheeled_robot
[0.300s] Level 1:colcon.colcon_core.environment:create_environment_scripts_only(two_wheeled_robot)
[0.301s] Level 1:colcon.colcon_core.environment:checking '/home/chiv/ros2_ws/install/two_wheeled_robot' for CMake module files
[0.301s] DEBUG:colcon.colcon_core.event_handler.log_command:Invoked command in '/home/chiv/ros2_ws/build/two_wheeled_robot' returned '0': CMAKE_PREFIX_PATH=${CMAKE_PREFIX_PATH}:/home/chiv/ros2_ws/install/flappy_robot:/home/chiv/turtlebot3_ws/install/turtlebot3_teleop:/home/chiv/turtlebot3_ws/install/turtlebot3_example:/opt/ros/humble /usr/bin/cmake --install /home/chiv/ros2_ws/build/two_wheeled_robot
[0.303s] Level 1:colcon.colcon_core.environment:checking '/home/chiv/ros2_ws/install/two_wheeled_robot' for CMake config files
[0.303s] Level 1:colcon.colcon_core.shell:create_environment_hook('two_wheeled_robot', 'cmake_prefix_path')
[0.303s] INFO:colcon.colcon_core.shell:Creating environment hook '/home/chiv/ros2_ws/install/two_wheeled_robot/share/two_wheeled_robot/hook/cmake_prefix_path.ps1'
[0.305s] INFO:colcon.colcon_core.shell:Creating environment descriptor '/home/chiv/ros2_ws/install/two_wheeled_robot/share/two_wheeled_robot/hook/cmake_prefix_path.dsv'
[0.305s] INFO:colcon.colcon_core.shell:Creating environment hook '/home/chiv/ros2_ws/install/two_wheeled_robot/share/two_wheeled_robot/hook/cmake_prefix_path.sh'
[0.307s] Level 1:colcon.colcon_core.environment:checking '/home/chiv/ros2_ws/install/two_wheeled_robot/bin'
[0.307s] Level 1:colcon.colcon_core.environment:checking '/home/chiv/ros2_ws/install/two_wheeled_robot/lib/pkgconfig/two_wheeled_robot.pc'
[0.307s] Level 1:colcon.colcon_core.environment:checking '/home/chiv/ros2_ws/install/two_wheeled_robot/lib/python3.10/site-packages'
[0.307s] Level 1:colcon.colcon_core.environment:checking '/home/chiv/ros2_ws/install/two_wheeled_robot/bin'
[0.308s] INFO:colcon.colcon_core.shell:Creating package script '/home/chiv/ros2_ws/install/two_wheeled_robot/share/two_wheeled_robot/package.ps1'
[0.311s] INFO:colcon.colcon_core.shell:Creating package descriptor '/home/chiv/ros2_ws/install/two_wheeled_robot/share/two_wheeled_robot/package.dsv'
[0.311s] INFO:colcon.colcon_core.shell:Creating package script '/home/chiv/ros2_ws/install/two_wheeled_robot/share/two_wheeled_robot/package.sh'
[0.313s] INFO:colcon.colcon_core.shell:Creating package script '/home/chiv/ros2_ws/install/two_wheeled_robot/share/two_wheeled_robot/package.bash'
[0.314s] INFO:colcon.colcon_core.shell:Creating package script '/home/chiv/ros2_ws/install/two_wheeled_robot/share/two_wheeled_robot/package.zsh'
[0.315s] Level 1:colcon.colcon_core.environment:create_file_with_runtime_dependencies(/home/chiv/ros2_ws/install/two_wheeled_robot/share/colcon-core/packages/two_wheeled_robot)
[0.315s] Level 1:colcon.colcon_core.environment:create_environment_scripts_only(two_wheeled_robot)
[0.315s] Level 1:colcon.colcon_core.environment:checking '/home/chiv/ros2_ws/install/two_wheeled_robot' for CMake module files
[0.316s] Level 1:colcon.colcon_core.environment:checking '/home/chiv/ros2_ws/install/two_wheeled_robot' for CMake config files
[0.316s] Level 1:colcon.colcon_core.shell:create_environment_hook('two_wheeled_robot', 'cmake_prefix_path')
[0.316s] INFO:colcon.colcon_core.shell:Creating environment hook '/home/chiv/ros2_ws/install/two_wheeled_robot/share/two_wheeled_robot/hook/cmake_prefix_path.ps1'
[0.316s] INFO:colcon.colcon_core.shell:Creating environment descriptor '/home/chiv/ros2_ws/install/two_wheeled_robot/share/two_wheeled_robot/hook/cmake_prefix_path.dsv'
[0.318s] INFO:colcon.colcon_core.shell:Creating environment hook '/home/chiv/ros2_ws/install/two_wheeled_robot/share/two_wheeled_robot/hook/cmake_prefix_path.sh'
[0.319s] Level 1:colcon.colcon_core.environment:checking '/home/chiv/ros2_ws/install/two_wheeled_robot/bin'
[0.319s] Level 1:colcon.colcon_core.environment:checking '/home/chiv/ros2_ws/install/two_wheeled_robot/lib/pkgconfig/two_wheeled_robot.pc'
[0.319s] Level 1:colcon.colcon_core.environment:checking '/home/chiv/ros2_ws/install/two_wheeled_robot/lib/python3.10/site-packages'
[0.319s] Level 1:colcon.colcon_core.environment:checking '/home/chiv/ros2_ws/install/two_wheeled_robot/bin'
[0.319s] INFO:colcon.colcon_core.shell:Creating package script '/home/chiv/ros2_ws/install/two_wheeled_robot/share/two_wheeled_robot/package.ps1'
[0.321s] INFO:colcon.colcon_core.shell:Creating package descriptor '/home/chiv/ros2_ws/install/two_wheeled_robot/share/two_wheeled_robot/package.dsv'
[0.322s] INFO:colcon.colcon_core.shell:Creating package script '/home/chiv/ros2_ws/install/two_wheeled_robot/share/two_wheeled_robot/package.sh'
[0.322s] INFO:colcon.colcon_core.shell:Creating package script '/home/chiv/ros2_ws/install/two_wheeled_robot/share/two_wheeled_robot/package.bash'
[0.323s] INFO:colcon.colcon_core.shell:Creating package script '/home/chiv/ros2_ws/install/two_wheeled_robot/share/two_wheeled_robot/package.zsh'
[0.324s] Level 1:colcon.colcon_core.environment:create_file_with_runtime_dependencies(/home/chiv/ros2_ws/install/two_wheeled_robot/share/colcon-core/packages/two_wheeled_robot)
[0.564s] DEBUG:colcon.colcon_core.event_handler.log_command:Invoked command in '/home/chiv/ros2_ws/build/flappy_robot_msgs' returned '0': CMAKE_PREFIX_PATH=${CMAKE_PREFIX_PATH}:/home/chiv/ros2_ws/install/flappy_robot:/home/chiv/turtlebot3_ws/install/turtlebot3_teleop:/home/chiv/turtlebot3_ws/install/turtlebot3_example:/opt/ros/humble /usr/bin/cmake --build /home/chiv/ros2_ws/build/flappy_robot_msgs -- -j2 -l2
[0.565s] DEBUG:colcon.colcon_core.event_handler.log_command:Invoking command in '/home/chiv/ros2_ws/build/flappy_robot_msgs': CMAKE_PREFIX_PATH=${CMAKE_PREFIX_PATH}:/home/chiv/ros2_ws/install/flappy_robot:/home/chiv/turtlebot3_ws/install/turtlebot3_teleop:/home/chiv/turtlebot3_ws/install/turtlebot3_example:/opt/ros/humble /usr/bin/cmake --install /home/chiv/ros2_ws/build/flappy_robot_msgs
[0.614s] Level 1:colcon.colcon_core.environment:create_environment_scripts_only(flappy_robot_msgs)
[0.614s] Level 1:colcon.colcon_core.environment:checking '/home/chiv/ros2_ws/install/flappy_robot_msgs' for CMake module files
[0.615s] DEBUG:colcon.colcon_core.event_handler.log_command:Invoked command in '/home/chiv/ros2_ws/build/flappy_robot_msgs' returned '0': CMAKE_PREFIX_PATH=${CMAKE_PREFIX_PATH}:/home/chiv/ros2_ws/install/flappy_robot:/home/chiv/turtlebot3_ws/install/turtlebot3_teleop:/home/chiv/turtlebot3_ws/install/turtlebot3_example:/opt/ros/humble /usr/bin/cmake --install /home/chiv/ros2_ws/build/flappy_robot_msgs
[0.615s] Level 1:colcon.colcon_core.environment:checking '/home/chiv/ros2_ws/install/flappy_robot_msgs' for CMake config files
[0.615s] Level 1:colcon.colcon_core.shell:create_environment_hook('flappy_robot_msgs', 'cmake_prefix_path')
[0.615s] INFO:colcon.colcon_core.shell:Creating environment hook '/home/chiv/ros2_ws/install/flappy_robot_msgs/share/flappy_robot_msgs/hook/cmake_prefix_path.ps1'
[0.616s] INFO:colcon.colcon_core.shell:Creating environment descriptor '/home/chiv/ros2_ws/install/flappy_robot_msgs/share/flappy_robot_msgs/hook/cmake_prefix_path.dsv'
[0.616s] INFO:colcon.colcon_core.shell:Creating environment hook '/home/chiv/ros2_ws/install/flappy_robot_msgs/share/flappy_robot_msgs/hook/cmake_prefix_path.sh'
[0.617s] Level 1:colcon.colcon_core.environment:checking '/home/chiv/ros2_ws/install/flappy_robot_msgs/lib'
[0.617s] Level 1:colcon.colcon_core.shell:create_environment_hook('flappy_robot_msgs', 'ld_library_path_lib')
[0.617s] INFO:colcon.colcon_core.shell:Creating environment hook '/home/chiv/ros2_ws/install/flappy_robot_msgs/share/flappy_robot_msgs/hook/ld_library_path_lib.ps1'
[0.617s] INFO:colcon.colcon_core.shell:Creating environment descriptor '/home/chiv/ros2_ws/install/flappy_robot_msgs/share/flappy_robot_msgs/hook/ld_library_path_lib.dsv'
[0.617s] INFO:colcon.colcon_core.shell:Creating environment hook '/home/chiv/ros2_ws/install/flappy_robot_msgs/share/flappy_robot_msgs/hook/ld_library_path_lib.sh'
[0.618s] Level 1:colcon.colcon_core.environment:checking '/home/chiv/ros2_ws/install/flappy_robot_msgs/bin'
[0.618s] Level 1:colcon.colcon_core.environment:checking '/home/chiv/ros2_ws/install/flappy_robot_msgs/lib/pkgconfig/flappy_robot_msgs.pc'
[0.618s] Level 1:colcon.colcon_core.environment:checking '/home/chiv/ros2_ws/install/flappy_robot_msgs/lib/python3.10/site-packages'
[0.618s] Level 1:colcon.colcon_core.environment:checking '/home/chiv/ros2_ws/install/flappy_robot_msgs/bin'
[0.618s] INFO:colcon.colcon_core.shell:Creating package script '/home/chiv/ros2_ws/install/flappy_robot_msgs/share/flappy_robot_msgs/package.ps1'
[0.619s] INFO:colcon.colcon_core.shell:Creating package descriptor '/home/chiv/ros2_ws/install/flappy_robot_msgs/share/flappy_robot_msgs/package.dsv'
[0.619s] INFO:colcon.colcon_core.shell:Creating package script '/home/chiv/ros2_ws/install/flappy_robot_msgs/share/flappy_robot_msgs/package.sh'
[0.620s] INFO:colcon.colcon_core.shell:Creating package script '/home/chiv/ros2_ws/install/flappy_robot_msgs/share/flappy_robot_msgs/package.bash'
[0.620s] INFO:colcon.colcon_core.shell:Creating package script '/home/chiv/ros2_ws/install/flappy_robot_msgs/share/flappy_robot_msgs/package.zsh'
[0.620s] Level 1:colcon.colcon_core.environment:create_file_with_runtime_dependencies(/home/chiv/ros2_ws/install/flappy_robot_msgs/share/colcon-core/packages/flappy_robot_msgs)
[0.621s] Level 1:colcon.colcon_core.environment:create_environment_scripts_only(flappy_robot_msgs)
[0.621s] Level 1:colcon.colcon_core.environment:checking '/home/chiv/ros2_ws/install/flappy_robot_msgs' for CMake module files
[0.621s] Level 1:colcon.colcon_core.environment:checking '/home/chiv/ros2_ws/install/flappy_robot_msgs' for CMake config files
[0.621s] Level 1:colcon.colcon_core.shell:create_environment_hook('flappy_robot_msgs', 'cmake_prefix_path')
[0.621s] INFO:colcon.colcon_core.shell:Creating environment hook '/home/chiv/ros2_ws/install/flappy_robot_msgs/share/flappy_robot_msgs/hook/cmake_prefix_path.ps1'
[0.622s] INFO:colcon.colcon_core.shell:Creating environment descriptor '/home/chiv/ros2_ws/install/flappy_robot_msgs/share/flappy_robot_msgs/hook/cmake_prefix_path.dsv'
[0.622s] INFO:colcon.colcon_core.shell:Creating environment hook '/home/chiv/ros2_ws/install/flappy_robot_msgs/share/flappy_robot_msgs/hook/cmake_prefix_path.sh'
[0.623s] Level 1:colcon.colcon_core.environment:checking '/home/chiv/ros2_ws/install/flappy_robot_msgs/lib'
[0.623s] Level 1:colcon.colcon_core.shell:create_environment_hook('flappy_robot_msgs', 'ld_library_path_lib')
[0.623s] INFO:colcon.colcon_core.shell:Creating environment hook '/home/chiv/ros2_ws/install/flappy_robot_msgs/share/flappy_robot_msgs/hook/ld_library_path_lib.ps1'
[0.623s] INFO:colcon.colcon_core.shell:Creating environment descriptor '/home/chiv/ros2_ws/install/flappy_robot_msgs/share/flappy_robot_msgs/hook/ld_library_path_lib.dsv'
[0.623s] INFO:colcon.colcon_core.shell:Creating environment hook '/home/chiv/ros2_ws/install/flappy_robot_msgs/share/flappy_robot_msgs/hook/ld_library_path_lib.sh'
[0.624s] Level 1:colcon.colcon_core.environment:checking '/home/chiv/ros2_ws/install/flappy_robot_msgs/bin'
[0.624s] Level 1:colcon.colcon_core.environment:checking '/home/chiv/ros2_ws/install/flappy_robot_msgs/lib/pkgconfig/flappy_robot_msgs.pc'
[0.624s] Level 1:colcon.colcon_core.environment:checking '/home/chiv/ros2_ws/install/flappy_robot_msgs/lib/python3.10/site-packages'
[0.624s] Level 1:colcon.colcon_core.environment:checking '/home/chiv/ros2_ws/install/flappy_robot_msgs/bin'
[0.624s] INFO:colcon.colcon_core.shell:Creating package script '/home/chiv/ros2_ws/install/flappy_robot_msgs/share/flappy_robot_msgs/package.ps1'
[0.624s] INFO:colcon.colcon_core.shell:Creating package descriptor '/home/chiv/ros2_ws/install/flappy_robot_msgs/share/flappy_robot_msgs/package.dsv'
[0.625s] INFO:colcon.colcon_core.shell:Creating package script '/home/chiv/ros2_ws/install/flappy_robot_msgs/share/flappy_robot_msgs/package.sh'
[0.625s] INFO:colcon.colcon_core.shell:Creating package script '/home/chiv/ros2_ws/install/flappy_robot_msgs/share/flappy_robot_msgs/package.bash'
[0.625s] INFO:colcon.colcon_core.shell:Creating package script '/home/chiv/ros2_ws/install/flappy_robot_msgs/share/flappy_robot_msgs/package.zsh'
[0.626s] Level 1:colcon.colcon_core.environment:create_file_with_runtime_dependencies(/home/chiv/ros2_ws/install/flappy_robot_msgs/share/colcon-core/packages/flappy_robot_msgs)
[0.626s] INFO:colcon.colcon_ros.task.ament_python.build:Building ROS package in '/home/chiv/ros2_ws/src/flappy_robot' with build type 'ament_python'
[0.627s] Level 1:colcon.colcon_core.shell:create_environment_hook('flappy_robot', 'ament_prefix_path')
[0.627s] INFO:colcon.colcon_core.shell:Creating environment hook '/home/chiv/ros2_ws/install/flappy_robot/share/flappy_robot/hook/ament_prefix_path.ps1'
[0.627s] INFO:colcon.colcon_core.shell:Creating environment descriptor '/home/chiv/ros2_ws/install/flappy_robot/share/flappy_robot/hook/ament_prefix_path.dsv'
[0.628s] INFO:colcon.colcon_core.shell:Creating environment hook '/home/chiv/ros2_ws/install/flappy_robot/share/flappy_robot/hook/ament_prefix_path.sh'
[0.628s] INFO:colcon.colcon_core.shell:Skip shell extension 'powershell' for command environment: Not usable outside of PowerShell
[0.628s] DEBUG:colcon.colcon_core.shell:Skip shell extension 'dsv' for command environment
[0.787s] INFO:colcon.colcon_core.task.python.build:Building Python package in '/home/chiv/ros2_ws/src/flappy_robot'
[0.787s] INFO:colcon.colcon_core.shell:Skip shell extension 'powershell' for command environment: Not usable outside of PowerShell
[0.787s] DEBUG:colcon.colcon_core.shell:Skip shell extension 'dsv' for command environment
[1.006s] DEBUG:colcon.colcon_core.event_handler.log_command:Invoking command in '/home/chiv/ros2_ws/src/flappy_robot': CMAKE_PREFIX_PATH=/home/chiv/ros2_ws/install/flappy_robot_msgs:/home/chiv/ros2_ws/install/two_wheeled_robot:/home/chiv/turtlebot3_ws/install/turtlebot3:/home/chiv/turtlebot3_ws/install/turtlebot3_bringup:/home/chiv/turtlebot3_ws/install/turtlebot3_node:/home/chiv/turtlebot3_ws/install/turtlebot3_navigation2:/home/chiv/turtlebot3_ws/install/turtlebot3_msgs:/home/chiv/turtlebot3_ws/install/turtlebot3_description:/home/chiv/turtlebot3_ws/install/turtlebot3_cartographer:/home/chiv/turtlebot3_ws/install/dynamixel_sdk_examples:/home/chiv/turtlebot3_ws/install/dynamixel_sdk_custom_interfaces:/home/chiv/turtlebot3_ws/install/dynamixel_sdk PYTHONPATH=/home/chiv/ros2_ws/build/flappy_robot/prefix_override:/usr/lib/python3/dist-packages/colcon_core/task/python/colcon_distutils_commands:/home/chiv/ros2_ws/install/flappy_robot/lib/python3.10/site-packages:${PYTHONPATH} /usr/bin/python3 -W ignore:setup.py install is deprecated -W ignore:easy_install command is deprecated setup.py egg_info --egg-base ../../build/flappy_robot build --build-base /home/chiv/ros2_ws/build/flappy_robot/build install --record /home/chiv/ros2_ws/build/flappy_robot/install.log --single-version-externally-managed install_data
[1.190s] Level 1:colcon.colcon_core.environment:checking '/home/chiv/ros2_ws/install/flappy_robot' for CMake module files
[1.190s] DEBUG:colcon.colcon_core.event_handler.log_command:Invoked command in '/home/chiv/ros2_ws/src/flappy_robot' returned '0': CMAKE_PREFIX_PATH=/home/chiv/ros2_ws/install/flappy_robot_msgs:/home/chiv/ros2_ws/install/two_wheeled_robot:/home/chiv/turtlebot3_ws/install/turtlebot3:/home/chiv/turtlebot3_ws/install/turtlebot3_bringup:/home/chiv/turtlebot3_ws/install/turtlebot3_node:/home/chiv/turtlebot3_ws/install/turtlebot3_navigation2:/home/chiv/turtlebot3_ws/install/turtlebot3_msgs:/home/chiv/turtlebot3_ws/install/turtlebot3_description:/home/chiv/turtlebot3_ws/install/turtlebot3_cartographer:/home/chiv/turtlebot3_ws/install/dynamixel_sdk_examples:/home/chiv/turtlebot3_ws/install/dynamixel_sdk_custom_interfaces:/home/chiv/turtlebot3_ws/install/dynamixel_sdk PYTHONPATH=/home/chiv/ros2_ws/build/flappy_robot/prefix_override:/usr/lib/python3/dist-packages/colcon_core/task/python/colcon_distutils_commands:/home/chiv/ros2_ws/install/flappy_robot/lib/python3.10/site-packages:${PYTHONPATH} /usr/bin/python3 -W ignore:setup.py install is deprecated -W ignore:easy_install command is deprecated setup.py egg_info --egg-base ../../build/flappy_robot build --build-base /home/chiv/ros2_ws/build/flappy_robot/build install --record /home/chiv/ros2_ws/build/flappy_robot/install.log --single-version-externally-managed install_data
[1.191s] Level 1:colcon.colcon_core.environment:checking '/home/chiv/ros2_ws/install/flappy_robot' for CMake config files
[1.192s] Level 1:colcon.colcon_core.environment:checking '/home/chiv/ros2_ws/install/flappy_robot/lib'
[1.192s] Level 1:colcon.colcon_core.environment:checking '/home/chiv/ros2_ws/install/flappy_robot/bin'
[1.192s] Level 1:colcon.colcon_core.environment:checking '/home/chiv/ros2_ws/install/flappy_robot/lib/pkgconfig/flappy_robot.pc'
[1.192s] Level 1:colcon.colcon_core.environment:checking '/home/chiv/ros2_ws/install/flappy_robot/lib/python3.10/site-packages'
[1.192s] Level 1:colcon.colcon_core.shell:create_environment_hook('flappy_robot', 'pythonpath')
[1.192s] INFO:colcon.colcon_core.shell:Creating environment hook '/home/chiv/ros2_ws/install/flappy_robot/share/flappy_robot/hook/pythonpath.ps1'
[1.193s] INFO:colcon.colcon_core.shell:Creating environment descriptor '/home/chiv/ros2_ws/install/flappy_robot/share/flappy_robot/hook/pythonpath.dsv'
[1.193s] INFO:colcon.colcon_core.shell:Creating environment hook '/home/chiv/ros2_ws/install/flappy_robot/share/flappy_robot/hook/pythonpath.sh'
[1.193s] Level 1:colcon.colcon_core.environment:checking '/home/chiv/ros2_ws/install/flappy_robot/bin'
[1.193s] Level 1:colcon.colcon_core.environment:create_environment_scripts_only(flappy_robot)
[1.194s] INFO:colcon.colcon_core.shell:Creating package script '/home/chiv/ros2_ws/install/flappy_robot/share/flappy_robot/package.ps1'
[1.194s] INFO:colcon.colcon_core.shell:Creating package descriptor '/home/chiv/ros2_ws/install/flappy_robot/share/flappy_robot/package.dsv'
[1.194s] INFO:colcon.colcon_core.shell:Creating package script '/home/chiv/ros2_ws/install/flappy_robot/share/flappy_robot/package.sh'
[1.195s] INFO:colcon.colcon_core.shell:Creating package script '/home/chiv/ros2_ws/install/flappy_robot/share/flappy_robot/package.bash'
[1.195s] INFO:colcon.colcon_core.shell:Creating package script '/home/chiv/ros2_ws/install/flappy_robot/share/flappy_robot/package.zsh'
[1.195s] Level 1:colcon.colcon_core.environment:create_file_with_runtime_dependencies(/home/chiv/ros2_ws/install/flappy_robot/share/colcon-core/packages/flappy_robot)
[1.195s] DEBUG:colcon.colcon_parallel_executor.executor.parallel:closing loop
[1.196s] DEBUG:colcon.colcon_parallel_executor.executor.parallel:loop closed
[1.196s] DEBUG:colcon.colcon_parallel_executor.executor.parallel:run_until_complete finished with '0'
[1.196s] DEBUG:colcon.colcon_core.event_reactor:joining thread
[1.200s] INFO:colcon.colcon_core.plugin_system:Skipping extension 'colcon_notification.desktop_notification.terminal_notifier': Not used on non-Darwin systems
[1.200s] INFO:colcon.colcon_core.plugin_system:Skipping extension 'colcon_notification.desktop_notification.win32': Not used on non-Windows systems
[1.201s] INFO:colcon.colcon_notification.desktop_notification:Sending desktop notification using 'notify2'
[1.210s] DEBUG:colcon.colcon_core.event_reactor:joined thread
[1.210s] INFO:colcon.colcon_core.shell:Creating prefix script '/home/chiv/ros2_ws/install/local_setup.ps1'
[1.211s] INFO:colcon.colcon_core.shell:Creating prefix util module '/home/chiv/ros2_ws/install/_local_setup_util_ps1.py'
[1.212s] INFO:colcon.colcon_core.shell:Creating prefix chain script '/home/chiv/ros2_ws/install/setup.ps1'
[1.213s] INFO:colcon.colcon_core.shell:Creating prefix script '/home/chiv/ros2_ws/install/local_setup.sh'
[1.213s] INFO:colcon.colcon_core.shell:Creating prefix util module '/home/chiv/ros2_ws/install/_local_setup_util_sh.py'
[1.213s] INFO:colcon.colcon_core.shell:Creating prefix chain script '/home/chiv/ros2_ws/install/setup.sh'
[1.214s] INFO:colcon.colcon_core.shell:Creating prefix script '/home/chiv/ros2_ws/install/local_setup.bash'
[1.215s] INFO:colcon.colcon_core.shell:Creating prefix chain script '/home/chiv/ros2_ws/install/setup.bash'
[1.216s] INFO:colcon.colcon_core.shell:Creating prefix script '/home/chiv/ros2_ws/install/local_setup.zsh'
[1.216s] INFO:colcon.colcon_core.shell:Creating prefix chain script '/home/chiv/ros2_ws/install/setup.zsh'
