/home/lyda/ros2_ws/install/flappy_robot/lib/python3.10/site-packages/flappy_robot/game_window.py
/home/lyda/ros2_ws/install/flappy_robot/lib/python3.10/site-packages/flappy_robot/keyboard_controller.py
/home/lyda/ros2_ws/install/flappy_robot/lib/python3.10/site-packages/flappy_robot/__init__.py
/home/lyda/ros2_ws/install/flappy_robot/lib/python3.10/site-packages/flappy_robot/visualization.py
/home/lyda/ros2_ws/install/flappy_robot/lib/python3.10/site-packages/flappy_robot/game_logic.py
/home/lyda/ros2_ws/install/flappy_robot/lib/python3.10/site-packages/flappy_robot/__pycache__/game_window.cpython-310.pyc
/home/lyda/ros2_ws/install/flappy_robot/lib/python3.10/site-packages/flappy_robot/__pycache__/keyboard_controller.cpython-310.pyc
/home/lyda/ros2_ws/install/flappy_robot/lib/python3.10/site-packages/flappy_robot/__pycache__/__init__.cpython-310.pyc
/home/lyda/ros2_ws/install/flappy_robot/lib/python3.10/site-packages/flappy_robot/__pycache__/visualization.cpython-310.pyc
/home/lyda/ros2_ws/install/flappy_robot/lib/python3.10/site-packages/flappy_robot/__pycache__/game_logic.cpython-310.pyc
/home/lyda/ros2_ws/install/flappy_robot/share/ament_index/resource_index/packages/flappy_robot
/home/lyda/ros2_ws/install/flappy_robot/share/flappy_robot/package.xml
/home/lyda/ros2_ws/install/flappy_robot/share/flappy_robot/launch/flappy.launch.py
/home/lyda/ros2_ws/install/flappy_robot/share/flappy_robot/meshes/12213_bird_diffuse.jpg
/home/lyda/ros2_ws/install/flappy_robot/share/flappy_robot/meshes/Map__7_Normal Bump.jpg
/home/lyda/ros2_ws/install/flappy_robot/share/flappy_robot/meshes/bird.dae
/home/lyda/ros2_ws/install/flappy_robot/share/flappy_robot/assets/bird.png
/home/lyda/ros2_ws/install/flappy_robot/lib/python3.10/site-packages/flappy_robot-0.0.1-py3.10.egg-info/dependency_links.txt
/home/lyda/ros2_ws/install/flappy_robot/lib/python3.10/site-packages/flappy_robot-0.0.1-py3.10.egg-info/PKG-INFO
/home/lyda/ros2_ws/install/flappy_robot/lib/python3.10/site-packages/flappy_robot-0.0.1-py3.10.egg-info/SOURCES.txt
/home/lyda/ros2_ws/install/flappy_robot/lib/python3.10/site-packages/flappy_robot-0.0.1-py3.10.egg-info/top_level.txt
/home/lyda/ros2_ws/install/flappy_robot/lib/python3.10/site-packages/flappy_robot-0.0.1-py3.10.egg-info/zip-safe
/home/lyda/ros2_ws/install/flappy_robot/lib/python3.10/site-packages/flappy_robot-0.0.1-py3.10.egg-info/requires.txt
/home/lyda/ros2_ws/install/flappy_robot/lib/python3.10/site-packages/flappy_robot-0.0.1-py3.10.egg-info/entry_points.txt
/home/lyda/ros2_ws/install/flappy_robot/lib/flappy_robot/game_logic
/home/lyda/ros2_ws/install/flappy_robot/lib/flappy_robot/game_window
/home/lyda/ros2_ws/install/flappy_robot/lib/flappy_robot/keyboard_controller
/home/lyda/ros2_ws/install/flappy_robot/lib/flappy_robot/visualization
