[0.377s] DEBUG:colcon:Command line arguments: ['/usr/bin/colcon', 'build']
[0.377s] DEBUG:colcon:Parsed command line arguments: Namespace(log_base=None, log_level=None, verb_name='build', build_base='build', install_base='install', merge_install=False, symlink_install=False, test_result_base=None, continue_on_error=False, executor='parallel', parallel_workers=2, event_handlers=None, ignore_user_meta=False, metas=['./colcon.meta'], base_paths=['.'], packages_ignore=None, packages_ignore_regex=None, paths=None, packages_up_to=None, packages_up_to_regex=None, packages_above=None, packages_above_and_dependencies=None, packages_above_depth=None, packages_select_by_dep=None, packages_skip_by_dep=None, packages_skip_up_to=None, packages_select_build_failed=False, packages_skip_build_finished=False, packages_select_test_failures=False, packages_skip_test_passed=False, packages_select=None, packages_skip=None, packages_select_regex=None, packages_skip_regex=None, packages_start=None, packages_end=None, allow_overriding=[], cmake_args=None, cmake_target=None, cmake_target_skip_unavailable=False, cmake_clean_cache=False, cmake_clean_first=False, cmake_force_configure=False, ament_cmake_args=None, catkin_cmake_args=None, catkin_skip_building_tests=False, mixin_files=None, mixin=None, verb_parser=<colcon_mixin.mixin.mixin_argument.MixinArgumentDecorator object at 0x701993921600>, verb_extension=<colcon_core.verb.build.BuildVerb object at 0x701993921150>, main=<bound method BuildVerb.main of <colcon_core.verb.build.BuildVerb object at 0x701993921150>>, mixin_verb=('build',))
[0.679s] Level 1:colcon.colcon_core.package_discovery:discover_packages(colcon_meta) check parameters
[0.680s] Level 1:colcon.colcon_core.package_discovery:discover_packages(recursive) check parameters
[0.680s] Level 1:colcon.colcon_core.package_discovery:discover_packages(ignore) check parameters
[0.680s] Level 1:colcon.colcon_core.package_discovery:discover_packages(path) check parameters
[0.680s] Level 1:colcon.colcon_core.package_discovery:discover_packages(colcon_meta) discover
[0.681s] Level 1:colcon.colcon_core.package_discovery:discover_packages(recursive) discover
[0.681s] INFO:colcon.colcon_core.package_discovery:Crawling recursively for packages in '/home/chiv/ros2_ws'
[0.681s] Level 1:colcon.colcon_core.package_identification:_identify(.) by extensions ['ignore', 'ignore_ament_install']
[0.681s] Level 1:colcon.colcon_core.package_identification:_identify(.) by extension 'ignore'
[0.681s] Level 1:colcon.colcon_core.package_identification:_identify(.) by extension 'ignore_ament_install'
[0.681s] Level 1:colcon.colcon_core.package_identification:_identify(.) by extensions ['colcon_pkg']
[0.681s] Level 1:colcon.colcon_core.package_identification:_identify(.) by extension 'colcon_pkg'
[0.682s] Level 1:colcon.colcon_core.package_identification:_identify(.) by extensions ['colcon_meta']
[0.682s] Level 1:colcon.colcon_core.package_identification:_identify(.) by extension 'colcon_meta'
[0.682s] Level 1:colcon.colcon_core.package_identification:_identify(.) by extensions ['ros']
[0.682s] Level 1:colcon.colcon_core.package_identification:_identify(.) by extension 'ros'
[0.697s] Level 1:colcon.colcon_core.package_identification:_identify(.) by extensions ['cmake', 'python']
[0.698s] Level 1:colcon.colcon_core.package_identification:_identify(.) by extension 'cmake'
[0.698s] Level 1:colcon.colcon_core.package_identification:_identify(.) by extension 'python'
[0.698s] Level 1:colcon.colcon_core.package_identification:_identify(.) by extensions ['python_setup_py']
[0.698s] Level 1:colcon.colcon_core.package_identification:_identify(.) by extension 'python_setup_py'
[0.698s] Level 1:colcon.colcon_core.package_identification:_identify(build) by extensions ['ignore', 'ignore_ament_install']
[0.698s] Level 1:colcon.colcon_core.package_identification:_identify(build) by extension 'ignore'
[0.698s] Level 1:colcon.colcon_core.package_identification:_identify(build) ignored
[0.698s] Level 1:colcon.colcon_core.package_identification:_identify(install) by extensions ['ignore', 'ignore_ament_install']
[0.698s] Level 1:colcon.colcon_core.package_identification:_identify(install) by extension 'ignore'
[0.698s] Level 1:colcon.colcon_core.package_identification:_identify(install) ignored
[0.699s] Level 1:colcon.colcon_core.package_identification:_identify(log) by extensions ['ignore', 'ignore_ament_install']
[0.699s] Level 1:colcon.colcon_core.package_identification:_identify(log) by extension 'ignore'
[0.699s] Level 1:colcon.colcon_core.package_identification:_identify(log) ignored
[0.699s] Level 1:colcon.colcon_core.package_identification:_identify(src) by extensions ['ignore', 'ignore_ament_install']
[0.699s] Level 1:colcon.colcon_core.package_identification:_identify(src) by extension 'ignore'
[0.699s] Level 1:colcon.colcon_core.package_identification:_identify(src) by extension 'ignore_ament_install'
[0.699s] Level 1:colcon.colcon_core.package_identification:_identify(src) by extensions ['colcon_pkg']
[0.699s] Level 1:colcon.colcon_core.package_identification:_identify(src) by extension 'colcon_pkg'
[0.699s] Level 1:colcon.colcon_core.package_identification:_identify(src) by extensions ['colcon_meta']
[0.699s] Level 1:colcon.colcon_core.package_identification:_identify(src) by extension 'colcon_meta'
[0.699s] Level 1:colcon.colcon_core.package_identification:_identify(src) by extensions ['ros']
[0.699s] Level 1:colcon.colcon_core.package_identification:_identify(src) by extension 'ros'
[0.699s] Level 1:colcon.colcon_core.package_identification:_identify(src) by extensions ['cmake', 'python']
[0.699s] Level 1:colcon.colcon_core.package_identification:_identify(src) by extension 'cmake'
[0.699s] Level 1:colcon.colcon_core.package_identification:_identify(src) by extension 'python'
[0.699s] Level 1:colcon.colcon_core.package_identification:_identify(src) by extensions ['python_setup_py']
[0.699s] Level 1:colcon.colcon_core.package_identification:_identify(src) by extension 'python_setup_py'
[0.699s] Level 1:colcon.colcon_core.package_identification:_identify(src/flappy_robot) by extensions ['ignore', 'ignore_ament_install']
[0.699s] Level 1:colcon.colcon_core.package_identification:_identify(src/flappy_robot) by extension 'ignore'
[0.699s] Level 1:colcon.colcon_core.package_identification:_identify(src/flappy_robot) by extension 'ignore_ament_install'
[0.699s] Level 1:colcon.colcon_core.package_identification:_identify(src/flappy_robot) by extensions ['colcon_pkg']
[0.699s] Level 1:colcon.colcon_core.package_identification:_identify(src/flappy_robot) by extension 'colcon_pkg'
[0.700s] Level 1:colcon.colcon_core.package_identification:_identify(src/flappy_robot) by extensions ['colcon_meta']
[0.700s] Level 1:colcon.colcon_core.package_identification:_identify(src/flappy_robot) by extension 'colcon_meta'
[0.700s] Level 1:colcon.colcon_core.package_identification:_identify(src/flappy_robot) by extensions ['ros']
[0.700s] Level 1:colcon.colcon_core.package_identification:_identify(src/flappy_robot) by extension 'ros'
[0.704s] DEBUG:colcon.colcon_core.package_identification:Package 'src/flappy_robot' with type 'ros.ament_python' and name 'flappy_robot'
[0.704s] Level 1:colcon.colcon_core.package_identification:_identify(src/flappy_robot_msgs) by extensions ['ignore', 'ignore_ament_install']
[0.705s] Level 1:colcon.colcon_core.package_identification:_identify(src/flappy_robot_msgs) by extension 'ignore'
[0.705s] Level 1:colcon.colcon_core.package_identification:_identify(src/flappy_robot_msgs) by extension 'ignore_ament_install'
[0.705s] Level 1:colcon.colcon_core.package_identification:_identify(src/flappy_robot_msgs) by extensions ['colcon_pkg']
[0.705s] Level 1:colcon.colcon_core.package_identification:_identify(src/flappy_robot_msgs) by extension 'colcon_pkg'
[0.705s] Level 1:colcon.colcon_core.package_identification:_identify(src/flappy_robot_msgs) by extensions ['colcon_meta']
[0.705s] Level 1:colcon.colcon_core.package_identification:_identify(src/flappy_robot_msgs) by extension 'colcon_meta'
[0.705s] Level 1:colcon.colcon_core.package_identification:_identify(src/flappy_robot_msgs) by extensions ['ros']
[0.705s] Level 1:colcon.colcon_core.package_identification:_identify(src/flappy_robot_msgs) by extension 'ros'
[0.706s] DEBUG:colcon.colcon_core.package_identification:Package 'src/flappy_robot_msgs' with type 'ros.ament_cmake' and name 'flappy_robot_msgs'
[0.706s] Level 1:colcon.colcon_core.package_discovery:discover_packages(recursive) using defaults
[0.706s] Level 1:colcon.colcon_core.package_discovery:discover_packages(ignore) discover
[0.706s] Level 1:colcon.colcon_core.package_discovery:discover_packages(ignore) using defaults
[0.706s] Level 1:colcon.colcon_core.package_discovery:discover_packages(path) discover
[0.707s] Level 1:colcon.colcon_core.package_discovery:discover_packages(path) using defaults
[0.753s] Level 1:colcon.colcon_core.package_discovery:discover_packages(prefix_path) check parameters
[0.753s] Level 1:colcon.colcon_core.package_discovery:discover_packages(prefix_path) discover
[0.758s] DEBUG:colcon.colcon_installed_package_information.package_discovery:Found 281 installed packages in /opt/ros/humble
[0.759s] Level 1:colcon.colcon_core.package_discovery:discover_packages(prefix_path) using defaults
[0.796s] Level 5:colcon.colcon_core.verb:set package 'flappy_robot_msgs' build argument 'cmake_args' from command line to 'None'
[0.796s] Level 5:colcon.colcon_core.verb:set package 'flappy_robot_msgs' build argument 'cmake_target' from command line to 'None'
[0.796s] Level 5:colcon.colcon_core.verb:set package 'flappy_robot_msgs' build argument 'cmake_target_skip_unavailable' from command line to 'False'
[0.796s] Level 5:colcon.colcon_core.verb:set package 'flappy_robot_msgs' build argument 'cmake_clean_cache' from command line to 'False'
[0.796s] Level 5:colcon.colcon_core.verb:set package 'flappy_robot_msgs' build argument 'cmake_clean_first' from command line to 'False'
[0.796s] Level 5:colcon.colcon_core.verb:set package 'flappy_robot_msgs' build argument 'cmake_force_configure' from command line to 'False'
[0.796s] Level 5:colcon.colcon_core.verb:set package 'flappy_robot_msgs' build argument 'ament_cmake_args' from command line to 'None'
[0.796s] Level 5:colcon.colcon_core.verb:set package 'flappy_robot_msgs' build argument 'catkin_cmake_args' from command line to 'None'
[0.796s] Level 5:colcon.colcon_core.verb:set package 'flappy_robot_msgs' build argument 'catkin_skip_building_tests' from command line to 'False'
[0.796s] DEBUG:colcon.colcon_core.verb:Building package 'flappy_robot_msgs' with the following arguments: {'ament_cmake_args': None, 'build_base': '/home/chiv/ros2_ws/build/flappy_robot_msgs', 'catkin_cmake_args': None, 'catkin_skip_building_tests': False, 'cmake_args': None, 'cmake_clean_cache': False, 'cmake_clean_first': False, 'cmake_force_configure': False, 'cmake_target': None, 'cmake_target_skip_unavailable': False, 'install_base': '/home/chiv/ros2_ws/install/flappy_robot_msgs', 'merge_install': False, 'path': '/home/chiv/ros2_ws/src/flappy_robot_msgs', 'symlink_install': False, 'test_result_base': None}
[0.797s] Level 5:colcon.colcon_core.verb:set package 'flappy_robot' build argument 'cmake_args' from command line to 'None'
[0.797s] Level 5:colcon.colcon_core.verb:set package 'flappy_robot' build argument 'cmake_target' from command line to 'None'
[0.797s] Level 5:colcon.colcon_core.verb:set package 'flappy_robot' build argument 'cmake_target_skip_unavailable' from command line to 'False'
[0.797s] Level 5:colcon.colcon_core.verb:set package 'flappy_robot' build argument 'cmake_clean_cache' from command line to 'False'
[0.797s] Level 5:colcon.colcon_core.verb:set package 'flappy_robot' build argument 'cmake_clean_first' from command line to 'False'
[0.797s] Level 5:colcon.colcon_core.verb:set package 'flappy_robot' build argument 'cmake_force_configure' from command line to 'False'
[0.797s] Level 5:colcon.colcon_core.verb:set package 'flappy_robot' build argument 'ament_cmake_args' from command line to 'None'
[0.797s] Level 5:colcon.colcon_core.verb:set package 'flappy_robot' build argument 'catkin_cmake_args' from command line to 'None'
[0.797s] Level 5:colcon.colcon_core.verb:set package 'flappy_robot' build argument 'catkin_skip_building_tests' from command line to 'False'
[0.797s] DEBUG:colcon.colcon_core.verb:Building package 'flappy_robot' with the following arguments: {'ament_cmake_args': None, 'build_base': '/home/chiv/ros2_ws/build/flappy_robot', 'catkin_cmake_args': None, 'catkin_skip_building_tests': False, 'cmake_args': None, 'cmake_clean_cache': False, 'cmake_clean_first': False, 'cmake_force_configure': False, 'cmake_target': None, 'cmake_target_skip_unavailable': False, 'install_base': '/home/chiv/ros2_ws/install/flappy_robot', 'merge_install': False, 'path': '/home/chiv/ros2_ws/src/flappy_robot', 'symlink_install': False, 'test_result_base': None}
[0.797s] INFO:colcon.colcon_core.executor:Executing jobs using 'parallel' executor
[0.799s] DEBUG:colcon.colcon_parallel_executor.executor.parallel:run_until_complete
[0.799s] INFO:colcon.colcon_ros.task.ament_cmake.build:Building ROS package in '/home/chiv/ros2_ws/src/flappy_robot_msgs' with build type 'ament_cmake'
[0.799s] INFO:colcon.colcon_cmake.task.cmake.build:Building CMake package in '/home/chiv/ros2_ws/src/flappy_robot_msgs'
[0.806s] INFO:colcon.colcon_core.plugin_system:Skipping extension 'colcon_core.shell.bat': Not used on non-Windows systems
[0.806s] INFO:colcon.colcon_core.shell:Skip shell extension 'powershell' for command environment: Not usable outside of PowerShell
[0.806s] DEBUG:colcon.colcon_core.shell:Skip shell extension 'dsv' for command environment
[0.825s] DEBUG:colcon.colcon_core.event_handler.log_command:Invoking command in '/home/chiv/ros2_ws/build/flappy_robot_msgs': CMAKE_PREFIX_PATH=/opt/ros/humble /usr/bin/cmake --build /home/chiv/ros2_ws/build/flappy_robot_msgs -- -j2 -l2
[5.904s] DEBUG:colcon.colcon_core.event_handler.log_command:Invoked command in '/home/chiv/ros2_ws/build/flappy_robot_msgs' returned '0': CMAKE_PREFIX_PATH=/opt/ros/humble /usr/bin/cmake --build /home/chiv/ros2_ws/build/flappy_robot_msgs -- -j2 -l2
[5.910s] DEBUG:colcon.colcon_core.event_handler.log_command:Invoking command in '/home/chiv/ros2_ws/build/flappy_robot_msgs': CMAKE_PREFIX_PATH=/opt/ros/humble /usr/bin/cmake --install /home/chiv/ros2_ws/build/flappy_robot_msgs
[5.973s] Level 1:colcon.colcon_core.environment:create_environment_scripts_only(flappy_robot_msgs)
[5.973s] DEBUG:colcon.colcon_core.event_handler.log_command:Invoked command in '/home/chiv/ros2_ws/build/flappy_robot_msgs' returned '0': CMAKE_PREFIX_PATH=/opt/ros/humble /usr/bin/cmake --install /home/chiv/ros2_ws/build/flappy_robot_msgs
[5.978s] Level 1:colcon.colcon_core.environment:checking '/home/chiv/ros2_ws/install/flappy_robot_msgs' for CMake module files
[5.979s] Level 1:colcon.colcon_core.environment:checking '/home/chiv/ros2_ws/install/flappy_robot_msgs' for CMake config files
[5.979s] Level 1:colcon.colcon_core.shell:create_environment_hook('flappy_robot_msgs', 'cmake_prefix_path')
[5.979s] INFO:colcon.colcon_core.shell:Creating environment hook '/home/chiv/ros2_ws/install/flappy_robot_msgs/share/flappy_robot_msgs/hook/cmake_prefix_path.ps1'
[5.980s] INFO:colcon.colcon_core.shell:Creating environment descriptor '/home/chiv/ros2_ws/install/flappy_robot_msgs/share/flappy_robot_msgs/hook/cmake_prefix_path.dsv'
[5.981s] INFO:colcon.colcon_core.shell:Creating environment hook '/home/chiv/ros2_ws/install/flappy_robot_msgs/share/flappy_robot_msgs/hook/cmake_prefix_path.sh'
[5.982s] Level 1:colcon.colcon_core.environment:checking '/home/chiv/ros2_ws/install/flappy_robot_msgs/lib'
[5.982s] Level 1:colcon.colcon_core.shell:create_environment_hook('flappy_robot_msgs', 'ld_library_path_lib')
[5.982s] INFO:colcon.colcon_core.shell:Creating environment hook '/home/chiv/ros2_ws/install/flappy_robot_msgs/share/flappy_robot_msgs/hook/ld_library_path_lib.ps1'
[5.982s] INFO:colcon.colcon_core.shell:Creating environment descriptor '/home/chiv/ros2_ws/install/flappy_robot_msgs/share/flappy_robot_msgs/hook/ld_library_path_lib.dsv'
[5.983s] INFO:colcon.colcon_core.shell:Creating environment hook '/home/chiv/ros2_ws/install/flappy_robot_msgs/share/flappy_robot_msgs/hook/ld_library_path_lib.sh'
[5.983s] Level 1:colcon.colcon_core.environment:checking '/home/chiv/ros2_ws/install/flappy_robot_msgs/bin'
[5.983s] Level 1:colcon.colcon_core.environment:checking '/home/chiv/ros2_ws/install/flappy_robot_msgs/lib/pkgconfig/flappy_robot_msgs.pc'
[5.983s] Level 1:colcon.colcon_core.environment:checking '/home/chiv/ros2_ws/install/flappy_robot_msgs/lib/python3.10/site-packages'
[5.983s] Level 1:colcon.colcon_core.environment:checking '/home/chiv/ros2_ws/install/flappy_robot_msgs/bin'
[5.984s] INFO:colcon.colcon_core.shell:Creating package script '/home/chiv/ros2_ws/install/flappy_robot_msgs/share/flappy_robot_msgs/package.ps1'
[5.985s] INFO:colcon.colcon_core.shell:Creating package descriptor '/home/chiv/ros2_ws/install/flappy_robot_msgs/share/flappy_robot_msgs/package.dsv'
[5.985s] INFO:colcon.colcon_core.shell:Creating package script '/home/chiv/ros2_ws/install/flappy_robot_msgs/share/flappy_robot_msgs/package.sh'
[5.986s] INFO:colcon.colcon_core.shell:Creating package script '/home/chiv/ros2_ws/install/flappy_robot_msgs/share/flappy_robot_msgs/package.bash'
[5.987s] INFO:colcon.colcon_core.shell:Creating package script '/home/chiv/ros2_ws/install/flappy_robot_msgs/share/flappy_robot_msgs/package.zsh'
[5.988s] Level 1:colcon.colcon_core.environment:create_file_with_runtime_dependencies(/home/chiv/ros2_ws/install/flappy_robot_msgs/share/colcon-core/packages/flappy_robot_msgs)
[5.989s] Level 1:colcon.colcon_core.environment:create_environment_scripts_only(flappy_robot_msgs)
[5.989s] Level 1:colcon.colcon_core.environment:checking '/home/chiv/ros2_ws/install/flappy_robot_msgs' for CMake module files
[5.990s] Level 1:colcon.colcon_core.environment:checking '/home/chiv/ros2_ws/install/flappy_robot_msgs' for CMake config files
[5.990s] Level 1:colcon.colcon_core.shell:create_environment_hook('flappy_robot_msgs', 'cmake_prefix_path')
[5.990s] INFO:colcon.colcon_core.shell:Creating environment hook '/home/chiv/ros2_ws/install/flappy_robot_msgs/share/flappy_robot_msgs/hook/cmake_prefix_path.ps1'
[5.991s] INFO:colcon.colcon_core.shell:Creating environment descriptor '/home/chiv/ros2_ws/install/flappy_robot_msgs/share/flappy_robot_msgs/hook/cmake_prefix_path.dsv'
[5.991s] INFO:colcon.colcon_core.shell:Creating environment hook '/home/chiv/ros2_ws/install/flappy_robot_msgs/share/flappy_robot_msgs/hook/cmake_prefix_path.sh'
[5.991s] Level 1:colcon.colcon_core.environment:checking '/home/chiv/ros2_ws/install/flappy_robot_msgs/lib'
[5.991s] Level 1:colcon.colcon_core.shell:create_environment_hook('flappy_robot_msgs', 'ld_library_path_lib')
[5.991s] INFO:colcon.colcon_core.shell:Creating environment hook '/home/chiv/ros2_ws/install/flappy_robot_msgs/share/flappy_robot_msgs/hook/ld_library_path_lib.ps1'
[5.992s] INFO:colcon.colcon_core.shell:Creating environment descriptor '/home/chiv/ros2_ws/install/flappy_robot_msgs/share/flappy_robot_msgs/hook/ld_library_path_lib.dsv'
[5.992s] INFO:colcon.colcon_core.shell:Creating environment hook '/home/chiv/ros2_ws/install/flappy_robot_msgs/share/flappy_robot_msgs/hook/ld_library_path_lib.sh'
[5.993s] Level 1:colcon.colcon_core.environment:checking '/home/chiv/ros2_ws/install/flappy_robot_msgs/bin'
[5.993s] Level 1:colcon.colcon_core.environment:checking '/home/chiv/ros2_ws/install/flappy_robot_msgs/lib/pkgconfig/flappy_robot_msgs.pc'
[5.993s] Level 1:colcon.colcon_core.environment:checking '/home/chiv/ros2_ws/install/flappy_robot_msgs/lib/python3.10/site-packages'
[5.993s] Level 1:colcon.colcon_core.environment:checking '/home/chiv/ros2_ws/install/flappy_robot_msgs/bin'
[5.993s] INFO:colcon.colcon_core.shell:Creating package script '/home/chiv/ros2_ws/install/flappy_robot_msgs/share/flappy_robot_msgs/package.ps1'
[5.994s] INFO:colcon.colcon_core.shell:Creating package descriptor '/home/chiv/ros2_ws/install/flappy_robot_msgs/share/flappy_robot_msgs/package.dsv'
[5.994s] INFO:colcon.colcon_core.shell:Creating package script '/home/chiv/ros2_ws/install/flappy_robot_msgs/share/flappy_robot_msgs/package.sh'
[5.995s] INFO:colcon.colcon_core.shell:Creating package script '/home/chiv/ros2_ws/install/flappy_robot_msgs/share/flappy_robot_msgs/package.bash'
[5.995s] INFO:colcon.colcon_core.shell:Creating package script '/home/chiv/ros2_ws/install/flappy_robot_msgs/share/flappy_robot_msgs/package.zsh'
[5.996s] Level 1:colcon.colcon_core.environment:create_file_with_runtime_dependencies(/home/chiv/ros2_ws/install/flappy_robot_msgs/share/colcon-core/packages/flappy_robot_msgs)
[5.996s] INFO:colcon.colcon_ros.task.ament_python.build:Building ROS package in '/home/chiv/ros2_ws/src/flappy_robot' with build type 'ament_python'
[5.996s] Level 1:colcon.colcon_core.shell:create_environment_hook('flappy_robot', 'ament_prefix_path')
[5.997s] INFO:colcon.colcon_core.shell:Creating environment hook '/home/chiv/ros2_ws/install/flappy_robot/share/flappy_robot/hook/ament_prefix_path.ps1'
[5.998s] INFO:colcon.colcon_core.shell:Creating environment descriptor '/home/chiv/ros2_ws/install/flappy_robot/share/flappy_robot/hook/ament_prefix_path.dsv'
[5.998s] INFO:colcon.colcon_core.shell:Creating environment hook '/home/chiv/ros2_ws/install/flappy_robot/share/flappy_robot/hook/ament_prefix_path.sh'
[5.998s] INFO:colcon.colcon_core.shell:Skip shell extension 'powershell' for command environment: Not usable outside of PowerShell
[5.998s] DEBUG:colcon.colcon_core.shell:Skip shell extension 'dsv' for command environment
[6.194s] INFO:colcon.colcon_core.task.python.build:Building Python package in '/home/chiv/ros2_ws/src/flappy_robot'
[6.195s] INFO:colcon.colcon_core.shell:Skip shell extension 'powershell' for command environment: Not usable outside of PowerShell
[6.195s] DEBUG:colcon.colcon_core.shell:Skip shell extension 'dsv' for command environment
[6.501s] DEBUG:colcon.colcon_core.event_handler.log_command:Invoking command in '/home/chiv/ros2_ws/src/flappy_robot': AMENT_PREFIX_PATH=/home/chiv/ros2_ws/install/flappy_robot_msgs:${AMENT_PREFIX_PATH} CMAKE_PREFIX_PATH=/home/chiv/ros2_ws/install/flappy_robot_msgs LD_LIBRARY_PATH=/home/chiv/ros2_ws/install/flappy_robot_msgs/lib:${LD_LIBRARY_PATH} PYTHONPATH=/home/chiv/ros2_ws/build/flappy_robot/prefix_override:/usr/lib/python3/dist-packages/colcon_core/task/python/colcon_distutils_commands:/home/chiv/ros2_ws/install/flappy_robot/lib/python3.10/site-packages:/home/chiv/ros2_ws/install/flappy_robot_msgs/lib/python3.12/site-packages:${PYTHONPATH} /usr/bin/python3 -W ignore:setup.py install is deprecated -W ignore:easy_install command is deprecated setup.py egg_info --egg-base ../../build/flappy_robot build --build-base /home/chiv/ros2_ws/build/flappy_robot/build install --record /home/chiv/ros2_ws/build/flappy_robot/install.log --single-version-externally-managed install_data
[6.701s] Level 1:colcon.colcon_core.environment:checking '/home/chiv/ros2_ws/install/flappy_robot' for CMake module files
[6.701s] DEBUG:colcon.colcon_core.event_handler.log_command:Invoked command in '/home/chiv/ros2_ws/src/flappy_robot' returned '0': AMENT_PREFIX_PATH=/home/chiv/ros2_ws/install/flappy_robot_msgs:${AMENT_PREFIX_PATH} CMAKE_PREFIX_PATH=/home/chiv/ros2_ws/install/flappy_robot_msgs LD_LIBRARY_PATH=/home/chiv/ros2_ws/install/flappy_robot_msgs/lib:${LD_LIBRARY_PATH} PYTHONPATH=/home/chiv/ros2_ws/build/flappy_robot/prefix_override:/usr/lib/python3/dist-packages/colcon_core/task/python/colcon_distutils_commands:/home/chiv/ros2_ws/install/flappy_robot/lib/python3.10/site-packages:/home/chiv/ros2_ws/install/flappy_robot_msgs/lib/python3.12/site-packages:${PYTHONPATH} /usr/bin/python3 -W ignore:setup.py install is deprecated -W ignore:easy_install command is deprecated setup.py egg_info --egg-base ../../build/flappy_robot build --build-base /home/chiv/ros2_ws/build/flappy_robot/build install --record /home/chiv/ros2_ws/build/flappy_robot/install.log --single-version-externally-managed install_data
[6.702s] Level 1:colcon.colcon_core.environment:checking '/home/chiv/ros2_ws/install/flappy_robot' for CMake config files
[6.702s] Level 1:colcon.colcon_core.environment:checking '/home/chiv/ros2_ws/install/flappy_robot/lib'
[6.702s] Level 1:colcon.colcon_core.environment:checking '/home/chiv/ros2_ws/install/flappy_robot/bin'
[6.703s] Level 1:colcon.colcon_core.environment:checking '/home/chiv/ros2_ws/install/flappy_robot/lib/pkgconfig/flappy_robot.pc'
[6.703s] Level 1:colcon.colcon_core.environment:checking '/home/chiv/ros2_ws/install/flappy_robot/lib/python3.10/site-packages'
[6.703s] Level 1:colcon.colcon_core.shell:create_environment_hook('flappy_robot', 'pythonpath')
[6.703s] INFO:colcon.colcon_core.shell:Creating environment hook '/home/chiv/ros2_ws/install/flappy_robot/share/flappy_robot/hook/pythonpath.ps1'
[6.704s] INFO:colcon.colcon_core.shell:Creating environment descriptor '/home/chiv/ros2_ws/install/flappy_robot/share/flappy_robot/hook/pythonpath.dsv'
[6.704s] INFO:colcon.colcon_core.shell:Creating environment hook '/home/chiv/ros2_ws/install/flappy_robot/share/flappy_robot/hook/pythonpath.sh'
[6.705s] Level 1:colcon.colcon_core.environment:checking '/home/chiv/ros2_ws/install/flappy_robot/bin'
[6.705s] Level 1:colcon.colcon_core.environment:create_environment_scripts_only(flappy_robot)
[6.705s] INFO:colcon.colcon_core.shell:Creating package script '/home/chiv/ros2_ws/install/flappy_robot/share/flappy_robot/package.ps1'
[6.705s] INFO:colcon.colcon_core.shell:Creating package descriptor '/home/chiv/ros2_ws/install/flappy_robot/share/flappy_robot/package.dsv'
[6.706s] INFO:colcon.colcon_core.shell:Creating package script '/home/chiv/ros2_ws/install/flappy_robot/share/flappy_robot/package.sh'
[6.706s] INFO:colcon.colcon_core.shell:Creating package script '/home/chiv/ros2_ws/install/flappy_robot/share/flappy_robot/package.bash'
[6.707s] INFO:colcon.colcon_core.shell:Creating package script '/home/chiv/ros2_ws/install/flappy_robot/share/flappy_robot/package.zsh'
[6.707s] Level 1:colcon.colcon_core.environment:create_file_with_runtime_dependencies(/home/chiv/ros2_ws/install/flappy_robot/share/colcon-core/packages/flappy_robot)
[6.707s] DEBUG:colcon.colcon_parallel_executor.executor.parallel:closing loop
[6.707s] DEBUG:colcon.colcon_parallel_executor.executor.parallel:loop closed
[6.707s] DEBUG:colcon.colcon_parallel_executor.executor.parallel:run_until_complete finished with '0'
[6.707s] DEBUG:colcon.colcon_core.event_reactor:joining thread
[6.716s] INFO:colcon.colcon_core.plugin_system:Skipping extension 'colcon_notification.desktop_notification.terminal_notifier': Not used on non-Darwin systems
[6.716s] INFO:colcon.colcon_core.plugin_system:Skipping extension 'colcon_notification.desktop_notification.win32': Not used on non-Windows systems
[6.716s] INFO:colcon.colcon_notification.desktop_notification:Sending desktop notification using 'notify2'
[6.829s] DEBUG:colcon.colcon_core.event_reactor:joined thread
[6.830s] INFO:colcon.colcon_core.shell:Creating prefix script '/home/chiv/ros2_ws/install/local_setup.ps1'
[6.831s] INFO:colcon.colcon_core.shell:Creating prefix util module '/home/chiv/ros2_ws/install/_local_setup_util_ps1.py'
[6.832s] INFO:colcon.colcon_core.shell:Creating prefix chain script '/home/chiv/ros2_ws/install/setup.ps1'
[6.833s] INFO:colcon.colcon_core.shell:Creating prefix script '/home/chiv/ros2_ws/install/local_setup.sh'
[6.834s] INFO:colcon.colcon_core.shell:Creating prefix util module '/home/chiv/ros2_ws/install/_local_setup_util_sh.py'
[6.835s] INFO:colcon.colcon_core.shell:Creating prefix chain script '/home/chiv/ros2_ws/install/setup.sh'
[6.836s] INFO:colcon.colcon_core.shell:Creating prefix script '/home/chiv/ros2_ws/install/local_setup.bash'
[6.836s] INFO:colcon.colcon_core.shell:Creating prefix chain script '/home/chiv/ros2_ws/install/setup.bash'
[6.837s] INFO:colcon.colcon_core.shell:Creating prefix script '/home/chiv/ros2_ws/install/local_setup.zsh'
[6.838s] INFO:colcon.colcon_core.shell:Creating prefix chain script '/home/chiv/ros2_ws/install/setup.zsh'
