[  3%] Built target flappy_robot_msgs__cpp
[  6%] Built target flappy_robot_msgs__rs
[  6%] Built target ament_cmake_python_copy_flappy_robot_msgs
[ 15%] Built target flappy_robot_msgs__rosidl_generator_c
[ 25%] Built target flappy_robot_msgs__rosidl_typesupport_cpp
[ 34%] Built target flappy_robot_msgs__rosidl_typesupport_introspection_cpp
[ 43%] Built target flappy_robot_msgs__rosidl_typesupport_fastrtps_cpp
[ 53%] Built target flappy_robot_msgs__rosidl_typesupport_fastrtps_c
[ 62%] Built target flappy_robot_msgs__rosidl_typesupport_c
[ 71%] Built target flappy_robot_msgs__rosidl_typesupport_introspection_c
[ 71%] Built target flappy_robot_msgs
[ 75%] Built target flappy_robot_msgs__py
[ 81%] Built target flappy_robot_msgs__rosidl_generator_py
[ 87%] Built target flappy_robot_msgs__rosidl_typesupport_introspection_c__pyext
[ 93%] Built target flappy_robot_msgs__rosidl_typesupport_c__pyext
[100%] Built target flappy_robot_msgs__rosidl_typesupport_fastrtps_c__pyext
running egg_info
writing flappy_robot_msgs.egg-info/PKG-INFO
writing dependency_links to flappy_robot_msgs.egg-info/dependency_links.txt
writing top-level names to flappy_robot_msgs.egg-info/top_level.txt
reading manifest file 'flappy_robot_msgs.egg-info/SOURCES.txt'
writing manifest file 'flappy_robot_msgs.egg-info/SOURCES.txt'
[100%] Built target ament_cmake_python_build_flappy_robot_msgs_egg
-- Install configuration: ""
-- Up-to-date: /home/lyda/ros2_ws/install/flappy_robot_msgs/share/ament_index/resource_index/rosidl_interfaces/flappy_robot_msgs
-- Up-to-date: /home/lyda/ros2_ws/install/flappy_robot_msgs/include/flappy_robot_msgs/flappy_robot_msgs
-- Up-to-date: /home/lyda/ros2_ws/install/flappy_robot_msgs/include/flappy_robot_msgs/flappy_robot_msgs/msg
-- Up-to-date: /home/lyda/ros2_ws/install/flappy_robot_msgs/include/flappy_robot_msgs/flappy_robot_msgs/msg/flappy_status.h
-- Up-to-date: /home/lyda/ros2_ws/install/flappy_robot_msgs/include/flappy_robot_msgs/flappy_robot_msgs/msg/detail
-- Up-to-date: /home/lyda/ros2_ws/install/flappy_robot_msgs/include/flappy_robot_msgs/flappy_robot_msgs/msg/detail/flappy_status__functions.h
-- Up-to-date: /home/lyda/ros2_ws/install/flappy_robot_msgs/include/flappy_robot_msgs/flappy_robot_msgs/msg/detail/flappy_status__functions.c
-- Up-to-date: /home/lyda/ros2_ws/install/flappy_robot_msgs/include/flappy_robot_msgs/flappy_robot_msgs/msg/detail/flappy_status__struct.h
-- Up-to-date: /home/lyda/ros2_ws/install/flappy_robot_msgs/include/flappy_robot_msgs/flappy_robot_msgs/msg/detail/flappy_status__type_support.h
-- Up-to-date: /home/lyda/ros2_ws/install/flappy_robot_msgs/include/flappy_robot_msgs/flappy_robot_msgs/msg/rosidl_generator_c__visibility_control.h
-- Up-to-date: /home/lyda/ros2_ws/install/flappy_robot_msgs/share/flappy_robot_msgs/environment/library_path.sh
-- Up-to-date: /home/lyda/ros2_ws/install/flappy_robot_msgs/share/flappy_robot_msgs/environment/library_path.dsv
-- Up-to-date: /home/lyda/ros2_ws/install/flappy_robot_msgs/lib/libflappy_robot_msgs__rosidl_generator_c.so
-- Up-to-date: /home/lyda/ros2_ws/install/flappy_robot_msgs/include/flappy_robot_msgs/flappy_robot_msgs
-- Up-to-date: /home/lyda/ros2_ws/install/flappy_robot_msgs/include/flappy_robot_msgs/flappy_robot_msgs/msg
-- Up-to-date: /home/lyda/ros2_ws/install/flappy_robot_msgs/include/flappy_robot_msgs/flappy_robot_msgs/msg/detail
-- Up-to-date: /home/lyda/ros2_ws/install/flappy_robot_msgs/include/flappy_robot_msgs/flappy_robot_msgs/msg/detail/flappy_status__rosidl_typesupport_fastrtps_c.h
-- Up-to-date: /home/lyda/ros2_ws/install/flappy_robot_msgs/include/flappy_robot_msgs/flappy_robot_msgs/msg/rosidl_typesupport_fastrtps_c__visibility_control.h
-- Up-to-date: /home/lyda/ros2_ws/install/flappy_robot_msgs/lib/libflappy_robot_msgs__rosidl_typesupport_fastrtps_c.so
-- Up-to-date: /home/lyda/ros2_ws/install/flappy_robot_msgs/include/flappy_robot_msgs/flappy_robot_msgs
-- Up-to-date: /home/lyda/ros2_ws/install/flappy_robot_msgs/include/flappy_robot_msgs/flappy_robot_msgs/msg
-- Up-to-date: /home/lyda/ros2_ws/install/flappy_robot_msgs/include/flappy_robot_msgs/flappy_robot_msgs/msg/detail
-- Up-to-date: /home/lyda/ros2_ws/install/flappy_robot_msgs/include/flappy_robot_msgs/flappy_robot_msgs/msg/detail/flappy_status__rosidl_typesupport_introspection_c.h
-- Up-to-date: /home/lyda/ros2_ws/install/flappy_robot_msgs/include/flappy_robot_msgs/flappy_robot_msgs/msg/detail/flappy_status__type_support.c
-- Up-to-date: /home/lyda/ros2_ws/install/flappy_robot_msgs/include/flappy_robot_msgs/flappy_robot_msgs/msg/rosidl_typesupport_introspection_c__visibility_control.h
-- Up-to-date: /home/lyda/ros2_ws/install/flappy_robot_msgs/lib/libflappy_robot_msgs__rosidl_typesupport_introspection_c.so
-- Up-to-date: /home/lyda/ros2_ws/install/flappy_robot_msgs/lib/libflappy_robot_msgs__rosidl_typesupport_c.so
-- Up-to-date: /home/lyda/ros2_ws/install/flappy_robot_msgs/include/flappy_robot_msgs/flappy_robot_msgs
-- Up-to-date: /home/lyda/ros2_ws/install/flappy_robot_msgs/include/flappy_robot_msgs/flappy_robot_msgs/msg
-- Up-to-date: /home/lyda/ros2_ws/install/flappy_robot_msgs/include/flappy_robot_msgs/flappy_robot_msgs/msg/rosidl_generator_cpp__visibility_control.hpp
-- Up-to-date: /home/lyda/ros2_ws/install/flappy_robot_msgs/include/flappy_robot_msgs/flappy_robot_msgs/msg/detail
-- Up-to-date: /home/lyda/ros2_ws/install/flappy_robot_msgs/include/flappy_robot_msgs/flappy_robot_msgs/msg/detail/flappy_status__traits.hpp
-- Up-to-date: /home/lyda/ros2_ws/install/flappy_robot_msgs/include/flappy_robot_msgs/flappy_robot_msgs/msg/detail/flappy_status__struct.hpp
-- Up-to-date: /home/lyda/ros2_ws/install/flappy_robot_msgs/include/flappy_robot_msgs/flappy_robot_msgs/msg/detail/flappy_status__builder.hpp
-- Up-to-date: /home/lyda/ros2_ws/install/flappy_robot_msgs/include/flappy_robot_msgs/flappy_robot_msgs/msg/detail/flappy_status__type_support.hpp
-- Up-to-date: /home/lyda/ros2_ws/install/flappy_robot_msgs/include/flappy_robot_msgs/flappy_robot_msgs/msg/flappy_status.hpp
-- Up-to-date: /home/lyda/ros2_ws/install/flappy_robot_msgs/include/flappy_robot_msgs/flappy_robot_msgs
-- Up-to-date: /home/lyda/ros2_ws/install/flappy_robot_msgs/include/flappy_robot_msgs/flappy_robot_msgs/msg
-- Up-to-date: /home/lyda/ros2_ws/install/flappy_robot_msgs/include/flappy_robot_msgs/flappy_robot_msgs/msg/detail
-- Up-to-date: /home/lyda/ros2_ws/install/flappy_robot_msgs/include/flappy_robot_msgs/flappy_robot_msgs/msg/detail/flappy_status__rosidl_typesupport_fastrtps_cpp.hpp
-- Up-to-date: /home/lyda/ros2_ws/install/flappy_robot_msgs/include/flappy_robot_msgs/flappy_robot_msgs/msg/detail/dds_fastrtps
-- Up-to-date: /home/lyda/ros2_ws/install/flappy_robot_msgs/include/flappy_robot_msgs/flappy_robot_msgs/msg/rosidl_typesupport_fastrtps_cpp__visibility_control.h
-- Up-to-date: /home/lyda/ros2_ws/install/flappy_robot_msgs/lib/libflappy_robot_msgs__rosidl_typesupport_fastrtps_cpp.so
-- Up-to-date: /home/lyda/ros2_ws/install/flappy_robot_msgs/include/flappy_robot_msgs/flappy_robot_msgs
-- Up-to-date: /home/lyda/ros2_ws/install/flappy_robot_msgs/include/flappy_robot_msgs/flappy_robot_msgs/msg
-- Up-to-date: /home/lyda/ros2_ws/install/flappy_robot_msgs/include/flappy_robot_msgs/flappy_robot_msgs/msg/detail
-- Up-to-date: /home/lyda/ros2_ws/install/flappy_robot_msgs/include/flappy_robot_msgs/flappy_robot_msgs/msg/detail/flappy_status__type_support.cpp
-- Up-to-date: /home/lyda/ros2_ws/install/flappy_robot_msgs/include/flappy_robot_msgs/flappy_robot_msgs/msg/detail/flappy_status__rosidl_typesupport_introspection_cpp.hpp
-- Up-to-date: /home/lyda/ros2_ws/install/flappy_robot_msgs/lib/libflappy_robot_msgs__rosidl_typesupport_introspection_cpp.so
-- Up-to-date: /home/lyda/ros2_ws/install/flappy_robot_msgs/lib/libflappy_robot_msgs__rosidl_typesupport_cpp.so
-- Up-to-date: /home/lyda/ros2_ws/install/flappy_robot_msgs/share/flappy_robot_msgs/environment/pythonpath.sh
-- Up-to-date: /home/lyda/ros2_ws/install/flappy_robot_msgs/share/flappy_robot_msgs/environment/pythonpath.dsv
-- Up-to-date: /home/lyda/ros2_ws/install/flappy_robot_msgs/local/lib/python3.10/dist-packages/flappy_robot_msgs-0.0.1-py3.10.egg-info
-- Installing: /home/lyda/ros2_ws/install/flappy_robot_msgs/local/lib/python3.10/dist-packages/flappy_robot_msgs-0.0.1-py3.10.egg-info/dependency_links.txt
-- Installing: /home/lyda/ros2_ws/install/flappy_robot_msgs/local/lib/python3.10/dist-packages/flappy_robot_msgs-0.0.1-py3.10.egg-info/PKG-INFO
-- Installing: /home/lyda/ros2_ws/install/flappy_robot_msgs/local/lib/python3.10/dist-packages/flappy_robot_msgs-0.0.1-py3.10.egg-info/SOURCES.txt
-- Installing: /home/lyda/ros2_ws/install/flappy_robot_msgs/local/lib/python3.10/dist-packages/flappy_robot_msgs-0.0.1-py3.10.egg-info/top_level.txt
-- Up-to-date: /home/lyda/ros2_ws/install/flappy_robot_msgs/local/lib/python3.10/dist-packages/flappy_robot_msgs
-- Up-to-date: /home/lyda/ros2_ws/install/flappy_robot_msgs/local/lib/python3.10/dist-packages/flappy_robot_msgs/flappy_robot_msgs_s__rosidl_typesupport_fastrtps_c.cpython-310-x86_64-linux-gnu.so
-- Up-to-date: /home/lyda/ros2_ws/install/flappy_robot_msgs/local/lib/python3.10/dist-packages/flappy_robot_msgs/flappy_robot_msgs_s__rosidl_typesupport_introspection_c.cpython-310-x86_64-linux-gnu.so
-- Up-to-date: /home/lyda/ros2_ws/install/flappy_robot_msgs/local/lib/python3.10/dist-packages/flappy_robot_msgs/libflappy_robot_msgs__rosidl_generator_py.so
-- Up-to-date: /home/lyda/ros2_ws/install/flappy_robot_msgs/local/lib/python3.10/dist-packages/flappy_robot_msgs/msg
-- Up-to-date: /home/lyda/ros2_ws/install/flappy_robot_msgs/local/lib/python3.10/dist-packages/flappy_robot_msgs/msg/_flappy_status_s.c
-- Up-to-date: /home/lyda/ros2_ws/install/flappy_robot_msgs/local/lib/python3.10/dist-packages/flappy_robot_msgs/msg/_flappy_status.py
-- Up-to-date: /home/lyda/ros2_ws/install/flappy_robot_msgs/local/lib/python3.10/dist-packages/flappy_robot_msgs/msg/__init__.py
-- Up-to-date: /home/lyda/ros2_ws/install/flappy_robot_msgs/local/lib/python3.10/dist-packages/flappy_robot_msgs/flappy_robot_msgs_s__rosidl_typesupport_c.cpython-310-x86_64-linux-gnu.so
-- Up-to-date: /home/lyda/ros2_ws/install/flappy_robot_msgs/local/lib/python3.10/dist-packages/flappy_robot_msgs/_flappy_robot_msgs_s.ep.rosidl_typesupport_c.c
-- Up-to-date: /home/lyda/ros2_ws/install/flappy_robot_msgs/local/lib/python3.10/dist-packages/flappy_robot_msgs/__init__.py
-- Up-to-date: /home/lyda/ros2_ws/install/flappy_robot_msgs/local/lib/python3.10/dist-packages/flappy_robot_msgs/_flappy_robot_msgs_s.ep.rosidl_typesupport_introspection_c.c
-- Up-to-date: /home/lyda/ros2_ws/install/flappy_robot_msgs/local/lib/python3.10/dist-packages/flappy_robot_msgs/_flappy_robot_msgs_s.ep.rosidl_typesupport_fastrtps_c.c
Listing '/home/lyda/ros2_ws/install/flappy_robot_msgs/local/lib/python3.10/dist-packages/flappy_robot_msgs'...
Listing '/home/lyda/ros2_ws/install/flappy_robot_msgs/local/lib/python3.10/dist-packages/flappy_robot_msgs/msg'...
-- Up-to-date: /home/lyda/ros2_ws/install/flappy_robot_msgs/local/lib/python3.10/dist-packages/flappy_robot_msgs/flappy_robot_msgs_s__rosidl_typesupport_fastrtps_c.cpython-310-x86_64-linux-gnu.so
-- Up-to-date: /home/lyda/ros2_ws/install/flappy_robot_msgs/local/lib/python3.10/dist-packages/flappy_robot_msgs/flappy_robot_msgs_s__rosidl_typesupport_introspection_c.cpython-310-x86_64-linux-gnu.so
-- Up-to-date: /home/lyda/ros2_ws/install/flappy_robot_msgs/local/lib/python3.10/dist-packages/flappy_robot_msgs/flappy_robot_msgs_s__rosidl_typesupport_c.cpython-310-x86_64-linux-gnu.so
-- Up-to-date: /home/lyda/ros2_ws/install/flappy_robot_msgs/lib/libflappy_robot_msgs__rosidl_generator_py.so
-- Up-to-date: /home/lyda/ros2_ws/install/flappy_robot_msgs/share/ament_index/resource_index/rust_packages/flappy_robot_msgs
-- Up-to-date: /home/lyda/ros2_ws/install/flappy_robot_msgs/share/flappy_robot_msgs/rust
-- Up-to-date: /home/lyda/ros2_ws/install/flappy_robot_msgs/share/flappy_robot_msgs/rust/build.rs
-- Up-to-date: /home/lyda/ros2_ws/install/flappy_robot_msgs/share/flappy_robot_msgs/rust/src
-- Up-to-date: /home/lyda/ros2_ws/install/flappy_robot_msgs/share/flappy_robot_msgs/rust/src/msg
-- Up-to-date: /home/lyda/ros2_ws/install/flappy_robot_msgs/share/flappy_robot_msgs/rust/src/msg/rmw.rs
-- Up-to-date: /home/lyda/ros2_ws/install/flappy_robot_msgs/share/flappy_robot_msgs/rust/src/lib.rs
-- Up-to-date: /home/lyda/ros2_ws/install/flappy_robot_msgs/share/flappy_robot_msgs/rust/src/msg.rs
-- Up-to-date: /home/lyda/ros2_ws/install/flappy_robot_msgs/share/flappy_robot_msgs/rust/Cargo.toml
-- Up-to-date: /home/lyda/ros2_ws/install/flappy_robot_msgs/share/flappy_robot_msgs/msg/FlappyStatus.idl
-- Up-to-date: /home/lyda/ros2_ws/install/flappy_robot_msgs/share/flappy_robot_msgs/msg/FlappyStatus.msg
-- Up-to-date: /home/lyda/ros2_ws/install/flappy_robot_msgs/share/ament_index/resource_index/package_run_dependencies/flappy_robot_msgs
-- Up-to-date: /home/lyda/ros2_ws/install/flappy_robot_msgs/share/ament_index/resource_index/parent_prefix_path/flappy_robot_msgs
-- Up-to-date: /home/lyda/ros2_ws/install/flappy_robot_msgs/share/flappy_robot_msgs/environment/ament_prefix_path.sh
-- Up-to-date: /home/lyda/ros2_ws/install/flappy_robot_msgs/share/flappy_robot_msgs/environment/ament_prefix_path.dsv
-- Up-to-date: /home/lyda/ros2_ws/install/flappy_robot_msgs/share/flappy_robot_msgs/environment/path.sh
-- Up-to-date: /home/lyda/ros2_ws/install/flappy_robot_msgs/share/flappy_robot_msgs/environment/path.dsv
-- Up-to-date: /home/lyda/ros2_ws/install/flappy_robot_msgs/share/flappy_robot_msgs/local_setup.bash
-- Up-to-date: /home/lyda/ros2_ws/install/flappy_robot_msgs/share/flappy_robot_msgs/local_setup.sh
-- Up-to-date: /home/lyda/ros2_ws/install/flappy_robot_msgs/share/flappy_robot_msgs/local_setup.zsh
-- Up-to-date: /home/lyda/ros2_ws/install/flappy_robot_msgs/share/flappy_robot_msgs/local_setup.dsv
-- Installing: /home/lyda/ros2_ws/install/flappy_robot_msgs/share/flappy_robot_msgs/package.dsv
-- Up-to-date: /home/lyda/ros2_ws/install/flappy_robot_msgs/share/ament_index/resource_index/packages/flappy_robot_msgs
-- Up-to-date: /home/lyda/ros2_ws/install/flappy_robot_msgs/share/flappy_robot_msgs/cmake/export_flappy_robot_msgs__rosidl_generator_cExport.cmake
-- Up-to-date: /home/lyda/ros2_ws/install/flappy_robot_msgs/share/flappy_robot_msgs/cmake/export_flappy_robot_msgs__rosidl_generator_cExport-noconfig.cmake
-- Up-to-date: /home/lyda/ros2_ws/install/flappy_robot_msgs/share/flappy_robot_msgs/cmake/export_flappy_robot_msgs__rosidl_typesupport_fastrtps_cExport.cmake
-- Up-to-date: /home/lyda/ros2_ws/install/flappy_robot_msgs/share/flappy_robot_msgs/cmake/export_flappy_robot_msgs__rosidl_typesupport_fastrtps_cExport-noconfig.cmake
-- Up-to-date: /home/lyda/ros2_ws/install/flappy_robot_msgs/share/flappy_robot_msgs/cmake/flappy_robot_msgs__rosidl_typesupport_introspection_cExport.cmake
-- Up-to-date: /home/lyda/ros2_ws/install/flappy_robot_msgs/share/flappy_robot_msgs/cmake/flappy_robot_msgs__rosidl_typesupport_introspection_cExport-noconfig.cmake
-- Up-to-date: /home/lyda/ros2_ws/install/flappy_robot_msgs/share/flappy_robot_msgs/cmake/flappy_robot_msgs__rosidl_typesupport_cExport.cmake
-- Up-to-date: /home/lyda/ros2_ws/install/flappy_robot_msgs/share/flappy_robot_msgs/cmake/flappy_robot_msgs__rosidl_typesupport_cExport-noconfig.cmake
-- Up-to-date: /home/lyda/ros2_ws/install/flappy_robot_msgs/share/flappy_robot_msgs/cmake/export_flappy_robot_msgs__rosidl_generator_cppExport.cmake
-- Up-to-date: /home/lyda/ros2_ws/install/flappy_robot_msgs/share/flappy_robot_msgs/cmake/export_flappy_robot_msgs__rosidl_typesupport_fastrtps_cppExport.cmake
-- Up-to-date: /home/lyda/ros2_ws/install/flappy_robot_msgs/share/flappy_robot_msgs/cmake/export_flappy_robot_msgs__rosidl_typesupport_fastrtps_cppExport-noconfig.cmake
-- Up-to-date: /home/lyda/ros2_ws/install/flappy_robot_msgs/share/flappy_robot_msgs/cmake/flappy_robot_msgs__rosidl_typesupport_introspection_cppExport.cmake
-- Up-to-date: /home/lyda/ros2_ws/install/flappy_robot_msgs/share/flappy_robot_msgs/cmake/flappy_robot_msgs__rosidl_typesupport_introspection_cppExport-noconfig.cmake
-- Up-to-date: /home/lyda/ros2_ws/install/flappy_robot_msgs/share/flappy_robot_msgs/cmake/flappy_robot_msgs__rosidl_typesupport_cppExport.cmake
-- Up-to-date: /home/lyda/ros2_ws/install/flappy_robot_msgs/share/flappy_robot_msgs/cmake/flappy_robot_msgs__rosidl_typesupport_cppExport-noconfig.cmake
-- Up-to-date: /home/lyda/ros2_ws/install/flappy_robot_msgs/share/flappy_robot_msgs/cmake/export_flappy_robot_msgs__rosidl_generator_pyExport.cmake
-- Up-to-date: /home/lyda/ros2_ws/install/flappy_robot_msgs/share/flappy_robot_msgs/cmake/export_flappy_robot_msgs__rosidl_generator_pyExport-noconfig.cmake
-- Up-to-date: /home/lyda/ros2_ws/install/flappy_robot_msgs/share/flappy_robot_msgs/cmake/rosidl_cmake-extras.cmake
-- Up-to-date: /home/lyda/ros2_ws/install/flappy_robot_msgs/share/flappy_robot_msgs/cmake/ament_cmake_export_include_directories-extras.cmake
-- Up-to-date: /home/lyda/ros2_ws/install/flappy_robot_msgs/share/flappy_robot_msgs/cmake/ament_cmake_export_libraries-extras.cmake
-- Up-to-date: /home/lyda/ros2_ws/install/flappy_robot_msgs/share/flappy_robot_msgs/cmake/ament_cmake_export_targets-extras.cmake
-- Up-to-date: /home/lyda/ros2_ws/install/flappy_robot_msgs/share/flappy_robot_msgs/cmake/rosidl_cmake_export_typesupport_targets-extras.cmake
-- Up-to-date: /home/lyda/ros2_ws/install/flappy_robot_msgs/share/flappy_robot_msgs/cmake/ament_cmake_export_dependencies-extras.cmake
-- Up-to-date: /home/lyda/ros2_ws/install/flappy_robot_msgs/share/flappy_robot_msgs/cmake/rosidl_cmake_export_typesupport_libraries-extras.cmake
-- Up-to-date: /home/lyda/ros2_ws/install/flappy_robot_msgs/share/flappy_robot_msgs/cmake/flappy_robot_msgsConfig.cmake
-- Up-to-date: /home/lyda/ros2_ws/install/flappy_robot_msgs/share/flappy_robot_msgs/cmake/flappy_robot_msgsConfig-version.cmake
-- Up-to-date: /home/lyda/ros2_ws/install/flappy_robot_msgs/share/flappy_robot_msgs/package.xml
