[0.009s] Invoking command in '/home/lyda/ros2_ws/build/flappy_robot_msgs': CMAKE_PREFIX_PATH=${CMAKE_PREFIX_PATH}:/home/lyda/ros2_ws/install/flappy_robot:/home/lyda/dev_ws/install/my_package_py:/opt/ros/humble /usr/bin/cmake --build /home/lyda/ros2_ws/build/flappy_robot_msgs -- -j4 -l4
[0.050s] [  3%] Built target flappy_robot_msgs__cpp
[0.051s] [  6%] Built target flappy_robot_msgs__rs
[0.057s] [  6%] Built target ament_cmake_python_copy_flappy_robot_msgs
[0.058s] [ 15%] Built target flappy_robot_msgs__rosidl_generator_c
[0.070s] [ 25%] Built target flappy_robot_msgs__rosidl_typesupport_cpp
[0.080s] [ 34%] Built target flappy_robot_msgs__rosidl_typesupport_introspection_cpp
[0.083s] [ 43%] Built target flappy_robot_msgs__rosidl_typesupport_fastrtps_cpp
[0.087s] [ 53%] Built target flappy_robot_msgs__rosidl_typesupport_fastrtps_c
[0.092s] [ 62%] Built target flappy_robot_msgs__rosidl_typesupport_c
[0.104s] [ 71%] Built target flappy_robot_msgs__rosidl_typesupport_introspection_c
[0.121s] [ 71%] Built target flappy_robot_msgs
[0.137s] [ 75%] Built target flappy_robot_msgs__py
[0.152s] [ 81%] Built target flappy_robot_msgs__rosidl_generator_py
[0.167s] [ 87%] Built target flappy_robot_msgs__rosidl_typesupport_introspection_c__pyext
[0.167s] [ 93%] Built target flappy_robot_msgs__rosidl_typesupport_c__pyext
[0.168s] [100%] Built target flappy_robot_msgs__rosidl_typesupport_fastrtps_c__pyext
[0.199s] running egg_info
[0.200s] writing flappy_robot_msgs.egg-info/PKG-INFO
[0.200s] writing dependency_links to flappy_robot_msgs.egg-info/dependency_links.txt
[0.200s] writing top-level names to flappy_robot_msgs.egg-info/top_level.txt
[0.201s] reading manifest file 'flappy_robot_msgs.egg-info/SOURCES.txt'
[0.201s] writing manifest file 'flappy_robot_msgs.egg-info/SOURCES.txt'
[0.218s] [100%] Built target ament_cmake_python_build_flappy_robot_msgs_egg
[0.225s] Invoked command in '/home/lyda/ros2_ws/build/flappy_robot_msgs' returned '0': CMAKE_PREFIX_PATH=${CMAKE_PREFIX_PATH}:/home/lyda/ros2_ws/install/flappy_robot:/home/lyda/dev_ws/install/my_package_py:/opt/ros/humble /usr/bin/cmake --build /home/lyda/ros2_ws/build/flappy_robot_msgs -- -j4 -l4
[0.226s] Invoking command in '/home/lyda/ros2_ws/build/flappy_robot_msgs': CMAKE_PREFIX_PATH=${CMAKE_PREFIX_PATH}:/home/lyda/ros2_ws/install/flappy_robot:/home/lyda/dev_ws/install/my_package_py:/opt/ros/humble /usr/bin/cmake --install /home/lyda/ros2_ws/build/flappy_robot_msgs
[0.230s] -- Install configuration: ""
[0.231s] -- Up-to-date: /home/lyda/ros2_ws/install/flappy_robot_msgs/share/ament_index/resource_index/rosidl_interfaces/flappy_robot_msgs
[0.231s] -- Up-to-date: /home/lyda/ros2_ws/install/flappy_robot_msgs/include/flappy_robot_msgs/flappy_robot_msgs
[0.231s] -- Up-to-date: /home/lyda/ros2_ws/install/flappy_robot_msgs/include/flappy_robot_msgs/flappy_robot_msgs/msg
[0.231s] -- Up-to-date: /home/lyda/ros2_ws/install/flappy_robot_msgs/include/flappy_robot_msgs/flappy_robot_msgs/msg/flappy_status.h
[0.231s] -- Up-to-date: /home/lyda/ros2_ws/install/flappy_robot_msgs/include/flappy_robot_msgs/flappy_robot_msgs/msg/detail
[0.231s] -- Up-to-date: /home/lyda/ros2_ws/install/flappy_robot_msgs/include/flappy_robot_msgs/flappy_robot_msgs/msg/detail/flappy_status__functions.h
[0.231s] -- Up-to-date: /home/lyda/ros2_ws/install/flappy_robot_msgs/include/flappy_robot_msgs/flappy_robot_msgs/msg/detail/flappy_status__functions.c
[0.231s] -- Up-to-date: /home/lyda/ros2_ws/install/flappy_robot_msgs/include/flappy_robot_msgs/flappy_robot_msgs/msg/detail/flappy_status__struct.h
[0.231s] -- Up-to-date: /home/lyda/ros2_ws/install/flappy_robot_msgs/include/flappy_robot_msgs/flappy_robot_msgs/msg/detail/flappy_status__type_support.h
[0.231s] -- Up-to-date: /home/lyda/ros2_ws/install/flappy_robot_msgs/include/flappy_robot_msgs/flappy_robot_msgs/msg/rosidl_generator_c__visibility_control.h
[0.231s] -- Up-to-date: /home/lyda/ros2_ws/install/flappy_robot_msgs/share/flappy_robot_msgs/environment/library_path.sh
[0.231s] -- Up-to-date: /home/lyda/ros2_ws/install/flappy_robot_msgs/share/flappy_robot_msgs/environment/library_path.dsv
[0.231s] -- Up-to-date: /home/lyda/ros2_ws/install/flappy_robot_msgs/lib/libflappy_robot_msgs__rosidl_generator_c.so
[0.231s] -- Up-to-date: /home/lyda/ros2_ws/install/flappy_robot_msgs/include/flappy_robot_msgs/flappy_robot_msgs
[0.231s] -- Up-to-date: /home/lyda/ros2_ws/install/flappy_robot_msgs/include/flappy_robot_msgs/flappy_robot_msgs/msg
[0.231s] -- Up-to-date: /home/lyda/ros2_ws/install/flappy_robot_msgs/include/flappy_robot_msgs/flappy_robot_msgs/msg/detail
[0.231s] -- Up-to-date: /home/lyda/ros2_ws/install/flappy_robot_msgs/include/flappy_robot_msgs/flappy_robot_msgs/msg/detail/flappy_status__rosidl_typesupport_fastrtps_c.h
[0.231s] -- Up-to-date: /home/lyda/ros2_ws/install/flappy_robot_msgs/include/flappy_robot_msgs/flappy_robot_msgs/msg/rosidl_typesupport_fastrtps_c__visibility_control.h
[0.231s] -- Up-to-date: /home/lyda/ros2_ws/install/flappy_robot_msgs/lib/libflappy_robot_msgs__rosidl_typesupport_fastrtps_c.so
[0.231s] -- Up-to-date: /home/lyda/ros2_ws/install/flappy_robot_msgs/include/flappy_robot_msgs/flappy_robot_msgs
[0.231s] -- Up-to-date: /home/lyda/ros2_ws/install/flappy_robot_msgs/include/flappy_robot_msgs/flappy_robot_msgs/msg
[0.231s] -- Up-to-date: /home/lyda/ros2_ws/install/flappy_robot_msgs/include/flappy_robot_msgs/flappy_robot_msgs/msg/detail
[0.231s] -- Up-to-date: /home/lyda/ros2_ws/install/flappy_robot_msgs/include/flappy_robot_msgs/flappy_robot_msgs/msg/detail/flappy_status__rosidl_typesupport_introspection_c.h
[0.231s] -- Up-to-date: /home/lyda/ros2_ws/install/flappy_robot_msgs/include/flappy_robot_msgs/flappy_robot_msgs/msg/detail/flappy_status__type_support.c
[0.231s] -- Up-to-date: /home/lyda/ros2_ws/install/flappy_robot_msgs/include/flappy_robot_msgs/flappy_robot_msgs/msg/rosidl_typesupport_introspection_c__visibility_control.h
[0.231s] -- Up-to-date: /home/lyda/ros2_ws/install/flappy_robot_msgs/lib/libflappy_robot_msgs__rosidl_typesupport_introspection_c.so
[0.232s] -- Up-to-date: /home/lyda/ros2_ws/install/flappy_robot_msgs/lib/libflappy_robot_msgs__rosidl_typesupport_c.so
[0.232s] -- Up-to-date: /home/lyda/ros2_ws/install/flappy_robot_msgs/include/flappy_robot_msgs/flappy_robot_msgs
[0.232s] -- Up-to-date: /home/lyda/ros2_ws/install/flappy_robot_msgs/include/flappy_robot_msgs/flappy_robot_msgs/msg
[0.232s] -- Up-to-date: /home/lyda/ros2_ws/install/flappy_robot_msgs/include/flappy_robot_msgs/flappy_robot_msgs/msg/rosidl_generator_cpp__visibility_control.hpp
[0.232s] -- Up-to-date: /home/lyda/ros2_ws/install/flappy_robot_msgs/include/flappy_robot_msgs/flappy_robot_msgs/msg/detail
[0.232s] -- Up-to-date: /home/lyda/ros2_ws/install/flappy_robot_msgs/include/flappy_robot_msgs/flappy_robot_msgs/msg/detail/flappy_status__traits.hpp
[0.232s] -- Up-to-date: /home/lyda/ros2_ws/install/flappy_robot_msgs/include/flappy_robot_msgs/flappy_robot_msgs/msg/detail/flappy_status__struct.hpp
[0.232s] -- Up-to-date: /home/lyda/ros2_ws/install/flappy_robot_msgs/include/flappy_robot_msgs/flappy_robot_msgs/msg/detail/flappy_status__builder.hpp
[0.232s] -- Up-to-date: /home/lyda/ros2_ws/install/flappy_robot_msgs/include/flappy_robot_msgs/flappy_robot_msgs/msg/detail/flappy_status__type_support.hpp
[0.232s] -- Up-to-date: /home/lyda/ros2_ws/install/flappy_robot_msgs/include/flappy_robot_msgs/flappy_robot_msgs/msg/flappy_status.hpp
[0.232s] -- Up-to-date: /home/lyda/ros2_ws/install/flappy_robot_msgs/include/flappy_robot_msgs/flappy_robot_msgs
[0.232s] -- Up-to-date: /home/lyda/ros2_ws/install/flappy_robot_msgs/include/flappy_robot_msgs/flappy_robot_msgs/msg
[0.233s] -- Up-to-date: /home/lyda/ros2_ws/install/flappy_robot_msgs/include/flappy_robot_msgs/flappy_robot_msgs/msg/detail
[0.233s] -- Up-to-date: /home/lyda/ros2_ws/install/flappy_robot_msgs/include/flappy_robot_msgs/flappy_robot_msgs/msg/detail/flappy_status__rosidl_typesupport_fastrtps_cpp.hpp
[0.233s] -- Up-to-date: /home/lyda/ros2_ws/install/flappy_robot_msgs/include/flappy_robot_msgs/flappy_robot_msgs/msg/detail/dds_fastrtps
[0.233s] -- Up-to-date: /home/lyda/ros2_ws/install/flappy_robot_msgs/include/flappy_robot_msgs/flappy_robot_msgs/msg/rosidl_typesupport_fastrtps_cpp__visibility_control.h
[0.233s] -- Up-to-date: /home/lyda/ros2_ws/install/flappy_robot_msgs/lib/libflappy_robot_msgs__rosidl_typesupport_fastrtps_cpp.so
[0.233s] -- Up-to-date: /home/lyda/ros2_ws/install/flappy_robot_msgs/include/flappy_robot_msgs/flappy_robot_msgs
[0.233s] -- Up-to-date: /home/lyda/ros2_ws/install/flappy_robot_msgs/include/flappy_robot_msgs/flappy_robot_msgs/msg
[0.233s] -- Up-to-date: /home/lyda/ros2_ws/install/flappy_robot_msgs/include/flappy_robot_msgs/flappy_robot_msgs/msg/detail
[0.233s] -- Up-to-date: /home/lyda/ros2_ws/install/flappy_robot_msgs/include/flappy_robot_msgs/flappy_robot_msgs/msg/detail/flappy_status__type_support.cpp
[0.233s] -- Up-to-date: /home/lyda/ros2_ws/install/flappy_robot_msgs/include/flappy_robot_msgs/flappy_robot_msgs/msg/detail/flappy_status__rosidl_typesupport_introspection_cpp.hpp
[0.233s] -- Up-to-date: /home/lyda/ros2_ws/install/flappy_robot_msgs/lib/libflappy_robot_msgs__rosidl_typesupport_introspection_cpp.so
[0.233s] -- Up-to-date: /home/lyda/ros2_ws/install/flappy_robot_msgs/lib/libflappy_robot_msgs__rosidl_typesupport_cpp.so
[0.233s] -- Up-to-date: /home/lyda/ros2_ws/install/flappy_robot_msgs/share/flappy_robot_msgs/environment/pythonpath.sh
[0.233s] -- Up-to-date: /home/lyda/ros2_ws/install/flappy_robot_msgs/share/flappy_robot_msgs/environment/pythonpath.dsv
[0.233s] -- Up-to-date: /home/lyda/ros2_ws/install/flappy_robot_msgs/local/lib/python3.10/dist-packages/flappy_robot_msgs-0.0.1-py3.10.egg-info
[0.233s] -- Installing: /home/lyda/ros2_ws/install/flappy_robot_msgs/local/lib/python3.10/dist-packages/flappy_robot_msgs-0.0.1-py3.10.egg-info/dependency_links.txt
[0.233s] -- Installing: /home/lyda/ros2_ws/install/flappy_robot_msgs/local/lib/python3.10/dist-packages/flappy_robot_msgs-0.0.1-py3.10.egg-info/PKG-INFO
[0.233s] -- Installing: /home/lyda/ros2_ws/install/flappy_robot_msgs/local/lib/python3.10/dist-packages/flappy_robot_msgs-0.0.1-py3.10.egg-info/SOURCES.txt
[0.233s] -- Installing: /home/lyda/ros2_ws/install/flappy_robot_msgs/local/lib/python3.10/dist-packages/flappy_robot_msgs-0.0.1-py3.10.egg-info/top_level.txt
[0.233s] -- Up-to-date: /home/lyda/ros2_ws/install/flappy_robot_msgs/local/lib/python3.10/dist-packages/flappy_robot_msgs
[0.233s] -- Up-to-date: /home/lyda/ros2_ws/install/flappy_robot_msgs/local/lib/python3.10/dist-packages/flappy_robot_msgs/flappy_robot_msgs_s__rosidl_typesupport_fastrtps_c.cpython-310-x86_64-linux-gnu.so
[0.233s] -- Up-to-date: /home/lyda/ros2_ws/install/flappy_robot_msgs/local/lib/python3.10/dist-packages/flappy_robot_msgs/flappy_robot_msgs_s__rosidl_typesupport_introspection_c.cpython-310-x86_64-linux-gnu.so
[0.233s] -- Up-to-date: /home/lyda/ros2_ws/install/flappy_robot_msgs/local/lib/python3.10/dist-packages/flappy_robot_msgs/libflappy_robot_msgs__rosidl_generator_py.so
[0.233s] -- Up-to-date: /home/lyda/ros2_ws/install/flappy_robot_msgs/local/lib/python3.10/dist-packages/flappy_robot_msgs/msg
[0.233s] -- Up-to-date: /home/lyda/ros2_ws/install/flappy_robot_msgs/local/lib/python3.10/dist-packages/flappy_robot_msgs/msg/_flappy_status_s.c
[0.233s] -- Up-to-date: /home/lyda/ros2_ws/install/flappy_robot_msgs/local/lib/python3.10/dist-packages/flappy_robot_msgs/msg/_flappy_status.py
[0.233s] -- Up-to-date: /home/lyda/ros2_ws/install/flappy_robot_msgs/local/lib/python3.10/dist-packages/flappy_robot_msgs/msg/__init__.py
[0.233s] -- Up-to-date: /home/lyda/ros2_ws/install/flappy_robot_msgs/local/lib/python3.10/dist-packages/flappy_robot_msgs/flappy_robot_msgs_s__rosidl_typesupport_c.cpython-310-x86_64-linux-gnu.so
[0.233s] -- Up-to-date: /home/lyda/ros2_ws/install/flappy_robot_msgs/local/lib/python3.10/dist-packages/flappy_robot_msgs/_flappy_robot_msgs_s.ep.rosidl_typesupport_c.c
[0.233s] -- Up-to-date: /home/lyda/ros2_ws/install/flappy_robot_msgs/local/lib/python3.10/dist-packages/flappy_robot_msgs/__init__.py
[0.233s] -- Up-to-date: /home/lyda/ros2_ws/install/flappy_robot_msgs/local/lib/python3.10/dist-packages/flappy_robot_msgs/_flappy_robot_msgs_s.ep.rosidl_typesupport_introspection_c.c
[0.233s] -- Up-to-date: /home/lyda/ros2_ws/install/flappy_robot_msgs/local/lib/python3.10/dist-packages/flappy_robot_msgs/_flappy_robot_msgs_s.ep.rosidl_typesupport_fastrtps_c.c
[0.252s] Listing '/home/lyda/ros2_ws/install/flappy_robot_msgs/local/lib/python3.10/dist-packages/flappy_robot_msgs'...
[0.252s] Listing '/home/lyda/ros2_ws/install/flappy_robot_msgs/local/lib/python3.10/dist-packages/flappy_robot_msgs/msg'...
[0.254s] -- Up-to-date: /home/lyda/ros2_ws/install/flappy_robot_msgs/local/lib/python3.10/dist-packages/flappy_robot_msgs/flappy_robot_msgs_s__rosidl_typesupport_fastrtps_c.cpython-310-x86_64-linux-gnu.so
[0.254s] -- Up-to-date: /home/lyda/ros2_ws/install/flappy_robot_msgs/local/lib/python3.10/dist-packages/flappy_robot_msgs/flappy_robot_msgs_s__rosidl_typesupport_introspection_c.cpython-310-x86_64-linux-gnu.so
[0.255s] -- Up-to-date: /home/lyda/ros2_ws/install/flappy_robot_msgs/local/lib/python3.10/dist-packages/flappy_robot_msgs/flappy_robot_msgs_s__rosidl_typesupport_c.cpython-310-x86_64-linux-gnu.so
[0.256s] -- Up-to-date: /home/lyda/ros2_ws/install/flappy_robot_msgs/lib/libflappy_robot_msgs__rosidl_generator_py.so
[0.256s] -- Up-to-date: /home/lyda/ros2_ws/install/flappy_robot_msgs/share/ament_index/resource_index/rust_packages/flappy_robot_msgs
[0.256s] -- Up-to-date: /home/lyda/ros2_ws/install/flappy_robot_msgs/share/flappy_robot_msgs/rust
[0.256s] -- Up-to-date: /home/lyda/ros2_ws/install/flappy_robot_msgs/share/flappy_robot_msgs/rust/build.rs
[0.256s] -- Up-to-date: /home/lyda/ros2_ws/install/flappy_robot_msgs/share/flappy_robot_msgs/rust/src
[0.256s] -- Up-to-date: /home/lyda/ros2_ws/install/flappy_robot_msgs/share/flappy_robot_msgs/rust/src/msg
[0.256s] -- Up-to-date: /home/lyda/ros2_ws/install/flappy_robot_msgs/share/flappy_robot_msgs/rust/src/msg/rmw.rs
[0.256s] -- Up-to-date: /home/lyda/ros2_ws/install/flappy_robot_msgs/share/flappy_robot_msgs/rust/src/lib.rs
[0.256s] -- Up-to-date: /home/lyda/ros2_ws/install/flappy_robot_msgs/share/flappy_robot_msgs/rust/src/msg.rs
[0.256s] -- Up-to-date: /home/lyda/ros2_ws/install/flappy_robot_msgs/share/flappy_robot_msgs/rust/Cargo.toml
[0.256s] -- Up-to-date: /home/lyda/ros2_ws/install/flappy_robot_msgs/share/flappy_robot_msgs/msg/FlappyStatus.idl
[0.256s] -- Up-to-date: /home/lyda/ros2_ws/install/flappy_robot_msgs/share/flappy_robot_msgs/msg/FlappyStatus.msg
[0.256s] -- Up-to-date: /home/lyda/ros2_ws/install/flappy_robot_msgs/share/ament_index/resource_index/package_run_dependencies/flappy_robot_msgs
[0.256s] -- Up-to-date: /home/lyda/ros2_ws/install/flappy_robot_msgs/share/ament_index/resource_index/parent_prefix_path/flappy_robot_msgs
[0.256s] -- Up-to-date: /home/lyda/ros2_ws/install/flappy_robot_msgs/share/flappy_robot_msgs/environment/ament_prefix_path.sh
[0.256s] -- Up-to-date: /home/lyda/ros2_ws/install/flappy_robot_msgs/share/flappy_robot_msgs/environment/ament_prefix_path.dsv
[0.256s] -- Up-to-date: /home/lyda/ros2_ws/install/flappy_robot_msgs/share/flappy_robot_msgs/environment/path.sh
[0.256s] -- Up-to-date: /home/lyda/ros2_ws/install/flappy_robot_msgs/share/flappy_robot_msgs/environment/path.dsv
[0.256s] -- Up-to-date: /home/lyda/ros2_ws/install/flappy_robot_msgs/share/flappy_robot_msgs/local_setup.bash
[0.256s] -- Up-to-date: /home/lyda/ros2_ws/install/flappy_robot_msgs/share/flappy_robot_msgs/local_setup.sh
[0.256s] -- Up-to-date: /home/lyda/ros2_ws/install/flappy_robot_msgs/share/flappy_robot_msgs/local_setup.zsh
[0.256s] -- Up-to-date: /home/lyda/ros2_ws/install/flappy_robot_msgs/share/flappy_robot_msgs/local_setup.dsv
[0.256s] -- Installing: /home/lyda/ros2_ws/install/flappy_robot_msgs/share/flappy_robot_msgs/package.dsv
[0.256s] -- Up-to-date: /home/lyda/ros2_ws/install/flappy_robot_msgs/share/ament_index/resource_index/packages/flappy_robot_msgs
[0.257s] -- Up-to-date: /home/lyda/ros2_ws/install/flappy_robot_msgs/share/flappy_robot_msgs/cmake/export_flappy_robot_msgs__rosidl_generator_cExport.cmake
[0.257s] -- Up-to-date: /home/lyda/ros2_ws/install/flappy_robot_msgs/share/flappy_robot_msgs/cmake/export_flappy_robot_msgs__rosidl_generator_cExport-noconfig.cmake
[0.257s] -- Up-to-date: /home/lyda/ros2_ws/install/flappy_robot_msgs/share/flappy_robot_msgs/cmake/export_flappy_robot_msgs__rosidl_typesupport_fastrtps_cExport.cmake
[0.257s] -- Up-to-date: /home/lyda/ros2_ws/install/flappy_robot_msgs/share/flappy_robot_msgs/cmake/export_flappy_robot_msgs__rosidl_typesupport_fastrtps_cExport-noconfig.cmake
[0.257s] -- Up-to-date: /home/lyda/ros2_ws/install/flappy_robot_msgs/share/flappy_robot_msgs/cmake/flappy_robot_msgs__rosidl_typesupport_introspection_cExport.cmake
[0.257s] -- Up-to-date: /home/lyda/ros2_ws/install/flappy_robot_msgs/share/flappy_robot_msgs/cmake/flappy_robot_msgs__rosidl_typesupport_introspection_cExport-noconfig.cmake
[0.257s] -- Up-to-date: /home/lyda/ros2_ws/install/flappy_robot_msgs/share/flappy_robot_msgs/cmake/flappy_robot_msgs__rosidl_typesupport_cExport.cmake
[0.257s] -- Up-to-date: /home/lyda/ros2_ws/install/flappy_robot_msgs/share/flappy_robot_msgs/cmake/flappy_robot_msgs__rosidl_typesupport_cExport-noconfig.cmake
[0.257s] -- Up-to-date: /home/lyda/ros2_ws/install/flappy_robot_msgs/share/flappy_robot_msgs/cmake/export_flappy_robot_msgs__rosidl_generator_cppExport.cmake
[0.257s] -- Up-to-date: /home/lyda/ros2_ws/install/flappy_robot_msgs/share/flappy_robot_msgs/cmake/export_flappy_robot_msgs__rosidl_typesupport_fastrtps_cppExport.cmake
[0.257s] -- Up-to-date: /home/lyda/ros2_ws/install/flappy_robot_msgs/share/flappy_robot_msgs/cmake/export_flappy_robot_msgs__rosidl_typesupport_fastrtps_cppExport-noconfig.cmake
[0.257s] -- Up-to-date: /home/lyda/ros2_ws/install/flappy_robot_msgs/share/flappy_robot_msgs/cmake/flappy_robot_msgs__rosidl_typesupport_introspection_cppExport.cmake
[0.257s] -- Up-to-date: /home/lyda/ros2_ws/install/flappy_robot_msgs/share/flappy_robot_msgs/cmake/flappy_robot_msgs__rosidl_typesupport_introspection_cppExport-noconfig.cmake
[0.257s] -- Up-to-date: /home/lyda/ros2_ws/install/flappy_robot_msgs/share/flappy_robot_msgs/cmake/flappy_robot_msgs__rosidl_typesupport_cppExport.cmake
[0.257s] -- Up-to-date: /home/lyda/ros2_ws/install/flappy_robot_msgs/share/flappy_robot_msgs/cmake/flappy_robot_msgs__rosidl_typesupport_cppExport-noconfig.cmake
[0.257s] -- Up-to-date: /home/lyda/ros2_ws/install/flappy_robot_msgs/share/flappy_robot_msgs/cmake/export_flappy_robot_msgs__rosidl_generator_pyExport.cmake
[0.257s] -- Up-to-date: /home/lyda/ros2_ws/install/flappy_robot_msgs/share/flappy_robot_msgs/cmake/export_flappy_robot_msgs__rosidl_generator_pyExport-noconfig.cmake
[0.257s] -- Up-to-date: /home/lyda/ros2_ws/install/flappy_robot_msgs/share/flappy_robot_msgs/cmake/rosidl_cmake-extras.cmake
[0.257s] -- Up-to-date: /home/lyda/ros2_ws/install/flappy_robot_msgs/share/flappy_robot_msgs/cmake/ament_cmake_export_include_directories-extras.cmake
[0.257s] -- Up-to-date: /home/lyda/ros2_ws/install/flappy_robot_msgs/share/flappy_robot_msgs/cmake/ament_cmake_export_libraries-extras.cmake
[0.257s] -- Up-to-date: /home/lyda/ros2_ws/install/flappy_robot_msgs/share/flappy_robot_msgs/cmake/ament_cmake_export_targets-extras.cmake
[0.257s] -- Up-to-date: /home/lyda/ros2_ws/install/flappy_robot_msgs/share/flappy_robot_msgs/cmake/rosidl_cmake_export_typesupport_targets-extras.cmake
[0.257s] -- Up-to-date: /home/lyda/ros2_ws/install/flappy_robot_msgs/share/flappy_robot_msgs/cmake/ament_cmake_export_dependencies-extras.cmake
[0.257s] -- Up-to-date: /home/lyda/ros2_ws/install/flappy_robot_msgs/share/flappy_robot_msgs/cmake/rosidl_cmake_export_typesupport_libraries-extras.cmake
[0.257s] -- Up-to-date: /home/lyda/ros2_ws/install/flappy_robot_msgs/share/flappy_robot_msgs/cmake/flappy_robot_msgsConfig.cmake
[0.257s] -- Up-to-date: /home/lyda/ros2_ws/install/flappy_robot_msgs/share/flappy_robot_msgs/cmake/flappy_robot_msgsConfig-version.cmake
[0.257s] -- Up-to-date: /home/lyda/ros2_ws/install/flappy_robot_msgs/share/flappy_robot_msgs/package.xml
[0.260s] Invoked command in '/home/lyda/ros2_ws/build/flappy_robot_msgs' returned '0': CMAKE_PREFIX_PATH=${CMAKE_PREFIX_PATH}:/home/lyda/ros2_ws/install/flappy_robot:/home/lyda/dev_ws/install/my_package_py:/opt/ros/humble /usr/bin/cmake --install /home/lyda/ros2_ws/build/flappy_robot_msgs
