[0.039s] Invoking command in '/home/chiv/ros2_ws/build/two_wheeled_robot': CMAKE_PREFIX_PATH=${CMAKE_PREFIX_PATH}:/home/chiv/ros2_ws/install/flappy_robot:/opt/ros/humble /usr/bin/cmake /home/chiv/ros2_ws/src/two_wheeled_robot -DCMAKE_INSTALL_PREFIX=/home/chiv/ros2_ws/install/two_wheeled_robot
[0.455s] -- The C compiler identification is GNU 11.4.0
[0.728s] -- The CXX compiler identification is GNU 11.4.0
[0.766s] -- Detecting C compiler ABI info
[0.975s] -- Detecting C compiler ABI info - done
[0.987s] -- Check for working C compiler: /usr/bin/cc - skipped
[0.989s] -- Detecting C compile features
[0.993s] -- Detecting C compile features - done
[1.000s] -- Detecting CXX compiler ABI info
[1.221s] -- Detecting CXX compiler ABI info - done
[1.248s] -- Check for working CXX compiler: /usr/bin/c++ - skipped
[1.248s] -- Detecting CXX compile features
[1.248s] -- Detecting CXX compile features - done
[1.275s] -- Found ament_cmake: 1.3.14 (/opt/ros/humble/share/ament_cmake/cmake)
[1.686s] -- Found Python3: /usr/bin/python3 (found version "3.10.12") found components: Interpreter 
[2.065s] -- Configuring done
[2.071s] -- Generating done
[2.073s] -- Build files have been written to: /home/chiv/ros2_ws/build/two_wheeled_robot
[2.083s] Invoked command in '/home/chiv/ros2_ws/build/two_wheeled_robot' returned '0': CMAKE_PREFIX_PATH=${CMAKE_PREFIX_PATH}:/home/chiv/ros2_ws/install/flappy_robot:/opt/ros/humble /usr/bin/cmake /home/chiv/ros2_ws/src/two_wheeled_robot -DCMAKE_INSTALL_PREFIX=/home/chiv/ros2_ws/install/two_wheeled_robot
[2.084s] Invoking command in '/home/chiv/ros2_ws/build/two_wheeled_robot': CMAKE_PREFIX_PATH=${CMAKE_PREFIX_PATH}:/home/chiv/ros2_ws/install/flappy_robot:/opt/ros/humble /usr/bin/cmake --build /home/chiv/ros2_ws/build/two_wheeled_robot -- -j2 -l2
[2.187s] Invoked command in '/home/chiv/ros2_ws/build/two_wheeled_robot' returned '0': CMAKE_PREFIX_PATH=${CMAKE_PREFIX_PATH}:/home/chiv/ros2_ws/install/flappy_robot:/opt/ros/humble /usr/bin/cmake --build /home/chiv/ros2_ws/build/two_wheeled_robot -- -j2 -l2
[2.212s] Invoking command in '/home/chiv/ros2_ws/build/two_wheeled_robot': CMAKE_PREFIX_PATH=${CMAKE_PREFIX_PATH}:/home/chiv/ros2_ws/install/flappy_robot:/opt/ros/humble /usr/bin/cmake --install /home/chiv/ros2_ws/build/two_wheeled_robot
[2.231s] -- Install configuration: ""
[2.232s] -- Installing: /home/chiv/ros2_ws/install/two_wheeled_robot/share/two_wheeled_robot/launch
[2.232s] -- Installing: /home/chiv/ros2_ws/install/two_wheeled_robot/share/two_wheeled_robot/launch/load_world_into_gazebo.launch.py
[2.232s] -- Installing: /home/chiv/ros2_ws/install/two_wheeled_robot/share/two_wheeled_robot/launch/two_wheeled_robot.launch.py
[2.233s] -- Installing: /home/chiv/ros2_ws/install/two_wheeled_robot/share/two_wheeled_robot/meshes
[2.233s] -- Installing: /home/chiv/ros2_ws/install/two_wheeled_robot/share/two_wheeled_robot/meshes/robot_base.stl
[2.234s] -- Installing: /home/chiv/ros2_ws/install/two_wheeled_robot/share/two_wheeled_robot/rviz
[2.234s] -- Installing: /home/chiv/ros2_ws/install/two_wheeled_robot/share/two_wheeled_robot/rviz/rviz_basic_settings.rviz
[2.234s] -- Installing: /home/chiv/ros2_ws/install/two_wheeled_robot/share/two_wheeled_robot/urdf
[2.235s] -- Installing: /home/chiv/ros2_ws/install/two_wheeled_robot/share/two_wheeled_robot/urdf/two_wheeled_robot.urdf
[2.235s] -- Installing: /home/chiv/ros2_ws/install/two_wheeled_robot/share/two_wheeled_robot/worlds
[2.235s] -- Installing: /home/chiv/ros2_ws/install/two_wheeled_robot/share/two_wheeled_robot/worlds/cafe.world
[2.235s] -- Installing: /home/chiv/ros2_ws/install/two_wheeled_robot/share/ament_index/resource_index/package_run_dependencies/two_wheeled_robot
[2.235s] -- Installing: /home/chiv/ros2_ws/install/two_wheeled_robot/share/ament_index/resource_index/parent_prefix_path/two_wheeled_robot
[2.236s] -- Installing: /home/chiv/ros2_ws/install/two_wheeled_robot/share/two_wheeled_robot/environment/ament_prefix_path.sh
[2.236s] -- Installing: /home/chiv/ros2_ws/install/two_wheeled_robot/share/two_wheeled_robot/environment/ament_prefix_path.dsv
[2.236s] -- Installing: /home/chiv/ros2_ws/install/two_wheeled_robot/share/two_wheeled_robot/environment/path.sh
[2.236s] -- Installing: /home/chiv/ros2_ws/install/two_wheeled_robot/share/two_wheeled_robot/environment/path.dsv
[2.237s] -- Installing: /home/chiv/ros2_ws/install/two_wheeled_robot/share/two_wheeled_robot/local_setup.bash
[2.237s] -- Installing: /home/chiv/ros2_ws/install/two_wheeled_robot/share/two_wheeled_robot/local_setup.sh
[2.237s] -- Installing: /home/chiv/ros2_ws/install/two_wheeled_robot/share/two_wheeled_robot/local_setup.zsh
[2.237s] -- Installing: /home/chiv/ros2_ws/install/two_wheeled_robot/share/two_wheeled_robot/local_setup.dsv
[2.237s] -- Installing: /home/chiv/ros2_ws/install/two_wheeled_robot/share/two_wheeled_robot/package.dsv
[2.238s] -- Installing: /home/chiv/ros2_ws/install/two_wheeled_robot/share/ament_index/resource_index/packages/two_wheeled_robot
[2.238s] -- Installing: /home/chiv/ros2_ws/install/two_wheeled_robot/share/two_wheeled_robot/cmake/two_wheeled_robotConfig.cmake
[2.238s] -- Installing: /home/chiv/ros2_ws/install/two_wheeled_robot/share/two_wheeled_robot/cmake/two_wheeled_robotConfig-version.cmake
[2.238s] -- Installing: /home/chiv/ros2_ws/install/two_wheeled_robot/share/two_wheeled_robot/package.xml
[2.244s] Invoked command in '/home/chiv/ros2_ws/build/two_wheeled_robot' returned '0': CMAKE_PREFIX_PATH=${CMAKE_PREFIX_PATH}:/home/chiv/ros2_ws/install/flappy_robot:/opt/ros/humble /usr/bin/cmake --install /home/chiv/ros2_ws/build/two_wheeled_robot
