-- The C compiler identification is GNU 11.4.0
-- The CXX compiler identification is GNU 11.4.0
-- Detecting C compiler ABI info
-- Detecting C compiler ABI info - done
-- Check for working C compiler: /usr/bin/cc - skipped
-- Detecting C compile features
-- Detecting C compile features - done
-- Detecting CXX compiler ABI info
-- Detecting CXX compiler ABI info - done
-- Check for working CXX compiler: /usr/bin/c++ - skipped
-- Detecting CXX compile features
-- Detecting CXX compile features - done
-- Found ament_cmake: 1.3.14 (/opt/ros/humble/share/ament_cmake/cmake)
-- Found Python3: /usr/bin/python3 (found version "3.10.12") found components: Interpreter 
-- Found rosidl_default_generators: 1.2.1 (/opt/ros/humble/share/rosidl_default_generators/cmake)
-- Using all available rosidl_typesupport_c: rosidl_typesupport_fastrtps_c;rosidl_typesupport_introspection_c
-- Found rosidl_adapter: 3.1.8 (/opt/ros/humble/share/rosidl_adapter/cmake)
-- Using all available rosidl_typesupport_cpp: rosidl_typesupport_fastrtps_cpp;rosidl_typesupport_introspection_cpp
-- Found ament_cmake_ros: 0.10.0 (/opt/ros/humble/share/ament_cmake_ros/cmake)
-- Using all available rosidl_typesupport_c: rosidl_typesupport_fastrtps_c;rosidl_typesupport_introspection_c
-- Using all available rosidl_typesupport_cpp: rosidl_typesupport_fastrtps_cpp;rosidl_typesupport_introspection_cpp
-- Found PythonInterp: /usr/bin/python3 (found suitable version "3.10.12", minimum required is "3.6") 
-- Found python_cmake_module: 0.10.0 (/opt/ros/humble/share/python_cmake_module/cmake)
-- Found PythonLibs: /usr/lib/x86_64-linux-gnu/libpython3.10.so (found suitable version "3.10.12", minimum required is "3.5") 
-- Using PYTHON_EXECUTABLE: /usr/bin/python3
-- Using PYTHON_INCLUDE_DIRS: /usr/include/python3.10
-- Using PYTHON_LIBRARIES: /usr/lib/x86_64-linux-gnu/libpython3.10.so
-- Found PythonExtra: .so  
-- Configuring done
-- Generating done
-- Build files have been written to: /home/chiv/ros2_ws/build/flappy_robot_msgs
[  3%] [34m[1mGenerating Rust code for ROS interfaces[0m
[  6%] [34m[1mGenerating C++ code for ROS interfaces[0m
[  6%] Built target flappy_robot_msgs__cpp
[  6%] Built target flappy_robot_msgs__rs
[  9%] [34m[1mGenerating C++ type support for eProsima Fast-RTPS[0m
[ 12%] [34m[1mGenerating C code for ROS interfaces[0m
[35m[1mConsolidate compiler generated dependencies of target flappy_robot_msgs__rosidl_typesupport_fastrtps_cpp[0m
[ 15%] [32mBuilding CXX object CMakeFiles/flappy_robot_msgs__rosidl_typesupport_fastrtps_cpp.dir/rosidl_typesupport_fastrtps_cpp/flappy_robot_msgs/msg/detail/dds_fastrtps/flappy_status__type_support.cpp.o[0m
[35m[1mConsolidate compiler generated dependencies of target flappy_robot_msgs__rosidl_generator_c[0m
[ 18%] [32mBuilding C object CMakeFiles/flappy_robot_msgs__rosidl_generator_c.dir/rosidl_generator_c/flappy_robot_msgs/msg/detail/flappy_status__functions.c.o[0m
[ 21%] [32m[1mLinking C shared library libflappy_robot_msgs__rosidl_generator_c.so[0m
[ 21%] Built target flappy_robot_msgs__rosidl_generator_c
[ 21%] Built target ament_cmake_python_copy_flappy_robot_msgs
[ 25%] [34m[1mGenerating C++ introspection for ROS interfaces[0m
[35m[1mConsolidate compiler generated dependencies of target flappy_robot_msgs__rosidl_typesupport_introspection_cpp[0m
[ 28%] [32mBuilding CXX object CMakeFiles/flappy_robot_msgs__rosidl_typesupport_introspection_cpp.dir/rosidl_typesupport_introspection_cpp/flappy_robot_msgs/msg/detail/flappy_status__type_support.cpp.o[0m
[ 31%] [32m[1mLinking CXX shared library libflappy_robot_msgs__rosidl_typesupport_fastrtps_cpp.so[0m
[ 31%] Built target flappy_robot_msgs__rosidl_typesupport_fastrtps_cpp
[ 34%] [32m[1mLinking CXX shared library libflappy_robot_msgs__rosidl_typesupport_introspection_cpp.so[0m
[ 34%] Built target flappy_robot_msgs__rosidl_typesupport_introspection_cpp
[ 37%] [34m[1mGenerating C++ type support dispatch for ROS interfaces[0m
[35m[1mConsolidate compiler generated dependencies of target flappy_robot_msgs__rosidl_typesupport_cpp[0m
[ 40%] [32mBuilding CXX object CMakeFiles/flappy_robot_msgs__rosidl_typesupport_cpp.dir/rosidl_typesupport_cpp/flappy_robot_msgs/msg/flappy_status__type_support.cpp.o[0m
[ 43%] [32m[1mLinking CXX shared library libflappy_robot_msgs__rosidl_typesupport_cpp.so[0m
[ 43%] Built target flappy_robot_msgs__rosidl_typesupport_cpp
[ 46%] [34m[1mGenerating C type support dispatch for ROS interfaces[0m
[35m[1mConsolidate compiler generated dependencies of target flappy_robot_msgs__rosidl_typesupport_c[0m
[ 50%] [32mBuilding CXX object CMakeFiles/flappy_robot_msgs__rosidl_typesupport_c.dir/rosidl_typesupport_c/flappy_robot_msgs/msg/flappy_status__type_support.cpp.o[0m
[ 53%] [32m[1mLinking CXX shared library libflappy_robot_msgs__rosidl_typesupport_c.so[0m
[ 53%] Built target flappy_robot_msgs__rosidl_typesupport_c
[ 56%] [34m[1mGenerating C type support for eProsima Fast-RTPS[0m
[35m[1mConsolidate compiler generated dependencies of target flappy_robot_msgs__rosidl_typesupport_fastrtps_c[0m
[ 59%] [32mBuilding CXX object CMakeFiles/flappy_robot_msgs__rosidl_typesupport_fastrtps_c.dir/rosidl_typesupport_fastrtps_c/flappy_robot_msgs/msg/detail/flappy_status__type_support_c.cpp.o[0m
[ 62%] [32m[1mLinking CXX shared library libflappy_robot_msgs__rosidl_typesupport_fastrtps_c.so[0m
[ 62%] Built target flappy_robot_msgs__rosidl_typesupport_fastrtps_c
[ 65%] [34m[1mGenerating C introspection for ROS interfaces[0m
[35m[1mConsolidate compiler generated dependencies of target flappy_robot_msgs__rosidl_typesupport_introspection_c[0m
[ 68%] [32mBuilding C object CMakeFiles/flappy_robot_msgs__rosidl_typesupport_introspection_c.dir/rosidl_typesupport_introspection_c/flappy_robot_msgs/msg/detail/flappy_status__type_support.c.o[0m
[ 71%] [32m[1mLinking C shared library libflappy_robot_msgs__rosidl_typesupport_introspection_c.so[0m
[ 71%] Built target flappy_robot_msgs__rosidl_typesupport_introspection_c
running egg_info
writing flappy_robot_msgs.egg-info/PKG-INFO
writing dependency_links to flappy_robot_msgs.egg-info/dependency_links.txt
writing top-level names to flappy_robot_msgs.egg-info/top_level.txt
reading manifest file 'flappy_robot_msgs.egg-info/SOURCES.txt'
writing manifest file 'flappy_robot_msgs.egg-info/SOURCES.txt'
[ 71%] Built target ament_cmake_python_build_flappy_robot_msgs_egg
[ 71%] Built target flappy_robot_msgs
[ 75%] [34m[1mGenerating Python code for ROS interfaces[0m
[ 75%] Built target flappy_robot_msgs__py
[35m[1mConsolidate compiler generated dependencies of target flappy_robot_msgs__rosidl_generator_py[0m
[ 78%] [32mBuilding C object CMakeFiles/flappy_robot_msgs__rosidl_generator_py.dir/rosidl_generator_py/flappy_robot_msgs/msg/_flappy_status_s.c.o[0m
[ 81%] [32m[1mLinking C shared library rosidl_generator_py/flappy_robot_msgs/libflappy_robot_msgs__rosidl_generator_py.so[0m
[ 81%] Built target flappy_robot_msgs__rosidl_generator_py
[ 84%] [32mBuilding C object CMakeFiles/flappy_robot_msgs__rosidl_typesupport_fastrtps_c__pyext.dir/rosidl_generator_py/flappy_robot_msgs/_flappy_robot_msgs_s.ep.rosidl_typesupport_fastrtps_c.c.o[0m
[ 87%] [32m[1mLinking C shared library rosidl_generator_py/flappy_robot_msgs/flappy_robot_msgs_s__rosidl_typesupport_fastrtps_c.cpython-310-x86_64-linux-gnu.so[0m
[ 87%] Built target flappy_robot_msgs__rosidl_typesupport_fastrtps_c__pyext
[ 90%] [32mBuilding C object CMakeFiles/flappy_robot_msgs__rosidl_typesupport_introspection_c__pyext.dir/rosidl_generator_py/flappy_robot_msgs/_flappy_robot_msgs_s.ep.rosidl_typesupport_introspection_c.c.o[0m
[ 93%] [32m[1mLinking C shared library rosidl_generator_py/flappy_robot_msgs/flappy_robot_msgs_s__rosidl_typesupport_introspection_c.cpython-310-x86_64-linux-gnu.so[0m
[ 93%] Built target flappy_robot_msgs__rosidl_typesupport_introspection_c__pyext
[ 96%] [32mBuilding C object CMakeFiles/flappy_robot_msgs__rosidl_typesupport_c__pyext.dir/rosidl_generator_py/flappy_robot_msgs/_flappy_robot_msgs_s.ep.rosidl_typesupport_c.c.o[0m
[100%] [32m[1mLinking C shared library rosidl_generator_py/flappy_robot_msgs/flappy_robot_msgs_s__rosidl_typesupport_c.cpython-310-x86_64-linux-gnu.so[0m
[100%] Built target flappy_robot_msgs__rosidl_typesupport_c__pyext
-- Install configuration: ""
-- Up-to-date: /home/chiv/ros2_ws/install/flappy_robot_msgs/share/ament_index/resource_index/rosidl_interfaces/flappy_robot_msgs
-- Up-to-date: /home/chiv/ros2_ws/install/flappy_robot_msgs/include/flappy_robot_msgs/flappy_robot_msgs
-- Up-to-date: /home/chiv/ros2_ws/install/flappy_robot_msgs/include/flappy_robot_msgs/flappy_robot_msgs/msg
-- Up-to-date: /home/chiv/ros2_ws/install/flappy_robot_msgs/include/flappy_robot_msgs/flappy_robot_msgs/msg/detail
-- Installing: /home/chiv/ros2_ws/install/flappy_robot_msgs/include/flappy_robot_msgs/flappy_robot_msgs/msg/detail/flappy_status__type_support.h
-- Installing: /home/chiv/ros2_ws/install/flappy_robot_msgs/include/flappy_robot_msgs/flappy_robot_msgs/msg/detail/flappy_status__functions.h
-- Up-to-date: /home/chiv/ros2_ws/install/flappy_robot_msgs/include/flappy_robot_msgs/flappy_robot_msgs/msg/detail/flappy_status__type_support.c
-- Up-to-date: /home/chiv/ros2_ws/install/flappy_robot_msgs/include/flappy_robot_msgs/flappy_robot_msgs/msg/detail/flappy_status__description.c
-- Installing: /home/chiv/ros2_ws/install/flappy_robot_msgs/include/flappy_robot_msgs/flappy_robot_msgs/msg/detail/flappy_status__functions.c
-- Installing: /home/chiv/ros2_ws/install/flappy_robot_msgs/include/flappy_robot_msgs/flappy_robot_msgs/msg/detail/flappy_status__struct.h
-- Installing: /home/chiv/ros2_ws/install/flappy_robot_msgs/include/flappy_robot_msgs/flappy_robot_msgs/msg/flappy_status.h
-- Up-to-date: /home/chiv/ros2_ws/install/flappy_robot_msgs/include/flappy_robot_msgs/flappy_robot_msgs/msg/rosidl_generator_c__visibility_control.h
-- Installing: /home/chiv/ros2_ws/install/flappy_robot_msgs/share/flappy_robot_msgs/environment/library_path.sh
-- Installing: /home/chiv/ros2_ws/install/flappy_robot_msgs/share/flappy_robot_msgs/environment/library_path.dsv
-- Installing: /home/chiv/ros2_ws/install/flappy_robot_msgs/lib/libflappy_robot_msgs__rosidl_generator_c.so
-- Set runtime path of "/home/chiv/ros2_ws/install/flappy_robot_msgs/lib/libflappy_robot_msgs__rosidl_generator_c.so" to ""
-- Up-to-date: /home/chiv/ros2_ws/install/flappy_robot_msgs/include/flappy_robot_msgs/flappy_robot_msgs
-- Up-to-date: /home/chiv/ros2_ws/install/flappy_robot_msgs/include/flappy_robot_msgs/flappy_robot_msgs/msg
-- Up-to-date: /home/chiv/ros2_ws/install/flappy_robot_msgs/include/flappy_robot_msgs/flappy_robot_msgs/msg/rosidl_typesupport_fastrtps_c__visibility_control.h
-- Up-to-date: /home/chiv/ros2_ws/install/flappy_robot_msgs/include/flappy_robot_msgs/flappy_robot_msgs/msg/detail
-- Installing: /home/chiv/ros2_ws/install/flappy_robot_msgs/include/flappy_robot_msgs/flappy_robot_msgs/msg/detail/flappy_status__rosidl_typesupport_fastrtps_c.h
-- Installing: /home/chiv/ros2_ws/install/flappy_robot_msgs/lib/libflappy_robot_msgs__rosidl_typesupport_fastrtps_c.so
-- Set runtime path of "/home/chiv/ros2_ws/install/flappy_robot_msgs/lib/libflappy_robot_msgs__rosidl_typesupport_fastrtps_c.so" to ""
-- Up-to-date: /home/chiv/ros2_ws/install/flappy_robot_msgs/include/flappy_robot_msgs/flappy_robot_msgs
-- Up-to-date: /home/chiv/ros2_ws/install/flappy_robot_msgs/include/flappy_robot_msgs/flappy_robot_msgs/msg
-- Up-to-date: /home/chiv/ros2_ws/install/flappy_robot_msgs/include/flappy_robot_msgs/flappy_robot_msgs/msg/detail
-- Installing: /home/chiv/ros2_ws/install/flappy_robot_msgs/include/flappy_robot_msgs/flappy_robot_msgs/msg/detail/flappy_status__rosidl_typesupport_introspection_c.h
-- Installing: /home/chiv/ros2_ws/install/flappy_robot_msgs/include/flappy_robot_msgs/flappy_robot_msgs/msg/detail/flappy_status__type_support.c
-- Up-to-date: /home/chiv/ros2_ws/install/flappy_robot_msgs/include/flappy_robot_msgs/flappy_robot_msgs/msg/rosidl_typesupport_introspection_c__visibility_control.h
-- Installing: /home/chiv/ros2_ws/install/flappy_robot_msgs/lib/libflappy_robot_msgs__rosidl_typesupport_introspection_c.so
-- Set runtime path of "/home/chiv/ros2_ws/install/flappy_robot_msgs/lib/libflappy_robot_msgs__rosidl_typesupport_introspection_c.so" to ""
-- Installing: /home/chiv/ros2_ws/install/flappy_robot_msgs/lib/libflappy_robot_msgs__rosidl_typesupport_c.so
-- Set runtime path of "/home/chiv/ros2_ws/install/flappy_robot_msgs/lib/libflappy_robot_msgs__rosidl_typesupport_c.so" to ""
-- Up-to-date: /home/chiv/ros2_ws/install/flappy_robot_msgs/include/flappy_robot_msgs/flappy_robot_msgs
-- Up-to-date: /home/chiv/ros2_ws/install/flappy_robot_msgs/include/flappy_robot_msgs/flappy_robot_msgs/msg
-- Up-to-date: /home/chiv/ros2_ws/install/flappy_robot_msgs/include/flappy_robot_msgs/flappy_robot_msgs/msg/detail
-- Installing: /home/chiv/ros2_ws/install/flappy_robot_msgs/include/flappy_robot_msgs/flappy_robot_msgs/msg/detail/flappy_status__builder.hpp
-- Installing: /home/chiv/ros2_ws/install/flappy_robot_msgs/include/flappy_robot_msgs/flappy_robot_msgs/msg/detail/flappy_status__traits.hpp
-- Installing: /home/chiv/ros2_ws/install/flappy_robot_msgs/include/flappy_robot_msgs/flappy_robot_msgs/msg/detail/flappy_status__type_support.hpp
-- Installing: /home/chiv/ros2_ws/install/flappy_robot_msgs/include/flappy_robot_msgs/flappy_robot_msgs/msg/detail/flappy_status__struct.hpp
-- Up-to-date: /home/chiv/ros2_ws/install/flappy_robot_msgs/include/flappy_robot_msgs/flappy_robot_msgs/msg/rosidl_generator_cpp__visibility_control.hpp
-- Installing: /home/chiv/ros2_ws/install/flappy_robot_msgs/include/flappy_robot_msgs/flappy_robot_msgs/msg/flappy_status.hpp
-- Up-to-date: /home/chiv/ros2_ws/install/flappy_robot_msgs/include/flappy_robot_msgs/flappy_robot_msgs
-- Up-to-date: /home/chiv/ros2_ws/install/flappy_robot_msgs/include/flappy_robot_msgs/flappy_robot_msgs/msg
-- Up-to-date: /home/chiv/ros2_ws/install/flappy_robot_msgs/include/flappy_robot_msgs/flappy_robot_msgs/msg/detail
-- Installing: /home/chiv/ros2_ws/install/flappy_robot_msgs/include/flappy_robot_msgs/flappy_robot_msgs/msg/detail/flappy_status__rosidl_typesupport_fastrtps_cpp.hpp
-- Installing: /home/chiv/ros2_ws/install/flappy_robot_msgs/include/flappy_robot_msgs/flappy_robot_msgs/msg/detail/dds_fastrtps
-- Up-to-date: /home/chiv/ros2_ws/install/flappy_robot_msgs/include/flappy_robot_msgs/flappy_robot_msgs/msg/rosidl_typesupport_fastrtps_cpp__visibility_control.h
-- Installing: /home/chiv/ros2_ws/install/flappy_robot_msgs/lib/libflappy_robot_msgs__rosidl_typesupport_fastrtps_cpp.so
-- Set runtime path of "/home/chiv/ros2_ws/install/flappy_robot_msgs/lib/libflappy_robot_msgs__rosidl_typesupport_fastrtps_cpp.so" to ""
-- Up-to-date: /home/chiv/ros2_ws/install/flappy_robot_msgs/include/flappy_robot_msgs/flappy_robot_msgs
-- Up-to-date: /home/chiv/ros2_ws/install/flappy_robot_msgs/include/flappy_robot_msgs/flappy_robot_msgs/msg
-- Up-to-date: /home/chiv/ros2_ws/install/flappy_robot_msgs/include/flappy_robot_msgs/flappy_robot_msgs/msg/detail
-- Installing: /home/chiv/ros2_ws/install/flappy_robot_msgs/include/flappy_robot_msgs/flappy_robot_msgs/msg/detail/flappy_status__type_support.cpp
-- Installing: /home/chiv/ros2_ws/install/flappy_robot_msgs/include/flappy_robot_msgs/flappy_robot_msgs/msg/detail/flappy_status__rosidl_typesupport_introspection_cpp.hpp
-- Installing: /home/chiv/ros2_ws/install/flappy_robot_msgs/lib/libflappy_robot_msgs__rosidl_typesupport_introspection_cpp.so
-- Set runtime path of "/home/chiv/ros2_ws/install/flappy_robot_msgs/lib/libflappy_robot_msgs__rosidl_typesupport_introspection_cpp.so" to ""
-- Installing: /home/chiv/ros2_ws/install/flappy_robot_msgs/lib/libflappy_robot_msgs__rosidl_typesupport_cpp.so
-- Set runtime path of "/home/chiv/ros2_ws/install/flappy_robot_msgs/lib/libflappy_robot_msgs__rosidl_typesupport_cpp.so" to ""
-- Up-to-date: /home/chiv/ros2_ws/install/flappy_robot_msgs/share/flappy_robot_msgs/environment/pythonpath.sh
-- Installing: /home/chiv/ros2_ws/install/flappy_robot_msgs/share/flappy_robot_msgs/environment/pythonpath.dsv
-- Up-to-date: /home/chiv/ros2_ws/install/flappy_robot_msgs/lib/python3.12/site-packages/flappy_robot_msgs-0.0.1-py3.12.egg-info
-- Installing: /home/chiv/ros2_ws/install/flappy_robot_msgs/lib/python3.12/site-packages/flappy_robot_msgs-0.0.1-py3.12.egg-info/PKG-INFO
-- Installing: /home/chiv/ros2_ws/install/flappy_robot_msgs/lib/python3.12/site-packages/flappy_robot_msgs-0.0.1-py3.12.egg-info/SOURCES.txt
-- Installing: /home/chiv/ros2_ws/install/flappy_robot_msgs/lib/python3.12/site-packages/flappy_robot_msgs-0.0.1-py3.12.egg-info/dependency_links.txt
-- Installing: /home/chiv/ros2_ws/install/flappy_robot_msgs/lib/python3.12/site-packages/flappy_robot_msgs-0.0.1-py3.12.egg-info/top_level.txt
-- Up-to-date: /home/chiv/ros2_ws/install/flappy_robot_msgs/lib/python3.12/site-packages/flappy_robot_msgs
-- Installing: /home/chiv/ros2_ws/install/flappy_robot_msgs/lib/python3.12/site-packages/flappy_robot_msgs/_flappy_robot_msgs_s.ep.rosidl_typesupport_c.c
-- Up-to-date: /home/chiv/ros2_ws/install/flappy_robot_msgs/lib/python3.12/site-packages/flappy_robot_msgs/flappy_robot_msgs_s__rosidl_typesupport_c.so
-- Installing: /home/chiv/ros2_ws/install/flappy_robot_msgs/lib/python3.12/site-packages/flappy_robot_msgs/flappy_robot_msgs_s__rosidl_typesupport_introspection_c.cpython-310-x86_64-linux-gnu.so
-- Installing: /home/chiv/ros2_ws/install/flappy_robot_msgs/lib/python3.12/site-packages/flappy_robot_msgs/flappy_robot_msgs_s__rosidl_typesupport_fastrtps_c.cpython-310-x86_64-linux-gnu.so
-- Installing: /home/chiv/ros2_ws/install/flappy_robot_msgs/lib/python3.12/site-packages/flappy_robot_msgs/_flappy_robot_msgs_s.ep.rosidl_typesupport_fastrtps_c.c
-- Up-to-date: /home/chiv/ros2_ws/install/flappy_robot_msgs/lib/python3.12/site-packages/flappy_robot_msgs/msg
-- Installing: /home/chiv/ros2_ws/install/flappy_robot_msgs/lib/python3.12/site-packages/flappy_robot_msgs/msg/__init__.py
-- Installing: /home/chiv/ros2_ws/install/flappy_robot_msgs/lib/python3.12/site-packages/flappy_robot_msgs/msg/_flappy_status.py
-- Installing: /home/chiv/ros2_ws/install/flappy_robot_msgs/lib/python3.12/site-packages/flappy_robot_msgs/msg/_flappy_status_s.c
-- Installing: /home/chiv/ros2_ws/install/flappy_robot_msgs/lib/python3.12/site-packages/flappy_robot_msgs/__init__.py
-- Installing: /home/chiv/ros2_ws/install/flappy_robot_msgs/lib/python3.12/site-packages/flappy_robot_msgs/flappy_robot_msgs_s__rosidl_typesupport_c.cpython-310-x86_64-linux-gnu.so
-- Installing: /home/chiv/ros2_ws/install/flappy_robot_msgs/lib/python3.12/site-packages/flappy_robot_msgs/_flappy_robot_msgs_s.ep.rosidl_typesupport_introspection_c.c
-- Installing: /home/chiv/ros2_ws/install/flappy_robot_msgs/lib/python3.12/site-packages/flappy_robot_msgs/libflappy_robot_msgs__rosidl_generator_py.so
-- Up-to-date: /home/chiv/ros2_ws/install/flappy_robot_msgs/lib/python3.12/site-packages/flappy_robot_msgs/flappy_robot_msgs_s__rosidl_typesupport_fastrtps_c.so
-- Up-to-date: /home/chiv/ros2_ws/install/flappy_robot_msgs/lib/python3.12/site-packages/flappy_robot_msgs/flappy_robot_msgs_s__rosidl_typesupport_introspection_c.so
Listing '/home/chiv/ros2_ws/install/flappy_robot_msgs/lib/python3.12/site-packages/flappy_robot_msgs'...
Compiling '/home/chiv/ros2_ws/install/flappy_robot_msgs/lib/python3.12/site-packages/flappy_robot_msgs/__init__.py'...
Listing '/home/chiv/ros2_ws/install/flappy_robot_msgs/lib/python3.12/site-packages/flappy_robot_msgs/msg'...
Compiling '/home/chiv/ros2_ws/install/flappy_robot_msgs/lib/python3.12/site-packages/flappy_robot_msgs/msg/__init__.py'...
Compiling '/home/chiv/ros2_ws/install/flappy_robot_msgs/lib/python3.12/site-packages/flappy_robot_msgs/msg/_flappy_status.py'...
-- Installing: /home/chiv/ros2_ws/install/flappy_robot_msgs/lib/python3.12/site-packages/flappy_robot_msgs/flappy_robot_msgs_s__rosidl_typesupport_fastrtps_c.cpython-310-x86_64-linux-gnu.so
-- Set runtime path of "/home/chiv/ros2_ws/install/flappy_robot_msgs/lib/python3.12/site-packages/flappy_robot_msgs/flappy_robot_msgs_s__rosidl_typesupport_fastrtps_c.cpython-310-x86_64-linux-gnu.so" to ""
-- Installing: /home/chiv/ros2_ws/install/flappy_robot_msgs/lib/python3.12/site-packages/flappy_robot_msgs/flappy_robot_msgs_s__rosidl_typesupport_introspection_c.cpython-310-x86_64-linux-gnu.so
-- Set runtime path of "/home/chiv/ros2_ws/install/flappy_robot_msgs/lib/python3.12/site-packages/flappy_robot_msgs/flappy_robot_msgs_s__rosidl_typesupport_introspection_c.cpython-310-x86_64-linux-gnu.so" to ""
-- Installing: /home/chiv/ros2_ws/install/flappy_robot_msgs/lib/python3.12/site-packages/flappy_robot_msgs/flappy_robot_msgs_s__rosidl_typesupport_c.cpython-310-x86_64-linux-gnu.so
-- Set runtime path of "/home/chiv/ros2_ws/install/flappy_robot_msgs/lib/python3.12/site-packages/flappy_robot_msgs/flappy_robot_msgs_s__rosidl_typesupport_c.cpython-310-x86_64-linux-gnu.so" to ""
-- Installing: /home/chiv/ros2_ws/install/flappy_robot_msgs/lib/libflappy_robot_msgs__rosidl_generator_py.so
-- Set runtime path of "/home/chiv/ros2_ws/install/flappy_robot_msgs/lib/libflappy_robot_msgs__rosidl_generator_py.so" to ""
-- Up-to-date: /home/chiv/ros2_ws/install/flappy_robot_msgs/share/ament_index/resource_index/rust_packages/flappy_robot_msgs
-- Up-to-date: /home/chiv/ros2_ws/install/flappy_robot_msgs/share/flappy_robot_msgs/rust
-- Installing: /home/chiv/ros2_ws/install/flappy_robot_msgs/share/flappy_robot_msgs/rust/build.rs
-- Up-to-date: /home/chiv/ros2_ws/install/flappy_robot_msgs/share/flappy_robot_msgs/rust/src
-- Installing: /home/chiv/ros2_ws/install/flappy_robot_msgs/share/flappy_robot_msgs/rust/src/msg.rs
-- Up-to-date: /home/chiv/ros2_ws/install/flappy_robot_msgs/share/flappy_robot_msgs/rust/src/msg
-- Installing: /home/chiv/ros2_ws/install/flappy_robot_msgs/share/flappy_robot_msgs/rust/src/msg/rmw.rs
-- Installing: /home/chiv/ros2_ws/install/flappy_robot_msgs/share/flappy_robot_msgs/rust/src/lib.rs
-- Installing: /home/chiv/ros2_ws/install/flappy_robot_msgs/share/flappy_robot_msgs/rust/Cargo.toml
-- Up-to-date: /home/chiv/ros2_ws/install/flappy_robot_msgs/share/flappy_robot_msgs/msg/FlappyStatus.idl
-- Installing: /home/chiv/ros2_ws/install/flappy_robot_msgs/share/flappy_robot_msgs/msg/FlappyStatus.msg
-- Up-to-date: /home/chiv/ros2_ws/install/flappy_robot_msgs/share/ament_index/resource_index/package_run_dependencies/flappy_robot_msgs
-- Installing: /home/chiv/ros2_ws/install/flappy_robot_msgs/share/ament_index/resource_index/parent_prefix_path/flappy_robot_msgs
-- Installing: /home/chiv/ros2_ws/install/flappy_robot_msgs/share/flappy_robot_msgs/environment/ament_prefix_path.sh
-- Installing: /home/chiv/ros2_ws/install/flappy_robot_msgs/share/flappy_robot_msgs/environment/ament_prefix_path.dsv
-- Installing: /home/chiv/ros2_ws/install/flappy_robot_msgs/share/flappy_robot_msgs/environment/path.sh
-- Installing: /home/chiv/ros2_ws/install/flappy_robot_msgs/share/flappy_robot_msgs/environment/path.dsv
-- Up-to-date: /home/chiv/ros2_ws/install/flappy_robot_msgs/share/flappy_robot_msgs/local_setup.bash
-- Up-to-date: /home/chiv/ros2_ws/install/flappy_robot_msgs/share/flappy_robot_msgs/local_setup.sh
-- Up-to-date: /home/chiv/ros2_ws/install/flappy_robot_msgs/share/flappy_robot_msgs/local_setup.zsh
-- Installing: /home/chiv/ros2_ws/install/flappy_robot_msgs/share/flappy_robot_msgs/local_setup.dsv
-- Installing: /home/chiv/ros2_ws/install/flappy_robot_msgs/share/flappy_robot_msgs/package.dsv
-- Up-to-date: /home/chiv/ros2_ws/install/flappy_robot_msgs/share/ament_index/resource_index/packages/flappy_robot_msgs
-- Old export file "/home/chiv/ros2_ws/install/flappy_robot_msgs/share/flappy_robot_msgs/cmake/export_flappy_robot_msgs__rosidl_generator_cExport.cmake" will be replaced.  Removing files [/home/chiv/ros2_ws/install/flappy_robot_msgs/share/flappy_robot_msgs/cmake/export_flappy_robot_msgs__rosidl_generator_cExport-noconfig.cmake].
-- Installing: /home/chiv/ros2_ws/install/flappy_robot_msgs/share/flappy_robot_msgs/cmake/export_flappy_robot_msgs__rosidl_generator_cExport.cmake
-- Installing: /home/chiv/ros2_ws/install/flappy_robot_msgs/share/flappy_robot_msgs/cmake/export_flappy_robot_msgs__rosidl_generator_cExport-noconfig.cmake
-- Old export file "/home/chiv/ros2_ws/install/flappy_robot_msgs/share/flappy_robot_msgs/cmake/export_flappy_robot_msgs__rosidl_typesupport_fastrtps_cExport.cmake" will be replaced.  Removing files [/home/chiv/ros2_ws/install/flappy_robot_msgs/share/flappy_robot_msgs/cmake/export_flappy_robot_msgs__rosidl_typesupport_fastrtps_cExport-noconfig.cmake].
-- Installing: /home/chiv/ros2_ws/install/flappy_robot_msgs/share/flappy_robot_msgs/cmake/export_flappy_robot_msgs__rosidl_typesupport_fastrtps_cExport.cmake
-- Installing: /home/chiv/ros2_ws/install/flappy_robot_msgs/share/flappy_robot_msgs/cmake/export_flappy_robot_msgs__rosidl_typesupport_fastrtps_cExport-noconfig.cmake
-- Old export file "/home/chiv/ros2_ws/install/flappy_robot_msgs/share/flappy_robot_msgs/cmake/flappy_robot_msgs__rosidl_typesupport_introspection_cExport.cmake" will be replaced.  Removing files [/home/chiv/ros2_ws/install/flappy_robot_msgs/share/flappy_robot_msgs/cmake/flappy_robot_msgs__rosidl_typesupport_introspection_cExport-noconfig.cmake].
-- Installing: /home/chiv/ros2_ws/install/flappy_robot_msgs/share/flappy_robot_msgs/cmake/flappy_robot_msgs__rosidl_typesupport_introspection_cExport.cmake
-- Installing: /home/chiv/ros2_ws/install/flappy_robot_msgs/share/flappy_robot_msgs/cmake/flappy_robot_msgs__rosidl_typesupport_introspection_cExport-noconfig.cmake
-- Old export file "/home/chiv/ros2_ws/install/flappy_robot_msgs/share/flappy_robot_msgs/cmake/flappy_robot_msgs__rosidl_typesupport_cExport.cmake" will be replaced.  Removing files [/home/chiv/ros2_ws/install/flappy_robot_msgs/share/flappy_robot_msgs/cmake/flappy_robot_msgs__rosidl_typesupport_cExport-noconfig.cmake].
-- Installing: /home/chiv/ros2_ws/install/flappy_robot_msgs/share/flappy_robot_msgs/cmake/flappy_robot_msgs__rosidl_typesupport_cExport.cmake
-- Installing: /home/chiv/ros2_ws/install/flappy_robot_msgs/share/flappy_robot_msgs/cmake/flappy_robot_msgs__rosidl_typesupport_cExport-noconfig.cmake
-- Installing: /home/chiv/ros2_ws/install/flappy_robot_msgs/share/flappy_robot_msgs/cmake/export_flappy_robot_msgs__rosidl_generator_cppExport.cmake
-- Old export file "/home/chiv/ros2_ws/install/flappy_robot_msgs/share/flappy_robot_msgs/cmake/export_flappy_robot_msgs__rosidl_typesupport_fastrtps_cppExport.cmake" will be replaced.  Removing files [/home/chiv/ros2_ws/install/flappy_robot_msgs/share/flappy_robot_msgs/cmake/export_flappy_robot_msgs__rosidl_typesupport_fastrtps_cppExport-noconfig.cmake].
-- Installing: /home/chiv/ros2_ws/install/flappy_robot_msgs/share/flappy_robot_msgs/cmake/export_flappy_robot_msgs__rosidl_typesupport_fastrtps_cppExport.cmake
-- Installing: /home/chiv/ros2_ws/install/flappy_robot_msgs/share/flappy_robot_msgs/cmake/export_flappy_robot_msgs__rosidl_typesupport_fastrtps_cppExport-noconfig.cmake
-- Old export file "/home/chiv/ros2_ws/install/flappy_robot_msgs/share/flappy_robot_msgs/cmake/flappy_robot_msgs__rosidl_typesupport_introspection_cppExport.cmake" will be replaced.  Removing files [/home/chiv/ros2_ws/install/flappy_robot_msgs/share/flappy_robot_msgs/cmake/flappy_robot_msgs__rosidl_typesupport_introspection_cppExport-noconfig.cmake].
-- Installing: /home/chiv/ros2_ws/install/flappy_robot_msgs/share/flappy_robot_msgs/cmake/flappy_robot_msgs__rosidl_typesupport_introspection_cppExport.cmake
-- Installing: /home/chiv/ros2_ws/install/flappy_robot_msgs/share/flappy_robot_msgs/cmake/flappy_robot_msgs__rosidl_typesupport_introspection_cppExport-noconfig.cmake
-- Old export file "/home/chiv/ros2_ws/install/flappy_robot_msgs/share/flappy_robot_msgs/cmake/flappy_robot_msgs__rosidl_typesupport_cppExport.cmake" will be replaced.  Removing files [/home/chiv/ros2_ws/install/flappy_robot_msgs/share/flappy_robot_msgs/cmake/flappy_robot_msgs__rosidl_typesupport_cppExport-noconfig.cmake].
-- Installing: /home/chiv/ros2_ws/install/flappy_robot_msgs/share/flappy_robot_msgs/cmake/flappy_robot_msgs__rosidl_typesupport_cppExport.cmake
-- Installing: /home/chiv/ros2_ws/install/flappy_robot_msgs/share/flappy_robot_msgs/cmake/flappy_robot_msgs__rosidl_typesupport_cppExport-noconfig.cmake
-- Old export file "/home/chiv/ros2_ws/install/flappy_robot_msgs/share/flappy_robot_msgs/cmake/export_flappy_robot_msgs__rosidl_generator_pyExport.cmake" will be replaced.  Removing files [/home/chiv/ros2_ws/install/flappy_robot_msgs/share/flappy_robot_msgs/cmake/export_flappy_robot_msgs__rosidl_generator_pyExport-noconfig.cmake].
-- Installing: /home/chiv/ros2_ws/install/flappy_robot_msgs/share/flappy_robot_msgs/cmake/export_flappy_robot_msgs__rosidl_generator_pyExport.cmake
-- Installing: /home/chiv/ros2_ws/install/flappy_robot_msgs/share/flappy_robot_msgs/cmake/export_flappy_robot_msgs__rosidl_generator_pyExport-noconfig.cmake
-- Up-to-date: /home/chiv/ros2_ws/install/flappy_robot_msgs/share/flappy_robot_msgs/cmake/rosidl_cmake-extras.cmake
-- Up-to-date: /home/chiv/ros2_ws/install/flappy_robot_msgs/share/flappy_robot_msgs/cmake/ament_cmake_export_include_directories-extras.cmake
-- Up-to-date: /home/chiv/ros2_ws/install/flappy_robot_msgs/share/flappy_robot_msgs/cmake/ament_cmake_export_libraries-extras.cmake
-- Up-to-date: /home/chiv/ros2_ws/install/flappy_robot_msgs/share/flappy_robot_msgs/cmake/ament_cmake_export_targets-extras.cmake
-- Installing: /home/chiv/ros2_ws/install/flappy_robot_msgs/share/flappy_robot_msgs/cmake/rosidl_cmake_export_typesupport_targets-extras.cmake
-- Up-to-date: /home/chiv/ros2_ws/install/flappy_robot_msgs/share/flappy_robot_msgs/cmake/ament_cmake_export_dependencies-extras.cmake
-- Up-to-date: /home/chiv/ros2_ws/install/flappy_robot_msgs/share/flappy_robot_msgs/cmake/rosidl_cmake_export_typesupport_libraries-extras.cmake
-- Installing: /home/chiv/ros2_ws/install/flappy_robot_msgs/share/flappy_robot_msgs/cmake/flappy_robot_msgsConfig.cmake
-- Up-to-date: /home/chiv/ros2_ws/install/flappy_robot_msgs/share/flappy_robot_msgs/cmake/flappy_robot_msgsConfig-version.cmake
-- Installing: /home/chiv/ros2_ws/install/flappy_robot_msgs/share/flappy_robot_msgs/package.xml
