[0.025s] Invoking command in '/home/chiv/ros2_ws/build/flappy_robot_msgs': CMAKE_PREFIX_PATH=/opt/ros/humble /usr/bin/cmake --build /home/chiv/ros2_ws/build/flappy_robot_msgs -- -j2 -l2
[0.299s] -- The C compiler identification is GNU 11.4.0
[0.437s] -- The CXX compiler identification is GNU 11.4.0
[0.457s] -- Detecting C compiler ABI info
[0.568s] -- Detecting C compiler ABI info - done
[0.576s] -- Check for working C compiler: /usr/bin/cc - skipped
[0.576s] -- Detecting C compile features
[0.577s] -- Detecting C compile features - done
[0.581s] -- Detecting CXX compiler ABI info
[0.696s] -- Detecting CXX compiler ABI info - done
[0.703s] -- Check for working CXX compiler: /usr/bin/c++ - skipped
[0.704s] -- Detecting CXX compile features
[0.704s] -- Detecting CXX compile features - done
[0.713s] -- Found ament_cmake: 1.3.14 (/opt/ros/humble/share/ament_cmake/cmake)
[0.798s] -- Found Python3: /usr/bin/python3 (found version "3.10.12") found components: Interpreter 
[0.930s] -- Found rosidl_default_generators: 1.2.1 (/opt/ros/humble/share/rosidl_default_generators/cmake)
[0.936s] -- Using all available rosidl_typesupport_c: rosidl_typesupport_fastrtps_c;rosidl_typesupport_introspection_c
[0.944s] -- Found rosidl_adapter: 3.1.8 (/opt/ros/humble/share/rosidl_adapter/cmake)
[1.009s] -- Using all available rosidl_typesupport_cpp: rosidl_typesupport_fastrtps_cpp;rosidl_typesupport_introspection_cpp
[1.364s] -- Found ament_cmake_ros: 0.10.0 (/opt/ros/humble/share/ament_cmake_ros/cmake)
[1.600s] -- Using all available rosidl_typesupport_c: rosidl_typesupport_fastrtps_c;rosidl_typesupport_introspection_c
[1.789s] -- Using all available rosidl_typesupport_cpp: rosidl_typesupport_fastrtps_cpp;rosidl_typesupport_introspection_cpp
[1.807s] -- Found PythonInterp: /usr/bin/python3 (found suitable version "3.10.12", minimum required is "3.6") 
[1.807s] -- Found python_cmake_module: 0.10.0 (/opt/ros/humble/share/python_cmake_module/cmake)
[1.829s] -- Found PythonLibs: /usr/lib/x86_64-linux-gnu/libpython3.10.so (found suitable version "3.10.12", minimum required is "3.5") 
[1.829s] -- Using PYTHON_EXECUTABLE: /usr/bin/python3
[1.829s] -- Using PYTHON_INCLUDE_DIRS: /usr/include/python3.10
[1.829s] -- Using PYTHON_LIBRARIES: /usr/lib/x86_64-linux-gnu/libpython3.10.so
[1.845s] -- Found PythonExtra: .so  
[1.917s] -- Configuring done
[1.952s] -- Generating done
[1.962s] -- Build files have been written to: /home/chiv/ros2_ws/build/flappy_robot_msgs
[2.000s] [  3%] [34m[1mGenerating Rust code for ROS interfaces[0m
[2.001s] [  6%] [34m[1mGenerating C++ code for ROS interfaces[0m
[2.186s] [  6%] Built target flappy_robot_msgs__cpp
[2.202s] [  6%] Built target flappy_robot_msgs__rs
[2.202s] [  9%] [34m[1mGenerating C++ type support for eProsima Fast-RTPS[0m
[2.212s] [ 12%] [34m[1mGenerating C code for ROS interfaces[0m
[2.365s] [35m[1mConsolidate compiler generated dependencies of target flappy_robot_msgs__rosidl_typesupport_fastrtps_cpp[0m
[2.384s] [ 15%] [32mBuilding CXX object CMakeFiles/flappy_robot_msgs__rosidl_typesupport_fastrtps_cpp.dir/rosidl_typesupport_fastrtps_cpp/flappy_robot_msgs/msg/detail/dds_fastrtps/flappy_status__type_support.cpp.o[0m
[2.400s] [35m[1mConsolidate compiler generated dependencies of target flappy_robot_msgs__rosidl_generator_c[0m
[2.413s] [ 18%] [32mBuilding C object CMakeFiles/flappy_robot_msgs__rosidl_generator_c.dir/rosidl_generator_c/flappy_robot_msgs/msg/detail/flappy_status__functions.c.o[0m
[2.478s] [ 21%] [32m[1mLinking C shared library libflappy_robot_msgs__rosidl_generator_c.so[0m
[2.512s] [ 21%] Built target flappy_robot_msgs__rosidl_generator_c
[2.573s] [ 21%] Built target ament_cmake_python_copy_flappy_robot_msgs
[2.605s] [ 25%] [34m[1mGenerating C++ introspection for ROS interfaces[0m
[2.845s] [35m[1mConsolidate compiler generated dependencies of target flappy_robot_msgs__rosidl_typesupport_introspection_cpp[0m
[2.857s] [ 28%] [32mBuilding CXX object CMakeFiles/flappy_robot_msgs__rosidl_typesupport_introspection_cpp.dir/rosidl_typesupport_introspection_cpp/flappy_robot_msgs/msg/detail/flappy_status__type_support.cpp.o[0m
[2.857s] [ 31%] [32m[1mLinking CXX shared library libflappy_robot_msgs__rosidl_typesupport_fastrtps_cpp.so[0m
[2.918s] [ 31%] Built target flappy_robot_msgs__rosidl_typesupport_fastrtps_cpp
[3.090s] [ 34%] [32m[1mLinking CXX shared library libflappy_robot_msgs__rosidl_typesupport_introspection_cpp.so[0m
[3.143s] [ 34%] Built target flappy_robot_msgs__rosidl_typesupport_introspection_cpp
[3.152s] [ 37%] [34m[1mGenerating C++ type support dispatch for ROS interfaces[0m
[3.265s] [35m[1mConsolidate compiler generated dependencies of target flappy_robot_msgs__rosidl_typesupport_cpp[0m
[3.275s] [ 40%] [32mBuilding CXX object CMakeFiles/flappy_robot_msgs__rosidl_typesupport_cpp.dir/rosidl_typesupport_cpp/flappy_robot_msgs/msg/flappy_status__type_support.cpp.o[0m
[3.421s] [ 43%] [32m[1mLinking CXX shared library libflappy_robot_msgs__rosidl_typesupport_cpp.so[0m
[3.452s] [ 43%] Built target flappy_robot_msgs__rosidl_typesupport_cpp
[3.461s] [ 46%] [34m[1mGenerating C type support dispatch for ROS interfaces[0m
[3.571s] [35m[1mConsolidate compiler generated dependencies of target flappy_robot_msgs__rosidl_typesupport_c[0m
[3.580s] [ 50%] [32mBuilding CXX object CMakeFiles/flappy_robot_msgs__rosidl_typesupport_c.dir/rosidl_typesupport_c/flappy_robot_msgs/msg/flappy_status__type_support.cpp.o[0m
[3.605s] [ 53%] [32m[1mLinking CXX shared library libflappy_robot_msgs__rosidl_typesupport_c.so[0m
[3.636s] [ 53%] Built target flappy_robot_msgs__rosidl_typesupport_c
[3.644s] [ 56%] [34m[1mGenerating C type support for eProsima Fast-RTPS[0m
[3.788s] [35m[1mConsolidate compiler generated dependencies of target flappy_robot_msgs__rosidl_typesupport_fastrtps_c[0m
[3.804s] [ 59%] [32mBuilding CXX object CMakeFiles/flappy_robot_msgs__rosidl_typesupport_fastrtps_c.dir/rosidl_typesupport_fastrtps_c/flappy_robot_msgs/msg/detail/flappy_status__type_support_c.cpp.o[0m
[4.007s] [ 62%] [32m[1mLinking CXX shared library libflappy_robot_msgs__rosidl_typesupport_fastrtps_c.so[0m
[4.059s] [ 62%] Built target flappy_robot_msgs__rosidl_typesupport_fastrtps_c
[4.066s] [ 65%] [34m[1mGenerating C introspection for ROS interfaces[0m
[4.192s] [35m[1mConsolidate compiler generated dependencies of target flappy_robot_msgs__rosidl_typesupport_introspection_c[0m
[4.203s] [ 68%] [32mBuilding C object CMakeFiles/flappy_robot_msgs__rosidl_typesupport_introspection_c.dir/rosidl_typesupport_introspection_c/flappy_robot_msgs/msg/detail/flappy_status__type_support.c.o[0m
[4.232s] [ 71%] [32m[1mLinking C shared library libflappy_robot_msgs__rosidl_typesupport_introspection_c.so[0m
[4.258s] [ 71%] Built target flappy_robot_msgs__rosidl_typesupport_introspection_c
[4.394s] running egg_info
[4.394s] writing flappy_robot_msgs.egg-info/PKG-INFO
[4.395s] writing dependency_links to flappy_robot_msgs.egg-info/dependency_links.txt
[4.395s] writing top-level names to flappy_robot_msgs.egg-info/top_level.txt
[4.396s] reading manifest file 'flappy_robot_msgs.egg-info/SOURCES.txt'
[4.397s] writing manifest file 'flappy_robot_msgs.egg-info/SOURCES.txt'
[4.417s] [ 71%] Built target ament_cmake_python_build_flappy_robot_msgs_egg
[4.430s] [ 71%] Built target flappy_robot_msgs
[4.446s] [ 75%] [34m[1mGenerating Python code for ROS interfaces[0m
[4.638s] [ 75%] Built target flappy_robot_msgs__py
[4.647s] [35m[1mConsolidate compiler generated dependencies of target flappy_robot_msgs__rosidl_generator_py[0m
[4.659s] [ 78%] [32mBuilding C object CMakeFiles/flappy_robot_msgs__rosidl_generator_py.dir/rosidl_generator_py/flappy_robot_msgs/msg/_flappy_status_s.c.o[0m
[4.747s] [ 81%] [32m[1mLinking C shared library rosidl_generator_py/flappy_robot_msgs/libflappy_robot_msgs__rosidl_generator_py.so[0m
[4.786s] [ 81%] Built target flappy_robot_msgs__rosidl_generator_py
[4.807s] [ 84%] [32mBuilding C object CMakeFiles/flappy_robot_msgs__rosidl_typesupport_fastrtps_c__pyext.dir/rosidl_generator_py/flappy_robot_msgs/_flappy_robot_msgs_s.ep.rosidl_typesupport_fastrtps_c.c.o[0m
[4.867s] [ 87%] [32m[1mLinking C shared library rosidl_generator_py/flappy_robot_msgs/flappy_robot_msgs_s__rosidl_typesupport_fastrtps_c.cpython-310-x86_64-linux-gnu.so[0m
[4.899s] [ 87%] Built target flappy_robot_msgs__rosidl_typesupport_fastrtps_c__pyext
[4.916s] [ 90%] [32mBuilding C object CMakeFiles/flappy_robot_msgs__rosidl_typesupport_introspection_c__pyext.dir/rosidl_generator_py/flappy_robot_msgs/_flappy_robot_msgs_s.ep.rosidl_typesupport_introspection_c.c.o[0m
[4.973s] [ 93%] [32m[1mLinking C shared library rosidl_generator_py/flappy_robot_msgs/flappy_robot_msgs_s__rosidl_typesupport_introspection_c.cpython-310-x86_64-linux-gnu.so[0m
[4.999s] [ 93%] Built target flappy_robot_msgs__rosidl_typesupport_introspection_c__pyext
[5.014s] [ 96%] [32mBuilding C object CMakeFiles/flappy_robot_msgs__rosidl_typesupport_c__pyext.dir/rosidl_generator_py/flappy_robot_msgs/_flappy_robot_msgs_s.ep.rosidl_typesupport_c.c.o[0m
[5.067s] [100%] [32m[1mLinking C shared library rosidl_generator_py/flappy_robot_msgs/flappy_robot_msgs_s__rosidl_typesupport_c.cpython-310-x86_64-linux-gnu.so[0m
[5.094s] [100%] Built target flappy_robot_msgs__rosidl_typesupport_c__pyext
[5.105s] Invoked command in '/home/chiv/ros2_ws/build/flappy_robot_msgs' returned '0': CMAKE_PREFIX_PATH=/opt/ros/humble /usr/bin/cmake --build /home/chiv/ros2_ws/build/flappy_robot_msgs -- -j2 -l2
[5.111s] Invoking command in '/home/chiv/ros2_ws/build/flappy_robot_msgs': CMAKE_PREFIX_PATH=/opt/ros/humble /usr/bin/cmake --install /home/chiv/ros2_ws/build/flappy_robot_msgs
[5.117s] -- Install configuration: ""
[5.117s] -- Up-to-date: /home/chiv/ros2_ws/install/flappy_robot_msgs/share/ament_index/resource_index/rosidl_interfaces/flappy_robot_msgs
[5.117s] -- Up-to-date: /home/chiv/ros2_ws/install/flappy_robot_msgs/include/flappy_robot_msgs/flappy_robot_msgs
[5.117s] -- Up-to-date: /home/chiv/ros2_ws/install/flappy_robot_msgs/include/flappy_robot_msgs/flappy_robot_msgs/msg
[5.117s] -- Up-to-date: /home/chiv/ros2_ws/install/flappy_robot_msgs/include/flappy_robot_msgs/flappy_robot_msgs/msg/detail
[5.117s] -- Installing: /home/chiv/ros2_ws/install/flappy_robot_msgs/include/flappy_robot_msgs/flappy_robot_msgs/msg/detail/flappy_status__type_support.h
[5.117s] -- Installing: /home/chiv/ros2_ws/install/flappy_robot_msgs/include/flappy_robot_msgs/flappy_robot_msgs/msg/detail/flappy_status__functions.h
[5.117s] -- Up-to-date: /home/chiv/ros2_ws/install/flappy_robot_msgs/include/flappy_robot_msgs/flappy_robot_msgs/msg/detail/flappy_status__type_support.c
[5.117s] -- Up-to-date: /home/chiv/ros2_ws/install/flappy_robot_msgs/include/flappy_robot_msgs/flappy_robot_msgs/msg/detail/flappy_status__description.c
[5.117s] -- Installing: /home/chiv/ros2_ws/install/flappy_robot_msgs/include/flappy_robot_msgs/flappy_robot_msgs/msg/detail/flappy_status__functions.c
[5.117s] -- Installing: /home/chiv/ros2_ws/install/flappy_robot_msgs/include/flappy_robot_msgs/flappy_robot_msgs/msg/detail/flappy_status__struct.h
[5.117s] -- Installing: /home/chiv/ros2_ws/install/flappy_robot_msgs/include/flappy_robot_msgs/flappy_robot_msgs/msg/flappy_status.h
[5.117s] -- Up-to-date: /home/chiv/ros2_ws/install/flappy_robot_msgs/include/flappy_robot_msgs/flappy_robot_msgs/msg/rosidl_generator_c__visibility_control.h
[5.117s] -- Installing: /home/chiv/ros2_ws/install/flappy_robot_msgs/share/flappy_robot_msgs/environment/library_path.sh
[5.117s] -- Installing: /home/chiv/ros2_ws/install/flappy_robot_msgs/share/flappy_robot_msgs/environment/library_path.dsv
[5.118s] -- Installing: /home/chiv/ros2_ws/install/flappy_robot_msgs/lib/libflappy_robot_msgs__rosidl_generator_c.so
[5.118s] -- Set runtime path of "/home/chiv/ros2_ws/install/flappy_robot_msgs/lib/libflappy_robot_msgs__rosidl_generator_c.so" to ""
[5.118s] -- Up-to-date: /home/chiv/ros2_ws/install/flappy_robot_msgs/include/flappy_robot_msgs/flappy_robot_msgs
[5.118s] -- Up-to-date: /home/chiv/ros2_ws/install/flappy_robot_msgs/include/flappy_robot_msgs/flappy_robot_msgs/msg
[5.118s] -- Up-to-date: /home/chiv/ros2_ws/install/flappy_robot_msgs/include/flappy_robot_msgs/flappy_robot_msgs/msg/rosidl_typesupport_fastrtps_c__visibility_control.h
[5.118s] -- Up-to-date: /home/chiv/ros2_ws/install/flappy_robot_msgs/include/flappy_robot_msgs/flappy_robot_msgs/msg/detail
[5.118s] -- Installing: /home/chiv/ros2_ws/install/flappy_robot_msgs/include/flappy_robot_msgs/flappy_robot_msgs/msg/detail/flappy_status__rosidl_typesupport_fastrtps_c.h
[5.119s] -- Installing: /home/chiv/ros2_ws/install/flappy_robot_msgs/lib/libflappy_robot_msgs__rosidl_typesupport_fastrtps_c.so
[5.119s] -- Set runtime path of "/home/chiv/ros2_ws/install/flappy_robot_msgs/lib/libflappy_robot_msgs__rosidl_typesupport_fastrtps_c.so" to ""
[5.119s] -- Up-to-date: /home/chiv/ros2_ws/install/flappy_robot_msgs/include/flappy_robot_msgs/flappy_robot_msgs
[5.119s] -- Up-to-date: /home/chiv/ros2_ws/install/flappy_robot_msgs/include/flappy_robot_msgs/flappy_robot_msgs/msg
[5.120s] -- Up-to-date: /home/chiv/ros2_ws/install/flappy_robot_msgs/include/flappy_robot_msgs/flappy_robot_msgs/msg/detail
[5.120s] -- Installing: /home/chiv/ros2_ws/install/flappy_robot_msgs/include/flappy_robot_msgs/flappy_robot_msgs/msg/detail/flappy_status__rosidl_typesupport_introspection_c.h
[5.120s] -- Installing: /home/chiv/ros2_ws/install/flappy_robot_msgs/include/flappy_robot_msgs/flappy_robot_msgs/msg/detail/flappy_status__type_support.c
[5.120s] -- Up-to-date: /home/chiv/ros2_ws/install/flappy_robot_msgs/include/flappy_robot_msgs/flappy_robot_msgs/msg/rosidl_typesupport_introspection_c__visibility_control.h
[5.120s] -- Installing: /home/chiv/ros2_ws/install/flappy_robot_msgs/lib/libflappy_robot_msgs__rosidl_typesupport_introspection_c.so
[5.121s] -- Set runtime path of "/home/chiv/ros2_ws/install/flappy_robot_msgs/lib/libflappy_robot_msgs__rosidl_typesupport_introspection_c.so" to ""
[5.121s] -- Installing: /home/chiv/ros2_ws/install/flappy_robot_msgs/lib/libflappy_robot_msgs__rosidl_typesupport_c.so
[5.122s] -- Set runtime path of "/home/chiv/ros2_ws/install/flappy_robot_msgs/lib/libflappy_robot_msgs__rosidl_typesupport_c.so" to ""
[5.122s] -- Up-to-date: /home/chiv/ros2_ws/install/flappy_robot_msgs/include/flappy_robot_msgs/flappy_robot_msgs
[5.122s] -- Up-to-date: /home/chiv/ros2_ws/install/flappy_robot_msgs/include/flappy_robot_msgs/flappy_robot_msgs/msg
[5.122s] -- Up-to-date: /home/chiv/ros2_ws/install/flappy_robot_msgs/include/flappy_robot_msgs/flappy_robot_msgs/msg/detail
[5.123s] -- Installing: /home/chiv/ros2_ws/install/flappy_robot_msgs/include/flappy_robot_msgs/flappy_robot_msgs/msg/detail/flappy_status__builder.hpp
[5.123s] -- Installing: /home/chiv/ros2_ws/install/flappy_robot_msgs/include/flappy_robot_msgs/flappy_robot_msgs/msg/detail/flappy_status__traits.hpp
[5.123s] -- Installing: /home/chiv/ros2_ws/install/flappy_robot_msgs/include/flappy_robot_msgs/flappy_robot_msgs/msg/detail/flappy_status__type_support.hpp
[5.123s] -- Installing: /home/chiv/ros2_ws/install/flappy_robot_msgs/include/flappy_robot_msgs/flappy_robot_msgs/msg/detail/flappy_status__struct.hpp
[5.123s] -- Up-to-date: /home/chiv/ros2_ws/install/flappy_robot_msgs/include/flappy_robot_msgs/flappy_robot_msgs/msg/rosidl_generator_cpp__visibility_control.hpp
[5.123s] -- Installing: /home/chiv/ros2_ws/install/flappy_robot_msgs/include/flappy_robot_msgs/flappy_robot_msgs/msg/flappy_status.hpp
[5.123s] -- Up-to-date: /home/chiv/ros2_ws/install/flappy_robot_msgs/include/flappy_robot_msgs/flappy_robot_msgs
[5.123s] -- Up-to-date: /home/chiv/ros2_ws/install/flappy_robot_msgs/include/flappy_robot_msgs/flappy_robot_msgs/msg
[5.123s] -- Up-to-date: /home/chiv/ros2_ws/install/flappy_robot_msgs/include/flappy_robot_msgs/flappy_robot_msgs/msg/detail
[5.123s] -- Installing: /home/chiv/ros2_ws/install/flappy_robot_msgs/include/flappy_robot_msgs/flappy_robot_msgs/msg/detail/flappy_status__rosidl_typesupport_fastrtps_cpp.hpp
[5.124s] -- Installing: /home/chiv/ros2_ws/install/flappy_robot_msgs/include/flappy_robot_msgs/flappy_robot_msgs/msg/detail/dds_fastrtps
[5.124s] -- Up-to-date: /home/chiv/ros2_ws/install/flappy_robot_msgs/include/flappy_robot_msgs/flappy_robot_msgs/msg/rosidl_typesupport_fastrtps_cpp__visibility_control.h
[5.124s] -- Installing: /home/chiv/ros2_ws/install/flappy_robot_msgs/lib/libflappy_robot_msgs__rosidl_typesupport_fastrtps_cpp.so
[5.125s] -- Set runtime path of "/home/chiv/ros2_ws/install/flappy_robot_msgs/lib/libflappy_robot_msgs__rosidl_typesupport_fastrtps_cpp.so" to ""
[5.125s] -- Up-to-date: /home/chiv/ros2_ws/install/flappy_robot_msgs/include/flappy_robot_msgs/flappy_robot_msgs
[5.125s] -- Up-to-date: /home/chiv/ros2_ws/install/flappy_robot_msgs/include/flappy_robot_msgs/flappy_robot_msgs/msg
[5.125s] -- Up-to-date: /home/chiv/ros2_ws/install/flappy_robot_msgs/include/flappy_robot_msgs/flappy_robot_msgs/msg/detail
[5.125s] -- Installing: /home/chiv/ros2_ws/install/flappy_robot_msgs/include/flappy_robot_msgs/flappy_robot_msgs/msg/detail/flappy_status__type_support.cpp
[5.125s] -- Installing: /home/chiv/ros2_ws/install/flappy_robot_msgs/include/flappy_robot_msgs/flappy_robot_msgs/msg/detail/flappy_status__rosidl_typesupport_introspection_cpp.hpp
[5.126s] -- Installing: /home/chiv/ros2_ws/install/flappy_robot_msgs/lib/libflappy_robot_msgs__rosidl_typesupport_introspection_cpp.so
[5.126s] -- Set runtime path of "/home/chiv/ros2_ws/install/flappy_robot_msgs/lib/libflappy_robot_msgs__rosidl_typesupport_introspection_cpp.so" to ""
[5.127s] -- Installing: /home/chiv/ros2_ws/install/flappy_robot_msgs/lib/libflappy_robot_msgs__rosidl_typesupport_cpp.so
[5.127s] -- Set runtime path of "/home/chiv/ros2_ws/install/flappy_robot_msgs/lib/libflappy_robot_msgs__rosidl_typesupport_cpp.so" to ""
[5.128s] -- Up-to-date: /home/chiv/ros2_ws/install/flappy_robot_msgs/share/flappy_robot_msgs/environment/pythonpath.sh
[5.128s] -- Installing: /home/chiv/ros2_ws/install/flappy_robot_msgs/share/flappy_robot_msgs/environment/pythonpath.dsv
[5.128s] -- Up-to-date: /home/chiv/ros2_ws/install/flappy_robot_msgs/lib/python3.12/site-packages/flappy_robot_msgs-0.0.1-py3.12.egg-info
[5.128s] -- Installing: /home/chiv/ros2_ws/install/flappy_robot_msgs/lib/python3.12/site-packages/flappy_robot_msgs-0.0.1-py3.12.egg-info/PKG-INFO
[5.128s] -- Installing: /home/chiv/ros2_ws/install/flappy_robot_msgs/lib/python3.12/site-packages/flappy_robot_msgs-0.0.1-py3.12.egg-info/SOURCES.txt
[5.128s] -- Installing: /home/chiv/ros2_ws/install/flappy_robot_msgs/lib/python3.12/site-packages/flappy_robot_msgs-0.0.1-py3.12.egg-info/dependency_links.txt
[5.128s] -- Installing: /home/chiv/ros2_ws/install/flappy_robot_msgs/lib/python3.12/site-packages/flappy_robot_msgs-0.0.1-py3.12.egg-info/top_level.txt
[5.128s] -- Up-to-date: /home/chiv/ros2_ws/install/flappy_robot_msgs/lib/python3.12/site-packages/flappy_robot_msgs
[5.128s] -- Installing: /home/chiv/ros2_ws/install/flappy_robot_msgs/lib/python3.12/site-packages/flappy_robot_msgs/_flappy_robot_msgs_s.ep.rosidl_typesupport_c.c
[5.128s] -- Up-to-date: /home/chiv/ros2_ws/install/flappy_robot_msgs/lib/python3.12/site-packages/flappy_robot_msgs/flappy_robot_msgs_s__rosidl_typesupport_c.so
[5.129s] -- Installing: /home/chiv/ros2_ws/install/flappy_robot_msgs/lib/python3.12/site-packages/flappy_robot_msgs/flappy_robot_msgs_s__rosidl_typesupport_introspection_c.cpython-310-x86_64-linux-gnu.so
[5.129s] -- Installing: /home/chiv/ros2_ws/install/flappy_robot_msgs/lib/python3.12/site-packages/flappy_robot_msgs/flappy_robot_msgs_s__rosidl_typesupport_fastrtps_c.cpython-310-x86_64-linux-gnu.so
[5.129s] -- Installing: /home/chiv/ros2_ws/install/flappy_robot_msgs/lib/python3.12/site-packages/flappy_robot_msgs/_flappy_robot_msgs_s.ep.rosidl_typesupport_fastrtps_c.c
[5.129s] -- Up-to-date: /home/chiv/ros2_ws/install/flappy_robot_msgs/lib/python3.12/site-packages/flappy_robot_msgs/msg
[5.129s] -- Installing: /home/chiv/ros2_ws/install/flappy_robot_msgs/lib/python3.12/site-packages/flappy_robot_msgs/msg/__init__.py
[5.129s] -- Installing: /home/chiv/ros2_ws/install/flappy_robot_msgs/lib/python3.12/site-packages/flappy_robot_msgs/msg/_flappy_status.py
[5.129s] -- Installing: /home/chiv/ros2_ws/install/flappy_robot_msgs/lib/python3.12/site-packages/flappy_robot_msgs/msg/_flappy_status_s.c
[5.129s] -- Installing: /home/chiv/ros2_ws/install/flappy_robot_msgs/lib/python3.12/site-packages/flappy_robot_msgs/__init__.py
[5.129s] -- Installing: /home/chiv/ros2_ws/install/flappy_robot_msgs/lib/python3.12/site-packages/flappy_robot_msgs/flappy_robot_msgs_s__rosidl_typesupport_c.cpython-310-x86_64-linux-gnu.so
[5.130s] -- Installing: /home/chiv/ros2_ws/install/flappy_robot_msgs/lib/python3.12/site-packages/flappy_robot_msgs/_flappy_robot_msgs_s.ep.rosidl_typesupport_introspection_c.c
[5.130s] -- Installing: /home/chiv/ros2_ws/install/flappy_robot_msgs/lib/python3.12/site-packages/flappy_robot_msgs/libflappy_robot_msgs__rosidl_generator_py.so
[5.130s] -- Up-to-date: /home/chiv/ros2_ws/install/flappy_robot_msgs/lib/python3.12/site-packages/flappy_robot_msgs/flappy_robot_msgs_s__rosidl_typesupport_fastrtps_c.so
[5.130s] -- Up-to-date: /home/chiv/ros2_ws/install/flappy_robot_msgs/lib/python3.12/site-packages/flappy_robot_msgs/flappy_robot_msgs_s__rosidl_typesupport_introspection_c.so
[5.155s] Listing '/home/chiv/ros2_ws/install/flappy_robot_msgs/lib/python3.12/site-packages/flappy_robot_msgs'...
[5.155s] Compiling '/home/chiv/ros2_ws/install/flappy_robot_msgs/lib/python3.12/site-packages/flappy_robot_msgs/__init__.py'...
[5.155s] Listing '/home/chiv/ros2_ws/install/flappy_robot_msgs/lib/python3.12/site-packages/flappy_robot_msgs/msg'...
[5.155s] Compiling '/home/chiv/ros2_ws/install/flappy_robot_msgs/lib/python3.12/site-packages/flappy_robot_msgs/msg/__init__.py'...
[5.155s] Compiling '/home/chiv/ros2_ws/install/flappy_robot_msgs/lib/python3.12/site-packages/flappy_robot_msgs/msg/_flappy_status.py'...
[5.158s] -- Installing: /home/chiv/ros2_ws/install/flappy_robot_msgs/lib/python3.12/site-packages/flappy_robot_msgs/flappy_robot_msgs_s__rosidl_typesupport_fastrtps_c.cpython-310-x86_64-linux-gnu.so
[5.158s] -- Set runtime path of "/home/chiv/ros2_ws/install/flappy_robot_msgs/lib/python3.12/site-packages/flappy_robot_msgs/flappy_robot_msgs_s__rosidl_typesupport_fastrtps_c.cpython-310-x86_64-linux-gnu.so" to ""
[5.159s] -- Installing: /home/chiv/ros2_ws/install/flappy_robot_msgs/lib/python3.12/site-packages/flappy_robot_msgs/flappy_robot_msgs_s__rosidl_typesupport_introspection_c.cpython-310-x86_64-linux-gnu.so
[5.159s] -- Set runtime path of "/home/chiv/ros2_ws/install/flappy_robot_msgs/lib/python3.12/site-packages/flappy_robot_msgs/flappy_robot_msgs_s__rosidl_typesupport_introspection_c.cpython-310-x86_64-linux-gnu.so" to ""
[5.160s] -- Installing: /home/chiv/ros2_ws/install/flappy_robot_msgs/lib/python3.12/site-packages/flappy_robot_msgs/flappy_robot_msgs_s__rosidl_typesupport_c.cpython-310-x86_64-linux-gnu.so
[5.160s] -- Set runtime path of "/home/chiv/ros2_ws/install/flappy_robot_msgs/lib/python3.12/site-packages/flappy_robot_msgs/flappy_robot_msgs_s__rosidl_typesupport_c.cpython-310-x86_64-linux-gnu.so" to ""
[5.162s] -- Installing: /home/chiv/ros2_ws/install/flappy_robot_msgs/lib/libflappy_robot_msgs__rosidl_generator_py.so
[5.163s] -- Set runtime path of "/home/chiv/ros2_ws/install/flappy_robot_msgs/lib/libflappy_robot_msgs__rosidl_generator_py.so" to ""
[5.163s] -- Up-to-date: /home/chiv/ros2_ws/install/flappy_robot_msgs/share/ament_index/resource_index/rust_packages/flappy_robot_msgs
[5.163s] -- Up-to-date: /home/chiv/ros2_ws/install/flappy_robot_msgs/share/flappy_robot_msgs/rust
[5.163s] -- Installing: /home/chiv/ros2_ws/install/flappy_robot_msgs/share/flappy_robot_msgs/rust/build.rs
[5.164s] -- Up-to-date: /home/chiv/ros2_ws/install/flappy_robot_msgs/share/flappy_robot_msgs/rust/src
[5.164s] -- Installing: /home/chiv/ros2_ws/install/flappy_robot_msgs/share/flappy_robot_msgs/rust/src/msg.rs
[5.164s] -- Up-to-date: /home/chiv/ros2_ws/install/flappy_robot_msgs/share/flappy_robot_msgs/rust/src/msg
[5.164s] -- Installing: /home/chiv/ros2_ws/install/flappy_robot_msgs/share/flappy_robot_msgs/rust/src/msg/rmw.rs
[5.165s] -- Installing: /home/chiv/ros2_ws/install/flappy_robot_msgs/share/flappy_robot_msgs/rust/src/lib.rs
[5.165s] -- Installing: /home/chiv/ros2_ws/install/flappy_robot_msgs/share/flappy_robot_msgs/rust/Cargo.toml
[5.165s] -- Up-to-date: /home/chiv/ros2_ws/install/flappy_robot_msgs/share/flappy_robot_msgs/msg/FlappyStatus.idl
[5.165s] -- Installing: /home/chiv/ros2_ws/install/flappy_robot_msgs/share/flappy_robot_msgs/msg/FlappyStatus.msg
[5.165s] -- Up-to-date: /home/chiv/ros2_ws/install/flappy_robot_msgs/share/ament_index/resource_index/package_run_dependencies/flappy_robot_msgs
[5.165s] -- Installing: /home/chiv/ros2_ws/install/flappy_robot_msgs/share/ament_index/resource_index/parent_prefix_path/flappy_robot_msgs
[5.165s] -- Installing: /home/chiv/ros2_ws/install/flappy_robot_msgs/share/flappy_robot_msgs/environment/ament_prefix_path.sh
[5.165s] -- Installing: /home/chiv/ros2_ws/install/flappy_robot_msgs/share/flappy_robot_msgs/environment/ament_prefix_path.dsv
[5.165s] -- Installing: /home/chiv/ros2_ws/install/flappy_robot_msgs/share/flappy_robot_msgs/environment/path.sh
[5.165s] -- Installing: /home/chiv/ros2_ws/install/flappy_robot_msgs/share/flappy_robot_msgs/environment/path.dsv
[5.166s] -- Up-to-date: /home/chiv/ros2_ws/install/flappy_robot_msgs/share/flappy_robot_msgs/local_setup.bash
[5.166s] -- Up-to-date: /home/chiv/ros2_ws/install/flappy_robot_msgs/share/flappy_robot_msgs/local_setup.sh
[5.166s] -- Up-to-date: /home/chiv/ros2_ws/install/flappy_robot_msgs/share/flappy_robot_msgs/local_setup.zsh
[5.166s] -- Installing: /home/chiv/ros2_ws/install/flappy_robot_msgs/share/flappy_robot_msgs/local_setup.dsv
[5.166s] -- Installing: /home/chiv/ros2_ws/install/flappy_robot_msgs/share/flappy_robot_msgs/package.dsv
[5.167s] -- Up-to-date: /home/chiv/ros2_ws/install/flappy_robot_msgs/share/ament_index/resource_index/packages/flappy_robot_msgs
[5.167s] -- Old export file "/home/chiv/ros2_ws/install/flappy_robot_msgs/share/flappy_robot_msgs/cmake/export_flappy_robot_msgs__rosidl_generator_cExport.cmake" will be replaced.  Removing files [/home/chiv/ros2_ws/install/flappy_robot_msgs/share/flappy_robot_msgs/cmake/export_flappy_robot_msgs__rosidl_generator_cExport-noconfig.cmake].
[5.167s] -- Installing: /home/chiv/ros2_ws/install/flappy_robot_msgs/share/flappy_robot_msgs/cmake/export_flappy_robot_msgs__rosidl_generator_cExport.cmake
[5.167s] -- Installing: /home/chiv/ros2_ws/install/flappy_robot_msgs/share/flappy_robot_msgs/cmake/export_flappy_robot_msgs__rosidl_generator_cExport-noconfig.cmake
[5.168s] -- Old export file "/home/chiv/ros2_ws/install/flappy_robot_msgs/share/flappy_robot_msgs/cmake/export_flappy_robot_msgs__rosidl_typesupport_fastrtps_cExport.cmake" will be replaced.  Removing files [/home/chiv/ros2_ws/install/flappy_robot_msgs/share/flappy_robot_msgs/cmake/export_flappy_robot_msgs__rosidl_typesupport_fastrtps_cExport-noconfig.cmake].
[5.168s] -- Installing: /home/chiv/ros2_ws/install/flappy_robot_msgs/share/flappy_robot_msgs/cmake/export_flappy_robot_msgs__rosidl_typesupport_fastrtps_cExport.cmake
[5.168s] -- Installing: /home/chiv/ros2_ws/install/flappy_robot_msgs/share/flappy_robot_msgs/cmake/export_flappy_robot_msgs__rosidl_typesupport_fastrtps_cExport-noconfig.cmake
[5.168s] -- Old export file "/home/chiv/ros2_ws/install/flappy_robot_msgs/share/flappy_robot_msgs/cmake/flappy_robot_msgs__rosidl_typesupport_introspection_cExport.cmake" will be replaced.  Removing files [/home/chiv/ros2_ws/install/flappy_robot_msgs/share/flappy_robot_msgs/cmake/flappy_robot_msgs__rosidl_typesupport_introspection_cExport-noconfig.cmake].
[5.168s] -- Installing: /home/chiv/ros2_ws/install/flappy_robot_msgs/share/flappy_robot_msgs/cmake/flappy_robot_msgs__rosidl_typesupport_introspection_cExport.cmake
[5.169s] -- Installing: /home/chiv/ros2_ws/install/flappy_robot_msgs/share/flappy_robot_msgs/cmake/flappy_robot_msgs__rosidl_typesupport_introspection_cExport-noconfig.cmake
[5.169s] -- Old export file "/home/chiv/ros2_ws/install/flappy_robot_msgs/share/flappy_robot_msgs/cmake/flappy_robot_msgs__rosidl_typesupport_cExport.cmake" will be replaced.  Removing files [/home/chiv/ros2_ws/install/flappy_robot_msgs/share/flappy_robot_msgs/cmake/flappy_robot_msgs__rosidl_typesupport_cExport-noconfig.cmake].
[5.169s] -- Installing: /home/chiv/ros2_ws/install/flappy_robot_msgs/share/flappy_robot_msgs/cmake/flappy_robot_msgs__rosidl_typesupport_cExport.cmake
[5.169s] -- Installing: /home/chiv/ros2_ws/install/flappy_robot_msgs/share/flappy_robot_msgs/cmake/flappy_robot_msgs__rosidl_typesupport_cExport-noconfig.cmake
[5.169s] -- Installing: /home/chiv/ros2_ws/install/flappy_robot_msgs/share/flappy_robot_msgs/cmake/export_flappy_robot_msgs__rosidl_generator_cppExport.cmake
[5.169s] -- Old export file "/home/chiv/ros2_ws/install/flappy_robot_msgs/share/flappy_robot_msgs/cmake/export_flappy_robot_msgs__rosidl_typesupport_fastrtps_cppExport.cmake" will be replaced.  Removing files [/home/chiv/ros2_ws/install/flappy_robot_msgs/share/flappy_robot_msgs/cmake/export_flappy_robot_msgs__rosidl_typesupport_fastrtps_cppExport-noconfig.cmake].
[5.169s] -- Installing: /home/chiv/ros2_ws/install/flappy_robot_msgs/share/flappy_robot_msgs/cmake/export_flappy_robot_msgs__rosidl_typesupport_fastrtps_cppExport.cmake
[5.169s] -- Installing: /home/chiv/ros2_ws/install/flappy_robot_msgs/share/flappy_robot_msgs/cmake/export_flappy_robot_msgs__rosidl_typesupport_fastrtps_cppExport-noconfig.cmake
[5.170s] -- Old export file "/home/chiv/ros2_ws/install/flappy_robot_msgs/share/flappy_robot_msgs/cmake/flappy_robot_msgs__rosidl_typesupport_introspection_cppExport.cmake" will be replaced.  Removing files [/home/chiv/ros2_ws/install/flappy_robot_msgs/share/flappy_robot_msgs/cmake/flappy_robot_msgs__rosidl_typesupport_introspection_cppExport-noconfig.cmake].
[5.170s] -- Installing: /home/chiv/ros2_ws/install/flappy_robot_msgs/share/flappy_robot_msgs/cmake/flappy_robot_msgs__rosidl_typesupport_introspection_cppExport.cmake
[5.172s] -- Installing: /home/chiv/ros2_ws/install/flappy_robot_msgs/share/flappy_robot_msgs/cmake/flappy_robot_msgs__rosidl_typesupport_introspection_cppExport-noconfig.cmake
[5.172s] -- Old export file "/home/chiv/ros2_ws/install/flappy_robot_msgs/share/flappy_robot_msgs/cmake/flappy_robot_msgs__rosidl_typesupport_cppExport.cmake" will be replaced.  Removing files [/home/chiv/ros2_ws/install/flappy_robot_msgs/share/flappy_robot_msgs/cmake/flappy_robot_msgs__rosidl_typesupport_cppExport-noconfig.cmake].
[5.172s] -- Installing: /home/chiv/ros2_ws/install/flappy_robot_msgs/share/flappy_robot_msgs/cmake/flappy_robot_msgs__rosidl_typesupport_cppExport.cmake
[5.172s] -- Installing: /home/chiv/ros2_ws/install/flappy_robot_msgs/share/flappy_robot_msgs/cmake/flappy_robot_msgs__rosidl_typesupport_cppExport-noconfig.cmake
[5.172s] -- Old export file "/home/chiv/ros2_ws/install/flappy_robot_msgs/share/flappy_robot_msgs/cmake/export_flappy_robot_msgs__rosidl_generator_pyExport.cmake" will be replaced.  Removing files [/home/chiv/ros2_ws/install/flappy_robot_msgs/share/flappy_robot_msgs/cmake/export_flappy_robot_msgs__rosidl_generator_pyExport-noconfig.cmake].
[5.172s] -- Installing: /home/chiv/ros2_ws/install/flappy_robot_msgs/share/flappy_robot_msgs/cmake/export_flappy_robot_msgs__rosidl_generator_pyExport.cmake
[5.172s] -- Installing: /home/chiv/ros2_ws/install/flappy_robot_msgs/share/flappy_robot_msgs/cmake/export_flappy_robot_msgs__rosidl_generator_pyExport-noconfig.cmake
[5.172s] -- Up-to-date: /home/chiv/ros2_ws/install/flappy_robot_msgs/share/flappy_robot_msgs/cmake/rosidl_cmake-extras.cmake
[5.172s] -- Up-to-date: /home/chiv/ros2_ws/install/flappy_robot_msgs/share/flappy_robot_msgs/cmake/ament_cmake_export_include_directories-extras.cmake
[5.172s] -- Up-to-date: /home/chiv/ros2_ws/install/flappy_robot_msgs/share/flappy_robot_msgs/cmake/ament_cmake_export_libraries-extras.cmake
[5.172s] -- Up-to-date: /home/chiv/ros2_ws/install/flappy_robot_msgs/share/flappy_robot_msgs/cmake/ament_cmake_export_targets-extras.cmake
[5.172s] -- Installing: /home/chiv/ros2_ws/install/flappy_robot_msgs/share/flappy_robot_msgs/cmake/rosidl_cmake_export_typesupport_targets-extras.cmake
[5.172s] -- Up-to-date: /home/chiv/ros2_ws/install/flappy_robot_msgs/share/flappy_robot_msgs/cmake/ament_cmake_export_dependencies-extras.cmake
[5.172s] -- Up-to-date: /home/chiv/ros2_ws/install/flappy_robot_msgs/share/flappy_robot_msgs/cmake/rosidl_cmake_export_typesupport_libraries-extras.cmake
[5.172s] -- Installing: /home/chiv/ros2_ws/install/flappy_robot_msgs/share/flappy_robot_msgs/cmake/flappy_robot_msgsConfig.cmake
[5.172s] -- Up-to-date: /home/chiv/ros2_ws/install/flappy_robot_msgs/share/flappy_robot_msgs/cmake/flappy_robot_msgsConfig-version.cmake
[5.172s] -- Installing: /home/chiv/ros2_ws/install/flappy_robot_msgs/share/flappy_robot_msgs/package.xml
[5.174s] Invoked command in '/home/chiv/ros2_ws/build/flappy_robot_msgs' returned '0': CMAKE_PREFIX_PATH=/opt/ros/humble /usr/bin/cmake --install /home/chiv/ros2_ws/build/flappy_robot_msgs
