[0.234s] DEBUG:colcon:Command line arguments: ['/usr/bin/colcon', 'build']
[0.235s] DEBUG:colcon:Parsed command line arguments: Namespace(log_base=None, log_level=None, verb_name='build', build_base='build', install_base='install', merge_install=False, symlink_install=False, test_result_base=None, continue_on_error=False, executor='parallel', parallel_workers=2, event_handlers=None, ignore_user_meta=False, metas=['./colcon.meta'], base_paths=['.'], packages_ignore=None, packages_ignore_regex=None, paths=None, packages_up_to=None, packages_up_to_regex=None, packages_above=None, packages_above_and_dependencies=None, packages_above_depth=None, packages_select_by_dep=None, packages_skip_by_dep=None, packages_skip_up_to=None, packages_select_build_failed=False, packages_skip_build_finished=False, packages_select_test_failures=False, packages_skip_test_passed=False, packages_select=None, packages_skip=None, packages_select_regex=None, packages_skip_regex=None, packages_start=None, packages_end=None, allow_overriding=[], cmake_args=None, cmake_target=None, cmake_target_skip_unavailable=False, cmake_clean_cache=False, cmake_clean_first=False, cmake_force_configure=False, ament_cmake_args=None, catkin_cmake_args=None, catkin_skip_building_tests=False, mixin_files=None, mixin=None, verb_parser=<colcon_mixin.mixin.mixin_argument.MixinArgumentDecorator object at 0x7f5169b6b3d0>, verb_extension=<colcon_core.verb.build.BuildVerb object at 0x7f5169b6af20>, main=<bound method BuildVerb.main of <colcon_core.verb.build.BuildVerb object at 0x7f5169b6af20>>, mixin_verb=('build',))
[0.434s] Level 1:colcon.colcon_core.package_discovery:discover_packages(colcon_meta) check parameters
[0.435s] Level 1:colcon.colcon_core.package_discovery:discover_packages(recursive) check parameters
[0.435s] Level 1:colcon.colcon_core.package_discovery:discover_packages(ignore) check parameters
[0.435s] Level 1:colcon.colcon_core.package_discovery:discover_packages(path) check parameters
[0.435s] Level 1:colcon.colcon_core.package_discovery:discover_packages(colcon_meta) discover
[0.435s] Level 1:colcon.colcon_core.package_discovery:discover_packages(recursive) discover
[0.435s] INFO:colcon.colcon_core.package_discovery:Crawling recursively for packages in '/home/chiv/ros2_ws'
[0.435s] Level 1:colcon.colcon_core.package_identification:_identify(.) by extensions ['ignore', 'ignore_ament_install']
[0.435s] Level 1:colcon.colcon_core.package_identification:_identify(.) by extension 'ignore'
[0.435s] Level 1:colcon.colcon_core.package_identification:_identify(.) by extension 'ignore_ament_install'
[0.435s] Level 1:colcon.colcon_core.package_identification:_identify(.) by extensions ['colcon_pkg']
[0.435s] Level 1:colcon.colcon_core.package_identification:_identify(.) by extension 'colcon_pkg'
[0.435s] Level 1:colcon.colcon_core.package_identification:_identify(.) by extensions ['colcon_meta']
[0.435s] Level 1:colcon.colcon_core.package_identification:_identify(.) by extension 'colcon_meta'
[0.435s] Level 1:colcon.colcon_core.package_identification:_identify(.) by extensions ['ros']
[0.435s] Level 1:colcon.colcon_core.package_identification:_identify(.) by extension 'ros'
[0.445s] Level 1:colcon.colcon_core.package_identification:_identify(.) by extensions ['cmake', 'python']
[0.445s] Level 1:colcon.colcon_core.package_identification:_identify(.) by extension 'cmake'
[0.445s] Level 1:colcon.colcon_core.package_identification:_identify(.) by extension 'python'
[0.445s] Level 1:colcon.colcon_core.package_identification:_identify(.) by extensions ['python_setup_py']
[0.445s] Level 1:colcon.colcon_core.package_identification:_identify(.) by extension 'python_setup_py'
[0.445s] Level 1:colcon.colcon_core.package_identification:_identify(build) by extensions ['ignore', 'ignore_ament_install']
[0.445s] Level 1:colcon.colcon_core.package_identification:_identify(build) by extension 'ignore'
[0.446s] Level 1:colcon.colcon_core.package_identification:_identify(build) ignored
[0.446s] Level 1:colcon.colcon_core.package_identification:_identify(install) by extensions ['ignore', 'ignore_ament_install']
[0.446s] Level 1:colcon.colcon_core.package_identification:_identify(install) by extension 'ignore'
[0.446s] Level 1:colcon.colcon_core.package_identification:_identify(install) ignored
[0.446s] Level 1:colcon.colcon_core.package_identification:_identify(log) by extensions ['ignore', 'ignore_ament_install']
[0.446s] Level 1:colcon.colcon_core.package_identification:_identify(log) by extension 'ignore'
[0.446s] Level 1:colcon.colcon_core.package_identification:_identify(log) ignored
[0.446s] Level 1:colcon.colcon_core.package_identification:_identify(src) by extensions ['ignore', 'ignore_ament_install']
[0.447s] Level 1:colcon.colcon_core.package_identification:_identify(src) by extension 'ignore'
[0.447s] Level 1:colcon.colcon_core.package_identification:_identify(src) by extension 'ignore_ament_install'
[0.447s] Level 1:colcon.colcon_core.package_identification:_identify(src) by extensions ['colcon_pkg']
[0.447s] Level 1:colcon.colcon_core.package_identification:_identify(src) by extension 'colcon_pkg'
[0.447s] Level 1:colcon.colcon_core.package_identification:_identify(src) by extensions ['colcon_meta']
[0.447s] Level 1:colcon.colcon_core.package_identification:_identify(src) by extension 'colcon_meta'
[0.447s] Level 1:colcon.colcon_core.package_identification:_identify(src) by extensions ['ros']
[0.447s] Level 1:colcon.colcon_core.package_identification:_identify(src) by extension 'ros'
[0.447s] Level 1:colcon.colcon_core.package_identification:_identify(src) by extensions ['cmake', 'python']
[0.447s] Level 1:colcon.colcon_core.package_identification:_identify(src) by extension 'cmake'
[0.447s] Level 1:colcon.colcon_core.package_identification:_identify(src) by extension 'python'
[0.447s] Level 1:colcon.colcon_core.package_identification:_identify(src) by extensions ['python_setup_py']
[0.447s] Level 1:colcon.colcon_core.package_identification:_identify(src) by extension 'python_setup_py'
[0.447s] Level 1:colcon.colcon_core.package_identification:_identify(src/flappy_robot) by extensions ['ignore', 'ignore_ament_install']
[0.447s] Level 1:colcon.colcon_core.package_identification:_identify(src/flappy_robot) by extension 'ignore'
[0.447s] Level 1:colcon.colcon_core.package_identification:_identify(src/flappy_robot) by extension 'ignore_ament_install'
[0.447s] Level 1:colcon.colcon_core.package_identification:_identify(src/flappy_robot) by extensions ['colcon_pkg']
[0.447s] Level 1:colcon.colcon_core.package_identification:_identify(src/flappy_robot) by extension 'colcon_pkg'
[0.448s] Level 1:colcon.colcon_core.package_identification:_identify(src/flappy_robot) by extensions ['colcon_meta']
[0.448s] Level 1:colcon.colcon_core.package_identification:_identify(src/flappy_robot) by extension 'colcon_meta'
[0.448s] Level 1:colcon.colcon_core.package_identification:_identify(src/flappy_robot) by extensions ['ros']
[0.448s] Level 1:colcon.colcon_core.package_identification:_identify(src/flappy_robot) by extension 'ros'
[0.450s] DEBUG:colcon.colcon_core.package_identification:Package 'src/flappy_robot' with type 'ros.ament_python' and name 'flappy_robot'
[0.450s] Level 1:colcon.colcon_core.package_identification:_identify(src/flappy_robot_msgs) by extensions ['ignore', 'ignore_ament_install']
[0.450s] Level 1:colcon.colcon_core.package_identification:_identify(src/flappy_robot_msgs) by extension 'ignore'
[0.450s] Level 1:colcon.colcon_core.package_identification:_identify(src/flappy_robot_msgs) by extension 'ignore_ament_install'
[0.450s] Level 1:colcon.colcon_core.package_identification:_identify(src/flappy_robot_msgs) by extensions ['colcon_pkg']
[0.450s] Level 1:colcon.colcon_core.package_identification:_identify(src/flappy_robot_msgs) by extension 'colcon_pkg'
[0.450s] Level 1:colcon.colcon_core.package_identification:_identify(src/flappy_robot_msgs) by extensions ['colcon_meta']
[0.450s] Level 1:colcon.colcon_core.package_identification:_identify(src/flappy_robot_msgs) by extension 'colcon_meta'
[0.450s] Level 1:colcon.colcon_core.package_identification:_identify(src/flappy_robot_msgs) by extensions ['ros']
[0.450s] Level 1:colcon.colcon_core.package_identification:_identify(src/flappy_robot_msgs) by extension 'ros'
[0.451s] DEBUG:colcon.colcon_core.package_identification:Package 'src/flappy_robot_msgs' with type 'ros.ament_cmake' and name 'flappy_robot_msgs'
[0.451s] Level 1:colcon.colcon_core.package_identification:_identify(src/two_wheeled_robot) by extensions ['ignore', 'ignore_ament_install']
[0.451s] Level 1:colcon.colcon_core.package_identification:_identify(src/two_wheeled_robot) by extension 'ignore'
[0.451s] Level 1:colcon.colcon_core.package_identification:_identify(src/two_wheeled_robot) by extension 'ignore_ament_install'
[0.451s] Level 1:colcon.colcon_core.package_identification:_identify(src/two_wheeled_robot) by extensions ['colcon_pkg']
[0.451s] Level 1:colcon.colcon_core.package_identification:_identify(src/two_wheeled_robot) by extension 'colcon_pkg'
[0.451s] Level 1:colcon.colcon_core.package_identification:_identify(src/two_wheeled_robot) by extensions ['colcon_meta']
[0.451s] Level 1:colcon.colcon_core.package_identification:_identify(src/two_wheeled_robot) by extension 'colcon_meta'
[0.451s] Level 1:colcon.colcon_core.package_identification:_identify(src/two_wheeled_robot) by extensions ['ros']
[0.451s] Level 1:colcon.colcon_core.package_identification:_identify(src/two_wheeled_robot) by extension 'ros'
[0.452s] DEBUG:colcon.colcon_core.package_identification:Package 'src/two_wheeled_robot' with type 'ros.ament_cmake' and name 'two_wheeled_robot'
[0.452s] Level 1:colcon.colcon_core.package_discovery:discover_packages(recursive) using defaults
[0.452s] Level 1:colcon.colcon_core.package_discovery:discover_packages(ignore) discover
[0.452s] Level 1:colcon.colcon_core.package_discovery:discover_packages(ignore) using defaults
[0.452s] Level 1:colcon.colcon_core.package_discovery:discover_packages(path) discover
[0.452s] Level 1:colcon.colcon_core.package_discovery:discover_packages(path) using defaults
[0.481s] Level 1:colcon.colcon_core.package_discovery:discover_packages(prefix_path) check parameters
[0.481s] Level 1:colcon.colcon_core.package_discovery:discover_packages(prefix_path) discover
[0.486s] DEBUG:colcon.colcon_installed_package_information.package_discovery:Found 3 installed packages in /home/chiv/ros2_ws/install
[0.491s] DEBUG:colcon.colcon_installed_package_information.package_discovery:Found 12 installed packages in /home/chiv/turtlebot3_ws/install
[0.492s] DEBUG:colcon.colcon_installed_package_information.package_discovery:Found 285 installed packages in /opt/ros/humble
[0.493s] Level 1:colcon.colcon_core.package_discovery:discover_packages(prefix_path) using defaults
[0.565s] Level 5:colcon.colcon_core.verb:set package 'flappy_robot_msgs' build argument 'cmake_args' from command line to 'None'
[0.565s] Level 5:colcon.colcon_core.verb:set package 'flappy_robot_msgs' build argument 'cmake_target' from command line to 'None'
[0.565s] Level 5:colcon.colcon_core.verb:set package 'flappy_robot_msgs' build argument 'cmake_target_skip_unavailable' from command line to 'False'
[0.565s] Level 5:colcon.colcon_core.verb:set package 'flappy_robot_msgs' build argument 'cmake_clean_cache' from command line to 'False'
[0.565s] Level 5:colcon.colcon_core.verb:set package 'flappy_robot_msgs' build argument 'cmake_clean_first' from command line to 'False'
[0.565s] Level 5:colcon.colcon_core.verb:set package 'flappy_robot_msgs' build argument 'cmake_force_configure' from command line to 'False'
[0.565s] Level 5:colcon.colcon_core.verb:set package 'flappy_robot_msgs' build argument 'ament_cmake_args' from command line to 'None'
[0.565s] Level 5:colcon.colcon_core.verb:set package 'flappy_robot_msgs' build argument 'catkin_cmake_args' from command line to 'None'
[0.565s] Level 5:colcon.colcon_core.verb:set package 'flappy_robot_msgs' build argument 'catkin_skip_building_tests' from command line to 'False'
[0.565s] DEBUG:colcon.colcon_core.verb:Building package 'flappy_robot_msgs' with the following arguments: {'ament_cmake_args': None, 'build_base': '/home/chiv/ros2_ws/build/flappy_robot_msgs', 'catkin_cmake_args': None, 'catkin_skip_building_tests': False, 'cmake_args': None, 'cmake_clean_cache': False, 'cmake_clean_first': False, 'cmake_force_configure': False, 'cmake_target': None, 'cmake_target_skip_unavailable': False, 'install_base': '/home/chiv/ros2_ws/install/flappy_robot_msgs', 'merge_install': False, 'path': '/home/chiv/ros2_ws/src/flappy_robot_msgs', 'symlink_install': False, 'test_result_base': None}
[0.566s] Level 5:colcon.colcon_core.verb:set package 'two_wheeled_robot' build argument 'cmake_args' from command line to 'None'
[0.566s] Level 5:colcon.colcon_core.verb:set package 'two_wheeled_robot' build argument 'cmake_target' from command line to 'None'
[0.566s] Level 5:colcon.colcon_core.verb:set package 'two_wheeled_robot' build argument 'cmake_target_skip_unavailable' from command line to 'False'
[0.566s] Level 5:colcon.colcon_core.verb:set package 'two_wheeled_robot' build argument 'cmake_clean_cache' from command line to 'False'
[0.566s] Level 5:colcon.colcon_core.verb:set package 'two_wheeled_robot' build argument 'cmake_clean_first' from command line to 'False'
[0.566s] Level 5:colcon.colcon_core.verb:set package 'two_wheeled_robot' build argument 'cmake_force_configure' from command line to 'False'
[0.566s] Level 5:colcon.colcon_core.verb:set package 'two_wheeled_robot' build argument 'ament_cmake_args' from command line to 'None'
[0.566s] Level 5:colcon.colcon_core.verb:set package 'two_wheeled_robot' build argument 'catkin_cmake_args' from command line to 'None'
[0.566s] Level 5:colcon.colcon_core.verb:set package 'two_wheeled_robot' build argument 'catkin_skip_building_tests' from command line to 'False'
[0.566s] DEBUG:colcon.colcon_core.verb:Building package 'two_wheeled_robot' with the following arguments: {'ament_cmake_args': None, 'build_base': '/home/chiv/ros2_ws/build/two_wheeled_robot', 'catkin_cmake_args': None, 'catkin_skip_building_tests': False, 'cmake_args': None, 'cmake_clean_cache': False, 'cmake_clean_first': False, 'cmake_force_configure': False, 'cmake_target': None, 'cmake_target_skip_unavailable': False, 'install_base': '/home/chiv/ros2_ws/install/two_wheeled_robot', 'merge_install': False, 'path': '/home/chiv/ros2_ws/src/two_wheeled_robot', 'symlink_install': False, 'test_result_base': None}
[0.566s] Level 5:colcon.colcon_core.verb:set package 'flappy_robot' build argument 'cmake_args' from command line to 'None'
[0.566s] Level 5:colcon.colcon_core.verb:set package 'flappy_robot' build argument 'cmake_target' from command line to 'None'
[0.566s] Level 5:colcon.colcon_core.verb:set package 'flappy_robot' build argument 'cmake_target_skip_unavailable' from command line to 'False'
[0.566s] Level 5:colcon.colcon_core.verb:set package 'flappy_robot' build argument 'cmake_clean_cache' from command line to 'False'
[0.566s] Level 5:colcon.colcon_core.verb:set package 'flappy_robot' build argument 'cmake_clean_first' from command line to 'False'
[0.566s] Level 5:colcon.colcon_core.verb:set package 'flappy_robot' build argument 'cmake_force_configure' from command line to 'False'
[0.566s] Level 5:colcon.colcon_core.verb:set package 'flappy_robot' build argument 'ament_cmake_args' from command line to 'None'
[0.566s] Level 5:colcon.colcon_core.verb:set package 'flappy_robot' build argument 'catkin_cmake_args' from command line to 'None'
[0.566s] Level 5:colcon.colcon_core.verb:set package 'flappy_robot' build argument 'catkin_skip_building_tests' from command line to 'False'
[0.566s] DEBUG:colcon.colcon_core.verb:Building package 'flappy_robot' with the following arguments: {'ament_cmake_args': None, 'build_base': '/home/chiv/ros2_ws/build/flappy_robot', 'catkin_cmake_args': None, 'catkin_skip_building_tests': False, 'cmake_args': None, 'cmake_clean_cache': False, 'cmake_clean_first': False, 'cmake_force_configure': False, 'cmake_target': None, 'cmake_target_skip_unavailable': False, 'install_base': '/home/chiv/ros2_ws/install/flappy_robot', 'merge_install': False, 'path': '/home/chiv/ros2_ws/src/flappy_robot', 'symlink_install': False, 'test_result_base': None}
[0.566s] INFO:colcon.colcon_core.executor:Executing jobs using 'parallel' executor
[0.567s] DEBUG:colcon.colcon_parallel_executor.executor.parallel:run_until_complete
[0.567s] INFO:colcon.colcon_ros.task.ament_cmake.build:Building ROS package in '/home/chiv/ros2_ws/src/flappy_robot_msgs' with build type 'ament_cmake'
[0.567s] INFO:colcon.colcon_cmake.task.cmake.build:Building CMake package in '/home/chiv/ros2_ws/src/flappy_robot_msgs'
[0.571s] INFO:colcon.colcon_core.plugin_system:Skipping extension 'colcon_core.shell.bat': Not used on non-Windows systems
[0.571s] INFO:colcon.colcon_core.shell:Skip shell extension 'powershell' for command environment: Not usable outside of PowerShell
[0.571s] DEBUG:colcon.colcon_core.shell:Skip shell extension 'dsv' for command environment
[0.574s] INFO:colcon.colcon_ros.task.ament_cmake.build:Building ROS package in '/home/chiv/ros2_ws/src/two_wheeled_robot' with build type 'ament_cmake'
[0.575s] INFO:colcon.colcon_cmake.task.cmake.build:Building CMake package in '/home/chiv/ros2_ws/src/two_wheeled_robot'
[0.575s] INFO:colcon.colcon_core.shell:Skip shell extension 'powershell' for command environment: Not usable outside of PowerShell
[0.575s] DEBUG:colcon.colcon_core.shell:Skip shell extension 'dsv' for command environment
[0.582s] DEBUG:colcon.colcon_core.event_handler.log_command:Invoking command in '/home/chiv/ros2_ws/build/flappy_robot_msgs': CMAKE_PREFIX_PATH=${CMAKE_PREFIX_PATH}:/home/chiv/turtlebot3_ws/install/turtlebot3_teleop:/home/chiv/turtlebot3_ws/install/turtlebot3_example:/home/chiv/ros2_ws/install/flappy_robot:/opt/ros/humble /usr/bin/cmake --build /home/chiv/ros2_ws/build/flappy_robot_msgs -- -j2 -l2
[0.589s] DEBUG:colcon.colcon_core.event_handler.log_command:Invoking command in '/home/chiv/ros2_ws/build/two_wheeled_robot': CMAKE_PREFIX_PATH=${CMAKE_PREFIX_PATH}:/home/chiv/turtlebot3_ws/install/turtlebot3_teleop:/home/chiv/turtlebot3_ws/install/turtlebot3_example:/home/chiv/ros2_ws/install/flappy_robot:/opt/ros/humble /usr/bin/cmake --build /home/chiv/ros2_ws/build/two_wheeled_robot -- -j2 -l2
[0.660s] DEBUG:colcon.colcon_core.event_handler.log_command:Invoked command in '/home/chiv/ros2_ws/build/two_wheeled_robot' returned '0': CMAKE_PREFIX_PATH=${CMAKE_PREFIX_PATH}:/home/chiv/turtlebot3_ws/install/turtlebot3_teleop:/home/chiv/turtlebot3_ws/install/turtlebot3_example:/home/chiv/ros2_ws/install/flappy_robot:/opt/ros/humble /usr/bin/cmake --build /home/chiv/ros2_ws/build/two_wheeled_robot -- -j2 -l2
[0.675s] DEBUG:colcon.colcon_core.event_handler.log_command:Invoking command in '/home/chiv/ros2_ws/build/two_wheeled_robot': CMAKE_PREFIX_PATH=${CMAKE_PREFIX_PATH}:/home/chiv/turtlebot3_ws/install/turtlebot3_teleop:/home/chiv/turtlebot3_ws/install/turtlebot3_example:/home/chiv/ros2_ws/install/flappy_robot:/opt/ros/humble /usr/bin/cmake --install /home/chiv/ros2_ws/build/two_wheeled_robot
[0.689s] Level 1:colcon.colcon_core.environment:create_environment_scripts_only(two_wheeled_robot)
[0.690s] DEBUG:colcon.colcon_core.event_handler.log_command:Invoked command in '/home/chiv/ros2_ws/build/two_wheeled_robot' returned '0': CMAKE_PREFIX_PATH=${CMAKE_PREFIX_PATH}:/home/chiv/turtlebot3_ws/install/turtlebot3_teleop:/home/chiv/turtlebot3_ws/install/turtlebot3_example:/home/chiv/ros2_ws/install/flappy_robot:/opt/ros/humble /usr/bin/cmake --install /home/chiv/ros2_ws/build/two_wheeled_robot
[0.699s] Level 1:colcon.colcon_core.environment:checking '/home/chiv/ros2_ws/install/two_wheeled_robot' for CMake module files
[0.700s] Level 1:colcon.colcon_core.environment:checking '/home/chiv/ros2_ws/install/two_wheeled_robot' for CMake config files
[0.700s] Level 1:colcon.colcon_core.shell:create_environment_hook('two_wheeled_robot', 'cmake_prefix_path')
[0.701s] INFO:colcon.colcon_core.shell:Creating environment hook '/home/chiv/ros2_ws/install/two_wheeled_robot/share/two_wheeled_robot/hook/cmake_prefix_path.ps1'
[0.704s] INFO:colcon.colcon_core.shell:Creating environment descriptor '/home/chiv/ros2_ws/install/two_wheeled_robot/share/two_wheeled_robot/hook/cmake_prefix_path.dsv'
[0.707s] INFO:colcon.colcon_core.shell:Creating environment hook '/home/chiv/ros2_ws/install/two_wheeled_robot/share/two_wheeled_robot/hook/cmake_prefix_path.sh'
[0.709s] Level 1:colcon.colcon_core.environment:checking '/home/chiv/ros2_ws/install/two_wheeled_robot/bin'
[0.709s] Level 1:colcon.colcon_core.environment:checking '/home/chiv/ros2_ws/install/two_wheeled_robot/lib/pkgconfig/two_wheeled_robot.pc'
[0.709s] Level 1:colcon.colcon_core.environment:checking '/home/chiv/ros2_ws/install/two_wheeled_robot/lib/python3.10/site-packages'
[0.709s] Level 1:colcon.colcon_core.environment:checking '/home/chiv/ros2_ws/install/two_wheeled_robot/bin'
[0.709s] INFO:colcon.colcon_core.shell:Creating package script '/home/chiv/ros2_ws/install/two_wheeled_robot/share/two_wheeled_robot/package.ps1'
[0.710s] INFO:colcon.colcon_core.shell:Creating package descriptor '/home/chiv/ros2_ws/install/two_wheeled_robot/share/two_wheeled_robot/package.dsv'
[0.711s] INFO:colcon.colcon_core.shell:Creating package script '/home/chiv/ros2_ws/install/two_wheeled_robot/share/two_wheeled_robot/package.sh'
[0.712s] INFO:colcon.colcon_core.shell:Creating package script '/home/chiv/ros2_ws/install/two_wheeled_robot/share/two_wheeled_robot/package.bash'
[0.713s] INFO:colcon.colcon_core.shell:Creating package script '/home/chiv/ros2_ws/install/two_wheeled_robot/share/two_wheeled_robot/package.zsh'
[0.715s] Level 1:colcon.colcon_core.environment:create_file_with_runtime_dependencies(/home/chiv/ros2_ws/install/two_wheeled_robot/share/colcon-core/packages/two_wheeled_robot)
[0.715s] Level 1:colcon.colcon_core.environment:create_environment_scripts_only(two_wheeled_robot)
[0.715s] Level 1:colcon.colcon_core.environment:checking '/home/chiv/ros2_ws/install/two_wheeled_robot' for CMake module files
[0.715s] Level 1:colcon.colcon_core.environment:checking '/home/chiv/ros2_ws/install/two_wheeled_robot' for CMake config files
[0.716s] Level 1:colcon.colcon_core.shell:create_environment_hook('two_wheeled_robot', 'cmake_prefix_path')
[0.716s] INFO:colcon.colcon_core.shell:Creating environment hook '/home/chiv/ros2_ws/install/two_wheeled_robot/share/two_wheeled_robot/hook/cmake_prefix_path.ps1'
[0.716s] INFO:colcon.colcon_core.shell:Creating environment descriptor '/home/chiv/ros2_ws/install/two_wheeled_robot/share/two_wheeled_robot/hook/cmake_prefix_path.dsv'
[0.721s] INFO:colcon.colcon_core.shell:Creating environment hook '/home/chiv/ros2_ws/install/two_wheeled_robot/share/two_wheeled_robot/hook/cmake_prefix_path.sh'
[0.721s] Level 1:colcon.colcon_core.environment:checking '/home/chiv/ros2_ws/install/two_wheeled_robot/bin'
[0.721s] Level 1:colcon.colcon_core.environment:checking '/home/chiv/ros2_ws/install/two_wheeled_robot/lib/pkgconfig/two_wheeled_robot.pc'
[0.721s] Level 1:colcon.colcon_core.environment:checking '/home/chiv/ros2_ws/install/two_wheeled_robot/lib/python3.10/site-packages'
[0.721s] Level 1:colcon.colcon_core.environment:checking '/home/chiv/ros2_ws/install/two_wheeled_robot/bin'
[0.722s] INFO:colcon.colcon_core.shell:Creating package script '/home/chiv/ros2_ws/install/two_wheeled_robot/share/two_wheeled_robot/package.ps1'
[0.724s] INFO:colcon.colcon_core.shell:Creating package descriptor '/home/chiv/ros2_ws/install/two_wheeled_robot/share/two_wheeled_robot/package.dsv'
[0.725s] INFO:colcon.colcon_core.shell:Creating package script '/home/chiv/ros2_ws/install/two_wheeled_robot/share/two_wheeled_robot/package.sh'
[0.725s] INFO:colcon.colcon_core.shell:Creating package script '/home/chiv/ros2_ws/install/two_wheeled_robot/share/two_wheeled_robot/package.bash'
[0.726s] INFO:colcon.colcon_core.shell:Creating package script '/home/chiv/ros2_ws/install/two_wheeled_robot/share/two_wheeled_robot/package.zsh'
[0.728s] Level 1:colcon.colcon_core.environment:create_file_with_runtime_dependencies(/home/chiv/ros2_ws/install/two_wheeled_robot/share/colcon-core/packages/two_wheeled_robot)
[1.057s] DEBUG:colcon.colcon_core.event_handler.log_command:Invoked command in '/home/chiv/ros2_ws/build/flappy_robot_msgs' returned '0': CMAKE_PREFIX_PATH=${CMAKE_PREFIX_PATH}:/home/chiv/turtlebot3_ws/install/turtlebot3_teleop:/home/chiv/turtlebot3_ws/install/turtlebot3_example:/home/chiv/ros2_ws/install/flappy_robot:/opt/ros/humble /usr/bin/cmake --build /home/chiv/ros2_ws/build/flappy_robot_msgs -- -j2 -l2
[1.060s] DEBUG:colcon.colcon_core.event_handler.log_command:Invoking command in '/home/chiv/ros2_ws/build/flappy_robot_msgs': CMAKE_PREFIX_PATH=${CMAKE_PREFIX_PATH}:/home/chiv/turtlebot3_ws/install/turtlebot3_teleop:/home/chiv/turtlebot3_ws/install/turtlebot3_example:/home/chiv/ros2_ws/install/flappy_robot:/opt/ros/humble /usr/bin/cmake --install /home/chiv/ros2_ws/build/flappy_robot_msgs
[1.123s] Level 1:colcon.colcon_core.environment:create_environment_scripts_only(flappy_robot_msgs)
[1.124s] Level 1:colcon.colcon_core.environment:checking '/home/chiv/ros2_ws/install/flappy_robot_msgs' for CMake module files
[1.124s] Level 1:colcon.colcon_core.environment:checking '/home/chiv/ros2_ws/install/flappy_robot_msgs' for CMake config files
[1.124s] DEBUG:colcon.colcon_core.event_handler.log_command:Invoked command in '/home/chiv/ros2_ws/build/flappy_robot_msgs' returned '0': CMAKE_PREFIX_PATH=${CMAKE_PREFIX_PATH}:/home/chiv/turtlebot3_ws/install/turtlebot3_teleop:/home/chiv/turtlebot3_ws/install/turtlebot3_example:/home/chiv/ros2_ws/install/flappy_robot:/opt/ros/humble /usr/bin/cmake --install /home/chiv/ros2_ws/build/flappy_robot_msgs
[1.125s] Level 1:colcon.colcon_core.shell:create_environment_hook('flappy_robot_msgs', 'cmake_prefix_path')
[1.125s] INFO:colcon.colcon_core.shell:Creating environment hook '/home/chiv/ros2_ws/install/flappy_robot_msgs/share/flappy_robot_msgs/hook/cmake_prefix_path.ps1'
[1.125s] INFO:colcon.colcon_core.shell:Creating environment descriptor '/home/chiv/ros2_ws/install/flappy_robot_msgs/share/flappy_robot_msgs/hook/cmake_prefix_path.dsv'
[1.126s] INFO:colcon.colcon_core.shell:Creating environment hook '/home/chiv/ros2_ws/install/flappy_robot_msgs/share/flappy_robot_msgs/hook/cmake_prefix_path.sh'
[1.126s] Level 1:colcon.colcon_core.environment:checking '/home/chiv/ros2_ws/install/flappy_robot_msgs/lib'
[1.126s] Level 1:colcon.colcon_core.shell:create_environment_hook('flappy_robot_msgs', 'ld_library_path_lib')
[1.126s] INFO:colcon.colcon_core.shell:Creating environment hook '/home/chiv/ros2_ws/install/flappy_robot_msgs/share/flappy_robot_msgs/hook/ld_library_path_lib.ps1'
[1.127s] INFO:colcon.colcon_core.shell:Creating environment descriptor '/home/chiv/ros2_ws/install/flappy_robot_msgs/share/flappy_robot_msgs/hook/ld_library_path_lib.dsv'
[1.127s] INFO:colcon.colcon_core.shell:Creating environment hook '/home/chiv/ros2_ws/install/flappy_robot_msgs/share/flappy_robot_msgs/hook/ld_library_path_lib.sh'
[1.127s] Level 1:colcon.colcon_core.environment:checking '/home/chiv/ros2_ws/install/flappy_robot_msgs/bin'
[1.127s] Level 1:colcon.colcon_core.environment:checking '/home/chiv/ros2_ws/install/flappy_robot_msgs/lib/pkgconfig/flappy_robot_msgs.pc'
[1.128s] Level 1:colcon.colcon_core.environment:checking '/home/chiv/ros2_ws/install/flappy_robot_msgs/lib/python3.10/site-packages'
[1.128s] Level 1:colcon.colcon_core.environment:checking '/home/chiv/ros2_ws/install/flappy_robot_msgs/bin'
[1.128s] INFO:colcon.colcon_core.shell:Creating package script '/home/chiv/ros2_ws/install/flappy_robot_msgs/share/flappy_robot_msgs/package.ps1'
[1.128s] INFO:colcon.colcon_core.shell:Creating package descriptor '/home/chiv/ros2_ws/install/flappy_robot_msgs/share/flappy_robot_msgs/package.dsv'
[1.129s] INFO:colcon.colcon_core.shell:Creating package script '/home/chiv/ros2_ws/install/flappy_robot_msgs/share/flappy_robot_msgs/package.sh'
[1.129s] INFO:colcon.colcon_core.shell:Creating package script '/home/chiv/ros2_ws/install/flappy_robot_msgs/share/flappy_robot_msgs/package.bash'
[1.129s] INFO:colcon.colcon_core.shell:Creating package script '/home/chiv/ros2_ws/install/flappy_robot_msgs/share/flappy_robot_msgs/package.zsh'
[1.130s] Level 1:colcon.colcon_core.environment:create_file_with_runtime_dependencies(/home/chiv/ros2_ws/install/flappy_robot_msgs/share/colcon-core/packages/flappy_robot_msgs)
[1.130s] Level 1:colcon.colcon_core.environment:create_environment_scripts_only(flappy_robot_msgs)
[1.130s] Level 1:colcon.colcon_core.environment:checking '/home/chiv/ros2_ws/install/flappy_robot_msgs' for CMake module files
[1.131s] Level 1:colcon.colcon_core.environment:checking '/home/chiv/ros2_ws/install/flappy_robot_msgs' for CMake config files
[1.131s] Level 1:colcon.colcon_core.shell:create_environment_hook('flappy_robot_msgs', 'cmake_prefix_path')
[1.131s] INFO:colcon.colcon_core.shell:Creating environment hook '/home/chiv/ros2_ws/install/flappy_robot_msgs/share/flappy_robot_msgs/hook/cmake_prefix_path.ps1'
[1.131s] INFO:colcon.colcon_core.shell:Creating environment descriptor '/home/chiv/ros2_ws/install/flappy_robot_msgs/share/flappy_robot_msgs/hook/cmake_prefix_path.dsv'
[1.132s] INFO:colcon.colcon_core.shell:Creating environment hook '/home/chiv/ros2_ws/install/flappy_robot_msgs/share/flappy_robot_msgs/hook/cmake_prefix_path.sh'
[1.132s] Level 1:colcon.colcon_core.environment:checking '/home/chiv/ros2_ws/install/flappy_robot_msgs/lib'
[1.132s] Level 1:colcon.colcon_core.shell:create_environment_hook('flappy_robot_msgs', 'ld_library_path_lib')
[1.132s] INFO:colcon.colcon_core.shell:Creating environment hook '/home/chiv/ros2_ws/install/flappy_robot_msgs/share/flappy_robot_msgs/hook/ld_library_path_lib.ps1'
[1.133s] INFO:colcon.colcon_core.shell:Creating environment descriptor '/home/chiv/ros2_ws/install/flappy_robot_msgs/share/flappy_robot_msgs/hook/ld_library_path_lib.dsv'
[1.133s] INFO:colcon.colcon_core.shell:Creating environment hook '/home/chiv/ros2_ws/install/flappy_robot_msgs/share/flappy_robot_msgs/hook/ld_library_path_lib.sh'
[1.133s] Level 1:colcon.colcon_core.environment:checking '/home/chiv/ros2_ws/install/flappy_robot_msgs/bin'
[1.133s] Level 1:colcon.colcon_core.environment:checking '/home/chiv/ros2_ws/install/flappy_robot_msgs/lib/pkgconfig/flappy_robot_msgs.pc'
[1.134s] Level 1:colcon.colcon_core.environment:checking '/home/chiv/ros2_ws/install/flappy_robot_msgs/lib/python3.10/site-packages'
[1.134s] Level 1:colcon.colcon_core.environment:checking '/home/chiv/ros2_ws/install/flappy_robot_msgs/bin'
[1.134s] INFO:colcon.colcon_core.shell:Creating package script '/home/chiv/ros2_ws/install/flappy_robot_msgs/share/flappy_robot_msgs/package.ps1'
[1.134s] INFO:colcon.colcon_core.shell:Creating package descriptor '/home/chiv/ros2_ws/install/flappy_robot_msgs/share/flappy_robot_msgs/package.dsv'
[1.135s] INFO:colcon.colcon_core.shell:Creating package script '/home/chiv/ros2_ws/install/flappy_robot_msgs/share/flappy_robot_msgs/package.sh'
[1.136s] INFO:colcon.colcon_core.shell:Creating package script '/home/chiv/ros2_ws/install/flappy_robot_msgs/share/flappy_robot_msgs/package.bash'
[1.136s] INFO:colcon.colcon_core.shell:Creating package script '/home/chiv/ros2_ws/install/flappy_robot_msgs/share/flappy_robot_msgs/package.zsh'
[1.136s] Level 1:colcon.colcon_core.environment:create_file_with_runtime_dependencies(/home/chiv/ros2_ws/install/flappy_robot_msgs/share/colcon-core/packages/flappy_robot_msgs)
[1.138s] INFO:colcon.colcon_ros.task.ament_python.build:Building ROS package in '/home/chiv/ros2_ws/src/flappy_robot' with build type 'ament_python'
[1.138s] Level 1:colcon.colcon_core.shell:create_environment_hook('flappy_robot', 'ament_prefix_path')
[1.138s] INFO:colcon.colcon_core.shell:Creating environment hook '/home/chiv/ros2_ws/install/flappy_robot/share/flappy_robot/hook/ament_prefix_path.ps1'
[1.139s] INFO:colcon.colcon_core.shell:Creating environment descriptor '/home/chiv/ros2_ws/install/flappy_robot/share/flappy_robot/hook/ament_prefix_path.dsv'
[1.139s] INFO:colcon.colcon_core.shell:Creating environment hook '/home/chiv/ros2_ws/install/flappy_robot/share/flappy_robot/hook/ament_prefix_path.sh'
[1.141s] INFO:colcon.colcon_core.shell:Skip shell extension 'powershell' for command environment: Not usable outside of PowerShell
[1.141s] DEBUG:colcon.colcon_core.shell:Skip shell extension 'dsv' for command environment
[1.357s] INFO:colcon.colcon_core.task.python.build:Building Python package in '/home/chiv/ros2_ws/src/flappy_robot'
[1.357s] INFO:colcon.colcon_core.shell:Skip shell extension 'powershell' for command environment: Not usable outside of PowerShell
[1.357s] DEBUG:colcon.colcon_core.shell:Skip shell extension 'dsv' for command environment
[1.607s] DEBUG:colcon.colcon_core.event_handler.log_command:Invoking command in '/home/chiv/ros2_ws/src/flappy_robot': CMAKE_PREFIX_PATH=/home/chiv/ros2_ws/install/flappy_robot_msgs:/home/chiv/turtlebot3_ws/install/turtlebot3:/home/chiv/turtlebot3_ws/install/turtlebot3_bringup:/home/chiv/turtlebot3_ws/install/turtlebot3_node:/home/chiv/turtlebot3_ws/install/turtlebot3_navigation2:/home/chiv/turtlebot3_ws/install/turtlebot3_msgs:/home/chiv/turtlebot3_ws/install/turtlebot3_description:/home/chiv/turtlebot3_ws/install/turtlebot3_cartographer:/home/chiv/turtlebot3_ws/install/dynamixel_sdk_examples:/home/chiv/turtlebot3_ws/install/dynamixel_sdk_custom_interfaces:/home/chiv/turtlebot3_ws/install/dynamixel_sdk:/home/chiv/ros2_ws/install/two_wheeled_robot LD_LIBRARY_PATH=/home/chiv/ros2_ws/install/flappy_robot_msgs/lib:/home/chiv/turtlebot3_ws/install/turtlebot3_msgs/lib:/home/chiv/turtlebot3_ws/install/dynamixel_sdk_custom_interfaces/lib:/home/chiv/turtlebot3_ws/install/dynamixel_sdk/lib:/usr/lib/x86_64-linux-gnu/gazebo-11/plugins:/opt/ros/humble/opt/rviz_ogre_vendor/lib:/opt/ros/humble/lib/x86_64-linux-gnu:/opt/ros/humble/lib PYTHONPATH=/home/chiv/ros2_ws/build/flappy_robot/prefix_override:/usr/lib/python3/dist-packages/colcon_core/task/python/colcon_distutils_commands:/home/chiv/ros2_ws/install/flappy_robot/lib/python3.10/site-packages:${PYTHONPATH} /usr/bin/python3 -W ignore:setup.py install is deprecated -W ignore:easy_install command is deprecated setup.py egg_info --egg-base ../../build/flappy_robot build --build-base /home/chiv/ros2_ws/build/flappy_robot/build install --record /home/chiv/ros2_ws/build/flappy_robot/install.log --single-version-externally-managed install_data
[1.783s] Level 1:colcon.colcon_core.environment:checking '/home/chiv/ros2_ws/install/flappy_robot' for CMake module files
[1.783s] DEBUG:colcon.colcon_core.event_handler.log_command:Invoked command in '/home/chiv/ros2_ws/src/flappy_robot' returned '0': CMAKE_PREFIX_PATH=/home/chiv/ros2_ws/install/flappy_robot_msgs:/home/chiv/turtlebot3_ws/install/turtlebot3:/home/chiv/turtlebot3_ws/install/turtlebot3_bringup:/home/chiv/turtlebot3_ws/install/turtlebot3_node:/home/chiv/turtlebot3_ws/install/turtlebot3_navigation2:/home/chiv/turtlebot3_ws/install/turtlebot3_msgs:/home/chiv/turtlebot3_ws/install/turtlebot3_description:/home/chiv/turtlebot3_ws/install/turtlebot3_cartographer:/home/chiv/turtlebot3_ws/install/dynamixel_sdk_examples:/home/chiv/turtlebot3_ws/install/dynamixel_sdk_custom_interfaces:/home/chiv/turtlebot3_ws/install/dynamixel_sdk:/home/chiv/ros2_ws/install/two_wheeled_robot LD_LIBRARY_PATH=/home/chiv/ros2_ws/install/flappy_robot_msgs/lib:/home/chiv/turtlebot3_ws/install/turtlebot3_msgs/lib:/home/chiv/turtlebot3_ws/install/dynamixel_sdk_custom_interfaces/lib:/home/chiv/turtlebot3_ws/install/dynamixel_sdk/lib:/usr/lib/x86_64-linux-gnu/gazebo-11/plugins:/opt/ros/humble/opt/rviz_ogre_vendor/lib:/opt/ros/humble/lib/x86_64-linux-gnu:/opt/ros/humble/lib PYTHONPATH=/home/chiv/ros2_ws/build/flappy_robot/prefix_override:/usr/lib/python3/dist-packages/colcon_core/task/python/colcon_distutils_commands:/home/chiv/ros2_ws/install/flappy_robot/lib/python3.10/site-packages:${PYTHONPATH} /usr/bin/python3 -W ignore:setup.py install is deprecated -W ignore:easy_install command is deprecated setup.py egg_info --egg-base ../../build/flappy_robot build --build-base /home/chiv/ros2_ws/build/flappy_robot/build install --record /home/chiv/ros2_ws/build/flappy_robot/install.log --single-version-externally-managed install_data
[1.784s] Level 1:colcon.colcon_core.environment:checking '/home/chiv/ros2_ws/install/flappy_robot' for CMake config files
[1.786s] Level 1:colcon.colcon_core.environment:checking '/home/chiv/ros2_ws/install/flappy_robot/lib'
[1.786s] Level 1:colcon.colcon_core.environment:checking '/home/chiv/ros2_ws/install/flappy_robot/bin'
[1.786s] Level 1:colcon.colcon_core.environment:checking '/home/chiv/ros2_ws/install/flappy_robot/lib/pkgconfig/flappy_robot.pc'
[1.786s] Level 1:colcon.colcon_core.environment:checking '/home/chiv/ros2_ws/install/flappy_robot/lib/python3.10/site-packages'
[1.786s] Level 1:colcon.colcon_core.shell:create_environment_hook('flappy_robot', 'pythonpath')
[1.786s] INFO:colcon.colcon_core.shell:Creating environment hook '/home/chiv/ros2_ws/install/flappy_robot/share/flappy_robot/hook/pythonpath.ps1'
[1.786s] INFO:colcon.colcon_core.shell:Creating environment descriptor '/home/chiv/ros2_ws/install/flappy_robot/share/flappy_robot/hook/pythonpath.dsv'
[1.787s] INFO:colcon.colcon_core.shell:Creating environment hook '/home/chiv/ros2_ws/install/flappy_robot/share/flappy_robot/hook/pythonpath.sh'
[1.787s] Level 1:colcon.colcon_core.environment:checking '/home/chiv/ros2_ws/install/flappy_robot/bin'
[1.787s] Level 1:colcon.colcon_core.environment:create_environment_scripts_only(flappy_robot)
[1.787s] INFO:colcon.colcon_core.shell:Creating package script '/home/chiv/ros2_ws/install/flappy_robot/share/flappy_robot/package.ps1'
[1.788s] INFO:colcon.colcon_core.shell:Creating package descriptor '/home/chiv/ros2_ws/install/flappy_robot/share/flappy_robot/package.dsv'
[1.788s] INFO:colcon.colcon_core.shell:Creating package script '/home/chiv/ros2_ws/install/flappy_robot/share/flappy_robot/package.sh'
[1.789s] INFO:colcon.colcon_core.shell:Creating package script '/home/chiv/ros2_ws/install/flappy_robot/share/flappy_robot/package.bash'
[1.789s] INFO:colcon.colcon_core.shell:Creating package script '/home/chiv/ros2_ws/install/flappy_robot/share/flappy_robot/package.zsh'
[1.789s] Level 1:colcon.colcon_core.environment:create_file_with_runtime_dependencies(/home/chiv/ros2_ws/install/flappy_robot/share/colcon-core/packages/flappy_robot)
[1.790s] DEBUG:colcon.colcon_parallel_executor.executor.parallel:closing loop
[1.790s] DEBUG:colcon.colcon_parallel_executor.executor.parallel:loop closed
[1.790s] DEBUG:colcon.colcon_parallel_executor.executor.parallel:run_until_complete finished with '0'
[1.790s] DEBUG:colcon.colcon_core.event_reactor:joining thread
[1.797s] INFO:colcon.colcon_core.plugin_system:Skipping extension 'colcon_notification.desktop_notification.terminal_notifier': Not used on non-Darwin systems
[1.797s] INFO:colcon.colcon_core.plugin_system:Skipping extension 'colcon_notification.desktop_notification.win32': Not used on non-Windows systems
[1.797s] INFO:colcon.colcon_notification.desktop_notification:Sending desktop notification using 'notify2'
[1.813s] DEBUG:colcon.colcon_core.event_reactor:joined thread
[1.813s] INFO:colcon.colcon_core.shell:Creating prefix script '/home/chiv/ros2_ws/install/local_setup.ps1'
[1.815s] INFO:colcon.colcon_core.shell:Creating prefix util module '/home/chiv/ros2_ws/install/_local_setup_util_ps1.py'
[1.818s] INFO:colcon.colcon_core.shell:Creating prefix chain script '/home/chiv/ros2_ws/install/setup.ps1'
[1.819s] INFO:colcon.colcon_core.shell:Creating prefix script '/home/chiv/ros2_ws/install/local_setup.sh'
[1.820s] INFO:colcon.colcon_core.shell:Creating prefix util module '/home/chiv/ros2_ws/install/_local_setup_util_sh.py'
[1.821s] INFO:colcon.colcon_core.shell:Creating prefix chain script '/home/chiv/ros2_ws/install/setup.sh'
[1.822s] INFO:colcon.colcon_core.shell:Creating prefix script '/home/chiv/ros2_ws/install/local_setup.bash'
[1.823s] INFO:colcon.colcon_core.shell:Creating prefix chain script '/home/chiv/ros2_ws/install/setup.bash'
[1.824s] INFO:colcon.colcon_core.shell:Creating prefix script '/home/chiv/ros2_ws/install/local_setup.zsh'
[1.825s] INFO:colcon.colcon_core.shell:Creating prefix chain script '/home/chiv/ros2_ws/install/setup.zsh'
