[0.013s] Invoking command in '/home/lyda/ros2_ws/build/flappy_robot_msgs': CMAKE_PREFIX_PATH=${CMAKE_PREFIX_PATH}:/home/lyda/dev_ws/install/my_package_py:/home/lyda/ros2_ws/install/flappy_robot:/opt/ros/humble /usr/bin/cmake /home/lyda/ros2_ws/src/flappy_robot_msgs -DCMAKE_INSTALL_PREFIX=/home/lyda/ros2_ws/install/flappy_robot_msgs
[0.138s] -- The C compiler identification is GNU 11.4.0
[0.230s] -- The CXX compiler identification is GNU 11.4.0
[0.242s] -- Detecting C compiler ABI info
[0.298s] -- Detecting C compiler ABI info - done
[0.302s] -- Check for working C compiler: /usr/bin/cc - skipped
[0.303s] -- Detecting C compile features
[0.303s] -- Detecting C compile features - done
[0.307s] -- Detecting CXX compiler ABI info
[0.360s] -- Detecting CXX compiler ABI info - done
[0.365s] -- Check for working CXX compiler: /usr/bin/c++ - skipped
[0.365s] -- Detecting CXX compile features
[0.365s] -- Detecting CXX compile features - done
[0.372s] -- Found ament_cmake: 1.3.14 (/opt/ros/humble/share/ament_cmake/cmake)
[0.468s] -- Found Python3: /usr/bin/python3 (found version "3.10.12") found components: Interpreter 
[0.549s] -- Found rosidl_default_generators: 1.2.1 (/opt/ros/humble/share/rosidl_default_generators/cmake)
[0.555s] -- Using all available rosidl_typesupport_c: rosidl_typesupport_fastrtps_c;rosidl_typesupport_introspection_c
[0.562s] -- Found rosidl_adapter: 3.1.8 (/opt/ros/humble/share/rosidl_adapter/cmake)
[0.613s] -- Using all available rosidl_typesupport_cpp: rosidl_typesupport_fastrtps_cpp;rosidl_typesupport_introspection_cpp
[0.799s] -- Found ament_cmake_ros: 0.10.0 (/opt/ros/humble/share/ament_cmake_ros/cmake)
[0.914s] -- Using all available rosidl_typesupport_c: rosidl_typesupport_fastrtps_c;rosidl_typesupport_introspection_c
[1.052s] -- Using all available rosidl_typesupport_cpp: rosidl_typesupport_fastrtps_cpp;rosidl_typesupport_introspection_cpp
[1.066s] -- Found PythonInterp: /usr/bin/python3 (found suitable version "3.10.12", minimum required is "3.6") 
[1.068s] -- Found python_cmake_module: 0.10.0 (/opt/ros/humble/share/python_cmake_module/cmake)
[1.085s] -- Found PythonLibs: /usr/lib/x86_64-linux-gnu/libpython3.10.so (found suitable version "3.10.12", minimum required is "3.5") 
[1.085s] -- Using PYTHON_EXECUTABLE: /usr/bin/python3
[1.085s] -- Using PYTHON_INCLUDE_DIRS: /usr/include/python3.10
[1.085s] -- Using PYTHON_LIBRARIES: /usr/lib/x86_64-linux-gnu/libpython3.10.so
[1.096s] -- Found PythonExtra: .so  
[1.160s] -- Configuring done
[1.176s] -- Generating done
[1.182s] -- Build files have been written to: /home/lyda/ros2_ws/build/flappy_robot_msgs
[1.189s] Invoked command in '/home/lyda/ros2_ws/build/flappy_robot_msgs' returned '0': CMAKE_PREFIX_PATH=${CMAKE_PREFIX_PATH}:/home/lyda/dev_ws/install/my_package_py:/home/lyda/ros2_ws/install/flappy_robot:/opt/ros/humble /usr/bin/cmake /home/lyda/ros2_ws/src/flappy_robot_msgs -DCMAKE_INSTALL_PREFIX=/home/lyda/ros2_ws/install/flappy_robot_msgs
[1.190s] Invoking command in '/home/lyda/ros2_ws/build/flappy_robot_msgs': CMAKE_PREFIX_PATH=${CMAKE_PREFIX_PATH}:/home/lyda/dev_ws/install/my_package_py:/home/lyda/ros2_ws/install/flappy_robot:/opt/ros/humble /usr/bin/cmake --build /home/lyda/ros2_ws/build/flappy_robot_msgs -- -j4 -l4
[1.218s] [  3%] [34m[1mGenerating C code for ROS interfaces[0m
[1.226s] [  6%] [34m[1mGenerating C++ code for ROS interfaces[0m
[1.226s] [  9%] [34m[1mGenerating Rust code for ROS interfaces[0m
[1.233s] [  9%] Built target ament_cmake_python_copy_flappy_robot_msgs
[1.377s] [  9%] Built target flappy_robot_msgs__rs
[1.386s] [  9%] Built target flappy_robot_msgs__cpp
[1.392s] running egg_info
[1.392s] creating flappy_robot_msgs.egg-info
[1.392s] writing flappy_robot_msgs.egg-info/PKG-INFO
[1.392s] writing dependency_links to flappy_robot_msgs.egg-info/dependency_links.txt
[1.392s] writing top-level names to flappy_robot_msgs.egg-info/top_level.txt
[1.392s] writing manifest file 'flappy_robot_msgs.egg-info/SOURCES.txt'
[1.395s] [ 12%] [34m[1mGenerating C++ introspection for ROS interfaces[0m
[1.396s] [ 15%] [34m[1mGenerating C++ type support dispatch for ROS interfaces[0m
[1.399s] reading manifest file 'flappy_robot_msgs.egg-info/SOURCES.txt'
[1.399s] writing manifest file 'flappy_robot_msgs.egg-info/SOURCES.txt'
[1.403s] [ 18%] [32mBuilding C object CMakeFiles/flappy_robot_msgs__rosidl_generator_c.dir/rosidl_generator_c/flappy_robot_msgs/msg/detail/flappy_status__functions.c.o[0m
[1.418s] [ 18%] Built target ament_cmake_python_build_flappy_robot_msgs_egg
[1.427s] [ 21%] [34m[1mGenerating C++ type support for eProsima Fast-RTPS[0m
[1.489s] [ 25%] [32m[1mLinking C shared library libflappy_robot_msgs__rosidl_generator_c.so[0m
[1.512s] [ 28%] [32mBuilding CXX object CMakeFiles/flappy_robot_msgs__rosidl_typesupport_cpp.dir/rosidl_typesupport_cpp/flappy_robot_msgs/msg/flappy_status__type_support.cpp.o[0m
[1.527s] [ 28%] Built target flappy_robot_msgs__rosidl_generator_c
[1.534s] [ 31%] [34m[1mGenerating C type support for eProsima Fast-RTPS[0m
[1.534s] [ 34%] [32mBuilding CXX object CMakeFiles/flappy_robot_msgs__rosidl_typesupport_introspection_cpp.dir/rosidl_typesupport_introspection_cpp/flappy_robot_msgs/msg/detail/flappy_status__type_support.cpp.o[0m
[1.581s] [ 37%] [32mBuilding CXX object CMakeFiles/flappy_robot_msgs__rosidl_typesupport_fastrtps_cpp.dir/rosidl_typesupport_fastrtps_cpp/flappy_robot_msgs/msg/detail/dds_fastrtps/flappy_status__type_support.cpp.o[0m
[1.663s] [ 40%] [32mBuilding CXX object CMakeFiles/flappy_robot_msgs__rosidl_typesupport_fastrtps_c.dir/rosidl_typesupport_fastrtps_c/flappy_robot_msgs/msg/detail/flappy_status__type_support_c.cpp.o[0m
[1.822s] [ 43%] [32m[1mLinking CXX shared library libflappy_robot_msgs__rosidl_typesupport_cpp.so[0m
[1.854s] [ 43%] Built target flappy_robot_msgs__rosidl_typesupport_cpp
[1.862s] [ 46%] [34m[1mGenerating C type support dispatch for ROS interfaces[0m
[1.952s] [ 50%] [32m[1mLinking CXX shared library libflappy_robot_msgs__rosidl_typesupport_fastrtps_c.so[0m
[1.978s] [ 53%] [32mBuilding CXX object CMakeFiles/flappy_robot_msgs__rosidl_typesupport_c.dir/rosidl_typesupport_c/flappy_robot_msgs/msg/flappy_status__type_support.cpp.o[0m
[1.980s] [ 56%] [32m[1mLinking CXX shared library libflappy_robot_msgs__rosidl_typesupport_introspection_cpp.so[0m
[2.007s] [ 59%] [32m[1mLinking CXX shared library libflappy_robot_msgs__rosidl_typesupport_c.so[0m
[2.012s] [ 59%] Built target flappy_robot_msgs__rosidl_typesupport_fastrtps_c
[2.023s] [ 62%] [34m[1mGenerating C introspection for ROS interfaces[0m
[2.046s] [ 62%] Built target flappy_robot_msgs__rosidl_typesupport_c
[2.046s] [ 62%] Built target flappy_robot_msgs__rosidl_typesupport_introspection_cpp
[2.049s] [ 65%] [32m[1mLinking CXX shared library libflappy_robot_msgs__rosidl_typesupport_fastrtps_cpp.so[0m
[2.095s] [ 65%] Built target flappy_robot_msgs__rosidl_typesupport_fastrtps_cpp
[2.145s] [ 68%] [32mBuilding C object CMakeFiles/flappy_robot_msgs__rosidl_typesupport_introspection_c.dir/rosidl_typesupport_introspection_c/flappy_robot_msgs/msg/detail/flappy_status__type_support.c.o[0m
[2.170s] [ 71%] [32m[1mLinking C shared library libflappy_robot_msgs__rosidl_typesupport_introspection_c.so[0m
[2.191s] [ 71%] Built target flappy_robot_msgs__rosidl_typesupport_introspection_c
[2.205s] [ 71%] Built target flappy_robot_msgs
[2.220s] [ 75%] [34m[1mGenerating Python code for ROS interfaces[0m
[2.371s] [ 75%] Built target flappy_robot_msgs__py
[2.386s] [ 78%] [32mBuilding C object CMakeFiles/flappy_robot_msgs__rosidl_generator_py.dir/rosidl_generator_py/flappy_robot_msgs/msg/_flappy_status_s.c.o[0m
[2.497s] [ 81%] [32m[1mLinking C shared library rosidl_generator_py/flappy_robot_msgs/libflappy_robot_msgs__rosidl_generator_py.so[0m
[2.527s] [ 81%] Built target flappy_robot_msgs__rosidl_generator_py
[2.543s] [ 84%] [32mBuilding C object CMakeFiles/flappy_robot_msgs__rosidl_typesupport_introspection_c__pyext.dir/rosidl_generator_py/flappy_robot_msgs/_flappy_robot_msgs_s.ep.rosidl_typesupport_introspection_c.c.o[0m
[2.544s] [ 87%] [32mBuilding C object CMakeFiles/flappy_robot_msgs__rosidl_typesupport_fastrtps_c__pyext.dir/rosidl_generator_py/flappy_robot_msgs/_flappy_robot_msgs_s.ep.rosidl_typesupport_fastrtps_c.c.o[0m
[2.544s] [ 90%] [32mBuilding C object CMakeFiles/flappy_robot_msgs__rosidl_typesupport_c__pyext.dir/rosidl_generator_py/flappy_robot_msgs/_flappy_robot_msgs_s.ep.rosidl_typesupport_c.c.o[0m
[2.597s] [ 93%] [32m[1mLinking C shared library rosidl_generator_py/flappy_robot_msgs/flappy_robot_msgs_s__rosidl_typesupport_c.cpython-310-x86_64-linux-gnu.so[0m
[2.597s] [ 96%] [32m[1mLinking C shared library rosidl_generator_py/flappy_robot_msgs/flappy_robot_msgs_s__rosidl_typesupport_fastrtps_c.cpython-310-x86_64-linux-gnu.so[0m
[2.598s] [100%] [32m[1mLinking C shared library rosidl_generator_py/flappy_robot_msgs/flappy_robot_msgs_s__rosidl_typesupport_introspection_c.cpython-310-x86_64-linux-gnu.so[0m
[2.624s] [100%] Built target flappy_robot_msgs__rosidl_typesupport_introspection_c__pyext
[2.624s] [100%] Built target flappy_robot_msgs__rosidl_typesupport_c__pyext
[2.624s] [100%] Built target flappy_robot_msgs__rosidl_typesupport_fastrtps_c__pyext
[2.632s] Invoked command in '/home/lyda/ros2_ws/build/flappy_robot_msgs' returned '0': CMAKE_PREFIX_PATH=${CMAKE_PREFIX_PATH}:/home/lyda/dev_ws/install/my_package_py:/home/lyda/ros2_ws/install/flappy_robot:/opt/ros/humble /usr/bin/cmake --build /home/lyda/ros2_ws/build/flappy_robot_msgs -- -j4 -l4
[2.633s] Invoking command in '/home/lyda/ros2_ws/build/flappy_robot_msgs': CMAKE_PREFIX_PATH=${CMAKE_PREFIX_PATH}:/home/lyda/dev_ws/install/my_package_py:/home/lyda/ros2_ws/install/flappy_robot:/opt/ros/humble /usr/bin/cmake --install /home/lyda/ros2_ws/build/flappy_robot_msgs
[2.638s] -- Install configuration: ""
[2.638s] -- Installing: /home/lyda/ros2_ws/install/flappy_robot_msgs/share/ament_index/resource_index/rosidl_interfaces/flappy_robot_msgs
[2.638s] -- Installing: /home/lyda/ros2_ws/install/flappy_robot_msgs/include/flappy_robot_msgs/flappy_robot_msgs
[2.638s] -- Installing: /home/lyda/ros2_ws/install/flappy_robot_msgs/include/flappy_robot_msgs/flappy_robot_msgs/msg
[2.638s] -- Installing: /home/lyda/ros2_ws/install/flappy_robot_msgs/include/flappy_robot_msgs/flappy_robot_msgs/msg/flappy_status.h
[2.638s] -- Installing: /home/lyda/ros2_ws/install/flappy_robot_msgs/include/flappy_robot_msgs/flappy_robot_msgs/msg/detail
[2.638s] -- Installing: /home/lyda/ros2_ws/install/flappy_robot_msgs/include/flappy_robot_msgs/flappy_robot_msgs/msg/detail/flappy_status__functions.h
[2.638s] -- Installing: /home/lyda/ros2_ws/install/flappy_robot_msgs/include/flappy_robot_msgs/flappy_robot_msgs/msg/detail/flappy_status__functions.c
[2.639s] -- Installing: /home/lyda/ros2_ws/install/flappy_robot_msgs/include/flappy_robot_msgs/flappy_robot_msgs/msg/detail/flappy_status__struct.h
[2.639s] -- Installing: /home/lyda/ros2_ws/install/flappy_robot_msgs/include/flappy_robot_msgs/flappy_robot_msgs/msg/detail/flappy_status__type_support.h
[2.639s] -- Installing: /home/lyda/ros2_ws/install/flappy_robot_msgs/include/flappy_robot_msgs/flappy_robot_msgs/msg/rosidl_generator_c__visibility_control.h
[2.639s] -- Installing: /home/lyda/ros2_ws/install/flappy_robot_msgs/share/flappy_robot_msgs/environment/library_path.sh
[2.639s] -- Installing: /home/lyda/ros2_ws/install/flappy_robot_msgs/share/flappy_robot_msgs/environment/library_path.dsv
[2.639s] -- Installing: /home/lyda/ros2_ws/install/flappy_robot_msgs/lib/libflappy_robot_msgs__rosidl_generator_c.so
[2.639s] -- Set runtime path of "/home/lyda/ros2_ws/install/flappy_robot_msgs/lib/libflappy_robot_msgs__rosidl_generator_c.so" to ""
[2.639s] -- Up-to-date: /home/lyda/ros2_ws/install/flappy_robot_msgs/include/flappy_robot_msgs/flappy_robot_msgs
[2.639s] -- Up-to-date: /home/lyda/ros2_ws/install/flappy_robot_msgs/include/flappy_robot_msgs/flappy_robot_msgs/msg
[2.639s] -- Up-to-date: /home/lyda/ros2_ws/install/flappy_robot_msgs/include/flappy_robot_msgs/flappy_robot_msgs/msg/detail
[2.639s] -- Installing: /home/lyda/ros2_ws/install/flappy_robot_msgs/include/flappy_robot_msgs/flappy_robot_msgs/msg/detail/flappy_status__rosidl_typesupport_fastrtps_c.h
[2.639s] -- Installing: /home/lyda/ros2_ws/install/flappy_robot_msgs/include/flappy_robot_msgs/flappy_robot_msgs/msg/rosidl_typesupport_fastrtps_c__visibility_control.h
[2.641s] -- Installing: /home/lyda/ros2_ws/install/flappy_robot_msgs/lib/libflappy_robot_msgs__rosidl_typesupport_fastrtps_c.so
[2.641s] -- Set runtime path of "/home/lyda/ros2_ws/install/flappy_robot_msgs/lib/libflappy_robot_msgs__rosidl_typesupport_fastrtps_c.so" to ""
[2.641s] -- Up-to-date: /home/lyda/ros2_ws/install/flappy_robot_msgs/include/flappy_robot_msgs/flappy_robot_msgs
[2.641s] -- Up-to-date: /home/lyda/ros2_ws/install/flappy_robot_msgs/include/flappy_robot_msgs/flappy_robot_msgs/msg
[2.641s] -- Up-to-date: /home/lyda/ros2_ws/install/flappy_robot_msgs/include/flappy_robot_msgs/flappy_robot_msgs/msg/detail
[2.641s] -- Installing: /home/lyda/ros2_ws/install/flappy_robot_msgs/include/flappy_robot_msgs/flappy_robot_msgs/msg/detail/flappy_status__rosidl_typesupport_introspection_c.h
[2.641s] -- Installing: /home/lyda/ros2_ws/install/flappy_robot_msgs/include/flappy_robot_msgs/flappy_robot_msgs/msg/detail/flappy_status__type_support.c
[2.641s] -- Installing: /home/lyda/ros2_ws/install/flappy_robot_msgs/include/flappy_robot_msgs/flappy_robot_msgs/msg/rosidl_typesupport_introspection_c__visibility_control.h
[2.641s] -- Installing: /home/lyda/ros2_ws/install/flappy_robot_msgs/lib/libflappy_robot_msgs__rosidl_typesupport_introspection_c.so
[2.641s] -- Set runtime path of "/home/lyda/ros2_ws/install/flappy_robot_msgs/lib/libflappy_robot_msgs__rosidl_typesupport_introspection_c.so" to ""
[2.641s] -- Installing: /home/lyda/ros2_ws/install/flappy_robot_msgs/lib/libflappy_robot_msgs__rosidl_typesupport_c.so
[2.642s] -- Set runtime path of "/home/lyda/ros2_ws/install/flappy_robot_msgs/lib/libflappy_robot_msgs__rosidl_typesupport_c.so" to ""
[2.642s] -- Up-to-date: /home/lyda/ros2_ws/install/flappy_robot_msgs/include/flappy_robot_msgs/flappy_robot_msgs
[2.642s] -- Up-to-date: /home/lyda/ros2_ws/install/flappy_robot_msgs/include/flappy_robot_msgs/flappy_robot_msgs/msg
[2.642s] -- Installing: /home/lyda/ros2_ws/install/flappy_robot_msgs/include/flappy_robot_msgs/flappy_robot_msgs/msg/rosidl_generator_cpp__visibility_control.hpp
[2.642s] -- Up-to-date: /home/lyda/ros2_ws/install/flappy_robot_msgs/include/flappy_robot_msgs/flappy_robot_msgs/msg/detail
[2.642s] -- Installing: /home/lyda/ros2_ws/install/flappy_robot_msgs/include/flappy_robot_msgs/flappy_robot_msgs/msg/detail/flappy_status__traits.hpp
[2.642s] -- Installing: /home/lyda/ros2_ws/install/flappy_robot_msgs/include/flappy_robot_msgs/flappy_robot_msgs/msg/detail/flappy_status__struct.hpp
[2.642s] -- Installing: /home/lyda/ros2_ws/install/flappy_robot_msgs/include/flappy_robot_msgs/flappy_robot_msgs/msg/detail/flappy_status__builder.hpp
[2.642s] -- Installing: /home/lyda/ros2_ws/install/flappy_robot_msgs/include/flappy_robot_msgs/flappy_robot_msgs/msg/detail/flappy_status__type_support.hpp
[2.642s] -- Installing: /home/lyda/ros2_ws/install/flappy_robot_msgs/include/flappy_robot_msgs/flappy_robot_msgs/msg/flappy_status.hpp
[2.642s] -- Up-to-date: /home/lyda/ros2_ws/install/flappy_robot_msgs/include/flappy_robot_msgs/flappy_robot_msgs
[2.642s] -- Up-to-date: /home/lyda/ros2_ws/install/flappy_robot_msgs/include/flappy_robot_msgs/flappy_robot_msgs/msg
[2.642s] -- Up-to-date: /home/lyda/ros2_ws/install/flappy_robot_msgs/include/flappy_robot_msgs/flappy_robot_msgs/msg/detail
[2.642s] -- Installing: /home/lyda/ros2_ws/install/flappy_robot_msgs/include/flappy_robot_msgs/flappy_robot_msgs/msg/detail/flappy_status__rosidl_typesupport_fastrtps_cpp.hpp
[2.642s] -- Installing: /home/lyda/ros2_ws/install/flappy_robot_msgs/include/flappy_robot_msgs/flappy_robot_msgs/msg/detail/dds_fastrtps
[2.642s] -- Installing: /home/lyda/ros2_ws/install/flappy_robot_msgs/include/flappy_robot_msgs/flappy_robot_msgs/msg/rosidl_typesupport_fastrtps_cpp__visibility_control.h
[2.642s] -- Installing: /home/lyda/ros2_ws/install/flappy_robot_msgs/lib/libflappy_robot_msgs__rosidl_typesupport_fastrtps_cpp.so
[2.642s] -- Set runtime path of "/home/lyda/ros2_ws/install/flappy_robot_msgs/lib/libflappy_robot_msgs__rosidl_typesupport_fastrtps_cpp.so" to ""
[2.643s] -- Up-to-date: /home/lyda/ros2_ws/install/flappy_robot_msgs/include/flappy_robot_msgs/flappy_robot_msgs
[2.643s] -- Up-to-date: /home/lyda/ros2_ws/install/flappy_robot_msgs/include/flappy_robot_msgs/flappy_robot_msgs/msg
[2.643s] -- Up-to-date: /home/lyda/ros2_ws/install/flappy_robot_msgs/include/flappy_robot_msgs/flappy_robot_msgs/msg/detail
[2.643s] -- Installing: /home/lyda/ros2_ws/install/flappy_robot_msgs/include/flappy_robot_msgs/flappy_robot_msgs/msg/detail/flappy_status__type_support.cpp
[2.643s] -- Installing: /home/lyda/ros2_ws/install/flappy_robot_msgs/include/flappy_robot_msgs/flappy_robot_msgs/msg/detail/flappy_status__rosidl_typesupport_introspection_cpp.hpp
[2.643s] -- Installing: /home/lyda/ros2_ws/install/flappy_robot_msgs/lib/libflappy_robot_msgs__rosidl_typesupport_introspection_cpp.so
[2.643s] -- Set runtime path of "/home/lyda/ros2_ws/install/flappy_robot_msgs/lib/libflappy_robot_msgs__rosidl_typesupport_introspection_cpp.so" to ""
[2.643s] -- Installing: /home/lyda/ros2_ws/install/flappy_robot_msgs/lib/libflappy_robot_msgs__rosidl_typesupport_cpp.so
[2.643s] -- Set runtime path of "/home/lyda/ros2_ws/install/flappy_robot_msgs/lib/libflappy_robot_msgs__rosidl_typesupport_cpp.so" to ""
[2.643s] -- Installing: /home/lyda/ros2_ws/install/flappy_robot_msgs/share/flappy_robot_msgs/environment/pythonpath.sh
[2.643s] -- Installing: /home/lyda/ros2_ws/install/flappy_robot_msgs/share/flappy_robot_msgs/environment/pythonpath.dsv
[2.643s] -- Installing: /home/lyda/ros2_ws/install/flappy_robot_msgs/local/lib/python3.10/dist-packages/flappy_robot_msgs-0.0.1-py3.10.egg-info
[2.643s] -- Installing: /home/lyda/ros2_ws/install/flappy_robot_msgs/local/lib/python3.10/dist-packages/flappy_robot_msgs-0.0.1-py3.10.egg-info/dependency_links.txt
[2.644s] -- Installing: /home/lyda/ros2_ws/install/flappy_robot_msgs/local/lib/python3.10/dist-packages/flappy_robot_msgs-0.0.1-py3.10.egg-info/PKG-INFO
[2.644s] -- Installing: /home/lyda/ros2_ws/install/flappy_robot_msgs/local/lib/python3.10/dist-packages/flappy_robot_msgs-0.0.1-py3.10.egg-info/SOURCES.txt
[2.644s] -- Installing: /home/lyda/ros2_ws/install/flappy_robot_msgs/local/lib/python3.10/dist-packages/flappy_robot_msgs-0.0.1-py3.10.egg-info/top_level.txt
[2.644s] -- Installing: /home/lyda/ros2_ws/install/flappy_robot_msgs/local/lib/python3.10/dist-packages/flappy_robot_msgs
[2.644s] -- Installing: /home/lyda/ros2_ws/install/flappy_robot_msgs/local/lib/python3.10/dist-packages/flappy_robot_msgs/flappy_robot_msgs_s__rosidl_typesupport_fastrtps_c.cpython-310-x86_64-linux-gnu.so
[2.644s] -- Installing: /home/lyda/ros2_ws/install/flappy_robot_msgs/local/lib/python3.10/dist-packages/flappy_robot_msgs/flappy_robot_msgs_s__rosidl_typesupport_introspection_c.cpython-310-x86_64-linux-gnu.so
[2.644s] -- Installing: /home/lyda/ros2_ws/install/flappy_robot_msgs/local/lib/python3.10/dist-packages/flappy_robot_msgs/libflappy_robot_msgs__rosidl_generator_py.so
[2.644s] -- Installing: /home/lyda/ros2_ws/install/flappy_robot_msgs/local/lib/python3.10/dist-packages/flappy_robot_msgs/msg
[2.644s] -- Installing: /home/lyda/ros2_ws/install/flappy_robot_msgs/local/lib/python3.10/dist-packages/flappy_robot_msgs/msg/_flappy_status_s.c
[2.644s] -- Installing: /home/lyda/ros2_ws/install/flappy_robot_msgs/local/lib/python3.10/dist-packages/flappy_robot_msgs/msg/_flappy_status.py
[2.644s] -- Installing: /home/lyda/ros2_ws/install/flappy_robot_msgs/local/lib/python3.10/dist-packages/flappy_robot_msgs/msg/__init__.py
[2.644s] -- Installing: /home/lyda/ros2_ws/install/flappy_robot_msgs/local/lib/python3.10/dist-packages/flappy_robot_msgs/flappy_robot_msgs_s__rosidl_typesupport_c.cpython-310-x86_64-linux-gnu.so
[2.644s] -- Installing: /home/lyda/ros2_ws/install/flappy_robot_msgs/local/lib/python3.10/dist-packages/flappy_robot_msgs/_flappy_robot_msgs_s.ep.rosidl_typesupport_c.c
[2.644s] -- Installing: /home/lyda/ros2_ws/install/flappy_robot_msgs/local/lib/python3.10/dist-packages/flappy_robot_msgs/__init__.py
[2.644s] -- Installing: /home/lyda/ros2_ws/install/flappy_robot_msgs/local/lib/python3.10/dist-packages/flappy_robot_msgs/_flappy_robot_msgs_s.ep.rosidl_typesupport_introspection_c.c
[2.644s] -- Installing: /home/lyda/ros2_ws/install/flappy_robot_msgs/local/lib/python3.10/dist-packages/flappy_robot_msgs/_flappy_robot_msgs_s.ep.rosidl_typesupport_fastrtps_c.c
[2.669s] Listing '/home/lyda/ros2_ws/install/flappy_robot_msgs/local/lib/python3.10/dist-packages/flappy_robot_msgs'...
[2.669s] Compiling '/home/lyda/ros2_ws/install/flappy_robot_msgs/local/lib/python3.10/dist-packages/flappy_robot_msgs/__init__.py'...
[2.669s] Listing '/home/lyda/ros2_ws/install/flappy_robot_msgs/local/lib/python3.10/dist-packages/flappy_robot_msgs/msg'...
[2.669s] Compiling '/home/lyda/ros2_ws/install/flappy_robot_msgs/local/lib/python3.10/dist-packages/flappy_robot_msgs/msg/__init__.py'...
[2.669s] Compiling '/home/lyda/ros2_ws/install/flappy_robot_msgs/local/lib/python3.10/dist-packages/flappy_robot_msgs/msg/_flappy_status.py'...
[2.669s] -- Installing: /home/lyda/ros2_ws/install/flappy_robot_msgs/local/lib/python3.10/dist-packages/flappy_robot_msgs/flappy_robot_msgs_s__rosidl_typesupport_fastrtps_c.cpython-310-x86_64-linux-gnu.so
[2.669s] -- Set runtime path of "/home/lyda/ros2_ws/install/flappy_robot_msgs/local/lib/python3.10/dist-packages/flappy_robot_msgs/flappy_robot_msgs_s__rosidl_typesupport_fastrtps_c.cpython-310-x86_64-linux-gnu.so" to ""
[2.669s] -- Installing: /home/lyda/ros2_ws/install/flappy_robot_msgs/local/lib/python3.10/dist-packages/flappy_robot_msgs/flappy_robot_msgs_s__rosidl_typesupport_introspection_c.cpython-310-x86_64-linux-gnu.so
[2.669s] -- Set runtime path of "/home/lyda/ros2_ws/install/flappy_robot_msgs/local/lib/python3.10/dist-packages/flappy_robot_msgs/flappy_robot_msgs_s__rosidl_typesupport_introspection_c.cpython-310-x86_64-linux-gnu.so" to ""
[2.670s] -- Installing: /home/lyda/ros2_ws/install/flappy_robot_msgs/local/lib/python3.10/dist-packages/flappy_robot_msgs/flappy_robot_msgs_s__rosidl_typesupport_c.cpython-310-x86_64-linux-gnu.so
[2.670s] -- Set runtime path of "/home/lyda/ros2_ws/install/flappy_robot_msgs/local/lib/python3.10/dist-packages/flappy_robot_msgs/flappy_robot_msgs_s__rosidl_typesupport_c.cpython-310-x86_64-linux-gnu.so" to ""
[2.670s] -- Installing: /home/lyda/ros2_ws/install/flappy_robot_msgs/lib/libflappy_robot_msgs__rosidl_generator_py.so
[2.670s] -- Set runtime path of "/home/lyda/ros2_ws/install/flappy_robot_msgs/lib/libflappy_robot_msgs__rosidl_generator_py.so" to ""
[2.671s] -- Installing: /home/lyda/ros2_ws/install/flappy_robot_msgs/share/ament_index/resource_index/rust_packages/flappy_robot_msgs
[2.671s] -- Installing: /home/lyda/ros2_ws/install/flappy_robot_msgs/share/flappy_robot_msgs/rust
[2.671s] -- Installing: /home/lyda/ros2_ws/install/flappy_robot_msgs/share/flappy_robot_msgs/rust/build.rs
[2.672s] -- Installing: /home/lyda/ros2_ws/install/flappy_robot_msgs/share/flappy_robot_msgs/rust/src
[2.672s] -- Installing: /home/lyda/ros2_ws/install/flappy_robot_msgs/share/flappy_robot_msgs/rust/src/msg
[2.672s] -- Installing: /home/lyda/ros2_ws/install/flappy_robot_msgs/share/flappy_robot_msgs/rust/src/msg/rmw.rs
[2.672s] -- Installing: /home/lyda/ros2_ws/install/flappy_robot_msgs/share/flappy_robot_msgs/rust/src/lib.rs
[2.672s] -- Installing: /home/lyda/ros2_ws/install/flappy_robot_msgs/share/flappy_robot_msgs/rust/src/msg.rs
[2.672s] -- Installing: /home/lyda/ros2_ws/install/flappy_robot_msgs/share/flappy_robot_msgs/rust/Cargo.toml
[2.672s] -- Installing: /home/lyda/ros2_ws/install/flappy_robot_msgs/share/flappy_robot_msgs/msg/FlappyStatus.idl
[2.672s] -- Installing: /home/lyda/ros2_ws/install/flappy_robot_msgs/share/flappy_robot_msgs/msg/FlappyStatus.msg
[2.672s] -- Installing: /home/lyda/ros2_ws/install/flappy_robot_msgs/share/ament_index/resource_index/package_run_dependencies/flappy_robot_msgs
[2.672s] -- Installing: /home/lyda/ros2_ws/install/flappy_robot_msgs/share/ament_index/resource_index/parent_prefix_path/flappy_robot_msgs
[2.672s] -- Installing: /home/lyda/ros2_ws/install/flappy_robot_msgs/share/flappy_robot_msgs/environment/ament_prefix_path.sh
[2.672s] -- Installing: /home/lyda/ros2_ws/install/flappy_robot_msgs/share/flappy_robot_msgs/environment/ament_prefix_path.dsv
[2.672s] -- Installing: /home/lyda/ros2_ws/install/flappy_robot_msgs/share/flappy_robot_msgs/environment/path.sh
[2.672s] -- Installing: /home/lyda/ros2_ws/install/flappy_robot_msgs/share/flappy_robot_msgs/environment/path.dsv
[2.672s] -- Installing: /home/lyda/ros2_ws/install/flappy_robot_msgs/share/flappy_robot_msgs/local_setup.bash
[2.672s] -- Installing: /home/lyda/ros2_ws/install/flappy_robot_msgs/share/flappy_robot_msgs/local_setup.sh
[2.672s] -- Installing: /home/lyda/ros2_ws/install/flappy_robot_msgs/share/flappy_robot_msgs/local_setup.zsh
[2.672s] -- Installing: /home/lyda/ros2_ws/install/flappy_robot_msgs/share/flappy_robot_msgs/local_setup.dsv
[2.672s] -- Installing: /home/lyda/ros2_ws/install/flappy_robot_msgs/share/flappy_robot_msgs/package.dsv
[2.672s] -- Installing: /home/lyda/ros2_ws/install/flappy_robot_msgs/share/ament_index/resource_index/packages/flappy_robot_msgs
[2.672s] -- Installing: /home/lyda/ros2_ws/install/flappy_robot_msgs/share/flappy_robot_msgs/cmake/export_flappy_robot_msgs__rosidl_generator_cExport.cmake
[2.672s] -- Installing: /home/lyda/ros2_ws/install/flappy_robot_msgs/share/flappy_robot_msgs/cmake/export_flappy_robot_msgs__rosidl_generator_cExport-noconfig.cmake
[2.672s] -- Installing: /home/lyda/ros2_ws/install/flappy_robot_msgs/share/flappy_robot_msgs/cmake/export_flappy_robot_msgs__rosidl_typesupport_fastrtps_cExport.cmake
[2.672s] -- Installing: /home/lyda/ros2_ws/install/flappy_robot_msgs/share/flappy_robot_msgs/cmake/export_flappy_robot_msgs__rosidl_typesupport_fastrtps_cExport-noconfig.cmake
[2.673s] -- Installing: /home/lyda/ros2_ws/install/flappy_robot_msgs/share/flappy_robot_msgs/cmake/flappy_robot_msgs__rosidl_typesupport_introspection_cExport.cmake
[2.673s] -- Installing: /home/lyda/ros2_ws/install/flappy_robot_msgs/share/flappy_robot_msgs/cmake/flappy_robot_msgs__rosidl_typesupport_introspection_cExport-noconfig.cmake
[2.673s] -- Installing: /home/lyda/ros2_ws/install/flappy_robot_msgs/share/flappy_robot_msgs/cmake/flappy_robot_msgs__rosidl_typesupport_cExport.cmake
[2.673s] -- Installing: /home/lyda/ros2_ws/install/flappy_robot_msgs/share/flappy_robot_msgs/cmake/flappy_robot_msgs__rosidl_typesupport_cExport-noconfig.cmake
[2.673s] -- Installing: /home/lyda/ros2_ws/install/flappy_robot_msgs/share/flappy_robot_msgs/cmake/export_flappy_robot_msgs__rosidl_generator_cppExport.cmake
[2.674s] -- Installing: /home/lyda/ros2_ws/install/flappy_robot_msgs/share/flappy_robot_msgs/cmake/export_flappy_robot_msgs__rosidl_typesupport_fastrtps_cppExport.cmake
[2.674s] -- Installing: /home/lyda/ros2_ws/install/flappy_robot_msgs/share/flappy_robot_msgs/cmake/export_flappy_robot_msgs__rosidl_typesupport_fastrtps_cppExport-noconfig.cmake
[2.674s] -- Installing: /home/lyda/ros2_ws/install/flappy_robot_msgs/share/flappy_robot_msgs/cmake/flappy_robot_msgs__rosidl_typesupport_introspection_cppExport.cmake
[2.674s] -- Installing: /home/lyda/ros2_ws/install/flappy_robot_msgs/share/flappy_robot_msgs/cmake/flappy_robot_msgs__rosidl_typesupport_introspection_cppExport-noconfig.cmake
[2.674s] -- Installing: /home/lyda/ros2_ws/install/flappy_robot_msgs/share/flappy_robot_msgs/cmake/flappy_robot_msgs__rosidl_typesupport_cppExport.cmake
[2.674s] -- Installing: /home/lyda/ros2_ws/install/flappy_robot_msgs/share/flappy_robot_msgs/cmake/flappy_robot_msgs__rosidl_typesupport_cppExport-noconfig.cmake
[2.674s] -- Installing: /home/lyda/ros2_ws/install/flappy_robot_msgs/share/flappy_robot_msgs/cmake/export_flappy_robot_msgs__rosidl_generator_pyExport.cmake
[2.674s] -- Installing: /home/lyda/ros2_ws/install/flappy_robot_msgs/share/flappy_robot_msgs/cmake/export_flappy_robot_msgs__rosidl_generator_pyExport-noconfig.cmake
[2.674s] -- Installing: /home/lyda/ros2_ws/install/flappy_robot_msgs/share/flappy_robot_msgs/cmake/rosidl_cmake-extras.cmake
[2.674s] -- Installing: /home/lyda/ros2_ws/install/flappy_robot_msgs/share/flappy_robot_msgs/cmake/ament_cmake_export_include_directories-extras.cmake
[2.674s] -- Installing: /home/lyda/ros2_ws/install/flappy_robot_msgs/share/flappy_robot_msgs/cmake/ament_cmake_export_libraries-extras.cmake
[2.675s] -- Installing: /home/lyda/ros2_ws/install/flappy_robot_msgs/share/flappy_robot_msgs/cmake/ament_cmake_export_targets-extras.cmake
[2.675s] -- Installing: /home/lyda/ros2_ws/install/flappy_robot_msgs/share/flappy_robot_msgs/cmake/rosidl_cmake_export_typesupport_targets-extras.cmake
[2.675s] -- Installing: /home/lyda/ros2_ws/install/flappy_robot_msgs/share/flappy_robot_msgs/cmake/ament_cmake_export_dependencies-extras.cmake
[2.675s] -- Installing: /home/lyda/ros2_ws/install/flappy_robot_msgs/share/flappy_robot_msgs/cmake/rosidl_cmake_export_typesupport_libraries-extras.cmake
[2.675s] -- Installing: /home/lyda/ros2_ws/install/flappy_robot_msgs/share/flappy_robot_msgs/cmake/flappy_robot_msgsConfig.cmake
[2.675s] -- Installing: /home/lyda/ros2_ws/install/flappy_robot_msgs/share/flappy_robot_msgs/cmake/flappy_robot_msgsConfig-version.cmake
[2.675s] -- Installing: /home/lyda/ros2_ws/install/flappy_robot_msgs/share/flappy_robot_msgs/package.xml
[2.677s] Invoked command in '/home/lyda/ros2_ws/build/flappy_robot_msgs' returned '0': CMAKE_PREFIX_PATH=${CMAKE_PREFIX_PATH}:/home/lyda/dev_ws/install/my_package_py:/home/lyda/ros2_ws/install/flappy_robot:/opt/ros/humble /usr/bin/cmake --install /home/lyda/ros2_ws/build/flappy_robot_msgs
