[0.016s] Invoking command in '/home/chiv/ros2_ws/build/two_wheeled_robot': CMAKE_PREFIX_PATH=${CMAKE_PREFIX_PATH}:/home/chiv/turtlebot3_ws/install/turtlebot3_teleop:/home/chiv/turtlebot3_ws/install/turtlebot3_example:/home/chiv/ros2_ws/install/flappy_robot:/opt/ros/humble /usr/bin/cmake --build /home/chiv/ros2_ws/build/two_wheeled_robot -- -j2 -l2
[0.089s] Invoked command in '/home/chiv/ros2_ws/build/two_wheeled_robot' returned '0': CMAKE_PREFIX_PATH=${CMAKE_PREFIX_PATH}:/home/chiv/turtlebot3_ws/install/turtlebot3_teleop:/home/chiv/turtlebot3_ws/install/turtlebot3_example:/home/chiv/ros2_ws/install/flappy_robot:/opt/ros/humble /usr/bin/cmake --build /home/chiv/ros2_ws/build/two_wheeled_robot -- -j2 -l2
[0.101s] Invoking command in '/home/chiv/ros2_ws/build/two_wheeled_robot': CMAKE_PREFIX_PATH=${CMAKE_PREFIX_PATH}:/home/chiv/turtlebot3_ws/install/turtlebot3_teleop:/home/chiv/turtlebot3_ws/install/turtlebot3_example:/home/chiv/ros2_ws/install/flappy_robot:/opt/ros/humble /usr/bin/cmake --install /home/chiv/ros2_ws/build/two_wheeled_robot
[0.110s] -- Install configuration: ""
[0.112s] -- Up-to-date: /home/chiv/ros2_ws/install/two_wheeled_robot/share/two_wheeled_robot/launch
[0.113s] -- Up-to-date: /home/chiv/ros2_ws/install/two_wheeled_robot/share/two_wheeled_robot/launch/load_world_into_gazebo.launch.py
[0.114s] -- Up-to-date: /home/chiv/ros2_ws/install/two_wheeled_robot/share/two_wheeled_robot/launch/two_wheeled_robot.launch.py
[0.115s] -- Up-to-date: /home/chiv/ros2_ws/install/two_wheeled_robot/share/two_wheeled_robot/meshes
[0.115s] -- Up-to-date: /home/chiv/ros2_ws/install/two_wheeled_robot/share/two_wheeled_robot/meshes/robot_base.stl
[0.115s] -- Up-to-date: /home/chiv/ros2_ws/install/two_wheeled_robot/share/two_wheeled_robot/rviz
[0.115s] -- Up-to-date: /home/chiv/ros2_ws/install/two_wheeled_robot/share/two_wheeled_robot/rviz/rviz_basic_settings.rviz
[0.115s] -- Up-to-date: /home/chiv/ros2_ws/install/two_wheeled_robot/share/two_wheeled_robot/urdf
[0.116s] -- Up-to-date: /home/chiv/ros2_ws/install/two_wheeled_robot/share/two_wheeled_robot/urdf/two_wheeled_robot.urdf
[0.116s] -- Up-to-date: /home/chiv/ros2_ws/install/two_wheeled_robot/share/two_wheeled_robot/worlds
[0.117s] -- Up-to-date: /home/chiv/ros2_ws/install/two_wheeled_robot/share/two_wheeled_robot/worlds/cafe.world
[0.117s] -- Up-to-date: /home/chiv/ros2_ws/install/two_wheeled_robot/share/ament_index/resource_index/package_run_dependencies/two_wheeled_robot
[0.117s] -- Up-to-date: /home/chiv/ros2_ws/install/two_wheeled_robot/share/ament_index/resource_index/parent_prefix_path/two_wheeled_robot
[0.117s] -- Up-to-date: /home/chiv/ros2_ws/install/two_wheeled_robot/share/two_wheeled_robot/environment/ament_prefix_path.sh
[0.117s] -- Up-to-date: /home/chiv/ros2_ws/install/two_wheeled_robot/share/two_wheeled_robot/environment/ament_prefix_path.dsv
[0.117s] -- Up-to-date: /home/chiv/ros2_ws/install/two_wheeled_robot/share/two_wheeled_robot/environment/path.sh
[0.117s] -- Up-to-date: /home/chiv/ros2_ws/install/two_wheeled_robot/share/two_wheeled_robot/environment/path.dsv
[0.117s] -- Up-to-date: /home/chiv/ros2_ws/install/two_wheeled_robot/share/two_wheeled_robot/local_setup.bash
[0.117s] -- Up-to-date: /home/chiv/ros2_ws/install/two_wheeled_robot/share/two_wheeled_robot/local_setup.sh
[0.118s] -- Up-to-date: /home/chiv/ros2_ws/install/two_wheeled_robot/share/two_wheeled_robot/local_setup.zsh
[0.118s] -- Up-to-date: /home/chiv/ros2_ws/install/two_wheeled_robot/share/two_wheeled_robot/local_setup.dsv
[0.120s] -- Installing: /home/chiv/ros2_ws/install/two_wheeled_robot/share/two_wheeled_robot/package.dsv
[0.128s] -- Up-to-date: /home/chiv/ros2_ws/install/two_wheeled_robot/share/ament_index/resource_index/packages/two_wheeled_robot
[0.129s] -- Up-to-date: /home/chiv/ros2_ws/install/two_wheeled_robot/share/two_wheeled_robot/cmake/two_wheeled_robotConfig.cmake
[0.130s] -- Up-to-date: /home/chiv/ros2_ws/install/two_wheeled_robot/share/two_wheeled_robot/cmake/two_wheeled_robotConfig-version.cmake
[0.131s] -- Up-to-date: /home/chiv/ros2_ws/install/two_wheeled_robot/share/two_wheeled_robot/package.xml
[0.133s] Invoked command in '/home/chiv/ros2_ws/build/two_wheeled_robot' returned '0': CMAKE_PREFIX_PATH=${CMAKE_PREFIX_PATH}:/home/chiv/turtlebot3_ws/install/turtlebot3_teleop:/home/chiv/turtlebot3_ws/install/turtlebot3_example:/home/chiv/ros2_ws/install/flappy_robot:/opt/ros/humble /usr/bin/cmake --install /home/chiv/ros2_ws/build/two_wheeled_robot
