[0.566s] Invoking command in '/home/chiv/ros2_ws/src/flappy_robot': DEBUGINFOD_URLS=https://debuginfod.ubuntu.com PYTHONPATH=/home/chiv/ros2_ws/build/flappy_robot/prefix_override:/usr/lib/python3/dist-packages/colcon_core/task/python/colcon_distutils_commands:/home/chiv/ros2_ws/install/flappy_robot/lib/python3.12/site-packages:${PYTHONPATH} /usr/bin/python3 -W ignore:setup.py install is deprecated -W ignore:easy_install command is deprecated setup.py egg_info --egg-base ../../build/flappy_robot build --build-base /home/chiv/ros2_ws/build/flappy_robot/build install --record /home/chiv/ros2_ws/build/flappy_robot/install.log --single-version-externally-managed install_data
[0.750s] running egg_info
[0.757s] writing ../../build/flappy_robot/flappy_robot.egg-info/PKG-INFO
[0.757s] writing dependency_links to ../../build/flappy_robot/flappy_robot.egg-info/dependency_links.txt
[0.758s] writing entry points to ../../build/flappy_robot/flappy_robot.egg-info/entry_points.txt
[0.758s] writing requirements to ../../build/flappy_robot/flappy_robot.egg-info/requires.txt
[0.758s] writing top-level names to ../../build/flappy_robot/flappy_robot.egg-info/top_level.txt
[0.775s] reading manifest file '../../build/flappy_robot/flappy_robot.egg-info/SOURCES.txt'
[0.776s] writing manifest file '../../build/flappy_robot/flappy_robot.egg-info/SOURCES.txt'
[0.776s] running build
[0.777s] running build_py
[0.777s] running install
[0.780s] running install_lib
[0.789s] running install_data
[0.789s] copying launch/flappy.launch.py -> /home/chiv/ros2_ws/install/flappy_robot/share/flappy_robot/launch
[0.789s] running install_egg_info
[0.800s] removing '/home/chiv/ros2_ws/install/flappy_robot/lib/python3.12/site-packages/flappy_robot-0.0.1-py3.12.egg-info' (and everything under it)
[0.800s] Copying ../../build/flappy_robot/flappy_robot.egg-info to /home/chiv/ros2_ws/install/flappy_robot/lib/python3.12/site-packages/flappy_robot-0.0.1-py3.12.egg-info
[0.801s] running install_scripts
[0.869s] Installing game_logic script to /home/chiv/ros2_ws/install/flappy_robot/lib/flappy_robot
[0.869s] Installing keyboard_controller script to /home/chiv/ros2_ws/install/flappy_robot/lib/flappy_robot
[0.869s] Installing visualization script to /home/chiv/ros2_ws/install/flappy_robot/lib/flappy_robot
[0.870s] writing list of installed files to '/home/chiv/ros2_ws/build/flappy_robot/install.log'
[0.889s] Invoked command in '/home/chiv/ros2_ws/src/flappy_robot' returned '0': DEBUGINFOD_URLS=https://debuginfod.ubuntu.com PYTHONPATH=/home/chiv/ros2_ws/build/flappy_robot/prefix_override:/usr/lib/python3/dist-packages/colcon_core/task/python/colcon_distutils_commands:/home/chiv/ros2_ws/install/flappy_robot/lib/python3.12/site-packages:${PYTHONPATH} /usr/bin/python3 -W ignore:setup.py install is deprecated -W ignore:easy_install command is deprecated setup.py egg_info --egg-base ../../build/flappy_robot build --build-base /home/chiv/ros2_ws/build/flappy_robot/build install --record /home/chiv/ros2_ws/build/flappy_robot/install.log --single-version-externally-managed install_data
